benchmark daxpy for openmp runtime created
1th time finished for 1 threads
1th time finished for 2 threads
 Blaze kernel 'daxpy': Time deviation too large!!!
 Blaze kernel 'daxpy': Time deviation too large!!!
 Blaze kernel 'daxpy': Time deviation too large!!!
1th time finished for 3 threads
 Blaze kernel 'daxpy': Time deviation too large!!!
1th time finished for 4 threads
 Blaze kernel 'daxpy': Time deviation too large!!!
 Blaze kernel 'daxpy': Time deviation too large!!!
1th time finished for 5 threads
 Blaze kernel 'daxpy': Time deviation too large!!!
1th time finished for 6 threads
 Blaze kernel 'daxpy': Time deviation too large!!!
1th time finished for 7 threads
 Blaze kernel 'daxpy': Time deviation too large!!!
1th time finished for 8 threads
1th time finished for 9 threads
 Blaze kernel 'daxpy': Time deviation too large!!!
1th time finished for 10 threads
 Blaze kernel 'daxpy': Time deviation too large!!!
1th time finished for 11 threads
 Blaze kernel 'daxpy': Time deviation too large!!!
1th time finished for 12 threads
 Blaze kernel 'daxpy': Time deviation too large!!!
1th time finished for 13 threads
 Blaze kernel 'daxpy': Time deviation too large!!!
1th time finished for 14 threads
 Blaze kernel 'daxpy': Time deviation too large!!!
1th time finished for 15 threads
 Blaze kernel 'daxpy': Time deviation too large!!!
1th time finished for 16 threads
benchmark dvecdvecadd for openmp runtime created
 Blaze kernel 'dvecdvecadd': Time deviation too large!!!
1th time finished for 1 threads
 Blaze kernel 'dvecdvecadd': Time deviation too large!!!
1th time finished for 2 threads
 Blaze kernel 'dvecdvecadd': Time deviation too large!!!
 Blaze kernel 'dvecdvecadd': Time deviation too large!!!
1th time finished for 3 threads
 Blaze kernel 'dvecdvecadd': Time deviation too large!!!
1th time finished for 4 threads
 Blaze kernel 'dvecdvecadd': Time deviation too large!!!
 Blaze kernel 'dvecdvecadd': Time deviation too large!!!
1th time finished for 5 threads
 Blaze kernel 'dvecdvecadd': Time deviation too large!!!
1th time finished for 6 threads
 Blaze kernel 'dvecdvecadd': Time deviation too large!!!
 Blaze kernel 'dvecdvecadd': Time deviation too large!!!
 Blaze kernel 'dvecdvecadd': Time deviation too large!!!
1th time finished for 7 threads
1th time finished for 8 threads
 Blaze kernel 'dvecdvecadd': Time deviation too large!!!
 Blaze kernel 'dvecdvecadd': Time deviation too large!!!
 Blaze kernel 'dvecdvecadd': Time deviation too large!!!
1th time finished for 9 threads
 Blaze kernel 'dvecdvecadd': Time deviation too large!!!
1th time finished for 10 threads
 Blaze kernel 'dvecdvecadd': Time deviation too large!!!
 Blaze kernel 'dvecdvecadd': Time deviation too large!!!
 Blaze kernel 'dvecdvecadd': Time deviation too large!!!
1th time finished for 11 threads
1th time finished for 12 threads
1th time finished for 13 threads
 Blaze kernel 'dvecdvecadd': Time deviation too large!!!
1th time finished for 14 threads
 Blaze kernel 'dvecdvecadd': Time deviation too large!!!
 Blaze kernel 'dvecdvecadd': Time deviation too large!!!
1th time finished for 15 threads
 Blaze kernel 'dvecdvecadd': Time deviation too large!!!
1th time finished for 16 threads
benchmark daxpy for openmp runtime created
2th time finished for 1 threads
 Blaze kernel 'daxpy': Time deviation too large!!!
2th time finished for 2 threads
 Blaze kernel 'daxpy': Time deviation too large!!!
 Blaze kernel 'daxpy': Time deviation too large!!!
2th time finished for 3 threads
 Blaze kernel 'daxpy': Time deviation too large!!!
2th time finished for 4 threads
 Blaze kernel 'daxpy': Time deviation too large!!!
2th time finished for 5 threads
 Blaze kernel 'daxpy': Time deviation too large!!!
 Blaze kernel 'daxpy': Time deviation too large!!!
2th time finished for 6 threads
2th time finished for 7 threads
 Blaze kernel 'daxpy': Time deviation too large!!!
 Blaze kernel 'daxpy': Time deviation too large!!!
2th time finished for 8 threads
 Blaze kernel 'daxpy': Time deviation too large!!!
 Blaze kernel 'daxpy': Time deviation too large!!!
2th time finished for 9 threads
 Blaze kernel 'daxpy': Time deviation too large!!!
2th time finished for 10 threads
 Blaze kernel 'daxpy': Time deviation too large!!!
2th time finished for 11 threads
2th time finished for 12 threads
 Blaze kernel 'daxpy': Time deviation too large!!!
2th time finished for 13 threads
 Blaze kernel 'daxpy': Time deviation too large!!!
2th time finished for 14 threads
 Blaze kernel 'daxpy': Time deviation too large!!!
2th time finished for 15 threads
 Blaze kernel 'daxpy': Time deviation too large!!!
2th time finished for 16 threads
benchmark dvecdvecadd for openmp runtime created
 Blaze kernel 'dvecdvecadd': Time deviation too large!!!
2th time finished for 1 threads
2th time finished for 2 threads
 Blaze kernel 'dvecdvecadd': Time deviation too large!!!
2th time finished for 3 threads
 Blaze kernel 'dvecdvecadd': Time deviation too large!!!
2th time finished for 4 threads
 Blaze kernel 'dvecdvecadd': Time deviation too large!!!
2th time finished for 5 threads
 Blaze kernel 'dvecdvecadd': Time deviation too large!!!
2th time finished for 6 threads
 Blaze kernel 'dvecdvecadd': Time deviation too large!!!
 Blaze kernel 'dvecdvecadd': Time deviation too large!!!
2th time finished for 7 threads
 Blaze kernel 'dvecdvecadd': Time deviation too large!!!
2th time finished for 8 threads
 Blaze kernel 'dvecdvecadd': Time deviation too large!!!
 Blaze kernel 'dvecdvecadd': Time deviation too large!!!
2th time finished for 9 threads
 Blaze kernel 'dvecdvecadd': Time deviation too large!!!
2th time finished for 10 threads
 Blaze kernel 'dvecdvecadd': Time deviation too large!!!
2th time finished for 11 threads
2th time finished for 12 threads
 Blaze kernel 'dvecdvecadd': Time deviation too large!!!
 Blaze kernel 'dvecdvecadd': Time deviation too large!!!
 Blaze kernel 'dvecdvecadd': Time deviation too large!!!
2th time finished for 13 threads
 Blaze kernel 'dvecdvecadd': Time deviation too large!!!
 Blaze kernel 'dvecdvecadd': Time deviation too large!!!
2th time finished for 14 threads
 Blaze kernel 'dvecdvecadd': Time deviation too large!!!
 Blaze kernel 'dvecdvecadd': Time deviation too large!!!
2th time finished for 15 threads
 Blaze kernel 'dvecdvecadd': Time deviation too large!!!
 Blaze kernel 'dvecdvecadd': Time deviation too large!!!
2th time finished for 16 threads
benchmark daxpy for openmp runtime created
3th time finished for 1 threads
 Blaze kernel 'daxpy': Time deviation too large!!!
3th time finished for 2 threads
 Blaze kernel 'daxpy': Time deviation too large!!!
 Blaze kernel 'daxpy': Time deviation too large!!!
 Blaze kernel 'daxpy': Time deviation too large!!!
3th time finished for 3 threads
 Blaze kernel 'daxpy': Time deviation too large!!!
3th time finished for 4 threads
 Blaze kernel 'daxpy': Time deviation too large!!!
3th time finished for 5 threads
 Blaze kernel 'daxpy': Time deviation too large!!!
3th time finished for 6 threads
 Blaze kernel 'daxpy': Time deviation too large!!!
3th time finished for 7 threads
 Blaze kernel 'daxpy': Time deviation too large!!!
3th time finished for 8 threads
 Blaze kernel 'daxpy': Time deviation too large!!!
3th time finished for 9 threads
 Blaze kernel 'daxpy': Time deviation too large!!!
 Blaze kernel 'daxpy': Time deviation too large!!!
3th time finished for 10 threads
 Blaze kernel 'daxpy': Time deviation too large!!!
3th time finished for 11 threads
 Blaze kernel 'daxpy': Time deviation too large!!!
3th time finished for 12 threads
 Blaze kernel 'daxpy': Time deviation too large!!!
3th time finished for 13 threads
 Blaze kernel 'daxpy': Time deviation too large!!!
3th time finished for 14 threads
 Blaze kernel 'daxpy': Time deviation too large!!!
3th time finished for 15 threads
 Blaze kernel 'daxpy': Time deviation too large!!!
3th time finished for 16 threads
benchmark dvecdvecadd for openmp runtime created
 Blaze kernel 'dvecdvecadd': Time deviation too large!!!
3th time finished for 1 threads
3th time finished for 2 threads
 Blaze kernel 'dvecdvecadd': Time deviation too large!!!
 Blaze kernel 'dvecdvecadd': Time deviation too large!!!
 Blaze kernel 'dvecdvecadd': Time deviation too large!!!
3th time finished for 3 threads
3th time finished for 4 threads
 Blaze kernel 'dvecdvecadd': Time deviation too large!!!
3th time finished for 5 threads
3th time finished for 6 threads
 Blaze kernel 'dvecdvecadd': Time deviation too large!!!
3th time finished for 7 threads
 Blaze kernel 'dvecdvecadd': Time deviation too large!!!
 Blaze kernel 'dvecdvecadd': Time deviation too large!!!
3th time finished for 8 threads
 Blaze kernel 'dvecdvecadd': Time deviation too large!!!
 Blaze kernel 'dvecdvecadd': Time deviation too large!!!
3th time finished for 9 threads
 Blaze kernel 'dvecdvecadd': Time deviation too large!!!
3th time finished for 10 threads
 Blaze kernel 'dvecdvecadd': Time deviation too large!!!
 Blaze kernel 'dvecdvecadd': Time deviation too large!!!
 Blaze kernel 'dvecdvecadd': Time deviation too large!!!
 Blaze kernel 'dvecdvecadd': Time deviation too large!!!
3th time finished for 11 threads
 Blaze kernel 'dvecdvecadd': Time deviation too large!!!
3th time finished for 12 threads
3th time finished for 13 threads
 Blaze kernel 'dvecdvecadd': Time deviation too large!!!
3th time finished for 14 threads
 Blaze kernel 'dvecdvecadd': Time deviation too large!!!
 Blaze kernel 'dvecdvecadd': Time deviation too large!!!
3th time finished for 15 threads
3th time finished for 16 threads
benchmark daxpy for openmp runtime created
4th time finished for 1 threads
4th time finished for 2 threads
 Blaze kernel 'daxpy': Time deviation too large!!!
4th time finished for 3 threads
 Blaze kernel 'daxpy': Time deviation too large!!!
4th time finished for 4 threads
 Blaze kernel 'daxpy': Time deviation too large!!!
 Blaze kernel 'daxpy': Time deviation too large!!!
4th time finished for 5 threads
4th time finished for 6 threads
 Blaze kernel 'daxpy': Time deviation too large!!!
 Blaze kernel 'daxpy': Time deviation too large!!!
4th time finished for 7 threads
 Blaze kernel 'daxpy': Time deviation too large!!!
4th time finished for 8 threads
 Blaze kernel 'daxpy': Time deviation too large!!!
 Blaze kernel 'daxpy': Time deviation too large!!!
4th time finished for 9 threads
 Blaze kernel 'daxpy': Time deviation too large!!!
 Blaze kernel 'daxpy': Time deviation too large!!!
4th time finished for 10 threads
 Blaze kernel 'daxpy': Time deviation too large!!!
 Blaze kernel 'daxpy': Time deviation too large!!!
4th time finished for 11 threads
 Blaze kernel 'daxpy': Time deviation too large!!!
4th time finished for 12 threads
 Blaze kernel 'daxpy': Time deviation too large!!!
4th time finished for 13 threads
 Blaze kernel 'daxpy': Time deviation too large!!!
 Blaze kernel 'daxpy': Time deviation too large!!!
4th time finished for 14 threads
4th time finished for 15 threads
4th time finished for 16 threads
benchmark dvecdvecadd for openmp runtime created
4th time finished for 1 threads
 Blaze kernel 'dvecdvecadd': Time deviation too large!!!
 Blaze kernel 'dvecdvecadd': Time deviation too large!!!
4th time finished for 2 threads
 Blaze kernel 'dvecdvecadd': Time deviation too large!!!
 Blaze kernel 'dvecdvecadd': Time deviation too large!!!
 Blaze kernel 'dvecdvecadd': Time deviation too large!!!
4th time finished for 3 threads
 Blaze kernel 'dvecdvecadd': Time deviation too large!!!
4th time finished for 4 threads
 Blaze kernel 'dvecdvecadd': Time deviation too large!!!
4th time finished for 5 threads
4th time finished for 6 threads
 Blaze kernel 'dvecdvecadd': Time deviation too large!!!
 Blaze kernel 'dvecdvecadd': Time deviation too large!!!
 Blaze kernel 'dvecdvecadd': Time deviation too large!!!
4th time finished for 7 threads
 Blaze kernel 'dvecdvecadd': Time deviation too large!!!
 Blaze kernel 'dvecdvecadd': Time deviation too large!!!
4th time finished for 8 threads
 Blaze kernel 'dvecdvecadd': Time deviation too large!!!
 Blaze kernel 'dvecdvecadd': Time deviation too large!!!
4th time finished for 9 threads
4th time finished for 10 threads
 Blaze kernel 'dvecdvecadd': Time deviation too large!!!
 Blaze kernel 'dvecdvecadd': Time deviation too large!!!
4th time finished for 11 threads
 Blaze kernel 'dvecdvecadd': Time deviation too large!!!
4th time finished for 12 threads
 Blaze kernel 'dvecdvecadd': Time deviation too large!!!
4th time finished for 13 threads
 Blaze kernel 'dvecdvecadd': Time deviation too large!!!
4th time finished for 14 threads
4th time finished for 15 threads
 Blaze kernel 'dvecdvecadd': Time deviation too large!!!
4th time finished for 16 threads
benchmark daxpy for openmp runtime created
5th time finished for 1 threads
 Blaze kernel 'daxpy': Time deviation too large!!!
5th time finished for 2 threads
 Blaze kernel 'daxpy': Time deviation too large!!!
 Blaze kernel 'daxpy': Time deviation too large!!!
 Blaze kernel 'daxpy': Time deviation too large!!!
5th time finished for 3 threads
5th time finished for 4 threads
 Blaze kernel 'daxpy': Time deviation too large!!!
5th time finished for 5 threads
 Blaze kernel 'daxpy': Time deviation too large!!!
5th time finished for 6 threads
 Blaze kernel 'daxpy': Time deviation too large!!!
5th time finished for 7 threads
 Blaze kernel 'daxpy': Time deviation too large!!!
5th time finished for 8 threads
 Blaze kernel 'daxpy': Time deviation too large!!!
5th time finished for 9 threads
 Blaze kernel 'daxpy': Time deviation too large!!!
5th time finished for 10 threads
 Blaze kernel 'daxpy': Time deviation too large!!!
5th time finished for 11 threads
 Blaze kernel 'daxpy': Time deviation too large!!!
5th time finished for 12 threads
5th time finished for 13 threads
 Blaze kernel 'daxpy': Time deviation too large!!!
 Blaze kernel 'daxpy': Time deviation too large!!!
5th time finished for 14 threads
 Blaze kernel 'daxpy': Time deviation too large!!!
5th time finished for 15 threads
 Blaze kernel 'daxpy': Time deviation too large!!!
5th time finished for 16 threads
benchmark dvecdvecadd for openmp runtime created
 Blaze kernel 'dvecdvecadd': Time deviation too large!!!
5th time finished for 1 threads
 Blaze kernel 'dvecdvecadd': Time deviation too large!!!
5th time finished for 2 threads
 Blaze kernel 'dvecdvecadd': Time deviation too large!!!
 Blaze kernel 'dvecdvecadd': Time deviation too large!!!
 Blaze kernel 'dvecdvecadd': Time deviation too large!!!
5th time finished for 3 threads
 Blaze kernel 'dvecdvecadd': Time deviation too large!!!
 Blaze kernel 'dvecdvecadd': Time deviation too large!!!
5th time finished for 4 threads
 Blaze kernel 'dvecdvecadd': Time deviation too large!!!
5th time finished for 5 threads
5th time finished for 6 threads
 Blaze kernel 'dvecdvecadd': Time deviation too large!!!
5th time finished for 7 threads
 Blaze kernel 'dvecdvecadd': Time deviation too large!!!
5th time finished for 8 threads
5th time finished for 9 threads
 Blaze kernel 'dvecdvecadd': Time deviation too large!!!
5th time finished for 10 threads
 Blaze kernel 'dvecdvecadd': Time deviation too large!!!
 Blaze kernel 'dvecdvecadd': Time deviation too large!!!
5th time finished for 11 threads
 Blaze kernel 'dvecdvecadd': Time deviation too large!!!
 Blaze kernel 'dvecdvecadd': Time deviation too large!!!
5th time finished for 12 threads
 Blaze kernel 'dvecdvecadd': Time deviation too large!!!
5th time finished for 13 threads
5th time finished for 14 threads
 Blaze kernel 'dvecdvecadd': Time deviation too large!!!
5th time finished for 15 threads
5th time finished for 16 threads
benchmark daxpy for openmp runtime created
6th time finished for 1 threads
 Blaze kernel 'daxpy': Time deviation too large!!!
6th time finished for 2 threads
 Blaze kernel 'daxpy': Time deviation too large!!!
 Blaze kernel 'daxpy': Time deviation too large!!!
 Blaze kernel 'daxpy': Time deviation too large!!!
6th time finished for 3 threads
 Blaze kernel 'daxpy': Time deviation too large!!!
 Blaze kernel 'daxpy': Time deviation too large!!!
6th time finished for 4 threads
 Blaze kernel 'daxpy': Time deviation too large!!!
6th time finished for 5 threads
 Blaze kernel 'daxpy': Time deviation too large!!!
 Blaze kernel 'daxpy': Time deviation too large!!!
6th time finished for 6 threads
6th time finished for 7 threads
 Blaze kernel 'daxpy': Time deviation too large!!!
6th time finished for 8 threads
 Blaze kernel 'daxpy': Time deviation too large!!!
6th time finished for 9 threads
 Blaze kernel 'daxpy': Time deviation too large!!!
 Blaze kernel 'daxpy': Time deviation too large!!!
 Blaze kernel 'daxpy': Time deviation too large!!!
6th time finished for 10 threads
 Blaze kernel 'daxpy': Time deviation too large!!!
6th time finished for 11 threads
6th time finished for 12 threads
 Blaze kernel 'daxpy': Time deviation too large!!!
 Blaze kernel 'daxpy': Time deviation too large!!!
6th time finished for 13 threads
6th time finished for 14 threads
 Blaze kernel 'daxpy': Time deviation too large!!!
 Blaze kernel 'daxpy': Time deviation too large!!!
6th time finished for 15 threads
 Blaze kernel 'daxpy': Time deviation too large!!!
6th time finished for 16 threads
benchmark dvecdvecadd for openmp runtime created
 Blaze kernel 'dvecdvecadd': Time deviation too large!!!
6th time finished for 1 threads
6th time finished for 2 threads
 Blaze kernel 'dvecdvecadd': Time deviation too large!!!
6th time finished for 3 threads
 Blaze kernel 'dvecdvecadd': Time deviation too large!!!
6th time finished for 4 threads
 Blaze kernel 'dvecdvecadd': Time deviation too large!!!
6th time finished for 5 threads
 Blaze kernel 'dvecdvecadd': Time deviation too large!!!
6th time finished for 6 threads
 Blaze kernel 'dvecdvecadd': Time deviation too large!!!
6th time finished for 7 threads
 Blaze kernel 'dvecdvecadd': Time deviation too large!!!
 Blaze kernel 'dvecdvecadd': Time deviation too large!!!
6th time finished for 8 threads
 Blaze kernel 'dvecdvecadd': Time deviation too large!!!
 Blaze kernel 'dvecdvecadd': Time deviation too large!!!
6th time finished for 9 threads
 Blaze kernel 'dvecdvecadd': Time deviation too large!!!
6th time finished for 10 threads
 Blaze kernel 'dvecdvecadd': Time deviation too large!!!
 Blaze kernel 'dvecdvecadd': Time deviation too large!!!
6th time finished for 11 threads
 Blaze kernel 'dvecdvecadd': Time deviation too large!!!
6th time finished for 12 threads
 Blaze kernel 'dvecdvecadd': Time deviation too large!!!
6th time finished for 13 threads
 Blaze kernel 'dvecdvecadd': Time deviation too large!!!
 Blaze kernel 'dvecdvecadd': Time deviation too large!!!
6th time finished for 14 threads
 Blaze kernel 'dvecdvecadd': Time deviation too large!!!
6th time finished for 15 threads
 Blaze kernel 'dvecdvecadd': Time deviation too large!!!
6th time finished for 16 threads
benchmark daxpy for openmp runtime created
7th time finished for 1 threads
7th time finished for 2 threads
 Blaze kernel 'daxpy': Time deviation too large!!!
 Blaze kernel 'daxpy': Time deviation too large!!!
7th time finished for 3 threads
 Blaze kernel 'daxpy': Time deviation too large!!!
7th time finished for 4 threads
 Blaze kernel 'daxpy': Time deviation too large!!!
7th time finished for 5 threads
 Blaze kernel 'daxpy': Time deviation too large!!!
7th time finished for 6 threads
 Blaze kernel 'daxpy': Time deviation too large!!!
7th time finished for 7 threads
7th time finished for 8 threads
 Blaze kernel 'daxpy': Time deviation too large!!!
 Blaze kernel 'daxpy': Time deviation too large!!!
7th time finished for 9 threads
 Blaze kernel 'daxpy': Time deviation too large!!!
7th time finished for 10 threads
 Blaze kernel 'daxpy': Time deviation too large!!!
7th time finished for 11 threads
 Blaze kernel 'daxpy': Time deviation too large!!!
7th time finished for 12 threads
 Blaze kernel 'daxpy': Time deviation too large!!!
7th time finished for 13 threads
7th time finished for 14 threads
7th time finished for 15 threads
 Blaze kernel 'daxpy': Time deviation too large!!!
7th time finished for 16 threads
benchmark dvecdvecadd for openmp runtime created
 Blaze kernel 'dvecdvecadd': Time deviation too large!!!
7th time finished for 1 threads
 Blaze kernel 'dvecdvecadd': Time deviation too large!!!
7th time finished for 2 threads
 Blaze kernel 'dvecdvecadd': Time deviation too large!!!
 Blaze kernel 'dvecdvecadd': Time deviation too large!!!
7th time finished for 3 threads
7th time finished for 4 threads
 Blaze kernel 'dvecdvecadd': Time deviation too large!!!
 Blaze kernel 'dvecdvecadd': Time deviation too large!!!
7th time finished for 5 threads
 Blaze kernel 'dvecdvecadd': Time deviation too large!!!
7th time finished for 6 threads
 Blaze kernel 'dvecdvecadd': Time deviation too large!!!
 Blaze kernel 'dvecdvecadd': Time deviation too large!!!
7th time finished for 7 threads
 Blaze kernel 'dvecdvecadd': Time deviation too large!!!
7th time finished for 8 threads
 Blaze kernel 'dvecdvecadd': Time deviation too large!!!
7th time finished for 9 threads
 Blaze kernel 'dvecdvecadd': Time deviation too large!!!
 Blaze kernel 'dvecdvecadd': Time deviation too large!!!
7th time finished for 10 threads
 Blaze kernel 'dvecdvecadd': Time deviation too large!!!
 Blaze kernel 'dvecdvecadd': Time deviation too large!!!
 Blaze kernel 'dvecdvecadd': Time deviation too large!!!
7th time finished for 11 threads
7th time finished for 12 threads
7th time finished for 13 threads
7th time finished for 14 threads
 Blaze kernel 'dvecdvecadd': Time deviation too large!!!
 Blaze kernel 'dvecdvecadd': Time deviation too large!!!
 Blaze kernel 'dvecdvecadd': Time deviation too large!!!
7th time finished for 15 threads
 Blaze kernel 'dvecdvecadd': Time deviation too large!!!
7th time finished for 16 threads
benchmark daxpy for openmp runtime created
8th time finished for 1 threads
8th time finished for 2 threads
 Blaze kernel 'daxpy': Time deviation too large!!!
 Blaze kernel 'daxpy': Time deviation too large!!!
 Blaze kernel 'daxpy': Time deviation too large!!!
8th time finished for 3 threads
8th time finished for 4 threads
 Blaze kernel 'daxpy': Time deviation too large!!!
8th time finished for 5 threads
8th time finished for 6 threads
 Blaze kernel 'daxpy': Time deviation too large!!!
 Blaze kernel 'daxpy': Time deviation too large!!!
8th time finished for 7 threads
 Blaze kernel 'daxpy': Time deviation too large!!!
8th time finished for 8 threads
 Blaze kernel 'daxpy': Time deviation too large!!!
8th time finished for 9 threads
 Blaze kernel 'daxpy': Time deviation too large!!!
8th time finished for 10 threads
 Blaze kernel 'daxpy': Time deviation too large!!!
8th time finished for 11 threads
 Blaze kernel 'daxpy': Time deviation too large!!!
8th time finished for 12 threads
 Blaze kernel 'daxpy': Time deviation too large!!!
8th time finished for 13 threads
8th time finished for 14 threads
 Blaze kernel 'daxpy': Time deviation too large!!!
 Blaze kernel 'daxpy': Time deviation too large!!!
 Blaze kernel 'daxpy': Time deviation too large!!!
8th time finished for 15 threads
8th time finished for 16 threads
benchmark dvecdvecadd for openmp runtime created
 Blaze kernel 'dvecdvecadd': Time deviation too large!!!
8th time finished for 1 threads
 Blaze kernel 'dvecdvecadd': Time deviation too large!!!
8th time finished for 2 threads
 Blaze kernel 'dvecdvecadd': Time deviation too large!!!
 Blaze kernel 'dvecdvecadd': Time deviation too large!!!
 Blaze kernel 'dvecdvecadd': Time deviation too large!!!
8th time finished for 3 threads
8th time finished for 4 threads
8th time finished for 5 threads
8th time finished for 6 threads
 Blaze kernel 'dvecdvecadd': Time deviation too large!!!
 Blaze kernel 'dvecdvecadd': Time deviation too large!!!
8th time finished for 7 threads
 Blaze kernel 'dvecdvecadd': Time deviation too large!!!
8th time finished for 8 threads
 Blaze kernel 'dvecdvecadd': Time deviation too large!!!
 Blaze kernel 'dvecdvecadd': Time deviation too large!!!
8th time finished for 9 threads
8th time finished for 10 threads
 Blaze kernel 'dvecdvecadd': Time deviation too large!!!
8th time finished for 11 threads
 Blaze kernel 'dvecdvecadd': Time deviation too large!!!
 Blaze kernel 'dvecdvecadd': Time deviation too large!!!
8th time finished for 12 threads
 Blaze kernel 'dvecdvecadd': Time deviation too large!!!
 Blaze kernel 'dvecdvecadd': Time deviation too large!!!
 Blaze kernel 'dvecdvecadd': Time deviation too large!!!
8th time finished for 13 threads
 Blaze kernel 'dvecdvecadd': Time deviation too large!!!
 Blaze kernel 'dvecdvecadd': Time deviation too large!!!
8th time finished for 14 threads
 Blaze kernel 'dvecdvecadd': Time deviation too large!!!
 Blaze kernel 'dvecdvecadd': Time deviation too large!!!
8th time finished for 15 threads
8th time finished for 16 threads
benchmark daxpy for openmp runtime created
9th time finished for 1 threads
9th time finished for 2 threads
 Blaze kernel 'daxpy': Time deviation too large!!!
 Blaze kernel 'daxpy': Time deviation too large!!!
 Blaze kernel 'daxpy': Time deviation too large!!!
9th time finished for 3 threads
 Blaze kernel 'daxpy': Time deviation too large!!!
9th time finished for 4 threads
9th time finished for 5 threads
 Blaze kernel 'daxpy': Time deviation too large!!!
 Blaze kernel 'daxpy': Time deviation too large!!!
9th time finished for 6 threads
 Blaze kernel 'daxpy': Time deviation too large!!!
9th time finished for 7 threads
 Blaze kernel 'daxpy': Time deviation too large!!!
9th time finished for 8 threads
 Blaze kernel 'daxpy': Time deviation too large!!!
 Blaze kernel 'daxpy': Time deviation too large!!!
 Blaze kernel 'daxpy': Time deviation too large!!!
9th time finished for 9 threads
9th time finished for 10 threads
 Blaze kernel 'daxpy': Time deviation too large!!!
9th time finished for 11 threads
 Blaze kernel 'daxpy': Time deviation too large!!!
9th time finished for 12 threads
 Blaze kernel 'daxpy': Time deviation too large!!!
9th time finished for 13 threads
 Blaze kernel 'daxpy': Time deviation too large!!!
9th time finished for 14 threads
 Blaze kernel 'daxpy': Time deviation too large!!!
9th time finished for 15 threads
9th time finished for 16 threads
benchmark dvecdvecadd for openmp runtime created
 Blaze kernel 'dvecdvecadd': Time deviation too large!!!
9th time finished for 1 threads
 Blaze kernel 'dvecdvecadd': Time deviation too large!!!
 Blaze kernel 'dvecdvecadd': Time deviation too large!!!
9th time finished for 2 threads
 Blaze kernel 'dvecdvecadd': Time deviation too large!!!
 Blaze kernel 'dvecdvecadd': Time deviation too large!!!
9th time finished for 3 threads
9th time finished for 4 threads
9th time finished for 5 threads
9th time finished for 6 threads
 Blaze kernel 'dvecdvecadd': Time deviation too large!!!
 Blaze kernel 'dvecdvecadd': Time deviation too large!!!
9th time finished for 7 threads
 Blaze kernel 'dvecdvecadd': Time deviation too large!!!
 Blaze kernel 'dvecdvecadd': Time deviation too large!!!
9th time finished for 8 threads
 Blaze kernel 'dvecdvecadd': Time deviation too large!!!
 Blaze kernel 'dvecdvecadd': Time deviation too large!!!
9th time finished for 9 threads
 Blaze kernel 'dvecdvecadd': Time deviation too large!!!
9th time finished for 10 threads
 Blaze kernel 'dvecdvecadd': Time deviation too large!!!
 Blaze kernel 'dvecdvecadd': Time deviation too large!!!
9th time finished for 11 threads
 Blaze kernel 'dvecdvecadd': Time deviation too large!!!
9th time finished for 12 threads
 Blaze kernel 'dvecdvecadd': Time deviation too large!!!
 Blaze kernel 'dvecdvecadd': Time deviation too large!!!
9th time finished for 13 threads
 Blaze kernel 'dvecdvecadd': Time deviation too large!!!
9th time finished for 14 threads
 Blaze kernel 'dvecdvecadd': Time deviation too large!!!
9th time finished for 15 threads
 Blaze kernel 'dvecdvecadd': Time deviation too large!!!
9th time finished for 16 threads
benchmark daxpy for openmp runtime created
10th time finished for 1 threads
10th time finished for 2 threads
 Blaze kernel 'daxpy': Time deviation too large!!!
 Blaze kernel 'daxpy': Time deviation too large!!!
 Blaze kernel 'daxpy': Time deviation too large!!!
10th time finished for 3 threads
10th time finished for 4 threads
 Blaze kernel 'daxpy': Time deviation too large!!!
 Blaze kernel 'daxpy': Time deviation too large!!!
10th time finished for 5 threads
 Blaze kernel 'daxpy': Time deviation too large!!!
 Blaze kernel 'daxpy': Time deviation too large!!!
 Blaze kernel 'daxpy': Time deviation too large!!!
10th time finished for 6 threads
 Blaze kernel 'daxpy': Time deviation too large!!!
10th time finished for 7 threads
 Blaze kernel 'daxpy': Time deviation too large!!!
10th time finished for 8 threads
 Blaze kernel 'daxpy': Time deviation too large!!!
 Blaze kernel 'daxpy': Time deviation too large!!!
10th time finished for 9 threads
 Blaze kernel 'daxpy': Time deviation too large!!!
 Blaze kernel 'daxpy': Time deviation too large!!!
10th time finished for 10 threads
 Blaze kernel 'daxpy': Time deviation too large!!!
10th time finished for 11 threads
 Blaze kernel 'daxpy': Time deviation too large!!!
10th time finished for 12 threads
 Blaze kernel 'daxpy': Time deviation too large!!!
10th time finished for 13 threads
10th time finished for 14 threads
 Blaze kernel 'daxpy': Time deviation too large!!!
10th time finished for 15 threads
 Blaze kernel 'daxpy': Time deviation too large!!!
 Blaze kernel 'daxpy': Time deviation too large!!!
10th time finished for 16 threads
benchmark dvecdvecadd for openmp runtime created
 Blaze kernel 'dvecdvecadd': Time deviation too large!!!
10th time finished for 1 threads
 Blaze kernel 'dvecdvecadd': Time deviation too large!!!
 Blaze kernel 'dvecdvecadd': Time deviation too large!!!
10th time finished for 2 threads
 Blaze kernel 'dvecdvecadd': Time deviation too large!!!
10th time finished for 3 threads
10th time finished for 4 threads
 Blaze kernel 'dvecdvecadd': Time deviation too large!!!
10th time finished for 5 threads
 Blaze kernel 'dvecdvecadd': Time deviation too large!!!
10th time finished for 6 threads
 Blaze kernel 'dvecdvecadd': Time deviation too large!!!
 Blaze kernel 'dvecdvecadd': Time deviation too large!!!
10th time finished for 7 threads
 Blaze kernel 'dvecdvecadd': Time deviation too large!!!
10th time finished for 8 threads
 Blaze kernel 'dvecdvecadd': Time deviation too large!!!
10th time finished for 9 threads
 Blaze kernel 'dvecdvecadd': Time deviation too large!!!
 Blaze kernel 'dvecdvecadd': Time deviation too large!!!
10th time finished for 10 threads
 Blaze kernel 'dvecdvecadd': Time deviation too large!!!
10th time finished for 11 threads
 Blaze kernel 'dvecdvecadd': Time deviation too large!!!
10th time finished for 12 threads
 Blaze kernel 'dvecdvecadd': Time deviation too large!!!
 Blaze kernel 'dvecdvecadd': Time deviation too large!!!
 Blaze kernel 'dvecdvecadd': Time deviation too large!!!
10th time finished for 13 threads
 Blaze kernel 'dvecdvecadd': Time deviation too large!!!
10th time finished for 14 threads
 Blaze kernel 'dvecdvecadd': Time deviation too large!!!
 Blaze kernel 'dvecdvecadd': Time deviation too large!!!
10th time finished for 15 threads
 Blaze kernel 'dvecdvecadd': Time deviation too large!!!
10th time finished for 16 threads
benchmark daxpy for openmp runtime created
11th time finished for 1 threads
 Blaze kernel 'daxpy': Time deviation too large!!!
11th time finished for 2 threads
 Blaze kernel 'daxpy': Time deviation too large!!!
 Blaze kernel 'daxpy': Time deviation too large!!!
11th time finished for 3 threads
 Blaze kernel 'daxpy': Time deviation too large!!!
11th time finished for 4 threads
 Blaze kernel 'daxpy': Time deviation too large!!!
11th time finished for 5 threads
11th time finished for 6 threads
 Blaze kernel 'daxpy': Time deviation too large!!!
11th time finished for 7 threads
 Blaze kernel 'daxpy': Time deviation too large!!!
 Blaze kernel 'daxpy': Time deviation too large!!!
11th time finished for 8 threads
 Blaze kernel 'daxpy': Time deviation too large!!!
11th time finished for 9 threads
11th time finished for 10 threads
 Blaze kernel 'daxpy': Time deviation too large!!!
11th time finished for 11 threads
 Blaze kernel 'daxpy': Time deviation too large!!!
11th time finished for 12 threads
 Blaze kernel 'daxpy': Time deviation too large!!!
 Blaze kernel 'daxpy': Time deviation too large!!!
11th time finished for 13 threads
 Blaze kernel 'daxpy': Time deviation too large!!!
11th time finished for 14 threads
 Blaze kernel 'daxpy': Time deviation too large!!!
11th time finished for 15 threads
 Blaze kernel 'daxpy': Time deviation too large!!!
11th time finished for 16 threads
benchmark dvecdvecadd for openmp runtime created
 Blaze kernel 'dvecdvecadd': Time deviation too large!!!
11th time finished for 1 threads
11th time finished for 2 threads
 Blaze kernel 'dvecdvecadd': Time deviation too large!!!
 Blaze kernel 'dvecdvecadd': Time deviation too large!!!
11th time finished for 3 threads
11th time finished for 4 threads
 Blaze kernel 'dvecdvecadd': Time deviation too large!!!
11th time finished for 5 threads
11th time finished for 6 threads
 Blaze kernel 'dvecdvecadd': Time deviation too large!!!
11th time finished for 7 threads
 Blaze kernel 'dvecdvecadd': Time deviation too large!!!
11th time finished for 8 threads
 Blaze kernel 'dvecdvecadd': Time deviation too large!!!
11th time finished for 9 threads
 Blaze kernel 'dvecdvecadd': Time deviation too large!!!
 Blaze kernel 'dvecdvecadd': Time deviation too large!!!
11th time finished for 10 threads
 Blaze kernel 'dvecdvecadd': Time deviation too large!!!
 Blaze kernel 'dvecdvecadd': Time deviation too large!!!
11th time finished for 11 threads
 Blaze kernel 'dvecdvecadd': Time deviation too large!!!
 Blaze kernel 'dvecdvecadd': Time deviation too large!!!
11th time finished for 12 threads
 Blaze kernel 'dvecdvecadd': Time deviation too large!!!
 Blaze kernel 'dvecdvecadd': Time deviation too large!!!
 Blaze kernel 'dvecdvecadd': Time deviation too large!!!
11th time finished for 13 threads
 Blaze kernel 'dvecdvecadd': Time deviation too large!!!
11th time finished for 14 threads
 Blaze kernel 'dvecdvecadd': Time deviation too large!!!
11th time finished for 15 threads
 Blaze kernel 'dvecdvecadd': Time deviation too large!!!
11th time finished for 16 threads
