HPX.h file was reset to original
BLAZE_HPX_VECTOR_CHUNK_SIZE changed from 10 to 10
CACHE_SIZE changed from 128 to 16
benchmark daxpy for hpx runtime created
chunk size: 10
vector threshold: 1000
cache size: 16
daxpy benchmark for hpx finished for 1 threads, chunk size 10, cache_size 16
daxpy benchmark for hpx finished for 2 threads, chunk size 10, cache_size 16
daxpy benchmark for hpx finished for 3 threads, chunk size 10, cache_size 16
daxpy benchmark for hpx finished for 4 threads, chunk size 10, cache_size 16
daxpy benchmark for hpx finished for 5 threads, chunk size 10, cache_size 16
daxpy benchmark for hpx finished for 6 threads, chunk size 10, cache_size 16
daxpy benchmark for hpx finished for 7 threads, chunk size 10, cache_size 16
daxpy benchmark for hpx finished for 8 threads, chunk size 10, cache_size 16
daxpy benchmark for hpx finished for 9 threads, chunk size 10, cache_size 16
daxpy benchmark for hpx finished for 10 threads, chunk size 10, cache_size 16
daxpy benchmark for hpx finished for 11 threads, chunk size 10, cache_size 16
daxpy benchmark for hpx finished for 12 threads, chunk size 10, cache_size 16
daxpy benchmark for hpx finished for 13 threads, chunk size 10, cache_size 16
daxpy benchmark for hpx finished for 14 threads, chunk size 10, cache_size 16
daxpy benchmark for hpx finished for 15 threads, chunk size 10, cache_size 16
daxpy benchmark for hpx finished for 16 threads, chunk size 10, cache_size 16
HPX.h file was reset to original
BLAZE_HPX_VECTOR_CHUNK_SIZE changed from 10 to 10
CACHE_SIZE changed from 16 to 32
benchmark daxpy for hpx runtime created
chunk size: 10
vector threshold: 1000
cache size: 32
daxpy benchmark for hpx finished for 1 threads, chunk size 10, cache_size 32
daxpy benchmark for hpx finished for 2 threads, chunk size 10, cache_size 32
daxpy benchmark for hpx finished for 3 threads, chunk size 10, cache_size 32
daxpy benchmark for hpx finished for 4 threads, chunk size 10, cache_size 32
daxpy benchmark for hpx finished for 5 threads, chunk size 10, cache_size 32
daxpy benchmark for hpx finished for 6 threads, chunk size 10, cache_size 32
daxpy benchmark for hpx finished for 7 threads, chunk size 10, cache_size 32
daxpy benchmark for hpx finished for 8 threads, chunk size 10, cache_size 32
daxpy benchmark for hpx finished for 9 threads, chunk size 10, cache_size 32
daxpy benchmark for hpx finished for 10 threads, chunk size 10, cache_size 32
daxpy benchmark for hpx finished for 11 threads, chunk size 10, cache_size 32
daxpy benchmark for hpx finished for 12 threads, chunk size 10, cache_size 32
daxpy benchmark for hpx finished for 13 threads, chunk size 10, cache_size 32
daxpy benchmark for hpx finished for 14 threads, chunk size 10, cache_size 32
daxpy benchmark for hpx finished for 15 threads, chunk size 10, cache_size 32
daxpy benchmark for hpx finished for 16 threads, chunk size 10, cache_size 32
HPX.h file was reset to original
BLAZE_HPX_VECTOR_CHUNK_SIZE changed from 10 to 10
CACHE_SIZE changed from 32 to 64
benchmark daxpy for hpx runtime created
chunk size: 10
vector threshold: 1000
cache size: 64
daxpy benchmark for hpx finished for 1 threads, chunk size 10, cache_size 64
daxpy benchmark for hpx finished for 2 threads, chunk size 10, cache_size 64
daxpy benchmark for hpx finished for 3 threads, chunk size 10, cache_size 64
daxpy benchmark for hpx finished for 4 threads, chunk size 10, cache_size 64
daxpy benchmark for hpx finished for 5 threads, chunk size 10, cache_size 64
daxpy benchmark for hpx finished for 6 threads, chunk size 10, cache_size 64
daxpy benchmark for hpx finished for 7 threads, chunk size 10, cache_size 64
daxpy benchmark for hpx finished for 8 threads, chunk size 10, cache_size 64
daxpy benchmark for hpx finished for 9 threads, chunk size 10, cache_size 64
daxpy benchmark for hpx finished for 10 threads, chunk size 10, cache_size 64
daxpy benchmark for hpx finished for 11 threads, chunk size 10, cache_size 64
daxpy benchmark for hpx finished for 12 threads, chunk size 10, cache_size 64
daxpy benchmark for hpx finished for 13 threads, chunk size 10, cache_size 64
daxpy benchmark for hpx finished for 14 threads, chunk size 10, cache_size 64
daxpy benchmark for hpx finished for 15 threads, chunk size 10, cache_size 64
daxpy benchmark for hpx finished for 16 threads, chunk size 10, cache_size 64
HPX.h file was reset to original
BLAZE_HPX_VECTOR_CHUNK_SIZE changed from 10 to 10
CACHE_SIZE changed from 64 to 128
benchmark daxpy for hpx runtime created
chunk size: 10
vector threshold: 1000
cache size: 128
daxpy benchmark for hpx finished for 1 threads, chunk size 10, cache_size 128
daxpy benchmark for hpx finished for 2 threads, chunk size 10, cache_size 128
daxpy benchmark for hpx finished for 3 threads, chunk size 10, cache_size 128
daxpy benchmark for hpx finished for 4 threads, chunk size 10, cache_size 128
daxpy benchmark for hpx finished for 5 threads, chunk size 10, cache_size 128
daxpy benchmark for hpx finished for 6 threads, chunk size 10, cache_size 128
daxpy benchmark for hpx finished for 7 threads, chunk size 10, cache_size 128
daxpy benchmark for hpx finished for 8 threads, chunk size 10, cache_size 128
daxpy benchmark for hpx finished for 9 threads, chunk size 10, cache_size 128
daxpy benchmark for hpx finished for 10 threads, chunk size 10, cache_size 128
daxpy benchmark for hpx finished for 11 threads, chunk size 10, cache_size 128
daxpy benchmark for hpx finished for 12 threads, chunk size 10, cache_size 128
daxpy benchmark for hpx finished for 13 threads, chunk size 10, cache_size 128
daxpy benchmark for hpx finished for 14 threads, chunk size 10, cache_size 128
daxpy benchmark for hpx finished for 15 threads, chunk size 10, cache_size 128
daxpy benchmark for hpx finished for 16 threads, chunk size 10, cache_size 128
HPX.h file was reset to original
BLAZE_HPX_VECTOR_CHUNK_SIZE changed from 10 to 10
CACHE_SIZE changed from 128 to 256
benchmark daxpy for hpx runtime created
chunk size: 10
vector threshold: 1000
cache size: 256
daxpy benchmark for hpx finished for 1 threads, chunk size 10, cache_size 256
daxpy benchmark for hpx finished for 2 threads, chunk size 10, cache_size 256
daxpy benchmark for hpx finished for 3 threads, chunk size 10, cache_size 256
daxpy benchmark for hpx finished for 4 threads, chunk size 10, cache_size 256
daxpy benchmark for hpx finished for 5 threads, chunk size 10, cache_size 256
daxpy benchmark for hpx finished for 6 threads, chunk size 10, cache_size 256
daxpy benchmark for hpx finished for 7 threads, chunk size 10, cache_size 256
daxpy benchmark for hpx finished for 8 threads, chunk size 10, cache_size 256
daxpy benchmark for hpx finished for 9 threads, chunk size 10, cache_size 256
daxpy benchmark for hpx finished for 10 threads, chunk size 10, cache_size 256
daxpy benchmark for hpx finished for 11 threads, chunk size 10, cache_size 256
daxpy benchmark for hpx finished for 12 threads, chunk size 10, cache_size 256
daxpy benchmark for hpx finished for 13 threads, chunk size 10, cache_size 256
daxpy benchmark for hpx finished for 14 threads, chunk size 10, cache_size 256
daxpy benchmark for hpx finished for 15 threads, chunk size 10, cache_size 256
daxpy benchmark for hpx finished for 16 threads, chunk size 10, cache_size 256
HPX.h file was reset to original
BLAZE_HPX_VECTOR_CHUNK_SIZE changed from 10 to 10
CACHE_SIZE changed from 256 to 16
benchmark daxpy for hpx runtime created
chunk size: 10
vector threshold: 1000
cache size: 16
daxpy benchmark for hpx finished for 1 threads, chunk size 10, cache_size 16
daxpy benchmark for hpx finished for 2 threads, chunk size 10, cache_size 16
daxpy benchmark for hpx finished for 3 threads, chunk size 10, cache_size 16
daxpy benchmark for hpx finished for 4 threads, chunk size 10, cache_size 16
daxpy benchmark for hpx finished for 5 threads, chunk size 10, cache_size 16
daxpy benchmark for hpx finished for 6 threads, chunk size 10, cache_size 16
daxpy benchmark for hpx finished for 7 threads, chunk size 10, cache_size 16
daxpy benchmark for hpx finished for 8 threads, chunk size 10, cache_size 16
daxpy benchmark for hpx finished for 9 threads, chunk size 10, cache_size 16
daxpy benchmark for hpx finished for 10 threads, chunk size 10, cache_size 16
daxpy benchmark for hpx finished for 11 threads, chunk size 10, cache_size 16
daxpy benchmark for hpx finished for 12 threads, chunk size 10, cache_size 16
daxpy benchmark for hpx finished for 13 threads, chunk size 10, cache_size 16
daxpy benchmark for hpx finished for 14 threads, chunk size 10, cache_size 16
daxpy benchmark for hpx finished for 15 threads, chunk size 10, cache_size 16
daxpy benchmark for hpx finished for 16 threads, chunk size 10, cache_size 16
HPX.h file was reset to original
BLAZE_HPX_VECTOR_CHUNK_SIZE changed from 10 to 10
CACHE_SIZE changed from 16 to 32
benchmark daxpy for hpx runtime created
chunk size: 10
vector threshold: 1000
cache size: 32
daxpy benchmark for hpx finished for 1 threads, chunk size 10, cache_size 32
daxpy benchmark for hpx finished for 2 threads, chunk size 10, cache_size 32
daxpy benchmark for hpx finished for 3 threads, chunk size 10, cache_size 32
daxpy benchmark for hpx finished for 4 threads, chunk size 10, cache_size 32
daxpy benchmark for hpx finished for 5 threads, chunk size 10, cache_size 32
daxpy benchmark for hpx finished for 6 threads, chunk size 10, cache_size 32
daxpy benchmark for hpx finished for 7 threads, chunk size 10, cache_size 32
daxpy benchmark for hpx finished for 8 threads, chunk size 10, cache_size 32
daxpy benchmark for hpx finished for 9 threads, chunk size 10, cache_size 32
daxpy benchmark for hpx finished for 10 threads, chunk size 10, cache_size 32
daxpy benchmark for hpx finished for 11 threads, chunk size 10, cache_size 32
daxpy benchmark for hpx finished for 12 threads, chunk size 10, cache_size 32
daxpy benchmark for hpx finished for 13 threads, chunk size 10, cache_size 32
daxpy benchmark for hpx finished for 14 threads, chunk size 10, cache_size 32
daxpy benchmark for hpx finished for 15 threads, chunk size 10, cache_size 32
daxpy benchmark for hpx finished for 16 threads, chunk size 10, cache_size 32
HPX.h file was reset to original
BLAZE_HPX_VECTOR_CHUNK_SIZE changed from 10 to 10
CACHE_SIZE changed from 32 to 64
benchmark daxpy for hpx runtime created
chunk size: 10
vector threshold: 1000
cache size: 64
daxpy benchmark for hpx finished for 1 threads, chunk size 10, cache_size 64
daxpy benchmark for hpx finished for 2 threads, chunk size 10, cache_size 64
daxpy benchmark for hpx finished for 3 threads, chunk size 10, cache_size 64
daxpy benchmark for hpx finished for 4 threads, chunk size 10, cache_size 64
daxpy benchmark for hpx finished for 5 threads, chunk size 10, cache_size 64
daxpy benchmark for hpx finished for 6 threads, chunk size 10, cache_size 64
daxpy benchmark for hpx finished for 7 threads, chunk size 10, cache_size 64
daxpy benchmark for hpx finished for 8 threads, chunk size 10, cache_size 64
daxpy benchmark for hpx finished for 9 threads, chunk size 10, cache_size 64
daxpy benchmark for hpx finished for 10 threads, chunk size 10, cache_size 64
daxpy benchmark for hpx finished for 11 threads, chunk size 10, cache_size 64
daxpy benchmark for hpx finished for 12 threads, chunk size 10, cache_size 64
daxpy benchmark for hpx finished for 13 threads, chunk size 10, cache_size 64
daxpy benchmark for hpx finished for 14 threads, chunk size 10, cache_size 64
daxpy benchmark for hpx finished for 15 threads, chunk size 10, cache_size 64
daxpy benchmark for hpx finished for 16 threads, chunk size 10, cache_size 64
HPX.h file was reset to original
BLAZE_HPX_VECTOR_CHUNK_SIZE changed from 10 to 10
CACHE_SIZE changed from 64 to 128
benchmark daxpy for hpx runtime created
chunk size: 10
vector threshold: 1000
cache size: 128
daxpy benchmark for hpx finished for 1 threads, chunk size 10, cache_size 128
daxpy benchmark for hpx finished for 2 threads, chunk size 10, cache_size 128
daxpy benchmark for hpx finished for 3 threads, chunk size 10, cache_size 128
daxpy benchmark for hpx finished for 4 threads, chunk size 10, cache_size 128
daxpy benchmark for hpx finished for 5 threads, chunk size 10, cache_size 128
daxpy benchmark for hpx finished for 6 threads, chunk size 10, cache_size 128
daxpy benchmark for hpx finished for 7 threads, chunk size 10, cache_size 128
daxpy benchmark for hpx finished for 8 threads, chunk size 10, cache_size 128
daxpy benchmark for hpx finished for 9 threads, chunk size 10, cache_size 128
daxpy benchmark for hpx finished for 10 threads, chunk size 10, cache_size 128
daxpy benchmark for hpx finished for 11 threads, chunk size 10, cache_size 128
daxpy benchmark for hpx finished for 12 threads, chunk size 10, cache_size 128
daxpy benchmark for hpx finished for 13 threads, chunk size 10, cache_size 128
daxpy benchmark for hpx finished for 14 threads, chunk size 10, cache_size 128
daxpy benchmark for hpx finished for 15 threads, chunk size 10, cache_size 128
daxpy benchmark for hpx finished for 16 threads, chunk size 10, cache_size 128
HPX.h file was reset to original
BLAZE_HPX_VECTOR_CHUNK_SIZE changed from 10 to 10
CACHE_SIZE changed from 128 to 256
benchmark daxpy for hpx runtime created
chunk size: 10
vector threshold: 1000
cache size: 256
daxpy benchmark for hpx finished for 1 threads, chunk size 10, cache_size 256
daxpy benchmark for hpx finished for 2 threads, chunk size 10, cache_size 256
daxpy benchmark for hpx finished for 3 threads, chunk size 10, cache_size 256
daxpy benchmark for hpx finished for 4 threads, chunk size 10, cache_size 256
daxpy benchmark for hpx finished for 5 threads, chunk size 10, cache_size 256
daxpy benchmark for hpx finished for 6 threads, chunk size 10, cache_size 256
daxpy benchmark for hpx finished for 7 threads, chunk size 10, cache_size 256
daxpy benchmark for hpx finished for 8 threads, chunk size 10, cache_size 256
daxpy benchmark for hpx finished for 9 threads, chunk size 10, cache_size 256
daxpy benchmark for hpx finished for 10 threads, chunk size 10, cache_size 256
daxpy benchmark for hpx finished for 11 threads, chunk size 10, cache_size 256
daxpy benchmark for hpx finished for 12 threads, chunk size 10, cache_size 256
daxpy benchmark for hpx finished for 13 threads, chunk size 10, cache_size 256
daxpy benchmark for hpx finished for 14 threads, chunk size 10, cache_size 256
daxpy benchmark for hpx finished for 15 threads, chunk size 10, cache_size 256
daxpy benchmark for hpx finished for 16 threads, chunk size 10, cache_size 256
HPX.h file was reset to original
BLAZE_HPX_VECTOR_CHUNK_SIZE changed from 10 to 10
CACHE_SIZE changed from 256 to 16
benchmark daxpy for hpx runtime created
chunk size: 10
vector threshold: 1000
cache size: 16
daxpy benchmark for hpx finished for 1 threads, chunk size 10, cache_size 16
daxpy benchmark for hpx finished for 2 threads, chunk size 10, cache_size 16
daxpy benchmark for hpx finished for 3 threads, chunk size 10, cache_size 16
daxpy benchmark for hpx finished for 4 threads, chunk size 10, cache_size 16
daxpy benchmark for hpx finished for 5 threads, chunk size 10, cache_size 16
daxpy benchmark for hpx finished for 6 threads, chunk size 10, cache_size 16
daxpy benchmark for hpx finished for 7 threads, chunk size 10, cache_size 16
daxpy benchmark for hpx finished for 8 threads, chunk size 10, cache_size 16
daxpy benchmark for hpx finished for 9 threads, chunk size 10, cache_size 16
daxpy benchmark for hpx finished for 10 threads, chunk size 10, cache_size 16
daxpy benchmark for hpx finished for 11 threads, chunk size 10, cache_size 16
daxpy benchmark for hpx finished for 12 threads, chunk size 10, cache_size 16
daxpy benchmark for hpx finished for 13 threads, chunk size 10, cache_size 16
daxpy benchmark for hpx finished for 14 threads, chunk size 10, cache_size 16
daxpy benchmark for hpx finished for 15 threads, chunk size 10, cache_size 16
daxpy benchmark for hpx finished for 16 threads, chunk size 10, cache_size 16
HPX.h file was reset to original
BLAZE_HPX_VECTOR_CHUNK_SIZE changed from 10 to 10
CACHE_SIZE changed from 16 to 32
benchmark daxpy for hpx runtime created
chunk size: 10
vector threshold: 1000
cache size: 32
daxpy benchmark for hpx finished for 1 threads, chunk size 10, cache_size 32
daxpy benchmark for hpx finished for 2 threads, chunk size 10, cache_size 32
daxpy benchmark for hpx finished for 3 threads, chunk size 10, cache_size 32
daxpy benchmark for hpx finished for 4 threads, chunk size 10, cache_size 32
daxpy benchmark for hpx finished for 5 threads, chunk size 10, cache_size 32
daxpy benchmark for hpx finished for 6 threads, chunk size 10, cache_size 32
daxpy benchmark for hpx finished for 7 threads, chunk size 10, cache_size 32
daxpy benchmark for hpx finished for 8 threads, chunk size 10, cache_size 32
daxpy benchmark for hpx finished for 9 threads, chunk size 10, cache_size 32
daxpy benchmark for hpx finished for 10 threads, chunk size 10, cache_size 32
daxpy benchmark for hpx finished for 11 threads, chunk size 10, cache_size 32
daxpy benchmark for hpx finished for 12 threads, chunk size 10, cache_size 32
daxpy benchmark for hpx finished for 13 threads, chunk size 10, cache_size 32
daxpy benchmark for hpx finished for 14 threads, chunk size 10, cache_size 32
daxpy benchmark for hpx finished for 15 threads, chunk size 10, cache_size 32
daxpy benchmark for hpx finished for 16 threads, chunk size 10, cache_size 32
HPX.h file was reset to original
BLAZE_HPX_VECTOR_CHUNK_SIZE changed from 10 to 10
CACHE_SIZE changed from 32 to 64
benchmark daxpy for hpx runtime created
chunk size: 10
vector threshold: 1000
cache size: 64
daxpy benchmark for hpx finished for 1 threads, chunk size 10, cache_size 64
daxpy benchmark for hpx finished for 2 threads, chunk size 10, cache_size 64
daxpy benchmark for hpx finished for 3 threads, chunk size 10, cache_size 64
daxpy benchmark for hpx finished for 4 threads, chunk size 10, cache_size 64
daxpy benchmark for hpx finished for 5 threads, chunk size 10, cache_size 64
daxpy benchmark for hpx finished for 6 threads, chunk size 10, cache_size 64
daxpy benchmark for hpx finished for 7 threads, chunk size 10, cache_size 64
daxpy benchmark for hpx finished for 8 threads, chunk size 10, cache_size 64
daxpy benchmark for hpx finished for 9 threads, chunk size 10, cache_size 64
daxpy benchmark for hpx finished for 10 threads, chunk size 10, cache_size 64
daxpy benchmark for hpx finished for 11 threads, chunk size 10, cache_size 64
daxpy benchmark for hpx finished for 12 threads, chunk size 10, cache_size 64
daxpy benchmark for hpx finished for 13 threads, chunk size 10, cache_size 64
daxpy benchmark for hpx finished for 14 threads, chunk size 10, cache_size 64
daxpy benchmark for hpx finished for 15 threads, chunk size 10, cache_size 64
daxpy benchmark for hpx finished for 16 threads, chunk size 10, cache_size 64
HPX.h file was reset to original
BLAZE_HPX_VECTOR_CHUNK_SIZE changed from 10 to 10
CACHE_SIZE changed from 64 to 128
benchmark daxpy for hpx runtime created
chunk size: 10
vector threshold: 1000
cache size: 128
daxpy benchmark for hpx finished for 1 threads, chunk size 10, cache_size 128
daxpy benchmark for hpx finished for 2 threads, chunk size 10, cache_size 128
daxpy benchmark for hpx finished for 3 threads, chunk size 10, cache_size 128
daxpy benchmark for hpx finished for 4 threads, chunk size 10, cache_size 128
daxpy benchmark for hpx finished for 5 threads, chunk size 10, cache_size 128
daxpy benchmark for hpx finished for 6 threads, chunk size 10, cache_size 128
daxpy benchmark for hpx finished for 7 threads, chunk size 10, cache_size 128
daxpy benchmark for hpx finished for 8 threads, chunk size 10, cache_size 128
daxpy benchmark for hpx finished for 9 threads, chunk size 10, cache_size 128
daxpy benchmark for hpx finished for 10 threads, chunk size 10, cache_size 128
daxpy benchmark for hpx finished for 11 threads, chunk size 10, cache_size 128
daxpy benchmark for hpx finished for 12 threads, chunk size 10, cache_size 128
daxpy benchmark for hpx finished for 13 threads, chunk size 10, cache_size 128
daxpy benchmark for hpx finished for 14 threads, chunk size 10, cache_size 128
daxpy benchmark for hpx finished for 15 threads, chunk size 10, cache_size 128
daxpy benchmark for hpx finished for 16 threads, chunk size 10, cache_size 128
HPX.h file was reset to original
BLAZE_HPX_VECTOR_CHUNK_SIZE changed from 10 to 10
CACHE_SIZE changed from 128 to 256
benchmark daxpy for hpx runtime created
chunk size: 10
vector threshold: 1000
cache size: 256
daxpy benchmark for hpx finished for 1 threads, chunk size 10, cache_size 256
daxpy benchmark for hpx finished for 2 threads, chunk size 10, cache_size 256
daxpy benchmark for hpx finished for 3 threads, chunk size 10, cache_size 256
daxpy benchmark for hpx finished for 4 threads, chunk size 10, cache_size 256
daxpy benchmark for hpx finished for 5 threads, chunk size 10, cache_size 256
daxpy benchmark for hpx finished for 6 threads, chunk size 10, cache_size 256
daxpy benchmark for hpx finished for 7 threads, chunk size 10, cache_size 256
daxpy benchmark for hpx finished for 8 threads, chunk size 10, cache_size 256
daxpy benchmark for hpx finished for 9 threads, chunk size 10, cache_size 256
daxpy benchmark for hpx finished for 10 threads, chunk size 10, cache_size 256
daxpy benchmark for hpx finished for 11 threads, chunk size 10, cache_size 256
daxpy benchmark for hpx finished for 12 threads, chunk size 10, cache_size 256
daxpy benchmark for hpx finished for 13 threads, chunk size 10, cache_size 256
daxpy benchmark for hpx finished for 14 threads, chunk size 10, cache_size 256
daxpy benchmark for hpx finished for 15 threads, chunk size 10, cache_size 256
daxpy benchmark for hpx finished for 16 threads, chunk size 10, cache_size 256
HPX.h file was reset to original
BLAZE_HPX_VECTOR_CHUNK_SIZE changed from 10 to 10
CACHE_SIZE changed from 256 to 16
benchmark daxpy for hpx runtime created
chunk size: 10
vector threshold: 1000
cache size: 16
daxpy benchmark for hpx finished for 1 threads, chunk size 10, cache_size 16
daxpy benchmark for hpx finished for 2 threads, chunk size 10, cache_size 16
daxpy benchmark for hpx finished for 3 threads, chunk size 10, cache_size 16
daxpy benchmark for hpx finished for 4 threads, chunk size 10, cache_size 16
daxpy benchmark for hpx finished for 5 threads, chunk size 10, cache_size 16
daxpy benchmark for hpx finished for 6 threads, chunk size 10, cache_size 16
daxpy benchmark for hpx finished for 7 threads, chunk size 10, cache_size 16
daxpy benchmark for hpx finished for 8 threads, chunk size 10, cache_size 16
daxpy benchmark for hpx finished for 9 threads, chunk size 10, cache_size 16
daxpy benchmark for hpx finished for 10 threads, chunk size 10, cache_size 16
daxpy benchmark for hpx finished for 11 threads, chunk size 10, cache_size 16
daxpy benchmark for hpx finished for 12 threads, chunk size 10, cache_size 16
daxpy benchmark for hpx finished for 13 threads, chunk size 10, cache_size 16
daxpy benchmark for hpx finished for 14 threads, chunk size 10, cache_size 16
daxpy benchmark for hpx finished for 15 threads, chunk size 10, cache_size 16
daxpy benchmark for hpx finished for 16 threads, chunk size 10, cache_size 16
HPX.h file was reset to original
BLAZE_HPX_VECTOR_CHUNK_SIZE changed from 10 to 10
CACHE_SIZE changed from 16 to 32
benchmark daxpy for hpx runtime created
chunk size: 10
vector threshold: 1000
cache size: 32
daxpy benchmark for hpx finished for 1 threads, chunk size 10, cache_size 32
daxpy benchmark for hpx finished for 2 threads, chunk size 10, cache_size 32
daxpy benchmark for hpx finished for 3 threads, chunk size 10, cache_size 32
daxpy benchmark for hpx finished for 4 threads, chunk size 10, cache_size 32
daxpy benchmark for hpx finished for 5 threads, chunk size 10, cache_size 32
daxpy benchmark for hpx finished for 6 threads, chunk size 10, cache_size 32
daxpy benchmark for hpx finished for 7 threads, chunk size 10, cache_size 32
daxpy benchmark for hpx finished for 8 threads, chunk size 10, cache_size 32
daxpy benchmark for hpx finished for 9 threads, chunk size 10, cache_size 32
daxpy benchmark for hpx finished for 10 threads, chunk size 10, cache_size 32
daxpy benchmark for hpx finished for 11 threads, chunk size 10, cache_size 32
daxpy benchmark for hpx finished for 12 threads, chunk size 10, cache_size 32
daxpy benchmark for hpx finished for 13 threads, chunk size 10, cache_size 32
daxpy benchmark for hpx finished for 14 threads, chunk size 10, cache_size 32
daxpy benchmark for hpx finished for 15 threads, chunk size 10, cache_size 32
daxpy benchmark for hpx finished for 16 threads, chunk size 10, cache_size 32
HPX.h file was reset to original
BLAZE_HPX_VECTOR_CHUNK_SIZE changed from 10 to 10
CACHE_SIZE changed from 32 to 64
benchmark daxpy for hpx runtime created
chunk size: 10
vector threshold: 1000
cache size: 64
daxpy benchmark for hpx finished for 1 threads, chunk size 10, cache_size 64
daxpy benchmark for hpx finished for 2 threads, chunk size 10, cache_size 64
daxpy benchmark for hpx finished for 3 threads, chunk size 10, cache_size 64
daxpy benchmark for hpx finished for 4 threads, chunk size 10, cache_size 64
daxpy benchmark for hpx finished for 5 threads, chunk size 10, cache_size 64
daxpy benchmark for hpx finished for 6 threads, chunk size 10, cache_size 64
daxpy benchmark for hpx finished for 7 threads, chunk size 10, cache_size 64
daxpy benchmark for hpx finished for 8 threads, chunk size 10, cache_size 64
daxpy benchmark for hpx finished for 9 threads, chunk size 10, cache_size 64
daxpy benchmark for hpx finished for 10 threads, chunk size 10, cache_size 64
daxpy benchmark for hpx finished for 11 threads, chunk size 10, cache_size 64
daxpy benchmark for hpx finished for 12 threads, chunk size 10, cache_size 64
daxpy benchmark for hpx finished for 13 threads, chunk size 10, cache_size 64
daxpy benchmark for hpx finished for 14 threads, chunk size 10, cache_size 64
daxpy benchmark for hpx finished for 15 threads, chunk size 10, cache_size 64
daxpy benchmark for hpx finished for 16 threads, chunk size 10, cache_size 64
HPX.h file was reset to original
BLAZE_HPX_VECTOR_CHUNK_SIZE changed from 10 to 10
CACHE_SIZE changed from 64 to 128
benchmark daxpy for hpx runtime created
chunk size: 10
vector threshold: 1000
cache size: 128
daxpy benchmark for hpx finished for 1 threads, chunk size 10, cache_size 128
daxpy benchmark for hpx finished for 2 threads, chunk size 10, cache_size 128
daxpy benchmark for hpx finished for 3 threads, chunk size 10, cache_size 128
daxpy benchmark for hpx finished for 4 threads, chunk size 10, cache_size 128
daxpy benchmark for hpx finished for 5 threads, chunk size 10, cache_size 128
daxpy benchmark for hpx finished for 6 threads, chunk size 10, cache_size 128
daxpy benchmark for hpx finished for 7 threads, chunk size 10, cache_size 128
daxpy benchmark for hpx finished for 8 threads, chunk size 10, cache_size 128
daxpy benchmark for hpx finished for 9 threads, chunk size 10, cache_size 128
daxpy benchmark for hpx finished for 10 threads, chunk size 10, cache_size 128
daxpy benchmark for hpx finished for 11 threads, chunk size 10, cache_size 128
daxpy benchmark for hpx finished for 12 threads, chunk size 10, cache_size 128
daxpy benchmark for hpx finished for 13 threads, chunk size 10, cache_size 128
daxpy benchmark for hpx finished for 14 threads, chunk size 10, cache_size 128
daxpy benchmark for hpx finished for 15 threads, chunk size 10, cache_size 128
daxpy benchmark for hpx finished for 16 threads, chunk size 10, cache_size 128
HPX.h file was reset to original
BLAZE_HPX_VECTOR_CHUNK_SIZE changed from 10 to 10
CACHE_SIZE changed from 128 to 256
benchmark daxpy for hpx runtime created
chunk size: 10
vector threshold: 1000
cache size: 256
daxpy benchmark for hpx finished for 1 threads, chunk size 10, cache_size 256
daxpy benchmark for hpx finished for 2 threads, chunk size 10, cache_size 256
daxpy benchmark for hpx finished for 3 threads, chunk size 10, cache_size 256
daxpy benchmark for hpx finished for 4 threads, chunk size 10, cache_size 256
daxpy benchmark for hpx finished for 5 threads, chunk size 10, cache_size 256
daxpy benchmark for hpx finished for 6 threads, chunk size 10, cache_size 256
daxpy benchmark for hpx finished for 7 threads, chunk size 10, cache_size 256
daxpy benchmark for hpx finished for 8 threads, chunk size 10, cache_size 256
daxpy benchmark for hpx finished for 9 threads, chunk size 10, cache_size 256
daxpy benchmark for hpx finished for 10 threads, chunk size 10, cache_size 256
daxpy benchmark for hpx finished for 11 threads, chunk size 10, cache_size 256
daxpy benchmark for hpx finished for 12 threads, chunk size 10, cache_size 256
daxpy benchmark for hpx finished for 13 threads, chunk size 10, cache_size 256
daxpy benchmark for hpx finished for 14 threads, chunk size 10, cache_size 256
daxpy benchmark for hpx finished for 15 threads, chunk size 10, cache_size 256
daxpy benchmark for hpx finished for 16 threads, chunk size 10, cache_size 256
HPX.h file was reset to original
BLAZE_HPX_VECTOR_CHUNK_SIZE changed from 10 to 10
CACHE_SIZE changed from 256 to 16
benchmark daxpy for hpx runtime created
chunk size: 10
vector threshold: 1000
cache size: 16
daxpy benchmark for hpx finished for 1 threads, chunk size 10, cache_size 16
daxpy benchmark for hpx finished for 2 threads, chunk size 10, cache_size 16
daxpy benchmark for hpx finished for 3 threads, chunk size 10, cache_size 16
daxpy benchmark for hpx finished for 4 threads, chunk size 10, cache_size 16
daxpy benchmark for hpx finished for 5 threads, chunk size 10, cache_size 16
daxpy benchmark for hpx finished for 6 threads, chunk size 10, cache_size 16
daxpy benchmark for hpx finished for 7 threads, chunk size 10, cache_size 16
daxpy benchmark for hpx finished for 8 threads, chunk size 10, cache_size 16
daxpy benchmark for hpx finished for 9 threads, chunk size 10, cache_size 16
daxpy benchmark for hpx finished for 10 threads, chunk size 10, cache_size 16
daxpy benchmark for hpx finished for 11 threads, chunk size 10, cache_size 16
daxpy benchmark for hpx finished for 12 threads, chunk size 10, cache_size 16
daxpy benchmark for hpx finished for 13 threads, chunk size 10, cache_size 16
daxpy benchmark for hpx finished for 14 threads, chunk size 10, cache_size 16
daxpy benchmark for hpx finished for 15 threads, chunk size 10, cache_size 16
daxpy benchmark for hpx finished for 16 threads, chunk size 10, cache_size 16
HPX.h file was reset to original
BLAZE_HPX_VECTOR_CHUNK_SIZE changed from 10 to 10
CACHE_SIZE changed from 16 to 32
benchmark daxpy for hpx runtime created
chunk size: 10
vector threshold: 1000
cache size: 32
daxpy benchmark for hpx finished for 1 threads, chunk size 10, cache_size 32
daxpy benchmark for hpx finished for 2 threads, chunk size 10, cache_size 32
daxpy benchmark for hpx finished for 3 threads, chunk size 10, cache_size 32
daxpy benchmark for hpx finished for 4 threads, chunk size 10, cache_size 32
daxpy benchmark for hpx finished for 5 threads, chunk size 10, cache_size 32
daxpy benchmark for hpx finished for 6 threads, chunk size 10, cache_size 32
daxpy benchmark for hpx finished for 7 threads, chunk size 10, cache_size 32
daxpy benchmark for hpx finished for 8 threads, chunk size 10, cache_size 32
daxpy benchmark for hpx finished for 9 threads, chunk size 10, cache_size 32
daxpy benchmark for hpx finished for 10 threads, chunk size 10, cache_size 32
daxpy benchmark for hpx finished for 11 threads, chunk size 10, cache_size 32
daxpy benchmark for hpx finished for 12 threads, chunk size 10, cache_size 32
daxpy benchmark for hpx finished for 13 threads, chunk size 10, cache_size 32
daxpy benchmark for hpx finished for 14 threads, chunk size 10, cache_size 32
daxpy benchmark for hpx finished for 15 threads, chunk size 10, cache_size 32
daxpy benchmark for hpx finished for 16 threads, chunk size 10, cache_size 32
HPX.h file was reset to original
BLAZE_HPX_VECTOR_CHUNK_SIZE changed from 10 to 10
CACHE_SIZE changed from 32 to 64
benchmark daxpy for hpx runtime created
chunk size: 10
vector threshold: 1000
cache size: 64
daxpy benchmark for hpx finished for 1 threads, chunk size 10, cache_size 64
daxpy benchmark for hpx finished for 2 threads, chunk size 10, cache_size 64
daxpy benchmark for hpx finished for 3 threads, chunk size 10, cache_size 64
daxpy benchmark for hpx finished for 4 threads, chunk size 10, cache_size 64
daxpy benchmark for hpx finished for 5 threads, chunk size 10, cache_size 64
daxpy benchmark for hpx finished for 6 threads, chunk size 10, cache_size 64
daxpy benchmark for hpx finished for 7 threads, chunk size 10, cache_size 64
daxpy benchmark for hpx finished for 8 threads, chunk size 10, cache_size 64
daxpy benchmark for hpx finished for 9 threads, chunk size 10, cache_size 64
daxpy benchmark for hpx finished for 10 threads, chunk size 10, cache_size 64
daxpy benchmark for hpx finished for 11 threads, chunk size 10, cache_size 64
daxpy benchmark for hpx finished for 12 threads, chunk size 10, cache_size 64
daxpy benchmark for hpx finished for 13 threads, chunk size 10, cache_size 64
daxpy benchmark for hpx finished for 14 threads, chunk size 10, cache_size 64
daxpy benchmark for hpx finished for 15 threads, chunk size 10, cache_size 64
daxpy benchmark for hpx finished for 16 threads, chunk size 10, cache_size 64
HPX.h file was reset to original
BLAZE_HPX_VECTOR_CHUNK_SIZE changed from 10 to 10
CACHE_SIZE changed from 64 to 128
benchmark daxpy for hpx runtime created
chunk size: 10
vector threshold: 1000
cache size: 128
daxpy benchmark for hpx finished for 1 threads, chunk size 10, cache_size 128
daxpy benchmark for hpx finished for 2 threads, chunk size 10, cache_size 128
daxpy benchmark for hpx finished for 3 threads, chunk size 10, cache_size 128
daxpy benchmark for hpx finished for 4 threads, chunk size 10, cache_size 128
daxpy benchmark for hpx finished for 5 threads, chunk size 10, cache_size 128
daxpy benchmark for hpx finished for 6 threads, chunk size 10, cache_size 128
daxpy benchmark for hpx finished for 7 threads, chunk size 10, cache_size 128
daxpy benchmark for hpx finished for 8 threads, chunk size 10, cache_size 128
daxpy benchmark for hpx finished for 9 threads, chunk size 10, cache_size 128
daxpy benchmark for hpx finished for 10 threads, chunk size 10, cache_size 128
daxpy benchmark for hpx finished for 11 threads, chunk size 10, cache_size 128
daxpy benchmark for hpx finished for 12 threads, chunk size 10, cache_size 128
daxpy benchmark for hpx finished for 13 threads, chunk size 10, cache_size 128
daxpy benchmark for hpx finished for 14 threads, chunk size 10, cache_size 128
daxpy benchmark for hpx finished for 15 threads, chunk size 10, cache_size 128
daxpy benchmark for hpx finished for 16 threads, chunk size 10, cache_size 128
HPX.h file was reset to original
BLAZE_HPX_VECTOR_CHUNK_SIZE changed from 10 to 10
CACHE_SIZE changed from 128 to 256
benchmark daxpy for hpx runtime created
chunk size: 10
vector threshold: 1000
cache size: 256
daxpy benchmark for hpx finished for 1 threads, chunk size 10, cache_size 256
daxpy benchmark for hpx finished for 2 threads, chunk size 10, cache_size 256
daxpy benchmark for hpx finished for 3 threads, chunk size 10, cache_size 256
daxpy benchmark for hpx finished for 4 threads, chunk size 10, cache_size 256
daxpy benchmark for hpx finished for 5 threads, chunk size 10, cache_size 256
daxpy benchmark for hpx finished for 6 threads, chunk size 10, cache_size 256
daxpy benchmark for hpx finished for 7 threads, chunk size 10, cache_size 256
daxpy benchmark for hpx finished for 8 threads, chunk size 10, cache_size 256
daxpy benchmark for hpx finished for 9 threads, chunk size 10, cache_size 256
daxpy benchmark for hpx finished for 10 threads, chunk size 10, cache_size 256
daxpy benchmark for hpx finished for 11 threads, chunk size 10, cache_size 256
daxpy benchmark for hpx finished for 12 threads, chunk size 10, cache_size 256
daxpy benchmark for hpx finished for 13 threads, chunk size 10, cache_size 256
daxpy benchmark for hpx finished for 14 threads, chunk size 10, cache_size 256
daxpy benchmark for hpx finished for 15 threads, chunk size 10, cache_size 256
daxpy benchmark for hpx finished for 16 threads, chunk size 10, cache_size 256
HPX.h file was reset to original
BLAZE_HPX_VECTOR_CHUNK_SIZE changed from 10 to 10
CACHE_SIZE changed from 256 to 16
benchmark daxpy for hpx runtime created
chunk size: 10
vector threshold: 1000
cache size: 16
daxpy benchmark for hpx finished for 1 threads, chunk size 10, cache_size 16
daxpy benchmark for hpx finished for 2 threads, chunk size 10, cache_size 16
daxpy benchmark for hpx finished for 3 threads, chunk size 10, cache_size 16
daxpy benchmark for hpx finished for 4 threads, chunk size 10, cache_size 16
daxpy benchmark for hpx finished for 5 threads, chunk size 10, cache_size 16
daxpy benchmark for hpx finished for 6 threads, chunk size 10, cache_size 16
daxpy benchmark for hpx finished for 7 threads, chunk size 10, cache_size 16
daxpy benchmark for hpx finished for 8 threads, chunk size 10, cache_size 16
daxpy benchmark for hpx finished for 9 threads, chunk size 10, cache_size 16
daxpy benchmark for hpx finished for 10 threads, chunk size 10, cache_size 16
 Blaze kernel 'daxpy': Time deviation too large!!!
daxpy benchmark for hpx finished for 11 threads, chunk size 10, cache_size 16
 Blaze kernel 'daxpy': Time deviation too large!!!
daxpy benchmark for hpx finished for 12 threads, chunk size 10, cache_size 16
 Blaze kernel 'daxpy': Time deviation too large!!!
daxpy benchmark for hpx finished for 13 threads, chunk size 10, cache_size 16
 Blaze kernel 'daxpy': Time deviation too large!!!
daxpy benchmark for hpx finished for 14 threads, chunk size 10, cache_size 16
 Blaze kernel 'daxpy': Time deviation too large!!!
daxpy benchmark for hpx finished for 15 threads, chunk size 10, cache_size 16
 Blaze kernel 'daxpy': Time deviation too large!!!
daxpy benchmark for hpx finished for 16 threads, chunk size 10, cache_size 16
HPX.h file was reset to original
BLAZE_HPX_VECTOR_CHUNK_SIZE changed from 10 to 10
CACHE_SIZE changed from 16 to 32
benchmark daxpy for hpx runtime created
chunk size: 10
vector threshold: 1000
cache size: 32
daxpy benchmark for hpx finished for 1 threads, chunk size 10, cache_size 32
daxpy benchmark for hpx finished for 2 threads, chunk size 10, cache_size 32
daxpy benchmark for hpx finished for 3 threads, chunk size 10, cache_size 32
daxpy benchmark for hpx finished for 4 threads, chunk size 10, cache_size 32
daxpy benchmark for hpx finished for 5 threads, chunk size 10, cache_size 32
daxpy benchmark for hpx finished for 6 threads, chunk size 10, cache_size 32
daxpy benchmark for hpx finished for 7 threads, chunk size 10, cache_size 32
daxpy benchmark for hpx finished for 8 threads, chunk size 10, cache_size 32
 Blaze kernel 'daxpy': Time deviation too large!!!
daxpy benchmark for hpx finished for 9 threads, chunk size 10, cache_size 32
 Blaze kernel 'daxpy': Time deviation too large!!!
daxpy benchmark for hpx finished for 10 threads, chunk size 10, cache_size 32
 Blaze kernel 'daxpy': Time deviation too large!!!
daxpy benchmark for hpx finished for 11 threads, chunk size 10, cache_size 32
daxpy benchmark for hpx finished for 12 threads, chunk size 10, cache_size 32
 Blaze kernel 'daxpy': Time deviation too large!!!
daxpy benchmark for hpx finished for 13 threads, chunk size 10, cache_size 32
 Blaze kernel 'daxpy': Time deviation too large!!!
daxpy benchmark for hpx finished for 14 threads, chunk size 10, cache_size 32
 Blaze kernel 'daxpy': Time deviation too large!!!
daxpy benchmark for hpx finished for 15 threads, chunk size 10, cache_size 32
 Blaze kernel 'daxpy': Time deviation too large!!!
daxpy benchmark for hpx finished for 16 threads, chunk size 10, cache_size 32
HPX.h file was reset to original
BLAZE_HPX_VECTOR_CHUNK_SIZE changed from 10 to 10
CACHE_SIZE changed from 32 to 64
benchmark daxpy for hpx runtime created
chunk size: 10
vector threshold: 1000
cache size: 64
daxpy benchmark for hpx finished for 1 threads, chunk size 10, cache_size 64
daxpy benchmark for hpx finished for 2 threads, chunk size 10, cache_size 64
daxpy benchmark for hpx finished for 3 threads, chunk size 10, cache_size 64
daxpy benchmark for hpx finished for 4 threads, chunk size 10, cache_size 64
daxpy benchmark for hpx finished for 5 threads, chunk size 10, cache_size 64
daxpy benchmark for hpx finished for 6 threads, chunk size 10, cache_size 64
daxpy benchmark for hpx finished for 7 threads, chunk size 10, cache_size 64
daxpy benchmark for hpx finished for 8 threads, chunk size 10, cache_size 64
daxpy benchmark for hpx finished for 9 threads, chunk size 10, cache_size 64
 Blaze kernel 'daxpy': Time deviation too large!!!
daxpy benchmark for hpx finished for 10 threads, chunk size 10, cache_size 64
 Blaze kernel 'daxpy': Time deviation too large!!!
daxpy benchmark for hpx finished for 11 threads, chunk size 10, cache_size 64
 Blaze kernel 'daxpy': Time deviation too large!!!
daxpy benchmark for hpx finished for 12 threads, chunk size 10, cache_size 64
 Blaze kernel 'daxpy': Time deviation too large!!!
daxpy benchmark for hpx finished for 13 threads, chunk size 10, cache_size 64
 Blaze kernel 'daxpy': Time deviation too large!!!
daxpy benchmark for hpx finished for 14 threads, chunk size 10, cache_size 64
 Blaze kernel 'daxpy': Time deviation too large!!!
daxpy benchmark for hpx finished for 15 threads, chunk size 10, cache_size 64
 Blaze kernel 'daxpy': Time deviation too large!!!
daxpy benchmark for hpx finished for 16 threads, chunk size 10, cache_size 64
HPX.h file was reset to original
BLAZE_HPX_VECTOR_CHUNK_SIZE changed from 10 to 10
CACHE_SIZE changed from 64 to 128
benchmark daxpy for hpx runtime created
chunk size: 10
vector threshold: 1000
cache size: 128
daxpy benchmark for hpx finished for 1 threads, chunk size 10, cache_size 128
daxpy benchmark for hpx finished for 2 threads, chunk size 10, cache_size 128
daxpy benchmark for hpx finished for 3 threads, chunk size 10, cache_size 128
daxpy benchmark for hpx finished for 4 threads, chunk size 10, cache_size 128
daxpy benchmark for hpx finished for 5 threads, chunk size 10, cache_size 128
daxpy benchmark for hpx finished for 6 threads, chunk size 10, cache_size 128
daxpy benchmark for hpx finished for 7 threads, chunk size 10, cache_size 128
daxpy benchmark for hpx finished for 8 threads, chunk size 10, cache_size 128
daxpy benchmark for hpx finished for 9 threads, chunk size 10, cache_size 128
 Blaze kernel 'daxpy': Time deviation too large!!!
daxpy benchmark for hpx finished for 10 threads, chunk size 10, cache_size 128
 Blaze kernel 'daxpy': Time deviation too large!!!
daxpy benchmark for hpx finished for 11 threads, chunk size 10, cache_size 128
 Blaze kernel 'daxpy': Time deviation too large!!!
daxpy benchmark for hpx finished for 12 threads, chunk size 10, cache_size 128
 Blaze kernel 'daxpy': Time deviation too large!!!
daxpy benchmark for hpx finished for 13 threads, chunk size 10, cache_size 128
 Blaze kernel 'daxpy': Time deviation too large!!!
daxpy benchmark for hpx finished for 14 threads, chunk size 10, cache_size 128
 Blaze kernel 'daxpy': Time deviation too large!!!
daxpy benchmark for hpx finished for 15 threads, chunk size 10, cache_size 128
 Blaze kernel 'daxpy': Time deviation too large!!!
daxpy benchmark for hpx finished for 16 threads, chunk size 10, cache_size 128
HPX.h file was reset to original
BLAZE_HPX_VECTOR_CHUNK_SIZE changed from 10 to 10
CACHE_SIZE changed from 128 to 256
benchmark daxpy for hpx runtime created
chunk size: 10
vector threshold: 1000
cache size: 256
daxpy benchmark for hpx finished for 1 threads, chunk size 10, cache_size 256
daxpy benchmark for hpx finished for 2 threads, chunk size 10, cache_size 256
daxpy benchmark for hpx finished for 3 threads, chunk size 10, cache_size 256
daxpy benchmark for hpx finished for 4 threads, chunk size 10, cache_size 256
daxpy benchmark for hpx finished for 5 threads, chunk size 10, cache_size 256
daxpy benchmark for hpx finished for 6 threads, chunk size 10, cache_size 256
daxpy benchmark for hpx finished for 7 threads, chunk size 10, cache_size 256
daxpy benchmark for hpx finished for 8 threads, chunk size 10, cache_size 256
 Blaze kernel 'daxpy': Time deviation too large!!!
daxpy benchmark for hpx finished for 9 threads, chunk size 10, cache_size 256
daxpy benchmark for hpx finished for 10 threads, chunk size 10, cache_size 256
daxpy benchmark for hpx finished for 11 threads, chunk size 10, cache_size 256
 Blaze kernel 'daxpy': Time deviation too large!!!
daxpy benchmark for hpx finished for 12 threads, chunk size 10, cache_size 256
 Blaze kernel 'daxpy': Time deviation too large!!!
daxpy benchmark for hpx finished for 13 threads, chunk size 10, cache_size 256
 Blaze kernel 'daxpy': Time deviation too large!!!
daxpy benchmark for hpx finished for 14 threads, chunk size 10, cache_size 256
 Blaze kernel 'daxpy': Time deviation too large!!!
daxpy benchmark for hpx finished for 15 threads, chunk size 10, cache_size 256
 Blaze kernel 'daxpy': Time deviation too large!!!
daxpy benchmark for hpx finished for 16 threads, chunk size 10, cache_size 256
HPX.h file was reset to original
BLAZE_HPX_VECTOR_CHUNK_SIZE changed from 10 to 10
CACHE_SIZE changed from 256 to 16
benchmark dvecdvecadd for hpx runtime created
chunk size: 10
vector threshold: 1000
cache size: 16
dvecdvecadd benchmark for hpx finished for 1 threads, chunk size 10, cache_size 16
dvecdvecadd benchmark for hpx finished for 2 threads, chunk size 10, cache_size 16
dvecdvecadd benchmark for hpx finished for 3 threads, chunk size 10, cache_size 16
dvecdvecadd benchmark for hpx finished for 4 threads, chunk size 10, cache_size 16
dvecdvecadd benchmark for hpx finished for 5 threads, chunk size 10, cache_size 16
dvecdvecadd benchmark for hpx finished for 6 threads, chunk size 10, cache_size 16
dvecdvecadd benchmark for hpx finished for 7 threads, chunk size 10, cache_size 16
dvecdvecadd benchmark for hpx finished for 8 threads, chunk size 10, cache_size 16
dvecdvecadd benchmark for hpx finished for 9 threads, chunk size 10, cache_size 16
dvecdvecadd benchmark for hpx finished for 10 threads, chunk size 10, cache_size 16
dvecdvecadd benchmark for hpx finished for 11 threads, chunk size 10, cache_size 16
dvecdvecadd benchmark for hpx finished for 12 threads, chunk size 10, cache_size 16
dvecdvecadd benchmark for hpx finished for 13 threads, chunk size 10, cache_size 16
dvecdvecadd benchmark for hpx finished for 14 threads, chunk size 10, cache_size 16
dvecdvecadd benchmark for hpx finished for 15 threads, chunk size 10, cache_size 16
dvecdvecadd benchmark for hpx finished for 16 threads, chunk size 10, cache_size 16
HPX.h file was reset to original
BLAZE_HPX_VECTOR_CHUNK_SIZE changed from 10 to 10
CACHE_SIZE changed from 16 to 32
benchmark dvecdvecadd for hpx runtime created
chunk size: 10
vector threshold: 1000
cache size: 32
dvecdvecadd benchmark for hpx finished for 1 threads, chunk size 10, cache_size 32
dvecdvecadd benchmark for hpx finished for 2 threads, chunk size 10, cache_size 32
dvecdvecadd benchmark for hpx finished for 3 threads, chunk size 10, cache_size 32
dvecdvecadd benchmark for hpx finished for 4 threads, chunk size 10, cache_size 32
dvecdvecadd benchmark for hpx finished for 5 threads, chunk size 10, cache_size 32
dvecdvecadd benchmark for hpx finished for 6 threads, chunk size 10, cache_size 32
dvecdvecadd benchmark for hpx finished for 7 threads, chunk size 10, cache_size 32
dvecdvecadd benchmark for hpx finished for 8 threads, chunk size 10, cache_size 32
dvecdvecadd benchmark for hpx finished for 9 threads, chunk size 10, cache_size 32
dvecdvecadd benchmark for hpx finished for 10 threads, chunk size 10, cache_size 32
dvecdvecadd benchmark for hpx finished for 11 threads, chunk size 10, cache_size 32
dvecdvecadd benchmark for hpx finished for 12 threads, chunk size 10, cache_size 32
dvecdvecadd benchmark for hpx finished for 13 threads, chunk size 10, cache_size 32
dvecdvecadd benchmark for hpx finished for 14 threads, chunk size 10, cache_size 32
dvecdvecadd benchmark for hpx finished for 15 threads, chunk size 10, cache_size 32
dvecdvecadd benchmark for hpx finished for 16 threads, chunk size 10, cache_size 32
HPX.h file was reset to original
BLAZE_HPX_VECTOR_CHUNK_SIZE changed from 10 to 10
CACHE_SIZE changed from 32 to 64
benchmark dvecdvecadd for hpx runtime created
chunk size: 10
vector threshold: 1000
cache size: 64
dvecdvecadd benchmark for hpx finished for 1 threads, chunk size 10, cache_size 64
dvecdvecadd benchmark for hpx finished for 2 threads, chunk size 10, cache_size 64
dvecdvecadd benchmark for hpx finished for 3 threads, chunk size 10, cache_size 64
dvecdvecadd benchmark for hpx finished for 4 threads, chunk size 10, cache_size 64
dvecdvecadd benchmark for hpx finished for 5 threads, chunk size 10, cache_size 64
dvecdvecadd benchmark for hpx finished for 6 threads, chunk size 10, cache_size 64
dvecdvecadd benchmark for hpx finished for 7 threads, chunk size 10, cache_size 64
dvecdvecadd benchmark for hpx finished for 8 threads, chunk size 10, cache_size 64
dvecdvecadd benchmark for hpx finished for 9 threads, chunk size 10, cache_size 64
dvecdvecadd benchmark for hpx finished for 10 threads, chunk size 10, cache_size 64
dvecdvecadd benchmark for hpx finished for 11 threads, chunk size 10, cache_size 64
dvecdvecadd benchmark for hpx finished for 12 threads, chunk size 10, cache_size 64
dvecdvecadd benchmark for hpx finished for 13 threads, chunk size 10, cache_size 64
dvecdvecadd benchmark for hpx finished for 14 threads, chunk size 10, cache_size 64
dvecdvecadd benchmark for hpx finished for 15 threads, chunk size 10, cache_size 64
dvecdvecadd benchmark for hpx finished for 16 threads, chunk size 10, cache_size 64
HPX.h file was reset to original
BLAZE_HPX_VECTOR_CHUNK_SIZE changed from 10 to 10
CACHE_SIZE changed from 64 to 128
benchmark dvecdvecadd for hpx runtime created
chunk size: 10
vector threshold: 1000
cache size: 128
dvecdvecadd benchmark for hpx finished for 1 threads, chunk size 10, cache_size 128
dvecdvecadd benchmark for hpx finished for 2 threads, chunk size 10, cache_size 128
dvecdvecadd benchmark for hpx finished for 3 threads, chunk size 10, cache_size 128
dvecdvecadd benchmark for hpx finished for 4 threads, chunk size 10, cache_size 128
dvecdvecadd benchmark for hpx finished for 5 threads, chunk size 10, cache_size 128
dvecdvecadd benchmark for hpx finished for 6 threads, chunk size 10, cache_size 128
dvecdvecadd benchmark for hpx finished for 7 threads, chunk size 10, cache_size 128
dvecdvecadd benchmark for hpx finished for 8 threads, chunk size 10, cache_size 128
dvecdvecadd benchmark for hpx finished for 9 threads, chunk size 10, cache_size 128
dvecdvecadd benchmark for hpx finished for 10 threads, chunk size 10, cache_size 128
dvecdvecadd benchmark for hpx finished for 11 threads, chunk size 10, cache_size 128
dvecdvecadd benchmark for hpx finished for 12 threads, chunk size 10, cache_size 128
dvecdvecadd benchmark for hpx finished for 13 threads, chunk size 10, cache_size 128
dvecdvecadd benchmark for hpx finished for 14 threads, chunk size 10, cache_size 128
dvecdvecadd benchmark for hpx finished for 15 threads, chunk size 10, cache_size 128
dvecdvecadd benchmark for hpx finished for 16 threads, chunk size 10, cache_size 128
HPX.h file was reset to original
BLAZE_HPX_VECTOR_CHUNK_SIZE changed from 10 to 10
CACHE_SIZE changed from 128 to 256
benchmark dvecdvecadd for hpx runtime created
chunk size: 10
vector threshold: 1000
cache size: 256
dvecdvecadd benchmark for hpx finished for 1 threads, chunk size 10, cache_size 256
dvecdvecadd benchmark for hpx finished for 2 threads, chunk size 10, cache_size 256
dvecdvecadd benchmark for hpx finished for 3 threads, chunk size 10, cache_size 256
dvecdvecadd benchmark for hpx finished for 4 threads, chunk size 10, cache_size 256
dvecdvecadd benchmark for hpx finished for 5 threads, chunk size 10, cache_size 256
dvecdvecadd benchmark for hpx finished for 6 threads, chunk size 10, cache_size 256
dvecdvecadd benchmark for hpx finished for 7 threads, chunk size 10, cache_size 256
dvecdvecadd benchmark for hpx finished for 8 threads, chunk size 10, cache_size 256
dvecdvecadd benchmark for hpx finished for 9 threads, chunk size 10, cache_size 256
dvecdvecadd benchmark for hpx finished for 10 threads, chunk size 10, cache_size 256
dvecdvecadd benchmark for hpx finished for 11 threads, chunk size 10, cache_size 256
dvecdvecadd benchmark for hpx finished for 12 threads, chunk size 10, cache_size 256
dvecdvecadd benchmark for hpx finished for 13 threads, chunk size 10, cache_size 256
dvecdvecadd benchmark for hpx finished for 14 threads, chunk size 10, cache_size 256
dvecdvecadd benchmark for hpx finished for 15 threads, chunk size 10, cache_size 256
dvecdvecadd benchmark for hpx finished for 16 threads, chunk size 10, cache_size 256
HPX.h file was reset to original
BLAZE_HPX_VECTOR_CHUNK_SIZE changed from 10 to 10
CACHE_SIZE changed from 256 to 16
benchmark dvecdvecadd for hpx runtime created
chunk size: 10
vector threshold: 1000
cache size: 16
dvecdvecadd benchmark for hpx finished for 1 threads, chunk size 10, cache_size 16
dvecdvecadd benchmark for hpx finished for 2 threads, chunk size 10, cache_size 16
dvecdvecadd benchmark for hpx finished for 3 threads, chunk size 10, cache_size 16
dvecdvecadd benchmark for hpx finished for 4 threads, chunk size 10, cache_size 16
dvecdvecadd benchmark for hpx finished for 5 threads, chunk size 10, cache_size 16
dvecdvecadd benchmark for hpx finished for 6 threads, chunk size 10, cache_size 16
dvecdvecadd benchmark for hpx finished for 7 threads, chunk size 10, cache_size 16
dvecdvecadd benchmark for hpx finished for 8 threads, chunk size 10, cache_size 16
dvecdvecadd benchmark for hpx finished for 9 threads, chunk size 10, cache_size 16
dvecdvecadd benchmark for hpx finished for 10 threads, chunk size 10, cache_size 16
dvecdvecadd benchmark for hpx finished for 11 threads, chunk size 10, cache_size 16
dvecdvecadd benchmark for hpx finished for 12 threads, chunk size 10, cache_size 16
dvecdvecadd benchmark for hpx finished for 13 threads, chunk size 10, cache_size 16
dvecdvecadd benchmark for hpx finished for 14 threads, chunk size 10, cache_size 16
dvecdvecadd benchmark for hpx finished for 15 threads, chunk size 10, cache_size 16
dvecdvecadd benchmark for hpx finished for 16 threads, chunk size 10, cache_size 16
HPX.h file was reset to original
BLAZE_HPX_VECTOR_CHUNK_SIZE changed from 10 to 10
CACHE_SIZE changed from 16 to 32
benchmark dvecdvecadd for hpx runtime created
chunk size: 10
vector threshold: 1000
cache size: 32
dvecdvecadd benchmark for hpx finished for 1 threads, chunk size 10, cache_size 32
dvecdvecadd benchmark for hpx finished for 2 threads, chunk size 10, cache_size 32
dvecdvecadd benchmark for hpx finished for 3 threads, chunk size 10, cache_size 32
dvecdvecadd benchmark for hpx finished for 4 threads, chunk size 10, cache_size 32
dvecdvecadd benchmark for hpx finished for 5 threads, chunk size 10, cache_size 32
dvecdvecadd benchmark for hpx finished for 6 threads, chunk size 10, cache_size 32
dvecdvecadd benchmark for hpx finished for 7 threads, chunk size 10, cache_size 32
dvecdvecadd benchmark for hpx finished for 8 threads, chunk size 10, cache_size 32
dvecdvecadd benchmark for hpx finished for 9 threads, chunk size 10, cache_size 32
dvecdvecadd benchmark for hpx finished for 10 threads, chunk size 10, cache_size 32
dvecdvecadd benchmark for hpx finished for 11 threads, chunk size 10, cache_size 32
dvecdvecadd benchmark for hpx finished for 12 threads, chunk size 10, cache_size 32
dvecdvecadd benchmark for hpx finished for 13 threads, chunk size 10, cache_size 32
dvecdvecadd benchmark for hpx finished for 14 threads, chunk size 10, cache_size 32
dvecdvecadd benchmark for hpx finished for 15 threads, chunk size 10, cache_size 32
dvecdvecadd benchmark for hpx finished for 16 threads, chunk size 10, cache_size 32
HPX.h file was reset to original
BLAZE_HPX_VECTOR_CHUNK_SIZE changed from 10 to 10
CACHE_SIZE changed from 32 to 64
benchmark dvecdvecadd for hpx runtime created
chunk size: 10
vector threshold: 1000
cache size: 64
dvecdvecadd benchmark for hpx finished for 1 threads, chunk size 10, cache_size 64
dvecdvecadd benchmark for hpx finished for 2 threads, chunk size 10, cache_size 64
dvecdvecadd benchmark for hpx finished for 3 threads, chunk size 10, cache_size 64
dvecdvecadd benchmark for hpx finished for 4 threads, chunk size 10, cache_size 64
dvecdvecadd benchmark for hpx finished for 5 threads, chunk size 10, cache_size 64
dvecdvecadd benchmark for hpx finished for 6 threads, chunk size 10, cache_size 64
dvecdvecadd benchmark for hpx finished for 7 threads, chunk size 10, cache_size 64
dvecdvecadd benchmark for hpx finished for 8 threads, chunk size 10, cache_size 64
dvecdvecadd benchmark for hpx finished for 9 threads, chunk size 10, cache_size 64
dvecdvecadd benchmark for hpx finished for 10 threads, chunk size 10, cache_size 64
dvecdvecadd benchmark for hpx finished for 11 threads, chunk size 10, cache_size 64
dvecdvecadd benchmark for hpx finished for 12 threads, chunk size 10, cache_size 64
dvecdvecadd benchmark for hpx finished for 13 threads, chunk size 10, cache_size 64
dvecdvecadd benchmark for hpx finished for 14 threads, chunk size 10, cache_size 64
dvecdvecadd benchmark for hpx finished for 15 threads, chunk size 10, cache_size 64
dvecdvecadd benchmark for hpx finished for 16 threads, chunk size 10, cache_size 64
HPX.h file was reset to original
BLAZE_HPX_VECTOR_CHUNK_SIZE changed from 10 to 10
CACHE_SIZE changed from 64 to 128
benchmark dvecdvecadd for hpx runtime created
chunk size: 10
vector threshold: 1000
cache size: 128
dvecdvecadd benchmark for hpx finished for 1 threads, chunk size 10, cache_size 128
dvecdvecadd benchmark for hpx finished for 2 threads, chunk size 10, cache_size 128
dvecdvecadd benchmark for hpx finished for 3 threads, chunk size 10, cache_size 128
dvecdvecadd benchmark for hpx finished for 4 threads, chunk size 10, cache_size 128
dvecdvecadd benchmark for hpx finished for 5 threads, chunk size 10, cache_size 128
dvecdvecadd benchmark for hpx finished for 6 threads, chunk size 10, cache_size 128
dvecdvecadd benchmark for hpx finished for 7 threads, chunk size 10, cache_size 128
dvecdvecadd benchmark for hpx finished for 8 threads, chunk size 10, cache_size 128
dvecdvecadd benchmark for hpx finished for 9 threads, chunk size 10, cache_size 128
dvecdvecadd benchmark for hpx finished for 10 threads, chunk size 10, cache_size 128
dvecdvecadd benchmark for hpx finished for 11 threads, chunk size 10, cache_size 128
dvecdvecadd benchmark for hpx finished for 12 threads, chunk size 10, cache_size 128
dvecdvecadd benchmark for hpx finished for 13 threads, chunk size 10, cache_size 128
dvecdvecadd benchmark for hpx finished for 14 threads, chunk size 10, cache_size 128
dvecdvecadd benchmark for hpx finished for 15 threads, chunk size 10, cache_size 128
dvecdvecadd benchmark for hpx finished for 16 threads, chunk size 10, cache_size 128
HPX.h file was reset to original
BLAZE_HPX_VECTOR_CHUNK_SIZE changed from 10 to 10
CACHE_SIZE changed from 128 to 256
benchmark dvecdvecadd for hpx runtime created
chunk size: 10
vector threshold: 1000
cache size: 256
dvecdvecadd benchmark for hpx finished for 1 threads, chunk size 10, cache_size 256
dvecdvecadd benchmark for hpx finished for 2 threads, chunk size 10, cache_size 256
dvecdvecadd benchmark for hpx finished for 3 threads, chunk size 10, cache_size 256
dvecdvecadd benchmark for hpx finished for 4 threads, chunk size 10, cache_size 256
dvecdvecadd benchmark for hpx finished for 5 threads, chunk size 10, cache_size 256
dvecdvecadd benchmark for hpx finished for 6 threads, chunk size 10, cache_size 256
 Blaze kernel 'dvecdvecadd': Time deviation too large!!!
dvecdvecadd benchmark for hpx finished for 7 threads, chunk size 10, cache_size 256
dvecdvecadd benchmark for hpx finished for 8 threads, chunk size 10, cache_size 256
dvecdvecadd benchmark for hpx finished for 9 threads, chunk size 10, cache_size 256
dvecdvecadd benchmark for hpx finished for 10 threads, chunk size 10, cache_size 256
dvecdvecadd benchmark for hpx finished for 11 threads, chunk size 10, cache_size 256
dvecdvecadd benchmark for hpx finished for 12 threads, chunk size 10, cache_size 256
dvecdvecadd benchmark for hpx finished for 13 threads, chunk size 10, cache_size 256
dvecdvecadd benchmark for hpx finished for 14 threads, chunk size 10, cache_size 256
dvecdvecadd benchmark for hpx finished for 15 threads, chunk size 10, cache_size 256
dvecdvecadd benchmark for hpx finished for 16 threads, chunk size 10, cache_size 256
HPX.h file was reset to original
BLAZE_HPX_VECTOR_CHUNK_SIZE changed from 10 to 10
CACHE_SIZE changed from 256 to 16
benchmark dvecdvecadd for hpx runtime created
chunk size: 10
vector threshold: 1000
cache size: 16
dvecdvecadd benchmark for hpx finished for 1 threads, chunk size 10, cache_size 16
dvecdvecadd benchmark for hpx finished for 2 threads, chunk size 10, cache_size 16
dvecdvecadd benchmark for hpx finished for 3 threads, chunk size 10, cache_size 16
dvecdvecadd benchmark for hpx finished for 4 threads, chunk size 10, cache_size 16
dvecdvecadd benchmark for hpx finished for 5 threads, chunk size 10, cache_size 16
dvecdvecadd benchmark for hpx finished for 6 threads, chunk size 10, cache_size 16
dvecdvecadd benchmark for hpx finished for 7 threads, chunk size 10, cache_size 16
dvecdvecadd benchmark for hpx finished for 8 threads, chunk size 10, cache_size 16
dvecdvecadd benchmark for hpx finished for 9 threads, chunk size 10, cache_size 16
dvecdvecadd benchmark for hpx finished for 10 threads, chunk size 10, cache_size 16
dvecdvecadd benchmark for hpx finished for 11 threads, chunk size 10, cache_size 16
dvecdvecadd benchmark for hpx finished for 12 threads, chunk size 10, cache_size 16
dvecdvecadd benchmark for hpx finished for 13 threads, chunk size 10, cache_size 16
dvecdvecadd benchmark for hpx finished for 14 threads, chunk size 10, cache_size 16
dvecdvecadd benchmark for hpx finished for 15 threads, chunk size 10, cache_size 16
dvecdvecadd benchmark for hpx finished for 16 threads, chunk size 10, cache_size 16
HPX.h file was reset to original
BLAZE_HPX_VECTOR_CHUNK_SIZE changed from 10 to 10
CACHE_SIZE changed from 16 to 32
benchmark dvecdvecadd for hpx runtime created
chunk size: 10
vector threshold: 1000
cache size: 32
dvecdvecadd benchmark for hpx finished for 1 threads, chunk size 10, cache_size 32
dvecdvecadd benchmark for hpx finished for 2 threads, chunk size 10, cache_size 32
dvecdvecadd benchmark for hpx finished for 3 threads, chunk size 10, cache_size 32
dvecdvecadd benchmark for hpx finished for 4 threads, chunk size 10, cache_size 32
dvecdvecadd benchmark for hpx finished for 5 threads, chunk size 10, cache_size 32
dvecdvecadd benchmark for hpx finished for 6 threads, chunk size 10, cache_size 32
dvecdvecadd benchmark for hpx finished for 7 threads, chunk size 10, cache_size 32
dvecdvecadd benchmark for hpx finished for 8 threads, chunk size 10, cache_size 32
dvecdvecadd benchmark for hpx finished for 9 threads, chunk size 10, cache_size 32
dvecdvecadd benchmark for hpx finished for 10 threads, chunk size 10, cache_size 32
dvecdvecadd benchmark for hpx finished for 11 threads, chunk size 10, cache_size 32
dvecdvecadd benchmark for hpx finished for 12 threads, chunk size 10, cache_size 32
dvecdvecadd benchmark for hpx finished for 13 threads, chunk size 10, cache_size 32
dvecdvecadd benchmark for hpx finished for 14 threads, chunk size 10, cache_size 32
dvecdvecadd benchmark for hpx finished for 15 threads, chunk size 10, cache_size 32
dvecdvecadd benchmark for hpx finished for 16 threads, chunk size 10, cache_size 32
HPX.h file was reset to original
BLAZE_HPX_VECTOR_CHUNK_SIZE changed from 10 to 10
CACHE_SIZE changed from 32 to 64
benchmark dvecdvecadd for hpx runtime created
chunk size: 10
vector threshold: 1000
cache size: 64
dvecdvecadd benchmark for hpx finished for 1 threads, chunk size 10, cache_size 64
dvecdvecadd benchmark for hpx finished for 2 threads, chunk size 10, cache_size 64
dvecdvecadd benchmark for hpx finished for 3 threads, chunk size 10, cache_size 64
dvecdvecadd benchmark for hpx finished for 4 threads, chunk size 10, cache_size 64
dvecdvecadd benchmark for hpx finished for 5 threads, chunk size 10, cache_size 64
dvecdvecadd benchmark for hpx finished for 6 threads, chunk size 10, cache_size 64
dvecdvecadd benchmark for hpx finished for 7 threads, chunk size 10, cache_size 64
dvecdvecadd benchmark for hpx finished for 8 threads, chunk size 10, cache_size 64
dvecdvecadd benchmark for hpx finished for 9 threads, chunk size 10, cache_size 64
dvecdvecadd benchmark for hpx finished for 10 threads, chunk size 10, cache_size 64
dvecdvecadd benchmark for hpx finished for 11 threads, chunk size 10, cache_size 64
dvecdvecadd benchmark for hpx finished for 12 threads, chunk size 10, cache_size 64
dvecdvecadd benchmark for hpx finished for 13 threads, chunk size 10, cache_size 64
dvecdvecadd benchmark for hpx finished for 14 threads, chunk size 10, cache_size 64
dvecdvecadd benchmark for hpx finished for 15 threads, chunk size 10, cache_size 64
dvecdvecadd benchmark for hpx finished for 16 threads, chunk size 10, cache_size 64
HPX.h file was reset to original
BLAZE_HPX_VECTOR_CHUNK_SIZE changed from 10 to 10
CACHE_SIZE changed from 64 to 128
benchmark dvecdvecadd for hpx runtime created
chunk size: 10
vector threshold: 1000
cache size: 128
dvecdvecadd benchmark for hpx finished for 1 threads, chunk size 10, cache_size 128
dvecdvecadd benchmark for hpx finished for 2 threads, chunk size 10, cache_size 128
dvecdvecadd benchmark for hpx finished for 3 threads, chunk size 10, cache_size 128
dvecdvecadd benchmark for hpx finished for 4 threads, chunk size 10, cache_size 128
dvecdvecadd benchmark for hpx finished for 5 threads, chunk size 10, cache_size 128
dvecdvecadd benchmark for hpx finished for 6 threads, chunk size 10, cache_size 128
dvecdvecadd benchmark for hpx finished for 7 threads, chunk size 10, cache_size 128
dvecdvecadd benchmark for hpx finished for 8 threads, chunk size 10, cache_size 128
dvecdvecadd benchmark for hpx finished for 9 threads, chunk size 10, cache_size 128
dvecdvecadd benchmark for hpx finished for 10 threads, chunk size 10, cache_size 128
dvecdvecadd benchmark for hpx finished for 11 threads, chunk size 10, cache_size 128
dvecdvecadd benchmark for hpx finished for 12 threads, chunk size 10, cache_size 128
dvecdvecadd benchmark for hpx finished for 13 threads, chunk size 10, cache_size 128
dvecdvecadd benchmark for hpx finished for 14 threads, chunk size 10, cache_size 128
dvecdvecadd benchmark for hpx finished for 15 threads, chunk size 10, cache_size 128
dvecdvecadd benchmark for hpx finished for 16 threads, chunk size 10, cache_size 128
HPX.h file was reset to original
BLAZE_HPX_VECTOR_CHUNK_SIZE changed from 10 to 10
CACHE_SIZE changed from 128 to 256
benchmark dvecdvecadd for hpx runtime created
chunk size: 10
vector threshold: 1000
cache size: 256
dvecdvecadd benchmark for hpx finished for 1 threads, chunk size 10, cache_size 256
dvecdvecadd benchmark for hpx finished for 2 threads, chunk size 10, cache_size 256
dvecdvecadd benchmark for hpx finished for 3 threads, chunk size 10, cache_size 256
dvecdvecadd benchmark for hpx finished for 4 threads, chunk size 10, cache_size 256
dvecdvecadd benchmark for hpx finished for 5 threads, chunk size 10, cache_size 256
dvecdvecadd benchmark for hpx finished for 6 threads, chunk size 10, cache_size 256
dvecdvecadd benchmark for hpx finished for 7 threads, chunk size 10, cache_size 256
dvecdvecadd benchmark for hpx finished for 8 threads, chunk size 10, cache_size 256
dvecdvecadd benchmark for hpx finished for 9 threads, chunk size 10, cache_size 256
dvecdvecadd benchmark for hpx finished for 10 threads, chunk size 10, cache_size 256
dvecdvecadd benchmark for hpx finished for 11 threads, chunk size 10, cache_size 256
dvecdvecadd benchmark for hpx finished for 12 threads, chunk size 10, cache_size 256
dvecdvecadd benchmark for hpx finished for 13 threads, chunk size 10, cache_size 256
dvecdvecadd benchmark for hpx finished for 14 threads, chunk size 10, cache_size 256
dvecdvecadd benchmark for hpx finished for 15 threads, chunk size 10, cache_size 256
dvecdvecadd benchmark for hpx finished for 16 threads, chunk size 10, cache_size 256
HPX.h file was reset to original
BLAZE_HPX_VECTOR_CHUNK_SIZE changed from 10 to 10
CACHE_SIZE changed from 256 to 16
benchmark dvecdvecadd for hpx runtime created
chunk size: 10
vector threshold: 1000
cache size: 16
dvecdvecadd benchmark for hpx finished for 1 threads, chunk size 10, cache_size 16
dvecdvecadd benchmark for hpx finished for 2 threads, chunk size 10, cache_size 16
dvecdvecadd benchmark for hpx finished for 3 threads, chunk size 10, cache_size 16
dvecdvecadd benchmark for hpx finished for 4 threads, chunk size 10, cache_size 16
dvecdvecadd benchmark for hpx finished for 5 threads, chunk size 10, cache_size 16
dvecdvecadd benchmark for hpx finished for 6 threads, chunk size 10, cache_size 16
dvecdvecadd benchmark for hpx finished for 7 threads, chunk size 10, cache_size 16
dvecdvecadd benchmark for hpx finished for 8 threads, chunk size 10, cache_size 16
dvecdvecadd benchmark for hpx finished for 9 threads, chunk size 10, cache_size 16
dvecdvecadd benchmark for hpx finished for 10 threads, chunk size 10, cache_size 16
dvecdvecadd benchmark for hpx finished for 11 threads, chunk size 10, cache_size 16
dvecdvecadd benchmark for hpx finished for 12 threads, chunk size 10, cache_size 16
dvecdvecadd benchmark for hpx finished for 13 threads, chunk size 10, cache_size 16
dvecdvecadd benchmark for hpx finished for 14 threads, chunk size 10, cache_size 16
dvecdvecadd benchmark for hpx finished for 15 threads, chunk size 10, cache_size 16
dvecdvecadd benchmark for hpx finished for 16 threads, chunk size 10, cache_size 16
HPX.h file was reset to original
BLAZE_HPX_VECTOR_CHUNK_SIZE changed from 10 to 10
CACHE_SIZE changed from 16 to 32
benchmark dvecdvecadd for hpx runtime created
chunk size: 10
vector threshold: 1000
cache size: 32
dvecdvecadd benchmark for hpx finished for 1 threads, chunk size 10, cache_size 32
dvecdvecadd benchmark for hpx finished for 2 threads, chunk size 10, cache_size 32
dvecdvecadd benchmark for hpx finished for 3 threads, chunk size 10, cache_size 32
dvecdvecadd benchmark for hpx finished for 4 threads, chunk size 10, cache_size 32
dvecdvecadd benchmark for hpx finished for 5 threads, chunk size 10, cache_size 32
dvecdvecadd benchmark for hpx finished for 6 threads, chunk size 10, cache_size 32
dvecdvecadd benchmark for hpx finished for 7 threads, chunk size 10, cache_size 32
dvecdvecadd benchmark for hpx finished for 8 threads, chunk size 10, cache_size 32
dvecdvecadd benchmark for hpx finished for 9 threads, chunk size 10, cache_size 32
dvecdvecadd benchmark for hpx finished for 10 threads, chunk size 10, cache_size 32
dvecdvecadd benchmark for hpx finished for 11 threads, chunk size 10, cache_size 32
dvecdvecadd benchmark for hpx finished for 12 threads, chunk size 10, cache_size 32
dvecdvecadd benchmark for hpx finished for 13 threads, chunk size 10, cache_size 32
dvecdvecadd benchmark for hpx finished for 14 threads, chunk size 10, cache_size 32
dvecdvecadd benchmark for hpx finished for 15 threads, chunk size 10, cache_size 32
dvecdvecadd benchmark for hpx finished for 16 threads, chunk size 10, cache_size 32
HPX.h file was reset to original
BLAZE_HPX_VECTOR_CHUNK_SIZE changed from 10 to 10
CACHE_SIZE changed from 32 to 64
benchmark dvecdvecadd for hpx runtime created
chunk size: 10
vector threshold: 1000
cache size: 64
dvecdvecadd benchmark for hpx finished for 1 threads, chunk size 10, cache_size 64
dvecdvecadd benchmark for hpx finished for 2 threads, chunk size 10, cache_size 64
dvecdvecadd benchmark for hpx finished for 3 threads, chunk size 10, cache_size 64
dvecdvecadd benchmark for hpx finished for 4 threads, chunk size 10, cache_size 64
dvecdvecadd benchmark for hpx finished for 5 threads, chunk size 10, cache_size 64
dvecdvecadd benchmark for hpx finished for 6 threads, chunk size 10, cache_size 64
dvecdvecadd benchmark for hpx finished for 7 threads, chunk size 10, cache_size 64
dvecdvecadd benchmark for hpx finished for 8 threads, chunk size 10, cache_size 64
dvecdvecadd benchmark for hpx finished for 9 threads, chunk size 10, cache_size 64
dvecdvecadd benchmark for hpx finished for 10 threads, chunk size 10, cache_size 64
dvecdvecadd benchmark for hpx finished for 11 threads, chunk size 10, cache_size 64
dvecdvecadd benchmark for hpx finished for 12 threads, chunk size 10, cache_size 64
dvecdvecadd benchmark for hpx finished for 13 threads, chunk size 10, cache_size 64
dvecdvecadd benchmark for hpx finished for 14 threads, chunk size 10, cache_size 64
dvecdvecadd benchmark for hpx finished for 15 threads, chunk size 10, cache_size 64
dvecdvecadd benchmark for hpx finished for 16 threads, chunk size 10, cache_size 64
HPX.h file was reset to original
BLAZE_HPX_VECTOR_CHUNK_SIZE changed from 10 to 10
CACHE_SIZE changed from 64 to 128
benchmark dvecdvecadd for hpx runtime created
chunk size: 10
vector threshold: 1000
cache size: 128
dvecdvecadd benchmark for hpx finished for 1 threads, chunk size 10, cache_size 128
dvecdvecadd benchmark for hpx finished for 2 threads, chunk size 10, cache_size 128
dvecdvecadd benchmark for hpx finished for 3 threads, chunk size 10, cache_size 128
dvecdvecadd benchmark for hpx finished for 4 threads, chunk size 10, cache_size 128
dvecdvecadd benchmark for hpx finished for 5 threads, chunk size 10, cache_size 128
dvecdvecadd benchmark for hpx finished for 6 threads, chunk size 10, cache_size 128
dvecdvecadd benchmark for hpx finished for 7 threads, chunk size 10, cache_size 128
dvecdvecadd benchmark for hpx finished for 8 threads, chunk size 10, cache_size 128
dvecdvecadd benchmark for hpx finished for 9 threads, chunk size 10, cache_size 128
dvecdvecadd benchmark for hpx finished for 10 threads, chunk size 10, cache_size 128
dvecdvecadd benchmark for hpx finished for 11 threads, chunk size 10, cache_size 128
dvecdvecadd benchmark for hpx finished for 12 threads, chunk size 10, cache_size 128
dvecdvecadd benchmark for hpx finished for 13 threads, chunk size 10, cache_size 128
dvecdvecadd benchmark for hpx finished for 14 threads, chunk size 10, cache_size 128
dvecdvecadd benchmark for hpx finished for 15 threads, chunk size 10, cache_size 128
dvecdvecadd benchmark for hpx finished for 16 threads, chunk size 10, cache_size 128
HPX.h file was reset to original
BLAZE_HPX_VECTOR_CHUNK_SIZE changed from 10 to 10
CACHE_SIZE changed from 128 to 256
benchmark dvecdvecadd for hpx runtime created
chunk size: 10
vector threshold: 1000
cache size: 256
dvecdvecadd benchmark for hpx finished for 1 threads, chunk size 10, cache_size 256
dvecdvecadd benchmark for hpx finished for 2 threads, chunk size 10, cache_size 256
dvecdvecadd benchmark for hpx finished for 3 threads, chunk size 10, cache_size 256
dvecdvecadd benchmark for hpx finished for 4 threads, chunk size 10, cache_size 256
dvecdvecadd benchmark for hpx finished for 5 threads, chunk size 10, cache_size 256
dvecdvecadd benchmark for hpx finished for 6 threads, chunk size 10, cache_size 256
dvecdvecadd benchmark for hpx finished for 7 threads, chunk size 10, cache_size 256
dvecdvecadd benchmark for hpx finished for 8 threads, chunk size 10, cache_size 256
dvecdvecadd benchmark for hpx finished for 9 threads, chunk size 10, cache_size 256
dvecdvecadd benchmark for hpx finished for 10 threads, chunk size 10, cache_size 256
dvecdvecadd benchmark for hpx finished for 11 threads, chunk size 10, cache_size 256
dvecdvecadd benchmark for hpx finished for 12 threads, chunk size 10, cache_size 256
dvecdvecadd benchmark for hpx finished for 13 threads, chunk size 10, cache_size 256
dvecdvecadd benchmark for hpx finished for 14 threads, chunk size 10, cache_size 256
dvecdvecadd benchmark for hpx finished for 15 threads, chunk size 10, cache_size 256
dvecdvecadd benchmark for hpx finished for 16 threads, chunk size 10, cache_size 256
HPX.h file was reset to original
BLAZE_HPX_VECTOR_CHUNK_SIZE changed from 10 to 10
CACHE_SIZE changed from 256 to 16
benchmark dvecdvecadd for hpx runtime created
chunk size: 10
vector threshold: 1000
cache size: 16
dvecdvecadd benchmark for hpx finished for 1 threads, chunk size 10, cache_size 16
dvecdvecadd benchmark for hpx finished for 2 threads, chunk size 10, cache_size 16
dvecdvecadd benchmark for hpx finished for 3 threads, chunk size 10, cache_size 16
dvecdvecadd benchmark for hpx finished for 4 threads, chunk size 10, cache_size 16
dvecdvecadd benchmark for hpx finished for 5 threads, chunk size 10, cache_size 16
dvecdvecadd benchmark for hpx finished for 6 threads, chunk size 10, cache_size 16
dvecdvecadd benchmark for hpx finished for 7 threads, chunk size 10, cache_size 16
dvecdvecadd benchmark for hpx finished for 8 threads, chunk size 10, cache_size 16
dvecdvecadd benchmark for hpx finished for 9 threads, chunk size 10, cache_size 16
dvecdvecadd benchmark for hpx finished for 10 threads, chunk size 10, cache_size 16
dvecdvecadd benchmark for hpx finished for 11 threads, chunk size 10, cache_size 16
dvecdvecadd benchmark for hpx finished for 12 threads, chunk size 10, cache_size 16
dvecdvecadd benchmark for hpx finished for 13 threads, chunk size 10, cache_size 16
dvecdvecadd benchmark for hpx finished for 14 threads, chunk size 10, cache_size 16
dvecdvecadd benchmark for hpx finished for 15 threads, chunk size 10, cache_size 16
dvecdvecadd benchmark for hpx finished for 16 threads, chunk size 10, cache_size 16
HPX.h file was reset to original
BLAZE_HPX_VECTOR_CHUNK_SIZE changed from 10 to 10
CACHE_SIZE changed from 16 to 32
benchmark dvecdvecadd for hpx runtime created
chunk size: 10
vector threshold: 1000
cache size: 32
dvecdvecadd benchmark for hpx finished for 1 threads, chunk size 10, cache_size 32
dvecdvecadd benchmark for hpx finished for 2 threads, chunk size 10, cache_size 32
dvecdvecadd benchmark for hpx finished for 3 threads, chunk size 10, cache_size 32
dvecdvecadd benchmark for hpx finished for 4 threads, chunk size 10, cache_size 32
dvecdvecadd benchmark for hpx finished for 5 threads, chunk size 10, cache_size 32
dvecdvecadd benchmark for hpx finished for 6 threads, chunk size 10, cache_size 32
dvecdvecadd benchmark for hpx finished for 7 threads, chunk size 10, cache_size 32
dvecdvecadd benchmark for hpx finished for 8 threads, chunk size 10, cache_size 32
dvecdvecadd benchmark for hpx finished for 9 threads, chunk size 10, cache_size 32
dvecdvecadd benchmark for hpx finished for 10 threads, chunk size 10, cache_size 32
dvecdvecadd benchmark for hpx finished for 11 threads, chunk size 10, cache_size 32
dvecdvecadd benchmark for hpx finished for 12 threads, chunk size 10, cache_size 32
dvecdvecadd benchmark for hpx finished for 13 threads, chunk size 10, cache_size 32
dvecdvecadd benchmark for hpx finished for 14 threads, chunk size 10, cache_size 32
dvecdvecadd benchmark for hpx finished for 15 threads, chunk size 10, cache_size 32
dvecdvecadd benchmark for hpx finished for 16 threads, chunk size 10, cache_size 32
HPX.h file was reset to original
BLAZE_HPX_VECTOR_CHUNK_SIZE changed from 10 to 10
CACHE_SIZE changed from 32 to 64
benchmark dvecdvecadd for hpx runtime created
chunk size: 10
vector threshold: 1000
cache size: 64
dvecdvecadd benchmark for hpx finished for 1 threads, chunk size 10, cache_size 64
dvecdvecadd benchmark for hpx finished for 2 threads, chunk size 10, cache_size 64
dvecdvecadd benchmark for hpx finished for 3 threads, chunk size 10, cache_size 64
dvecdvecadd benchmark for hpx finished for 4 threads, chunk size 10, cache_size 64
dvecdvecadd benchmark for hpx finished for 5 threads, chunk size 10, cache_size 64
dvecdvecadd benchmark for hpx finished for 6 threads, chunk size 10, cache_size 64
dvecdvecadd benchmark for hpx finished for 7 threads, chunk size 10, cache_size 64
dvecdvecadd benchmark for hpx finished for 8 threads, chunk size 10, cache_size 64
dvecdvecadd benchmark for hpx finished for 9 threads, chunk size 10, cache_size 64
dvecdvecadd benchmark for hpx finished for 10 threads, chunk size 10, cache_size 64
dvecdvecadd benchmark for hpx finished for 11 threads, chunk size 10, cache_size 64
dvecdvecadd benchmark for hpx finished for 12 threads, chunk size 10, cache_size 64
dvecdvecadd benchmark for hpx finished for 13 threads, chunk size 10, cache_size 64
dvecdvecadd benchmark for hpx finished for 14 threads, chunk size 10, cache_size 64
dvecdvecadd benchmark for hpx finished for 15 threads, chunk size 10, cache_size 64
dvecdvecadd benchmark for hpx finished for 16 threads, chunk size 10, cache_size 64
HPX.h file was reset to original
BLAZE_HPX_VECTOR_CHUNK_SIZE changed from 10 to 10
CACHE_SIZE changed from 64 to 128
benchmark dvecdvecadd for hpx runtime created
chunk size: 10
vector threshold: 1000
cache size: 128
dvecdvecadd benchmark for hpx finished for 1 threads, chunk size 10, cache_size 128
dvecdvecadd benchmark for hpx finished for 2 threads, chunk size 10, cache_size 128
dvecdvecadd benchmark for hpx finished for 3 threads, chunk size 10, cache_size 128
dvecdvecadd benchmark for hpx finished for 4 threads, chunk size 10, cache_size 128
dvecdvecadd benchmark for hpx finished for 5 threads, chunk size 10, cache_size 128
dvecdvecadd benchmark for hpx finished for 6 threads, chunk size 10, cache_size 128
dvecdvecadd benchmark for hpx finished for 7 threads, chunk size 10, cache_size 128
dvecdvecadd benchmark for hpx finished for 8 threads, chunk size 10, cache_size 128
dvecdvecadd benchmark for hpx finished for 9 threads, chunk size 10, cache_size 128
dvecdvecadd benchmark for hpx finished for 10 threads, chunk size 10, cache_size 128
dvecdvecadd benchmark for hpx finished for 11 threads, chunk size 10, cache_size 128
dvecdvecadd benchmark for hpx finished for 12 threads, chunk size 10, cache_size 128
dvecdvecadd benchmark for hpx finished for 13 threads, chunk size 10, cache_size 128
dvecdvecadd benchmark for hpx finished for 14 threads, chunk size 10, cache_size 128
dvecdvecadd benchmark for hpx finished for 15 threads, chunk size 10, cache_size 128
dvecdvecadd benchmark for hpx finished for 16 threads, chunk size 10, cache_size 128
HPX.h file was reset to original
BLAZE_HPX_VECTOR_CHUNK_SIZE changed from 10 to 10
CACHE_SIZE changed from 128 to 256
benchmark dvecdvecadd for hpx runtime created
chunk size: 10
vector threshold: 1000
cache size: 256
dvecdvecadd benchmark for hpx finished for 1 threads, chunk size 10, cache_size 256
dvecdvecadd benchmark for hpx finished for 2 threads, chunk size 10, cache_size 256
dvecdvecadd benchmark for hpx finished for 3 threads, chunk size 10, cache_size 256
dvecdvecadd benchmark for hpx finished for 4 threads, chunk size 10, cache_size 256
dvecdvecadd benchmark for hpx finished for 5 threads, chunk size 10, cache_size 256
dvecdvecadd benchmark for hpx finished for 6 threads, chunk size 10, cache_size 256
dvecdvecadd benchmark for hpx finished for 7 threads, chunk size 10, cache_size 256
dvecdvecadd benchmark for hpx finished for 8 threads, chunk size 10, cache_size 256
dvecdvecadd benchmark for hpx finished for 9 threads, chunk size 10, cache_size 256
 Blaze kernel 'dvecdvecadd': Time deviation too large!!!
dvecdvecadd benchmark for hpx finished for 10 threads, chunk size 10, cache_size 256
dvecdvecadd benchmark for hpx finished for 11 threads, chunk size 10, cache_size 256
dvecdvecadd benchmark for hpx finished for 12 threads, chunk size 10, cache_size 256
dvecdvecadd benchmark for hpx finished for 13 threads, chunk size 10, cache_size 256
dvecdvecadd benchmark for hpx finished for 14 threads, chunk size 10, cache_size 256
dvecdvecadd benchmark for hpx finished for 15 threads, chunk size 10, cache_size 256
dvecdvecadd benchmark for hpx finished for 16 threads, chunk size 10, cache_size 256
HPX.h file was reset to original
BLAZE_HPX_VECTOR_CHUNK_SIZE changed from 10 to 10
CACHE_SIZE changed from 256 to 16
benchmark dvecdvecadd for hpx runtime created
chunk size: 10
vector threshold: 1000
cache size: 16
dvecdvecadd benchmark for hpx finished for 1 threads, chunk size 10, cache_size 16
dvecdvecadd benchmark for hpx finished for 2 threads, chunk size 10, cache_size 16
dvecdvecadd benchmark for hpx finished for 3 threads, chunk size 10, cache_size 16
dvecdvecadd benchmark for hpx finished for 4 threads, chunk size 10, cache_size 16
dvecdvecadd benchmark for hpx finished for 5 threads, chunk size 10, cache_size 16
dvecdvecadd benchmark for hpx finished for 6 threads, chunk size 10, cache_size 16
dvecdvecadd benchmark for hpx finished for 7 threads, chunk size 10, cache_size 16
dvecdvecadd benchmark for hpx finished for 8 threads, chunk size 10, cache_size 16
dvecdvecadd benchmark for hpx finished for 9 threads, chunk size 10, cache_size 16
dvecdvecadd benchmark for hpx finished for 10 threads, chunk size 10, cache_size 16
dvecdvecadd benchmark for hpx finished for 11 threads, chunk size 10, cache_size 16
dvecdvecadd benchmark for hpx finished for 12 threads, chunk size 10, cache_size 16
 Blaze kernel 'dvecdvecadd': Time deviation too large!!!
dvecdvecadd benchmark for hpx finished for 13 threads, chunk size 10, cache_size 16
dvecdvecadd benchmark for hpx finished for 14 threads, chunk size 10, cache_size 16
dvecdvecadd benchmark for hpx finished for 15 threads, chunk size 10, cache_size 16
 Blaze kernel 'dvecdvecadd': Time deviation too large!!!
dvecdvecadd benchmark for hpx finished for 16 threads, chunk size 10, cache_size 16
HPX.h file was reset to original
BLAZE_HPX_VECTOR_CHUNK_SIZE changed from 10 to 10
CACHE_SIZE changed from 16 to 32
benchmark dvecdvecadd for hpx runtime created
chunk size: 10
vector threshold: 1000
cache size: 32
dvecdvecadd benchmark for hpx finished for 1 threads, chunk size 10, cache_size 32
dvecdvecadd benchmark for hpx finished for 2 threads, chunk size 10, cache_size 32
dvecdvecadd benchmark for hpx finished for 3 threads, chunk size 10, cache_size 32
dvecdvecadd benchmark for hpx finished for 4 threads, chunk size 10, cache_size 32
dvecdvecadd benchmark for hpx finished for 5 threads, chunk size 10, cache_size 32
dvecdvecadd benchmark for hpx finished for 6 threads, chunk size 10, cache_size 32
dvecdvecadd benchmark for hpx finished for 7 threads, chunk size 10, cache_size 32
dvecdvecadd benchmark for hpx finished for 8 threads, chunk size 10, cache_size 32
dvecdvecadd benchmark for hpx finished for 9 threads, chunk size 10, cache_size 32
dvecdvecadd benchmark for hpx finished for 10 threads, chunk size 10, cache_size 32
dvecdvecadd benchmark for hpx finished for 11 threads, chunk size 10, cache_size 32
 Blaze kernel 'dvecdvecadd': Time deviation too large!!!
dvecdvecadd benchmark for hpx finished for 12 threads, chunk size 10, cache_size 32
dvecdvecadd benchmark for hpx finished for 13 threads, chunk size 10, cache_size 32
dvecdvecadd benchmark for hpx finished for 14 threads, chunk size 10, cache_size 32
dvecdvecadd benchmark for hpx finished for 15 threads, chunk size 10, cache_size 32
dvecdvecadd benchmark for hpx finished for 16 threads, chunk size 10, cache_size 32
HPX.h file was reset to original
BLAZE_HPX_VECTOR_CHUNK_SIZE changed from 10 to 10
CACHE_SIZE changed from 32 to 64
benchmark dvecdvecadd for hpx runtime created
chunk size: 10
vector threshold: 1000
cache size: 64
dvecdvecadd benchmark for hpx finished for 1 threads, chunk size 10, cache_size 64
dvecdvecadd benchmark for hpx finished for 2 threads, chunk size 10, cache_size 64
dvecdvecadd benchmark for hpx finished for 3 threads, chunk size 10, cache_size 64
dvecdvecadd benchmark for hpx finished for 4 threads, chunk size 10, cache_size 64
dvecdvecadd benchmark for hpx finished for 5 threads, chunk size 10, cache_size 64
dvecdvecadd benchmark for hpx finished for 6 threads, chunk size 10, cache_size 64
dvecdvecadd benchmark for hpx finished for 7 threads, chunk size 10, cache_size 64
dvecdvecadd benchmark for hpx finished for 8 threads, chunk size 10, cache_size 64
dvecdvecadd benchmark for hpx finished for 9 threads, chunk size 10, cache_size 64
dvecdvecadd benchmark for hpx finished for 10 threads, chunk size 10, cache_size 64
dvecdvecadd benchmark for hpx finished for 11 threads, chunk size 10, cache_size 64
dvecdvecadd benchmark for hpx finished for 12 threads, chunk size 10, cache_size 64
 Blaze kernel 'dvecdvecadd': Time deviation too large!!!
dvecdvecadd benchmark for hpx finished for 13 threads, chunk size 10, cache_size 64
dvecdvecadd benchmark for hpx finished for 14 threads, chunk size 10, cache_size 64
 Blaze kernel 'dvecdvecadd': Time deviation too large!!!
dvecdvecadd benchmark for hpx finished for 15 threads, chunk size 10, cache_size 64
dvecdvecadd benchmark for hpx finished for 16 threads, chunk size 10, cache_size 64
HPX.h file was reset to original
BLAZE_HPX_VECTOR_CHUNK_SIZE changed from 10 to 10
CACHE_SIZE changed from 64 to 128
benchmark dvecdvecadd for hpx runtime created
chunk size: 10
vector threshold: 1000
cache size: 128
dvecdvecadd benchmark for hpx finished for 1 threads, chunk size 10, cache_size 128
dvecdvecadd benchmark for hpx finished for 2 threads, chunk size 10, cache_size 128
dvecdvecadd benchmark for hpx finished for 3 threads, chunk size 10, cache_size 128
dvecdvecadd benchmark for hpx finished for 4 threads, chunk size 10, cache_size 128
dvecdvecadd benchmark for hpx finished for 5 threads, chunk size 10, cache_size 128
dvecdvecadd benchmark for hpx finished for 6 threads, chunk size 10, cache_size 128
dvecdvecadd benchmark for hpx finished for 7 threads, chunk size 10, cache_size 128
dvecdvecadd benchmark for hpx finished for 8 threads, chunk size 10, cache_size 128
dvecdvecadd benchmark for hpx finished for 9 threads, chunk size 10, cache_size 128
 Blaze kernel 'dvecdvecadd': Time deviation too large!!!
dvecdvecadd benchmark for hpx finished for 10 threads, chunk size 10, cache_size 128
dvecdvecadd benchmark for hpx finished for 11 threads, chunk size 10, cache_size 128
dvecdvecadd benchmark for hpx finished for 12 threads, chunk size 10, cache_size 128
dvecdvecadd benchmark for hpx finished for 13 threads, chunk size 10, cache_size 128
dvecdvecadd benchmark for hpx finished for 14 threads, chunk size 10, cache_size 128
 Blaze kernel 'dvecdvecadd': Time deviation too large!!!
dvecdvecadd benchmark for hpx finished for 15 threads, chunk size 10, cache_size 128
 Blaze kernel 'dvecdvecadd': Time deviation too large!!!
dvecdvecadd benchmark for hpx finished for 16 threads, chunk size 10, cache_size 128
HPX.h file was reset to original
BLAZE_HPX_VECTOR_CHUNK_SIZE changed from 10 to 10
CACHE_SIZE changed from 128 to 256
benchmark dvecdvecadd for hpx runtime created
chunk size: 10
vector threshold: 1000
cache size: 256
dvecdvecadd benchmark for hpx finished for 1 threads, chunk size 10, cache_size 256
dvecdvecadd benchmark for hpx finished for 2 threads, chunk size 10, cache_size 256
dvecdvecadd benchmark for hpx finished for 3 threads, chunk size 10, cache_size 256
dvecdvecadd benchmark for hpx finished for 4 threads, chunk size 10, cache_size 256
dvecdvecadd benchmark for hpx finished for 5 threads, chunk size 10, cache_size 256
dvecdvecadd benchmark for hpx finished for 6 threads, chunk size 10, cache_size 256
dvecdvecadd benchmark for hpx finished for 7 threads, chunk size 10, cache_size 256
dvecdvecadd benchmark for hpx finished for 8 threads, chunk size 10, cache_size 256
dvecdvecadd benchmark for hpx finished for 9 threads, chunk size 10, cache_size 256
dvecdvecadd benchmark for hpx finished for 10 threads, chunk size 10, cache_size 256
dvecdvecadd benchmark for hpx finished for 11 threads, chunk size 10, cache_size 256
dvecdvecadd benchmark for hpx finished for 12 threads, chunk size 10, cache_size 256
dvecdvecadd benchmark for hpx finished for 13 threads, chunk size 10, cache_size 256
dvecdvecadd benchmark for hpx finished for 14 threads, chunk size 10, cache_size 256
 Blaze kernel 'dvecdvecadd': Time deviation too large!!!
dvecdvecadd benchmark for hpx finished for 15 threads, chunk size 10, cache_size 256
 Blaze kernel 'dvecdvecadd': Time deviation too large!!!
dvecdvecadd benchmark for hpx finished for 16 threads, chunk size 10, cache_size 256
