hpx config file was reset to original values 1000,10,8
BLAZE_HPX_VECTOR_CHUNK_SIZE changed from 10 to 1
BLAZE_HPX_VECTOR_THREADS_MULTIPLYER changed from 8 to 1
benchmark daxpy for hpx runtime created
chunk size: 1
threads multiplyer: 1
vector threshold: 1000
daxpy benchmark for hpx finished for 1 threads
daxpy benchmark for hpx finished for 2 threads
daxpy benchmark for hpx finished for 3 threads
daxpy benchmark for hpx finished for 4 threads
daxpy benchmark for hpx finished for 5 threads
daxpy benchmark for hpx finished for 6 threads
daxpy benchmark for hpx finished for 7 threads
daxpy benchmark for hpx finished for 8 threads
daxpy benchmark for hpx finished for 9 threads
daxpy benchmark for hpx finished for 10 threads
daxpy benchmark for hpx finished for 11 threads
daxpy benchmark for hpx finished for 12 threads
 Blaze kernel 'daxpy': Time deviation too large!!!
daxpy benchmark for hpx finished for 13 threads
 Blaze kernel 'daxpy': Time deviation too large!!!
daxpy benchmark for hpx finished for 14 threads
 Blaze kernel 'daxpy': Time deviation too large!!!
daxpy benchmark for hpx finished for 15 threads
 Blaze kernel 'daxpy': Time deviation too large!!!
daxpy benchmark for hpx finished for 16 threads
hpx config file was reset to original values 1000,10,8
BLAZE_HPX_VECTOR_CHUNK_SIZE changed from 10 to 1
BLAZE_HPX_VECTOR_THREADS_MULTIPLYER changed from 8 to 2
benchmark daxpy for hpx runtime created
chunk size: 1
threads multiplyer: 2
vector threshold: 1000
daxpy benchmark for hpx finished for 1 threads
daxpy benchmark for hpx finished for 2 threads
daxpy benchmark for hpx finished for 3 threads
daxpy benchmark for hpx finished for 4 threads
daxpy benchmark for hpx finished for 5 threads
daxpy benchmark for hpx finished for 6 threads
daxpy benchmark for hpx finished for 7 threads
daxpy benchmark for hpx finished for 8 threads
daxpy benchmark for hpx finished for 9 threads
daxpy benchmark for hpx finished for 10 threads
 Blaze kernel 'daxpy': Time deviation too large!!!
daxpy benchmark for hpx finished for 11 threads
 Blaze kernel 'daxpy': Time deviation too large!!!
daxpy benchmark for hpx finished for 12 threads
 Blaze kernel 'daxpy': Time deviation too large!!!
daxpy benchmark for hpx finished for 13 threads
 Blaze kernel 'daxpy': Time deviation too large!!!
daxpy benchmark for hpx finished for 14 threads
 Blaze kernel 'daxpy': Time deviation too large!!!
daxpy benchmark for hpx finished for 15 threads
 Blaze kernel 'daxpy': Time deviation too large!!!
daxpy benchmark for hpx finished for 16 threads
hpx config file was reset to original values 1000,10,8
BLAZE_HPX_VECTOR_CHUNK_SIZE changed from 10 to 1
BLAZE_HPX_VECTOR_THREADS_MULTIPLYER changed from 8 to 4
benchmark daxpy for hpx runtime created
chunk size: 1
threads multiplyer: 4
vector threshold: 1000
daxpy benchmark for hpx finished for 1 threads
daxpy benchmark for hpx finished for 2 threads
daxpy benchmark for hpx finished for 3 threads
daxpy benchmark for hpx finished for 4 threads
daxpy benchmark for hpx finished for 5 threads
daxpy benchmark for hpx finished for 6 threads
daxpy benchmark for hpx finished for 7 threads
daxpy benchmark for hpx finished for 8 threads
daxpy benchmark for hpx finished for 9 threads
 Blaze kernel 'daxpy': Time deviation too large!!!
daxpy benchmark for hpx finished for 10 threads
daxpy benchmark for hpx finished for 11 threads
 Blaze kernel 'daxpy': Time deviation too large!!!
daxpy benchmark for hpx finished for 12 threads
 Blaze kernel 'daxpy': Time deviation too large!!!
daxpy benchmark for hpx finished for 13 threads
 Blaze kernel 'daxpy': Time deviation too large!!!
daxpy benchmark for hpx finished for 14 threads
 Blaze kernel 'daxpy': Time deviation too large!!!
daxpy benchmark for hpx finished for 15 threads
 Blaze kernel 'daxpy': Time deviation too large!!!
daxpy benchmark for hpx finished for 16 threads
hpx config file was reset to original values 1000,10,8
BLAZE_HPX_VECTOR_CHUNK_SIZE changed from 10 to 1
BLAZE_HPX_VECTOR_THREADS_MULTIPLYER changed from 8 to 8
benchmark daxpy for hpx runtime created
chunk size: 1
threads multiplyer: 8
vector threshold: 1000
daxpy benchmark for hpx finished for 1 threads
daxpy benchmark for hpx finished for 2 threads
daxpy benchmark for hpx finished for 3 threads
daxpy benchmark for hpx finished for 4 threads
daxpy benchmark for hpx finished for 5 threads
daxpy benchmark for hpx finished for 6 threads
daxpy benchmark for hpx finished for 7 threads
daxpy benchmark for hpx finished for 8 threads
daxpy benchmark for hpx finished for 9 threads
daxpy benchmark for hpx finished for 10 threads
 Blaze kernel 'daxpy': Time deviation too large!!!
daxpy benchmark for hpx finished for 11 threads
 Blaze kernel 'daxpy': Time deviation too large!!!
daxpy benchmark for hpx finished for 12 threads
 Blaze kernel 'daxpy': Time deviation too large!!!
daxpy benchmark for hpx finished for 13 threads
 Blaze kernel 'daxpy': Time deviation too large!!!
daxpy benchmark for hpx finished for 14 threads
 Blaze kernel 'daxpy': Time deviation too large!!!
daxpy benchmark for hpx finished for 15 threads
 Blaze kernel 'daxpy': Time deviation too large!!!
daxpy benchmark for hpx finished for 16 threads
hpx config file was reset to original values 1000,10,8
BLAZE_HPX_VECTOR_CHUNK_SIZE changed from 10 to 1
BLAZE_HPX_VECTOR_THREADS_MULTIPLYER changed from 8 to 10
benchmark daxpy for hpx runtime created
chunk size: 1
threads multiplyer: 10
vector threshold: 1000
daxpy benchmark for hpx finished for 1 threads
daxpy benchmark for hpx finished for 2 threads
daxpy benchmark for hpx finished for 3 threads
daxpy benchmark for hpx finished for 4 threads
daxpy benchmark for hpx finished for 5 threads
daxpy benchmark for hpx finished for 6 threads
daxpy benchmark for hpx finished for 7 threads
daxpy benchmark for hpx finished for 8 threads
daxpy benchmark for hpx finished for 9 threads
daxpy benchmark for hpx finished for 10 threads
daxpy benchmark for hpx finished for 11 threads
 Blaze kernel 'daxpy': Time deviation too large!!!
daxpy benchmark for hpx finished for 12 threads
 Blaze kernel 'daxpy': Time deviation too large!!!
daxpy benchmark for hpx finished for 13 threads
 Blaze kernel 'daxpy': Time deviation too large!!!
daxpy benchmark for hpx finished for 14 threads
 Blaze kernel 'daxpy': Time deviation too large!!!
daxpy benchmark for hpx finished for 15 threads
 Blaze kernel 'daxpy': Time deviation too large!!!
daxpy benchmark for hpx finished for 16 threads
hpx config file was reset to original values 1000,10,8
BLAZE_HPX_VECTOR_CHUNK_SIZE changed from 10 to 8
BLAZE_HPX_VECTOR_THREADS_MULTIPLYER changed from 8 to 1
benchmark daxpy for hpx runtime created
chunk size: 8
threads multiplyer: 1
vector threshold: 1000
daxpy benchmark for hpx finished for 1 threads
daxpy benchmark for hpx finished for 2 threads
daxpy benchmark for hpx finished for 3 threads
daxpy benchmark for hpx finished for 4 threads
daxpy benchmark for hpx finished for 5 threads
daxpy benchmark for hpx finished for 6 threads
daxpy benchmark for hpx finished for 7 threads
daxpy benchmark for hpx finished for 8 threads
 Blaze kernel 'daxpy': Time deviation too large!!!
daxpy benchmark for hpx finished for 9 threads
 Blaze kernel 'daxpy': Time deviation too large!!!
daxpy benchmark for hpx finished for 10 threads
 Blaze kernel 'daxpy': Time deviation too large!!!
daxpy benchmark for hpx finished for 11 threads
daxpy benchmark for hpx finished for 12 threads
daxpy benchmark for hpx finished for 13 threads
daxpy benchmark for hpx finished for 14 threads
daxpy benchmark for hpx finished for 15 threads
daxpy benchmark for hpx finished for 16 threads
hpx config file was reset to original values 1000,10,8
BLAZE_HPX_VECTOR_CHUNK_SIZE changed from 10 to 8
BLAZE_HPX_VECTOR_THREADS_MULTIPLYER changed from 8 to 2
benchmark daxpy for hpx runtime created
chunk size: 8
threads multiplyer: 2
vector threshold: 1000
daxpy benchmark for hpx finished for 1 threads
daxpy benchmark for hpx finished for 2 threads
daxpy benchmark for hpx finished for 3 threads
daxpy benchmark for hpx finished for 4 threads
daxpy benchmark for hpx finished for 5 threads
daxpy benchmark for hpx finished for 6 threads
daxpy benchmark for hpx finished for 7 threads
daxpy benchmark for hpx finished for 8 threads
 Blaze kernel 'daxpy': Time deviation too large!!!
daxpy benchmark for hpx finished for 9 threads
daxpy benchmark for hpx finished for 10 threads
 Blaze kernel 'daxpy': Time deviation too large!!!
daxpy benchmark for hpx finished for 11 threads
daxpy benchmark for hpx finished for 12 threads
 Blaze kernel 'daxpy': Time deviation too large!!!
daxpy benchmark for hpx finished for 13 threads
 Blaze kernel 'daxpy': Time deviation too large!!!
daxpy benchmark for hpx finished for 14 threads
daxpy benchmark for hpx finished for 15 threads
 Blaze kernel 'daxpy': Time deviation too large!!!
daxpy benchmark for hpx finished for 16 threads
hpx config file was reset to original values 1000,10,8
BLAZE_HPX_VECTOR_CHUNK_SIZE changed from 10 to 8
BLAZE_HPX_VECTOR_THREADS_MULTIPLYER changed from 8 to 4
benchmark daxpy for hpx runtime created
chunk size: 8
threads multiplyer: 4
vector threshold: 1000
daxpy benchmark for hpx finished for 1 threads
daxpy benchmark for hpx finished for 2 threads
daxpy benchmark for hpx finished for 3 threads
daxpy benchmark for hpx finished for 4 threads
daxpy benchmark for hpx finished for 5 threads
daxpy benchmark for hpx finished for 6 threads
daxpy benchmark for hpx finished for 7 threads
daxpy benchmark for hpx finished for 8 threads
daxpy benchmark for hpx finished for 9 threads
daxpy benchmark for hpx finished for 10 threads
daxpy benchmark for hpx finished for 11 threads
 Blaze kernel 'daxpy': Time deviation too large!!!
daxpy benchmark for hpx finished for 12 threads
 Blaze kernel 'daxpy': Time deviation too large!!!
daxpy benchmark for hpx finished for 13 threads
 Blaze kernel 'daxpy': Time deviation too large!!!
daxpy benchmark for hpx finished for 14 threads
 Blaze kernel 'daxpy': Time deviation too large!!!
daxpy benchmark for hpx finished for 15 threads
 Blaze kernel 'daxpy': Time deviation too large!!!
daxpy benchmark for hpx finished for 16 threads
hpx config file was reset to original values 1000,10,8
BLAZE_HPX_VECTOR_CHUNK_SIZE changed from 10 to 8
BLAZE_HPX_VECTOR_THREADS_MULTIPLYER changed from 8 to 8
benchmark daxpy for hpx runtime created
chunk size: 8
threads multiplyer: 8
vector threshold: 1000
daxpy benchmark for hpx finished for 1 threads
daxpy benchmark for hpx finished for 2 threads
daxpy benchmark for hpx finished for 3 threads
daxpy benchmark for hpx finished for 4 threads
daxpy benchmark for hpx finished for 5 threads
daxpy benchmark for hpx finished for 6 threads
daxpy benchmark for hpx finished for 7 threads
daxpy benchmark for hpx finished for 8 threads
daxpy benchmark for hpx finished for 9 threads
daxpy benchmark for hpx finished for 10 threads
 Blaze kernel 'daxpy': Time deviation too large!!!
daxpy benchmark for hpx finished for 11 threads
 Blaze kernel 'daxpy': Time deviation too large!!!
daxpy benchmark for hpx finished for 12 threads
 Blaze kernel 'daxpy': Time deviation too large!!!
daxpy benchmark for hpx finished for 13 threads
 Blaze kernel 'daxpy': Time deviation too large!!!
daxpy benchmark for hpx finished for 14 threads
 Blaze kernel 'daxpy': Time deviation too large!!!
daxpy benchmark for hpx finished for 15 threads
 Blaze kernel 'daxpy': Time deviation too large!!!
daxpy benchmark for hpx finished for 16 threads
hpx config file was reset to original values 1000,10,8
BLAZE_HPX_VECTOR_CHUNK_SIZE changed from 10 to 8
BLAZE_HPX_VECTOR_THREADS_MULTIPLYER changed from 8 to 10
benchmark daxpy for hpx runtime created
chunk size: 8
threads multiplyer: 10
vector threshold: 1000
daxpy benchmark for hpx finished for 1 threads
daxpy benchmark for hpx finished for 2 threads
daxpy benchmark for hpx finished for 3 threads
daxpy benchmark for hpx finished for 4 threads
daxpy benchmark for hpx finished for 5 threads
daxpy benchmark for hpx finished for 6 threads
daxpy benchmark for hpx finished for 7 threads
daxpy benchmark for hpx finished for 8 threads
daxpy benchmark for hpx finished for 9 threads
daxpy benchmark for hpx finished for 10 threads
 Blaze kernel 'daxpy': Time deviation too large!!!
daxpy benchmark for hpx finished for 11 threads
 Blaze kernel 'daxpy': Time deviation too large!!!
daxpy benchmark for hpx finished for 12 threads
 Blaze kernel 'daxpy': Time deviation too large!!!
daxpy benchmark for hpx finished for 13 threads
 Blaze kernel 'daxpy': Time deviation too large!!!
daxpy benchmark for hpx finished for 14 threads
 Blaze kernel 'daxpy': Time deviation too large!!!
daxpy benchmark for hpx finished for 15 threads
 Blaze kernel 'daxpy': Time deviation too large!!!
daxpy benchmark for hpx finished for 16 threads
hpx config file was reset to original values 1000,10,8
BLAZE_HPX_VECTOR_CHUNK_SIZE changed from 10 to 16
BLAZE_HPX_VECTOR_THREADS_MULTIPLYER changed from 8 to 1
benchmark daxpy for hpx runtime created
chunk size: 16
threads multiplyer: 1
vector threshold: 1000
daxpy benchmark for hpx finished for 1 threads
daxpy benchmark for hpx finished for 2 threads
daxpy benchmark for hpx finished for 3 threads
daxpy benchmark for hpx finished for 4 threads
daxpy benchmark for hpx finished for 5 threads
daxpy benchmark for hpx finished for 6 threads
daxpy benchmark for hpx finished for 7 threads
daxpy benchmark for hpx finished for 8 threads
 Blaze kernel 'daxpy': Time deviation too large!!!
daxpy benchmark for hpx finished for 9 threads
daxpy benchmark for hpx finished for 10 threads
daxpy benchmark for hpx finished for 11 threads
 Blaze kernel 'daxpy': Time deviation too large!!!
daxpy benchmark for hpx finished for 12 threads
daxpy benchmark for hpx finished for 13 threads
daxpy benchmark for hpx finished for 14 threads
 Blaze kernel 'daxpy': Time deviation too large!!!
daxpy benchmark for hpx finished for 15 threads
daxpy benchmark for hpx finished for 16 threads
hpx config file was reset to original values 1000,10,8
BLAZE_HPX_VECTOR_CHUNK_SIZE changed from 10 to 16
BLAZE_HPX_VECTOR_THREADS_MULTIPLYER changed from 8 to 2
benchmark daxpy for hpx runtime created
chunk size: 16
threads multiplyer: 2
vector threshold: 1000
daxpy benchmark for hpx finished for 1 threads
daxpy benchmark for hpx finished for 2 threads
daxpy benchmark for hpx finished for 3 threads
daxpy benchmark for hpx finished for 4 threads
daxpy benchmark for hpx finished for 5 threads
daxpy benchmark for hpx finished for 6 threads
daxpy benchmark for hpx finished for 7 threads
daxpy benchmark for hpx finished for 8 threads
 Blaze kernel 'daxpy': Time deviation too large!!!
daxpy benchmark for hpx finished for 9 threads
daxpy benchmark for hpx finished for 10 threads
 Blaze kernel 'daxpy': Time deviation too large!!!
daxpy benchmark for hpx finished for 11 threads
daxpy benchmark for hpx finished for 12 threads
daxpy benchmark for hpx finished for 13 threads
 Blaze kernel 'daxpy': Time deviation too large!!!
daxpy benchmark for hpx finished for 14 threads
 Blaze kernel 'daxpy': Time deviation too large!!!
daxpy benchmark for hpx finished for 15 threads
 Blaze kernel 'daxpy': Time deviation too large!!!
daxpy benchmark for hpx finished for 16 threads
hpx config file was reset to original values 1000,10,8
BLAZE_HPX_VECTOR_CHUNK_SIZE changed from 10 to 16
BLAZE_HPX_VECTOR_THREADS_MULTIPLYER changed from 8 to 4
benchmark daxpy for hpx runtime created
chunk size: 16
threads multiplyer: 4
vector threshold: 1000
daxpy benchmark for hpx finished for 1 threads
daxpy benchmark for hpx finished for 2 threads
daxpy benchmark for hpx finished for 3 threads
daxpy benchmark for hpx finished for 4 threads
daxpy benchmark for hpx finished for 5 threads
daxpy benchmark for hpx finished for 6 threads
daxpy benchmark for hpx finished for 7 threads
daxpy benchmark for hpx finished for 8 threads
daxpy benchmark for hpx finished for 9 threads
daxpy benchmark for hpx finished for 10 threads
daxpy benchmark for hpx finished for 11 threads
 Blaze kernel 'daxpy': Time deviation too large!!!
daxpy benchmark for hpx finished for 12 threads
 Blaze kernel 'daxpy': Time deviation too large!!!
daxpy benchmark for hpx finished for 13 threads
 Blaze kernel 'daxpy': Time deviation too large!!!
daxpy benchmark for hpx finished for 14 threads
 Blaze kernel 'daxpy': Time deviation too large!!!
daxpy benchmark for hpx finished for 15 threads
daxpy benchmark for hpx finished for 16 threads
hpx config file was reset to original values 1000,10,8
BLAZE_HPX_VECTOR_CHUNK_SIZE changed from 10 to 16
BLAZE_HPX_VECTOR_THREADS_MULTIPLYER changed from 8 to 8
benchmark daxpy for hpx runtime created
chunk size: 16
threads multiplyer: 8
vector threshold: 1000
daxpy benchmark for hpx finished for 1 threads
daxpy benchmark for hpx finished for 2 threads
daxpy benchmark for hpx finished for 3 threads
daxpy benchmark for hpx finished for 4 threads
daxpy benchmark for hpx finished for 5 threads
daxpy benchmark for hpx finished for 6 threads
daxpy benchmark for hpx finished for 7 threads
daxpy benchmark for hpx finished for 8 threads
daxpy benchmark for hpx finished for 9 threads
 Blaze kernel 'daxpy': Time deviation too large!!!
daxpy benchmark for hpx finished for 10 threads
 Blaze kernel 'daxpy': Time deviation too large!!!
daxpy benchmark for hpx finished for 11 threads
daxpy benchmark for hpx finished for 12 threads
 Blaze kernel 'daxpy': Time deviation too large!!!
daxpy benchmark for hpx finished for 13 threads
 Blaze kernel 'daxpy': Time deviation too large!!!
daxpy benchmark for hpx finished for 14 threads
 Blaze kernel 'daxpy': Time deviation too large!!!
daxpy benchmark for hpx finished for 15 threads
 Blaze kernel 'daxpy': Time deviation too large!!!
daxpy benchmark for hpx finished for 16 threads
hpx config file was reset to original values 1000,10,8
BLAZE_HPX_VECTOR_CHUNK_SIZE changed from 10 to 16
BLAZE_HPX_VECTOR_THREADS_MULTIPLYER changed from 8 to 10
benchmark daxpy for hpx runtime created
chunk size: 16
threads multiplyer: 10
vector threshold: 1000
daxpy benchmark for hpx finished for 1 threads
daxpy benchmark for hpx finished for 2 threads
daxpy benchmark for hpx finished for 3 threads
daxpy benchmark for hpx finished for 4 threads
daxpy benchmark for hpx finished for 5 threads
daxpy benchmark for hpx finished for 6 threads
daxpy benchmark for hpx finished for 7 threads
daxpy benchmark for hpx finished for 8 threads
daxpy benchmark for hpx finished for 9 threads
 Blaze kernel 'daxpy': Time deviation too large!!!
daxpy benchmark for hpx finished for 10 threads
 Blaze kernel 'daxpy': Time deviation too large!!!
daxpy benchmark for hpx finished for 11 threads
 Blaze kernel 'daxpy': Time deviation too large!!!
daxpy benchmark for hpx finished for 12 threads
 Blaze kernel 'daxpy': Time deviation too large!!!
daxpy benchmark for hpx finished for 13 threads
 Blaze kernel 'daxpy': Time deviation too large!!!
daxpy benchmark for hpx finished for 14 threads
daxpy benchmark for hpx finished for 15 threads
 Blaze kernel 'daxpy': Time deviation too large!!!
daxpy benchmark for hpx finished for 16 threads
hpx config file was reset to original values 1000,10,8
BLAZE_HPX_VECTOR_CHUNK_SIZE changed from 10 to 32
BLAZE_HPX_VECTOR_THREADS_MULTIPLYER changed from 8 to 1
benchmark daxpy for hpx runtime created
chunk size: 32
threads multiplyer: 1
vector threshold: 1000
daxpy benchmark for hpx finished for 1 threads
daxpy benchmark for hpx finished for 2 threads
daxpy benchmark for hpx finished for 3 threads
daxpy benchmark for hpx finished for 4 threads
daxpy benchmark for hpx finished for 5 threads
daxpy benchmark for hpx finished for 6 threads
daxpy benchmark for hpx finished for 7 threads
daxpy benchmark for hpx finished for 8 threads
daxpy benchmark for hpx finished for 9 threads
daxpy benchmark for hpx finished for 10 threads
daxpy benchmark for hpx finished for 11 threads
 Blaze kernel 'daxpy': Time deviation too large!!!
daxpy benchmark for hpx finished for 12 threads
 Blaze kernel 'daxpy': Time deviation too large!!!
daxpy benchmark for hpx finished for 13 threads
 Blaze kernel 'daxpy': Time deviation too large!!!
daxpy benchmark for hpx finished for 14 threads
daxpy benchmark for hpx finished for 15 threads
 Blaze kernel 'daxpy': Time deviation too large!!!
daxpy benchmark for hpx finished for 16 threads
hpx config file was reset to original values 1000,10,8
BLAZE_HPX_VECTOR_CHUNK_SIZE changed from 10 to 32
BLAZE_HPX_VECTOR_THREADS_MULTIPLYER changed from 8 to 2
benchmark daxpy for hpx runtime created
chunk size: 32
threads multiplyer: 2
vector threshold: 1000
daxpy benchmark for hpx finished for 1 threads
daxpy benchmark for hpx finished for 2 threads
daxpy benchmark for hpx finished for 3 threads
daxpy benchmark for hpx finished for 4 threads
daxpy benchmark for hpx finished for 5 threads
daxpy benchmark for hpx finished for 6 threads
daxpy benchmark for hpx finished for 7 threads
daxpy benchmark for hpx finished for 8 threads
daxpy benchmark for hpx finished for 9 threads
 Blaze kernel 'daxpy': Time deviation too large!!!
daxpy benchmark for hpx finished for 10 threads
daxpy benchmark for hpx finished for 11 threads
daxpy benchmark for hpx finished for 12 threads
daxpy benchmark for hpx finished for 13 threads
daxpy benchmark for hpx finished for 14 threads
 Blaze kernel 'daxpy': Time deviation too large!!!
daxpy benchmark for hpx finished for 15 threads
daxpy benchmark for hpx finished for 16 threads
hpx config file was reset to original values 1000,10,8
BLAZE_HPX_VECTOR_CHUNK_SIZE changed from 10 to 32
BLAZE_HPX_VECTOR_THREADS_MULTIPLYER changed from 8 to 4
benchmark daxpy for hpx runtime created
chunk size: 32
threads multiplyer: 4
vector threshold: 1000
daxpy benchmark for hpx finished for 1 threads
daxpy benchmark for hpx finished for 2 threads
daxpy benchmark for hpx finished for 3 threads
daxpy benchmark for hpx finished for 4 threads
daxpy benchmark for hpx finished for 5 threads
daxpy benchmark for hpx finished for 6 threads
daxpy benchmark for hpx finished for 7 threads
daxpy benchmark for hpx finished for 8 threads
daxpy benchmark for hpx finished for 9 threads
 Blaze kernel 'daxpy': Time deviation too large!!!
daxpy benchmark for hpx finished for 10 threads
daxpy benchmark for hpx finished for 11 threads
 Blaze kernel 'daxpy': Time deviation too large!!!
daxpy benchmark for hpx finished for 12 threads
 Blaze kernel 'daxpy': Time deviation too large!!!
daxpy benchmark for hpx finished for 13 threads
daxpy benchmark for hpx finished for 14 threads
 Blaze kernel 'daxpy': Time deviation too large!!!
daxpy benchmark for hpx finished for 15 threads
 Blaze kernel 'daxpy': Time deviation too large!!!
daxpy benchmark for hpx finished for 16 threads
hpx config file was reset to original values 1000,10,8
BLAZE_HPX_VECTOR_CHUNK_SIZE changed from 10 to 32
BLAZE_HPX_VECTOR_THREADS_MULTIPLYER changed from 8 to 8
benchmark daxpy for hpx runtime created
chunk size: 32
threads multiplyer: 8
vector threshold: 1000
daxpy benchmark for hpx finished for 1 threads
daxpy benchmark for hpx finished for 2 threads
daxpy benchmark for hpx finished for 3 threads
daxpy benchmark for hpx finished for 4 threads
daxpy benchmark for hpx finished for 5 threads
daxpy benchmark for hpx finished for 6 threads
daxpy benchmark for hpx finished for 7 threads
daxpy benchmark for hpx finished for 8 threads
daxpy benchmark for hpx finished for 9 threads
 Blaze kernel 'daxpy': Time deviation too large!!!
daxpy benchmark for hpx finished for 10 threads
 Blaze kernel 'daxpy': Time deviation too large!!!
daxpy benchmark for hpx finished for 11 threads
daxpy benchmark for hpx finished for 12 threads
 Blaze kernel 'daxpy': Time deviation too large!!!
daxpy benchmark for hpx finished for 13 threads
 Blaze kernel 'daxpy': Time deviation too large!!!
daxpy benchmark for hpx finished for 14 threads
daxpy benchmark for hpx finished for 15 threads
daxpy benchmark for hpx finished for 16 threads
hpx config file was reset to original values 1000,10,8
BLAZE_HPX_VECTOR_CHUNK_SIZE changed from 10 to 32
BLAZE_HPX_VECTOR_THREADS_MULTIPLYER changed from 8 to 10
benchmark daxpy for hpx runtime created
chunk size: 32
threads multiplyer: 10
vector threshold: 1000
daxpy benchmark for hpx finished for 1 threads
daxpy benchmark for hpx finished for 2 threads
daxpy benchmark for hpx finished for 3 threads
daxpy benchmark for hpx finished for 4 threads
daxpy benchmark for hpx finished for 5 threads
daxpy benchmark for hpx finished for 6 threads
daxpy benchmark for hpx finished for 7 threads
daxpy benchmark for hpx finished for 8 threads
daxpy benchmark for hpx finished for 9 threads
 Blaze kernel 'daxpy': Time deviation too large!!!
daxpy benchmark for hpx finished for 10 threads
daxpy benchmark for hpx finished for 11 threads
 Blaze kernel 'daxpy': Time deviation too large!!!
daxpy benchmark for hpx finished for 12 threads
daxpy benchmark for hpx finished for 13 threads
 Blaze kernel 'daxpy': Time deviation too large!!!
daxpy benchmark for hpx finished for 14 threads
 Blaze kernel 'daxpy': Time deviation too large!!!
daxpy benchmark for hpx finished for 15 threads
 Blaze kernel 'daxpy': Time deviation too large!!!
daxpy benchmark for hpx finished for 16 threads
hpx config file was reset to original values 1000,10,8
BLAZE_HPX_VECTOR_CHUNK_SIZE changed from 10 to 64
BLAZE_HPX_VECTOR_THREADS_MULTIPLYER changed from 8 to 1
benchmark daxpy for hpx runtime created
chunk size: 64
threads multiplyer: 1
vector threshold: 1000
daxpy benchmark for hpx finished for 1 threads
daxpy benchmark for hpx finished for 2 threads
daxpy benchmark for hpx finished for 3 threads
daxpy benchmark for hpx finished for 4 threads
daxpy benchmark for hpx finished for 5 threads
daxpy benchmark for hpx finished for 6 threads
daxpy benchmark for hpx finished for 7 threads
daxpy benchmark for hpx finished for 8 threads
 Blaze kernel 'daxpy': Time deviation too large!!!
daxpy benchmark for hpx finished for 9 threads
daxpy benchmark for hpx finished for 10 threads
 Blaze kernel 'daxpy': Time deviation too large!!!
daxpy benchmark for hpx finished for 11 threads
daxpy benchmark for hpx finished for 12 threads
 Blaze kernel 'daxpy': Time deviation too large!!!
daxpy benchmark for hpx finished for 13 threads
 Blaze kernel 'daxpy': Time deviation too large!!!
daxpy benchmark for hpx finished for 14 threads
 Blaze kernel 'daxpy': Time deviation too large!!!
daxpy benchmark for hpx finished for 15 threads
 Blaze kernel 'daxpy': Time deviation too large!!!
daxpy benchmark for hpx finished for 16 threads
hpx config file was reset to original values 1000,10,8
BLAZE_HPX_VECTOR_CHUNK_SIZE changed from 10 to 64
BLAZE_HPX_VECTOR_THREADS_MULTIPLYER changed from 8 to 2
benchmark daxpy for hpx runtime created
chunk size: 64
threads multiplyer: 2
vector threshold: 1000
daxpy benchmark for hpx finished for 1 threads
daxpy benchmark for hpx finished for 2 threads
daxpy benchmark for hpx finished for 3 threads
daxpy benchmark for hpx finished for 4 threads
daxpy benchmark for hpx finished for 5 threads
daxpy benchmark for hpx finished for 6 threads
daxpy benchmark for hpx finished for 7 threads
daxpy benchmark for hpx finished for 8 threads
 Blaze kernel 'daxpy': Time deviation too large!!!
daxpy benchmark for hpx finished for 9 threads
 Blaze kernel 'daxpy': Time deviation too large!!!
daxpy benchmark for hpx finished for 10 threads
daxpy benchmark for hpx finished for 11 threads
 Blaze kernel 'daxpy': Time deviation too large!!!
daxpy benchmark for hpx finished for 12 threads
daxpy benchmark for hpx finished for 13 threads
daxpy benchmark for hpx finished for 14 threads
 Blaze kernel 'daxpy': Time deviation too large!!!
daxpy benchmark for hpx finished for 15 threads
 Blaze kernel 'daxpy': Time deviation too large!!!
daxpy benchmark for hpx finished for 16 threads
hpx config file was reset to original values 1000,10,8
BLAZE_HPX_VECTOR_CHUNK_SIZE changed from 10 to 64
BLAZE_HPX_VECTOR_THREADS_MULTIPLYER changed from 8 to 4
benchmark daxpy for hpx runtime created
chunk size: 64
threads multiplyer: 4
vector threshold: 1000
daxpy benchmark for hpx finished for 1 threads
daxpy benchmark for hpx finished for 2 threads
daxpy benchmark for hpx finished for 3 threads
daxpy benchmark for hpx finished for 4 threads
daxpy benchmark for hpx finished for 5 threads
daxpy benchmark for hpx finished for 6 threads
daxpy benchmark for hpx finished for 7 threads
daxpy benchmark for hpx finished for 8 threads
daxpy benchmark for hpx finished for 9 threads
 Blaze kernel 'daxpy': Time deviation too large!!!
daxpy benchmark for hpx finished for 10 threads
daxpy benchmark for hpx finished for 11 threads
daxpy benchmark for hpx finished for 12 threads
daxpy benchmark for hpx finished for 13 threads
daxpy benchmark for hpx finished for 14 threads
 Blaze kernel 'daxpy': Time deviation too large!!!
daxpy benchmark for hpx finished for 15 threads
 Blaze kernel 'daxpy': Time deviation too large!!!
daxpy benchmark for hpx finished for 16 threads
hpx config file was reset to original values 1000,10,8
BLAZE_HPX_VECTOR_CHUNK_SIZE changed from 10 to 64
BLAZE_HPX_VECTOR_THREADS_MULTIPLYER changed from 8 to 8
benchmark daxpy for hpx runtime created
chunk size: 64
threads multiplyer: 8
vector threshold: 1000
daxpy benchmark for hpx finished for 1 threads
daxpy benchmark for hpx finished for 2 threads
daxpy benchmark for hpx finished for 3 threads
daxpy benchmark for hpx finished for 4 threads
daxpy benchmark for hpx finished for 5 threads
daxpy benchmark for hpx finished for 6 threads
daxpy benchmark for hpx finished for 7 threads
daxpy benchmark for hpx finished for 8 threads
daxpy benchmark for hpx finished for 9 threads
daxpy benchmark for hpx finished for 10 threads
daxpy benchmark for hpx finished for 11 threads
 Blaze kernel 'daxpy': Time deviation too large!!!
daxpy benchmark for hpx finished for 12 threads
daxpy benchmark for hpx finished for 13 threads
daxpy benchmark for hpx finished for 14 threads
 Blaze kernel 'daxpy': Time deviation too large!!!
daxpy benchmark for hpx finished for 15 threads
 Blaze kernel 'daxpy': Time deviation too large!!!
daxpy benchmark for hpx finished for 16 threads
hpx config file was reset to original values 1000,10,8
BLAZE_HPX_VECTOR_CHUNK_SIZE changed from 10 to 64
BLAZE_HPX_VECTOR_THREADS_MULTIPLYER changed from 8 to 10
benchmark daxpy for hpx runtime created
chunk size: 64
threads multiplyer: 10
vector threshold: 1000
daxpy benchmark for hpx finished for 1 threads
daxpy benchmark for hpx finished for 2 threads
daxpy benchmark for hpx finished for 3 threads
daxpy benchmark for hpx finished for 4 threads
daxpy benchmark for hpx finished for 5 threads
daxpy benchmark for hpx finished for 6 threads
daxpy benchmark for hpx finished for 7 threads
daxpy benchmark for hpx finished for 8 threads
 Blaze kernel 'daxpy': Time deviation too large!!!
daxpy benchmark for hpx finished for 9 threads
daxpy benchmark for hpx finished for 10 threads
 Blaze kernel 'daxpy': Time deviation too large!!!
daxpy benchmark for hpx finished for 11 threads
daxpy benchmark for hpx finished for 12 threads
daxpy benchmark for hpx finished for 13 threads
 Blaze kernel 'daxpy': Time deviation too large!!!
daxpy benchmark for hpx finished for 14 threads
 Blaze kernel 'daxpy': Time deviation too large!!!
daxpy benchmark for hpx finished for 15 threads
daxpy benchmark for hpx finished for 16 threads
hpx config file was reset to original values 1000,10,8
BLAZE_HPX_VECTOR_CHUNK_SIZE changed from 10 to 128
BLAZE_HPX_VECTOR_THREADS_MULTIPLYER changed from 8 to 1
benchmark daxpy for hpx runtime created
chunk size: 128
threads multiplyer: 1
vector threshold: 1000
daxpy benchmark for hpx finished for 1 threads
daxpy benchmark for hpx finished for 2 threads
daxpy benchmark for hpx finished for 3 threads
daxpy benchmark for hpx finished for 4 threads
daxpy benchmark for hpx finished for 5 threads
daxpy benchmark for hpx finished for 6 threads
daxpy benchmark for hpx finished for 7 threads
daxpy benchmark for hpx finished for 8 threads
daxpy benchmark for hpx finished for 9 threads
daxpy benchmark for hpx finished for 10 threads
 Blaze kernel 'daxpy': Time deviation too large!!!
daxpy benchmark for hpx finished for 11 threads
daxpy benchmark for hpx finished for 12 threads
daxpy benchmark for hpx finished for 13 threads
daxpy benchmark for hpx finished for 14 threads
daxpy benchmark for hpx finished for 15 threads
 Blaze kernel 'daxpy': Time deviation too large!!!
daxpy benchmark for hpx finished for 16 threads
hpx config file was reset to original values 1000,10,8
BLAZE_HPX_VECTOR_CHUNK_SIZE changed from 10 to 128
BLAZE_HPX_VECTOR_THREADS_MULTIPLYER changed from 8 to 2
benchmark daxpy for hpx runtime created
chunk size: 128
threads multiplyer: 2
vector threshold: 1000
daxpy benchmark for hpx finished for 1 threads
daxpy benchmark for hpx finished for 2 threads
daxpy benchmark for hpx finished for 3 threads
daxpy benchmark for hpx finished for 4 threads
daxpy benchmark for hpx finished for 5 threads
daxpy benchmark for hpx finished for 6 threads
daxpy benchmark for hpx finished for 7 threads
daxpy benchmark for hpx finished for 8 threads
daxpy benchmark for hpx finished for 9 threads
daxpy benchmark for hpx finished for 10 threads
daxpy benchmark for hpx finished for 11 threads
 Blaze kernel 'daxpy': Time deviation too large!!!
daxpy benchmark for hpx finished for 12 threads
 Blaze kernel 'daxpy': Time deviation too large!!!
daxpy benchmark for hpx finished for 13 threads
daxpy benchmark for hpx finished for 14 threads
 Blaze kernel 'daxpy': Time deviation too large!!!
daxpy benchmark for hpx finished for 15 threads
daxpy benchmark for hpx finished for 16 threads
hpx config file was reset to original values 1000,10,8
BLAZE_HPX_VECTOR_CHUNK_SIZE changed from 10 to 128
BLAZE_HPX_VECTOR_THREADS_MULTIPLYER changed from 8 to 4
benchmark daxpy for hpx runtime created
chunk size: 128
threads multiplyer: 4
vector threshold: 1000
daxpy benchmark for hpx finished for 1 threads
daxpy benchmark for hpx finished for 2 threads
daxpy benchmark for hpx finished for 3 threads
daxpy benchmark for hpx finished for 4 threads
daxpy benchmark for hpx finished for 5 threads
daxpy benchmark for hpx finished for 6 threads
daxpy benchmark for hpx finished for 7 threads
daxpy benchmark for hpx finished for 8 threads
daxpy benchmark for hpx finished for 9 threads
 Blaze kernel 'daxpy': Time deviation too large!!!
daxpy benchmark for hpx finished for 10 threads
daxpy benchmark for hpx finished for 11 threads
daxpy benchmark for hpx finished for 12 threads
daxpy benchmark for hpx finished for 13 threads
 Blaze kernel 'daxpy': Time deviation too large!!!
daxpy benchmark for hpx finished for 14 threads
daxpy benchmark for hpx finished for 15 threads
 Blaze kernel 'daxpy': Time deviation too large!!!
daxpy benchmark for hpx finished for 16 threads
hpx config file was reset to original values 1000,10,8
BLAZE_HPX_VECTOR_CHUNK_SIZE changed from 10 to 128
BLAZE_HPX_VECTOR_THREADS_MULTIPLYER changed from 8 to 8
benchmark daxpy for hpx runtime created
chunk size: 128
threads multiplyer: 8
vector threshold: 1000
daxpy benchmark for hpx finished for 1 threads
daxpy benchmark for hpx finished for 2 threads
daxpy benchmark for hpx finished for 3 threads
daxpy benchmark for hpx finished for 4 threads
daxpy benchmark for hpx finished for 5 threads
daxpy benchmark for hpx finished for 6 threads
daxpy benchmark for hpx finished for 7 threads
daxpy benchmark for hpx finished for 8 threads
daxpy benchmark for hpx finished for 9 threads
daxpy benchmark for hpx finished for 10 threads
daxpy benchmark for hpx finished for 11 threads
daxpy benchmark for hpx finished for 12 threads
 Blaze kernel 'daxpy': Time deviation too large!!!
daxpy benchmark for hpx finished for 13 threads
daxpy benchmark for hpx finished for 14 threads
daxpy benchmark for hpx finished for 15 threads
daxpy benchmark for hpx finished for 16 threads
hpx config file was reset to original values 1000,10,8
BLAZE_HPX_VECTOR_CHUNK_SIZE changed from 10 to 128
BLAZE_HPX_VECTOR_THREADS_MULTIPLYER changed from 8 to 10
benchmark daxpy for hpx runtime created
chunk size: 128
threads multiplyer: 10
vector threshold: 1000
daxpy benchmark for hpx finished for 1 threads
daxpy benchmark for hpx finished for 2 threads
daxpy benchmark for hpx finished for 3 threads
daxpy benchmark for hpx finished for 4 threads
daxpy benchmark for hpx finished for 5 threads
daxpy benchmark for hpx finished for 6 threads
daxpy benchmark for hpx finished for 7 threads
daxpy benchmark for hpx finished for 8 threads
daxpy benchmark for hpx finished for 9 threads
daxpy benchmark for hpx finished for 10 threads
daxpy benchmark for hpx finished for 11 threads
 Blaze kernel 'daxpy': Time deviation too large!!!
daxpy benchmark for hpx finished for 12 threads
 Blaze kernel 'daxpy': Time deviation too large!!!
daxpy benchmark for hpx finished for 13 threads
daxpy benchmark for hpx finished for 14 threads
 Blaze kernel 'daxpy': Time deviation too large!!!
daxpy benchmark for hpx finished for 15 threads
daxpy benchmark for hpx finished for 16 threads
hpx config file was reset to original values 1000,10,8
BLAZE_HPX_VECTOR_CHUNK_SIZE changed from 10 to 256
BLAZE_HPX_VECTOR_THREADS_MULTIPLYER changed from 8 to 1
benchmark daxpy for hpx runtime created
chunk size: 256
threads multiplyer: 1
vector threshold: 1000
daxpy benchmark for hpx finished for 1 threads
daxpy benchmark for hpx finished for 2 threads
daxpy benchmark for hpx finished for 3 threads
daxpy benchmark for hpx finished for 4 threads
daxpy benchmark for hpx finished for 5 threads
daxpy benchmark for hpx finished for 6 threads
daxpy benchmark for hpx finished for 7 threads
daxpy benchmark for hpx finished for 8 threads
daxpy benchmark for hpx finished for 9 threads
daxpy benchmark for hpx finished for 10 threads
daxpy benchmark for hpx finished for 11 threads
 Blaze kernel 'daxpy': Time deviation too large!!!
daxpy benchmark for hpx finished for 12 threads
daxpy benchmark for hpx finished for 13 threads
daxpy benchmark for hpx finished for 14 threads
daxpy benchmark for hpx finished for 15 threads
daxpy benchmark for hpx finished for 16 threads
hpx config file was reset to original values 1000,10,8
BLAZE_HPX_VECTOR_CHUNK_SIZE changed from 10 to 256
BLAZE_HPX_VECTOR_THREADS_MULTIPLYER changed from 8 to 2
benchmark daxpy for hpx runtime created
chunk size: 256
threads multiplyer: 2
vector threshold: 1000
daxpy benchmark for hpx finished for 1 threads
daxpy benchmark for hpx finished for 2 threads
daxpy benchmark for hpx finished for 3 threads
daxpy benchmark for hpx finished for 4 threads
daxpy benchmark for hpx finished for 5 threads
daxpy benchmark for hpx finished for 6 threads
daxpy benchmark for hpx finished for 7 threads
daxpy benchmark for hpx finished for 8 threads
daxpy benchmark for hpx finished for 9 threads
 Blaze kernel 'daxpy': Time deviation too large!!!
daxpy benchmark for hpx finished for 10 threads
daxpy benchmark for hpx finished for 11 threads
daxpy benchmark for hpx finished for 12 threads
 Blaze kernel 'daxpy': Time deviation too large!!!
daxpy benchmark for hpx finished for 13 threads
 Blaze kernel 'daxpy': Time deviation too large!!!
daxpy benchmark for hpx finished for 14 threads
daxpy benchmark for hpx finished for 15 threads
 Blaze kernel 'daxpy': Time deviation too large!!!
daxpy benchmark for hpx finished for 16 threads
hpx config file was reset to original values 1000,10,8
BLAZE_HPX_VECTOR_CHUNK_SIZE changed from 10 to 256
BLAZE_HPX_VECTOR_THREADS_MULTIPLYER changed from 8 to 4
benchmark daxpy for hpx runtime created
chunk size: 256
threads multiplyer: 4
vector threshold: 1000
daxpy benchmark for hpx finished for 1 threads
daxpy benchmark for hpx finished for 2 threads
daxpy benchmark for hpx finished for 3 threads
daxpy benchmark for hpx finished for 4 threads
daxpy benchmark for hpx finished for 5 threads
daxpy benchmark for hpx finished for 6 threads
daxpy benchmark for hpx finished for 7 threads
daxpy benchmark for hpx finished for 8 threads
daxpy benchmark for hpx finished for 9 threads
daxpy benchmark for hpx finished for 10 threads
daxpy benchmark for hpx finished for 11 threads
daxpy benchmark for hpx finished for 12 threads
daxpy benchmark for hpx finished for 13 threads
 Blaze kernel 'daxpy': Time deviation too large!!!
daxpy benchmark for hpx finished for 14 threads
 Blaze kernel 'daxpy': Time deviation too large!!!
daxpy benchmark for hpx finished for 15 threads
 Blaze kernel 'daxpy': Time deviation too large!!!
daxpy benchmark for hpx finished for 16 threads
hpx config file was reset to original values 1000,10,8
BLAZE_HPX_VECTOR_CHUNK_SIZE changed from 10 to 256
BLAZE_HPX_VECTOR_THREADS_MULTIPLYER changed from 8 to 8
benchmark daxpy for hpx runtime created
chunk size: 256
threads multiplyer: 8
vector threshold: 1000
daxpy benchmark for hpx finished for 1 threads
daxpy benchmark for hpx finished for 2 threads
daxpy benchmark for hpx finished for 3 threads
daxpy benchmark for hpx finished for 4 threads
daxpy benchmark for hpx finished for 5 threads
daxpy benchmark for hpx finished for 6 threads
daxpy benchmark for hpx finished for 7 threads
daxpy benchmark for hpx finished for 8 threads
daxpy benchmark for hpx finished for 9 threads
 Blaze kernel 'daxpy': Time deviation too large!!!
daxpy benchmark for hpx finished for 10 threads
daxpy benchmark for hpx finished for 11 threads
daxpy benchmark for hpx finished for 12 threads
 Blaze kernel 'daxpy': Time deviation too large!!!
daxpy benchmark for hpx finished for 13 threads
daxpy benchmark for hpx finished for 14 threads
daxpy benchmark for hpx finished for 15 threads
 Blaze kernel 'daxpy': Time deviation too large!!!
daxpy benchmark for hpx finished for 16 threads
hpx config file was reset to original values 1000,10,8
BLAZE_HPX_VECTOR_CHUNK_SIZE changed from 10 to 256
BLAZE_HPX_VECTOR_THREADS_MULTIPLYER changed from 8 to 10
benchmark daxpy for hpx runtime created
chunk size: 256
threads multiplyer: 10
vector threshold: 1000
daxpy benchmark for hpx finished for 1 threads
daxpy benchmark for hpx finished for 2 threads
daxpy benchmark for hpx finished for 3 threads
daxpy benchmark for hpx finished for 4 threads
daxpy benchmark for hpx finished for 5 threads
daxpy benchmark for hpx finished for 6 threads
daxpy benchmark for hpx finished for 7 threads
daxpy benchmark for hpx finished for 8 threads
daxpy benchmark for hpx finished for 9 threads
daxpy benchmark for hpx finished for 10 threads
 Blaze kernel 'daxpy': Time deviation too large!!!
daxpy benchmark for hpx finished for 11 threads
 Blaze kernel 'daxpy': Time deviation too large!!!
daxpy benchmark for hpx finished for 12 threads
daxpy benchmark for hpx finished for 13 threads
daxpy benchmark for hpx finished for 14 threads
 Blaze kernel 'daxpy': Time deviation too large!!!
daxpy benchmark for hpx finished for 15 threads
 Blaze kernel 'daxpy': Time deviation too large!!!
daxpy benchmark for hpx finished for 16 threads
