node not specified, marvin by default
on decision_tree branch
dmatdmatadd
hpx
benchmark dmatdmatadd for hpx runtime created
 Blaze kernel 'dmatdmatadd': Time deviation too large!!!
 Blaze kernel 'dmatdmatadd': Time deviation too large!!!
 Blaze kernel 'dmatdmatadd': Time deviation too large!!!
 Blaze kernel 'dmatdmatadd': Time deviation too large!!!
dmatdmatadd benchmark for hpx finished for 1 threads
 Blaze kernel 'dmatdmatadd': Time deviation too large!!!
 Blaze kernel 'dmatdmatadd': Time deviation too large!!!
 Blaze kernel 'dmatdmatadd': Time deviation too large!!!
 Blaze kernel 'dmatdmatadd': Time deviation too large!!!
 Blaze kernel 'dmatdmatadd': Time deviation too large!!!
 Blaze kernel 'dmatdmatadd': Time deviation too large!!!
 Blaze kernel 'dmatdmatadd': Time deviation too large!!!
 Blaze kernel 'dmatdmatadd': Time deviation too large!!!
 Blaze kernel 'dmatdmatadd': Time deviation too large!!!
 Blaze kernel 'dmatdmatadd': Time deviation too large!!!
 Blaze kernel 'dmatdmatadd': Time deviation too large!!!
 Blaze kernel 'dmatdmatadd': Time deviation too large!!!
 Blaze kernel 'dmatdmatadd': Time deviation too large!!!
 Blaze kernel 'dmatdmatadd': Time deviation too large!!!
dmatdmatadd benchmark for hpx finished for 4 threads
 Blaze kernel 'dmatdmatadd': Time deviation too large!!!
 Blaze kernel 'dmatdmatadd': Time deviation too large!!!
 Blaze kernel 'dmatdmatadd': Time deviation too large!!!
 Blaze kernel 'dmatdmatadd': Time deviation too large!!!
 Blaze kernel 'dmatdmatadd': Time deviation too large!!!
 Blaze kernel 'dmatdmatadd': Time deviation too large!!!
 Blaze kernel 'dmatdmatadd': Time deviation too large!!!
 Blaze kernel 'dmatdmatadd': Time deviation too large!!!
 Blaze kernel 'dmatdmatadd': Time deviation too large!!!
 Blaze kernel 'dmatdmatadd': Time deviation too large!!!
 Blaze kernel 'dmatdmatadd': Time deviation too large!!!
 Blaze kernel 'dmatdmatadd': Time deviation too large!!!
 Blaze kernel 'dmatdmatadd': Time deviation too large!!!
dmatdmatadd benchmark for hpx finished for 8 threads
 Blaze kernel 'dmatdmatadd': Time deviation too large!!!
 Blaze kernel 'dmatdmatadd': Time deviation too large!!!
 Blaze kernel 'dmatdmatadd': Time deviation too large!!!
 Blaze kernel 'dmatdmatadd': Time deviation too large!!!
 Blaze kernel 'dmatdmatadd': Time deviation too large!!!
 Blaze kernel 'dmatdmatadd': Time deviation too large!!!
 Blaze kernel 'dmatdmatadd': Time deviation too large!!!
 Blaze kernel 'dmatdmatadd': Time deviation too large!!!
 Blaze kernel 'dmatdmatadd': Time deviation too large!!!
 Blaze kernel 'dmatdmatadd': Time deviation too large!!!
 Blaze kernel 'dmatdmatadd': Time deviation too large!!!
 Blaze kernel 'dmatdmatadd': Time deviation too large!!!
 Blaze kernel 'dmatdmatadd': Time deviation too large!!!
 Blaze kernel 'dmatdmatadd': Time deviation too large!!!
dmatdmatadd benchmark for hpx finished for 16 threads
fatal: '/home/sshirzad/src/blaze_shahrzad/blazemark/params/dmatdmatadd.prm' is outside repository
