dmatdmatmult
hpx
benchmark dmatdmatmult for hpx runtime created
dmatdmatmult benchmark for hpx finished for 1 threads on Gabriel branch
dmatdmatmult benchmark for hpx finished for 4 threads on Gabriel branch
dmatdmatmult benchmark for hpx finished for 8 threads on Gabriel branch
dmatdmatmult benchmark for hpx finished for 12 threads on Gabriel branch
 Blaze kernel 'dmatdmatmult': Time deviation too large!!!
 Blaze kernel 'dmatdmatmult': Time deviation too large!!!
 Blaze kernel 'dmatdmatmult': Time deviation too large!!!
dmatdmatmult benchmark for hpx finished for 16 threads on Gabriel branch
fatal: '/home/sshirzad/src/blaze_shahrzad/blazemark/params/dmatdmatmult.prm' is outside repository
dmattdmatmult
hpx
benchmark dmattdmatmult for hpx runtime created
dmattdmatmult benchmark for hpx finished for 1 threads on Gabriel branch
dmattdmatmult benchmark for hpx finished for 4 threads on Gabriel branch
dmattdmatmult benchmark for hpx finished for 8 threads on Gabriel branch
 Blaze kernel 'dmattdmatmult': Time deviation too large!!!
 Blaze kernel 'dmattdmatmult': Time deviation too large!!!
dmattdmatmult benchmark for hpx finished for 12 threads on Gabriel branch
 Blaze kernel 'dmattdmatmult': Time deviation too large!!!
 Blaze kernel 'dmattdmatmult': Time deviation too large!!!
 Blaze kernel 'dmattdmatmult': Time deviation too large!!!
 Blaze kernel 'dmattdmatmult': Time deviation too large!!!
dmattdmatmult benchmark for hpx finished for 16 threads on Gabriel branch
fatal: '/home/sshirzad/src/blaze_shahrzad/blazemark/params/dmattdmatmult.prm' is outside repository
dmatdmatadd
hpx
benchmark dmatdmatadd for hpx runtime created
dmatdmatadd benchmark for hpx finished for 1 threads on Gabriel branch
dmatdmatadd benchmark for hpx finished for 4 threads on Gabriel branch
dmatdmatadd benchmark for hpx finished for 8 threads on Gabriel branch
dmatdmatadd benchmark for hpx finished for 12 threads on Gabriel branch
dmatdmatadd benchmark for hpx finished for 16 threads on Gabriel branch
fatal: '/home/sshirzad/src/blaze_shahrzad/blazemark/params/dmatdmatadd.prm' is outside repository
dmattdmatadd
hpx
benchmark dmattdmatadd for hpx runtime created
dmattdmatadd benchmark for hpx finished for 1 threads on Gabriel branch
dmattdmatadd benchmark for hpx finished for 4 threads on Gabriel branch
dmattdmatadd benchmark for hpx finished for 8 threads on Gabriel branch
dmattdmatadd benchmark for hpx finished for 12 threads on Gabriel branch
dmattdmatadd benchmark for hpx finished for 16 threads on Gabriel branch
fatal: '/home/sshirzad/src/blaze_shahrzad/blazemark/params/dmattdmatadd.prm' is outside repository
dmatdvecmult
hpx
benchmark dmatdvecmult for hpx runtime created
dmatdvecmult benchmark for hpx finished for 1 threads on Gabriel branch
dmatdvecmult benchmark for hpx finished for 4 threads on Gabriel branch
 Blaze kernel 'dmatdvecmult': Time deviation too large!!!
 Blaze kernel 'dmatdvecmult': Time deviation too large!!!
dmatdvecmult benchmark for hpx finished for 8 threads on Gabriel branch
dmatdvecmult benchmark for hpx finished for 12 threads on Gabriel branch
dmatdvecmult benchmark for hpx finished for 16 threads on Gabriel branch
fatal: '/home/sshirzad/src/blaze_shahrzad/blazemark/params/dmatdvecmult.prm' is outside repository
