blaze_id:blaze_gabriel/blaze 
branch:hpx_backend_ML_Blaze3.4 
node:marvin 
benchmarks:all
dmatdmatmult
hpx
benchmark dmatdmatmult for hpx runtime created
dmatdmatmult benchmark for hpx finished for 1 threads on hpx_backend_ML_Blaze3.4 branch
dmatdmatmult benchmark for hpx finished for 4 threads on hpx_backend_ML_Blaze3.4 branch
dmatdmatmult benchmark for hpx finished for 8 threads on hpx_backend_ML_Blaze3.4 branch
dmatdmatmult benchmark for hpx finished for 12 threads on hpx_backend_ML_Blaze3.4 branch
dmatdmatmult benchmark for hpx finished for 16 threads on hpx_backend_ML_Blaze3.4 branch
dmattdmatmult
hpx
benchmark dmattdmatmult for hpx runtime created
dmattdmatmult benchmark for hpx finished for 1 threads on hpx_backend_ML_Blaze3.4 branch
dmattdmatmult benchmark for hpx finished for 4 threads on hpx_backend_ML_Blaze3.4 branch
dmattdmatmult benchmark for hpx finished for 8 threads on hpx_backend_ML_Blaze3.4 branch
dmattdmatmult benchmark for hpx finished for 12 threads on hpx_backend_ML_Blaze3.4 branch
dmattdmatmult benchmark for hpx finished for 16 threads on hpx_backend_ML_Blaze3.4 branch
dmatdmatadd
hpx
benchmark dmatdmatadd for hpx runtime created
dmatdmatadd benchmark for hpx finished for 1 threads on hpx_backend_ML_Blaze3.4 branch
dmatdmatadd benchmark for hpx finished for 4 threads on hpx_backend_ML_Blaze3.4 branch
dmatdmatadd benchmark for hpx finished for 8 threads on hpx_backend_ML_Blaze3.4 branch
dmatdmatadd benchmark for hpx finished for 12 threads on hpx_backend_ML_Blaze3.4 branch
dmatdmatadd benchmark for hpx finished for 16 threads on hpx_backend_ML_Blaze3.4 branch
dmattdmatadd
hpx
benchmark dmattdmatadd for hpx runtime created
dmattdmatadd benchmark for hpx finished for 1 threads on hpx_backend_ML_Blaze3.4 branch
dmattdmatadd benchmark for hpx finished for 4 threads on hpx_backend_ML_Blaze3.4 branch
dmattdmatadd benchmark for hpx finished for 8 threads on hpx_backend_ML_Blaze3.4 branch
dmattdmatadd benchmark for hpx finished for 12 threads on hpx_backend_ML_Blaze3.4 branch
dmattdmatadd benchmark for hpx finished for 16 threads on hpx_backend_ML_Blaze3.4 branch
dmatdvecmult
hpx
benchmark dmatdvecmult for hpx runtime created
dmatdvecmult benchmark for hpx finished for 1 threads on hpx_backend_ML_Blaze3.4 branch
dmatdvecmult benchmark for hpx finished for 4 threads on hpx_backend_ML_Blaze3.4 branch
dmatdvecmult benchmark for hpx finished for 8 threads on hpx_backend_ML_Blaze3.4 branch
dmatdvecmult benchmark for hpx finished for 12 threads on hpx_backend_ML_Blaze3.4 branch
dmatdvecmult benchmark for hpx finished for 16 threads on hpx_backend_ML_Blaze3.4 branch
