 idle   marvin_old 0

Inactive Modules:
  1) boost/1.73.0-release     2) papi     3) pmix     4) python

The following have been reloaded with a version change:
  1) clang/9.0.1 => clang/6.0.1     2) hwloc/2.2.0 => hwloc/2.1.0


Activating Modules:
  1) boost/1.68.0-clang6-release

split type:idle
automatic steps
Running on marvin_old
Updated 1 path from the index
BLAZE_SPLIT_ADAPTIVE changed from 1 to 0
BLAZE_HPX_SPLIT_TYPE_IDLE changed from 1 to 1
BLAZE_HPX_MATRIX_BLOCK_SIZE_ROW changed from 4 to 4
BLAZE_HPX_MATRIX_BLOCK_SIZE_COLUMN changed from 256 to 256
matrix size: 200 num_chunks: 50
dmatdmatadd
hpx
marvin_old
benchmark dmatdmatadd for hpx runtime created on node marvin_old
block size row: 4
block size col: 256
there
dmatdmatadd benchmark for hpx finished for 1 threads, chunk size , block_size row: 4 col:256 matrix size: 200
there
dmatdmatadd benchmark for hpx finished for 2 threads, chunk size , block_size row: 4 col:256 matrix size: 200
there
dmatdmatadd benchmark for hpx finished for 3 threads, chunk size , block_size row: 4 col:256 matrix size: 200
there
dmatdmatadd benchmark for hpx finished for 4 threads, chunk size , block_size row: 4 col:256 matrix size: 200
there
dmatdmatadd benchmark for hpx finished for 5 threads, chunk size , block_size row: 4 col:256 matrix size: 200
there
dmatdmatadd benchmark for hpx finished for 6 threads, chunk size , block_size row: 4 col:256 matrix size: 200
there
dmatdmatadd benchmark for hpx finished for 7 threads, chunk size , block_size row: 4 col:256 matrix size: 200
there
dmatdmatadd benchmark for hpx finished for 8 threads, chunk size , block_size row: 4 col:256 matrix size: 200
matrix size: 230 num_chunks: 58
dmatdmatadd
hpx
marvin_old
benchmark dmatdmatadd for hpx runtime created on node marvin_old
block size row: 4
block size col: 256
there
dmatdmatadd benchmark for hpx finished for 1 threads, chunk size , block_size row: 4 col:256 matrix size: 230
there
dmatdmatadd benchmark for hpx finished for 2 threads, chunk size , block_size row: 4 col:256 matrix size: 230
there
dmatdmatadd benchmark for hpx finished for 3 threads, chunk size , block_size row: 4 col:256 matrix size: 230
there
dmatdmatadd benchmark for hpx finished for 4 threads, chunk size , block_size row: 4 col:256 matrix size: 230
there
dmatdmatadd benchmark for hpx finished for 5 threads, chunk size , block_size row: 4 col:256 matrix size: 230
there
dmatdmatadd benchmark for hpx finished for 6 threads, chunk size , block_size row: 4 col:256 matrix size: 230
there
dmatdmatadd benchmark for hpx finished for 7 threads, chunk size , block_size row: 4 col:256 matrix size: 230
there
dmatdmatadd benchmark for hpx finished for 8 threads, chunk size , block_size row: 4 col:256 matrix size: 230
matrix size: 264 num_chunks: 132
dmatdmatadd
hpx
marvin_old
benchmark dmatdmatadd for hpx runtime created on node marvin_old
block size row: 4
block size col: 256
there
dmatdmatadd benchmark for hpx finished for 1 threads, chunk size , block_size row: 4 col:256 matrix size: 264
there
dmatdmatadd benchmark for hpx finished for 2 threads, chunk size , block_size row: 4 col:256 matrix size: 264
there
dmatdmatadd benchmark for hpx finished for 3 threads, chunk size , block_size row: 4 col:256 matrix size: 264
there
dmatdmatadd benchmark for hpx finished for 4 threads, chunk size , block_size row: 4 col:256 matrix size: 264
there
dmatdmatadd benchmark for hpx finished for 5 threads, chunk size , block_size row: 4 col:256 matrix size: 264
there
dmatdmatadd benchmark for hpx finished for 6 threads, chunk size , block_size row: 4 col:256 matrix size: 264
there
dmatdmatadd benchmark for hpx finished for 7 threads, chunk size , block_size row: 4 col:256 matrix size: 264
there
dmatdmatadd benchmark for hpx finished for 8 threads, chunk size , block_size row: 4 col:256 matrix size: 264
matrix size: 300 num_chunks: 150
dmatdmatadd
hpx
marvin_old
benchmark dmatdmatadd for hpx runtime created on node marvin_old
block size row: 4
block size col: 256
there
dmatdmatadd benchmark for hpx finished for 1 threads, chunk size , block_size row: 4 col:256 matrix size: 300
there
dmatdmatadd benchmark for hpx finished for 2 threads, chunk size , block_size row: 4 col:256 matrix size: 300
there
dmatdmatadd benchmark for hpx finished for 3 threads, chunk size , block_size row: 4 col:256 matrix size: 300
there
dmatdmatadd benchmark for hpx finished for 4 threads, chunk size , block_size row: 4 col:256 matrix size: 300
there
dmatdmatadd benchmark for hpx finished for 5 threads, chunk size , block_size row: 4 col:256 matrix size: 300
there
dmatdmatadd benchmark for hpx finished for 6 threads, chunk size , block_size row: 4 col:256 matrix size: 300
there
dmatdmatadd benchmark for hpx finished for 7 threads, chunk size , block_size row: 4 col:256 matrix size: 300
there
dmatdmatadd benchmark for hpx finished for 8 threads, chunk size , block_size row: 4 col:256 matrix size: 300
matrix size: 345 num_chunks: 174
dmatdmatadd
hpx
marvin_old
benchmark dmatdmatadd for hpx runtime created on node marvin_old
block size row: 4
block size col: 256
there
dmatdmatadd benchmark for hpx finished for 1 threads, chunk size , block_size row: 4 col:256 matrix size: 345
there
dmatdmatadd benchmark for hpx finished for 2 threads, chunk size , block_size row: 4 col:256 matrix size: 345
there
dmatdmatadd benchmark for hpx finished for 3 threads, chunk size , block_size row: 4 col:256 matrix size: 345
there
dmatdmatadd benchmark for hpx finished for 4 threads, chunk size , block_size row: 4 col:256 matrix size: 345
there
dmatdmatadd benchmark for hpx finished for 5 threads, chunk size , block_size row: 4 col:256 matrix size: 345
there
dmatdmatadd benchmark for hpx finished for 6 threads, chunk size , block_size row: 4 col:256 matrix size: 345
there
dmatdmatadd benchmark for hpx finished for 7 threads, chunk size , block_size row: 4 col:256 matrix size: 345
there
dmatdmatadd benchmark for hpx finished for 8 threads, chunk size , block_size row: 4 col:256 matrix size: 345
matrix size: 396 num_chunks: 198
dmatdmatadd
hpx
marvin_old
benchmark dmatdmatadd for hpx runtime created on node marvin_old
block size row: 4
block size col: 256
there
dmatdmatadd benchmark for hpx finished for 1 threads, chunk size , block_size row: 4 col:256 matrix size: 396
there
dmatdmatadd benchmark for hpx finished for 2 threads, chunk size , block_size row: 4 col:256 matrix size: 396
there
dmatdmatadd benchmark for hpx finished for 3 threads, chunk size , block_size row: 4 col:256 matrix size: 396
there
dmatdmatadd benchmark for hpx finished for 4 threads, chunk size , block_size row: 4 col:256 matrix size: 396
there
dmatdmatadd benchmark for hpx finished for 5 threads, chunk size , block_size row: 4 col:256 matrix size: 396
there
dmatdmatadd benchmark for hpx finished for 6 threads, chunk size , block_size row: 4 col:256 matrix size: 396
there
dmatdmatadd benchmark for hpx finished for 7 threads, chunk size , block_size row: 4 col:256 matrix size: 396
there
dmatdmatadd benchmark for hpx finished for 8 threads, chunk size , block_size row: 4 col:256 matrix size: 396
matrix size: 455 num_chunks: 228
dmatdmatadd
hpx
marvin_old
benchmark dmatdmatadd for hpx runtime created on node marvin_old
block size row: 4
block size col: 256
there
dmatdmatadd benchmark for hpx finished for 1 threads, chunk size , block_size row: 4 col:256 matrix size: 455
there
dmatdmatadd benchmark for hpx finished for 2 threads, chunk size , block_size row: 4 col:256 matrix size: 455
there
dmatdmatadd benchmark for hpx finished for 3 threads, chunk size , block_size row: 4 col:256 matrix size: 455
there
dmatdmatadd benchmark for hpx finished for 4 threads, chunk size , block_size row: 4 col:256 matrix size: 455
there
dmatdmatadd benchmark for hpx finished for 5 threads, chunk size , block_size row: 4 col:256 matrix size: 455
there
dmatdmatadd benchmark for hpx finished for 6 threads, chunk size , block_size row: 4 col:256 matrix size: 455
there
dmatdmatadd benchmark for hpx finished for 7 threads, chunk size , block_size row: 4 col:256 matrix size: 455
there
dmatdmatadd benchmark for hpx finished for 8 threads, chunk size , block_size row: 4 col:256 matrix size: 455
matrix size: 523 num_chunks: 393
dmatdmatadd
hpx
marvin_old
benchmark dmatdmatadd for hpx runtime created on node marvin_old
block size row: 4
block size col: 256
there
dmatdmatadd benchmark for hpx finished for 1 threads, chunk size , block_size row: 4 col:256 matrix size: 523
there
dmatdmatadd benchmark for hpx finished for 2 threads, chunk size , block_size row: 4 col:256 matrix size: 523
there
dmatdmatadd benchmark for hpx finished for 3 threads, chunk size , block_size row: 4 col:256 matrix size: 523
there
dmatdmatadd benchmark for hpx finished for 4 threads, chunk size , block_size row: 4 col:256 matrix size: 523
there
dmatdmatadd benchmark for hpx finished for 5 threads, chunk size , block_size row: 4 col:256 matrix size: 523
there
dmatdmatadd benchmark for hpx finished for 6 threads, chunk size , block_size row: 4 col:256 matrix size: 523
there
dmatdmatadd benchmark for hpx finished for 7 threads, chunk size , block_size row: 4 col:256 matrix size: 523
there
dmatdmatadd benchmark for hpx finished for 8 threads, chunk size , block_size row: 4 col:256 matrix size: 523
matrix size: 600 num_chunks: 450
dmatdmatadd
hpx
marvin_old
benchmark dmatdmatadd for hpx runtime created on node marvin_old
block size row: 4
block size col: 256
there
dmatdmatadd benchmark for hpx finished for 1 threads, chunk size , block_size row: 4 col:256 matrix size: 600
there
dmatdmatadd benchmark for hpx finished for 2 threads, chunk size , block_size row: 4 col:256 matrix size: 600
there
dmatdmatadd benchmark for hpx finished for 3 threads, chunk size , block_size row: 4 col:256 matrix size: 600
there
dmatdmatadd benchmark for hpx finished for 4 threads, chunk size , block_size row: 4 col:256 matrix size: 600
there
dmatdmatadd benchmark for hpx finished for 5 threads, chunk size , block_size row: 4 col:256 matrix size: 600
there
dmatdmatadd benchmark for hpx finished for 6 threads, chunk size , block_size row: 4 col:256 matrix size: 600
there
dmatdmatadd benchmark for hpx finished for 7 threads, chunk size , block_size row: 4 col:256 matrix size: 600
there
dmatdmatadd benchmark for hpx finished for 8 threads, chunk size , block_size row: 4 col:256 matrix size: 600
matrix size: 690 num_chunks: 519
dmatdmatadd
hpx
marvin_old
benchmark dmatdmatadd for hpx runtime created on node marvin_old
block size row: 4
block size col: 256
there
dmatdmatadd benchmark for hpx finished for 1 threads, chunk size , block_size row: 4 col:256 matrix size: 690
there
dmatdmatadd benchmark for hpx finished for 2 threads, chunk size , block_size row: 4 col:256 matrix size: 690
there
dmatdmatadd benchmark for hpx finished for 3 threads, chunk size , block_size row: 4 col:256 matrix size: 690
there
dmatdmatadd benchmark for hpx finished for 4 threads, chunk size , block_size row: 4 col:256 matrix size: 690
there
dmatdmatadd benchmark for hpx finished for 5 threads, chunk size , block_size row: 4 col:256 matrix size: 690
there
dmatdmatadd benchmark for hpx finished for 6 threads, chunk size , block_size row: 4 col:256 matrix size: 690
there
dmatdmatadd benchmark for hpx finished for 7 threads, chunk size , block_size row: 4 col:256 matrix size: 690
there
dmatdmatadd benchmark for hpx finished for 8 threads, chunk size , block_size row: 4 col:256 matrix size: 690
matrix size: 793 num_chunks: 796
dmatdmatadd
hpx
marvin_old
benchmark dmatdmatadd for hpx runtime created on node marvin_old
block size row: 4
block size col: 256
there
dmatdmatadd benchmark for hpx finished for 1 threads, chunk size , block_size row: 4 col:256 matrix size: 793
there
dmatdmatadd benchmark for hpx finished for 2 threads, chunk size , block_size row: 4 col:256 matrix size: 793
there
dmatdmatadd benchmark for hpx finished for 3 threads, chunk size , block_size row: 4 col:256 matrix size: 793
there
dmatdmatadd benchmark for hpx finished for 4 threads, chunk size , block_size row: 4 col:256 matrix size: 793
there
dmatdmatadd benchmark for hpx finished for 5 threads, chunk size , block_size row: 4 col:256 matrix size: 793
there
dmatdmatadd benchmark for hpx finished for 6 threads, chunk size , block_size row: 4 col:256 matrix size: 793
there
dmatdmatadd benchmark for hpx finished for 7 threads, chunk size , block_size row: 4 col:256 matrix size: 793
there
dmatdmatadd benchmark for hpx finished for 8 threads, chunk size , block_size row: 4 col:256 matrix size: 793
matrix size: 912 num_chunks: 912
dmatdmatadd
hpx
marvin_old
benchmark dmatdmatadd for hpx runtime created on node marvin_old
block size row: 4
block size col: 256
there
dmatdmatadd benchmark for hpx finished for 1 threads, chunk size , block_size row: 4 col:256 matrix size: 912
there
dmatdmatadd benchmark for hpx finished for 2 threads, chunk size , block_size row: 4 col:256 matrix size: 912
there
dmatdmatadd benchmark for hpx finished for 3 threads, chunk size , block_size row: 4 col:256 matrix size: 912
there
dmatdmatadd benchmark for hpx finished for 4 threads, chunk size , block_size row: 4 col:256 matrix size: 912
there
dmatdmatadd benchmark for hpx finished for 5 threads, chunk size , block_size row: 4 col:256 matrix size: 912
there
 Blaze kernel 'dmatdmatadd': Time deviation too large!!!
dmatdmatadd benchmark for hpx finished for 6 threads, chunk size , block_size row: 4 col:256 matrix size: 912
there
dmatdmatadd benchmark for hpx finished for 7 threads, chunk size , block_size row: 4 col:256 matrix size: 912
there
 Blaze kernel 'dmatdmatadd': Time deviation too large!!!
dmatdmatadd benchmark for hpx finished for 8 threads, chunk size , block_size row: 4 col:256 matrix size: 912
matrix size: 1048 num_chunks: 1310
dmatdmatadd
hpx
marvin_old
benchmark dmatdmatadd for hpx runtime created on node marvin_old
block size row: 4
block size col: 256
there
dmatdmatadd benchmark for hpx finished for 1 threads, chunk size , block_size row: 4 col:256 matrix size: 1048
there
dmatdmatadd benchmark for hpx finished for 2 threads, chunk size , block_size row: 4 col:256 matrix size: 1048
there
dmatdmatadd benchmark for hpx finished for 3 threads, chunk size , block_size row: 4 col:256 matrix size: 1048
there
dmatdmatadd benchmark for hpx finished for 4 threads, chunk size , block_size row: 4 col:256 matrix size: 1048
there
dmatdmatadd benchmark for hpx finished for 5 threads, chunk size , block_size row: 4 col:256 matrix size: 1048
there
dmatdmatadd benchmark for hpx finished for 6 threads, chunk size , block_size row: 4 col:256 matrix size: 1048
there
dmatdmatadd benchmark for hpx finished for 7 threads, chunk size , block_size row: 4 col:256 matrix size: 1048
there
dmatdmatadd benchmark for hpx finished for 8 threads, chunk size , block_size row: 4 col:256 matrix size: 1048
matrix size: 1200 num_chunks: 1500
dmatdmatadd
hpx
marvin_old
benchmark dmatdmatadd for hpx runtime created on node marvin_old
block size row: 4
block size col: 256
there
dmatdmatadd benchmark for hpx finished for 1 threads, chunk size , block_size row: 4 col:256 matrix size: 1200
there
dmatdmatadd benchmark for hpx finished for 2 threads, chunk size , block_size row: 4 col:256 matrix size: 1200
there
dmatdmatadd benchmark for hpx finished for 3 threads, chunk size , block_size row: 4 col:256 matrix size: 1200
there
dmatdmatadd benchmark for hpx finished for 4 threads, chunk size , block_size row: 4 col:256 matrix size: 1200
there
dmatdmatadd benchmark for hpx finished for 5 threads, chunk size , block_size row: 4 col:256 matrix size: 1200
there
dmatdmatadd benchmark for hpx finished for 6 threads, chunk size , block_size row: 4 col:256 matrix size: 1200
there
dmatdmatadd benchmark for hpx finished for 7 threads, chunk size , block_size row: 4 col:256 matrix size: 1200
there
dmatdmatadd benchmark for hpx finished for 8 threads, chunk size , block_size row: 4 col:256 matrix size: 1200
matrix size: 1380 num_chunks: 2070
dmatdmatadd
hpx
marvin_old
benchmark dmatdmatadd for hpx runtime created on node marvin_old
block size row: 4
block size col: 256
there
dmatdmatadd benchmark for hpx finished for 1 threads, chunk size , block_size row: 4 col:256 matrix size: 1380
there
dmatdmatadd benchmark for hpx finished for 2 threads, chunk size , block_size row: 4 col:256 matrix size: 1380
there
dmatdmatadd benchmark for hpx finished for 3 threads, chunk size , block_size row: 4 col:256 matrix size: 1380
there
dmatdmatadd benchmark for hpx finished for 4 threads, chunk size , block_size row: 4 col:256 matrix size: 1380
there
dmatdmatadd benchmark for hpx finished for 5 threads, chunk size , block_size row: 4 col:256 matrix size: 1380
there
dmatdmatadd benchmark for hpx finished for 6 threads, chunk size , block_size row: 4 col:256 matrix size: 1380
there
dmatdmatadd benchmark for hpx finished for 7 threads, chunk size , block_size row: 4 col:256 matrix size: 1380
there
dmatdmatadd benchmark for hpx finished for 8 threads, chunk size , block_size row: 4 col:256 matrix size: 1380
matrix size: 1587 num_chunks: 2779
dmatdmatadd
hpx
marvin_old
benchmark dmatdmatadd for hpx runtime created on node marvin_old
block size row: 4
block size col: 256
there
dmatdmatadd benchmark for hpx finished for 1 threads, chunk size , block_size row: 4 col:256 matrix size: 1587
there
dmatdmatadd benchmark for hpx finished for 2 threads, chunk size , block_size row: 4 col:256 matrix size: 1587
there
dmatdmatadd benchmark for hpx finished for 3 threads, chunk size , block_size row: 4 col:256 matrix size: 1587
there
dmatdmatadd benchmark for hpx finished for 4 threads, chunk size , block_size row: 4 col:256 matrix size: 1587
there
dmatdmatadd benchmark for hpx finished for 5 threads, chunk size , block_size row: 4 col:256 matrix size: 1587
there
dmatdmatadd benchmark for hpx finished for 6 threads, chunk size , block_size row: 4 col:256 matrix size: 1587
there
dmatdmatadd benchmark for hpx finished for 7 threads, chunk size , block_size row: 4 col:256 matrix size: 1587
there
dmatdmatadd benchmark for hpx finished for 8 threads, chunk size , block_size row: 4 col:256 matrix size: 1587
matrix size: 1825 num_chunks: 3656
dmatdmatadd
hpx
marvin_old
benchmark dmatdmatadd for hpx runtime created on node marvin_old
block size row: 4
block size col: 256
there
dmatdmatadd benchmark for hpx finished for 1 threads, chunk size , block_size row: 4 col:256 matrix size: 1825
there
dmatdmatadd benchmark for hpx finished for 2 threads, chunk size , block_size row: 4 col:256 matrix size: 1825
there
dmatdmatadd benchmark for hpx finished for 3 threads, chunk size , block_size row: 4 col:256 matrix size: 1825
there
dmatdmatadd benchmark for hpx finished for 4 threads, chunk size , block_size row: 4 col:256 matrix size: 1825
there
dmatdmatadd benchmark for hpx finished for 5 threads, chunk size , block_size row: 4 col:256 matrix size: 1825
there
dmatdmatadd benchmark for hpx finished for 6 threads, chunk size , block_size row: 4 col:256 matrix size: 1825
there
dmatdmatadd benchmark for hpx finished for 7 threads, chunk size , block_size row: 4 col:256 matrix size: 1825
there
dmatdmatadd benchmark for hpx finished for 8 threads, chunk size , block_size row: 4 col:256 matrix size: 1825
matrix size: 2100 num_chunks: 4725
dmatdmatadd
hpx
marvin_old
benchmark dmatdmatadd for hpx runtime created on node marvin_old
block size row: 4
block size col: 256
there
dmatdmatadd benchmark for hpx finished for 1 threads, chunk size , block_size row: 4 col:256 matrix size: 2100
there
dmatdmatadd benchmark for hpx finished for 2 threads, chunk size , block_size row: 4 col:256 matrix size: 2100
there
dmatdmatadd benchmark for hpx finished for 3 threads, chunk size , block_size row: 4 col:256 matrix size: 2100
there
dmatdmatadd benchmark for hpx finished for 4 threads, chunk size , block_size row: 4 col:256 matrix size: 2100
there
dmatdmatadd benchmark for hpx finished for 5 threads, chunk size , block_size row: 4 col:256 matrix size: 2100
there
dmatdmatadd benchmark for hpx finished for 6 threads, chunk size , block_size row: 4 col:256 matrix size: 2100
there
dmatdmatadd benchmark for hpx finished for 7 threads, chunk size , block_size row: 4 col:256 matrix size: 2100
there
dmatdmatadd benchmark for hpx finished for 8 threads, chunk size , block_size row: 4 col:256 matrix size: 2100
matrix size: 2415 num_chunks: 6040
dmatdmatadd
hpx
marvin_old
benchmark dmatdmatadd for hpx runtime created on node marvin_old
block size row: 4
block size col: 256
there
dmatdmatadd benchmark for hpx finished for 1 threads, chunk size , block_size row: 4 col:256 matrix size: 2415
there
dmatdmatadd benchmark for hpx finished for 2 threads, chunk size , block_size row: 4 col:256 matrix size: 2415
there
dmatdmatadd benchmark for hpx finished for 3 threads, chunk size , block_size row: 4 col:256 matrix size: 2415
there
dmatdmatadd benchmark for hpx finished for 4 threads, chunk size , block_size row: 4 col:256 matrix size: 2415
there
dmatdmatadd benchmark for hpx finished for 5 threads, chunk size , block_size row: 4 col:256 matrix size: 2415
there
dmatdmatadd benchmark for hpx finished for 6 threads, chunk size , block_size row: 4 col:256 matrix size: 2415
there
dmatdmatadd benchmark for hpx finished for 7 threads, chunk size , block_size row: 4 col:256 matrix size: 2415
there
dmatdmatadd benchmark for hpx finished for 8 threads, chunk size , block_size row: 4 col:256 matrix size: 2415
matrix size: 2777 num_chunks: 7645
dmatdmatadd
hpx
marvin_old
benchmark dmatdmatadd for hpx runtime created on node marvin_old
block size row: 4
block size col: 256
there
dmatdmatadd benchmark for hpx finished for 1 threads, chunk size , block_size row: 4 col:256 matrix size: 2777
there
dmatdmatadd benchmark for hpx finished for 2 threads, chunk size , block_size row: 4 col:256 matrix size: 2777
there
dmatdmatadd benchmark for hpx finished for 3 threads, chunk size , block_size row: 4 col:256 matrix size: 2777
there
dmatdmatadd benchmark for hpx finished for 4 threads, chunk size , block_size row: 4 col:256 matrix size: 2777
there
dmatdmatadd benchmark for hpx finished for 5 threads, chunk size , block_size row: 4 col:256 matrix size: 2777
there
dmatdmatadd benchmark for hpx finished for 6 threads, chunk size , block_size row: 4 col:256 matrix size: 2777
there
dmatdmatadd benchmark for hpx finished for 7 threads, chunk size , block_size row: 4 col:256 matrix size: 2777
there
dmatdmatadd benchmark for hpx finished for 8 threads, chunk size , block_size row: 4 col:256 matrix size: 2777
matrix size: 3193 num_chunks: 10387
dmatdmatadd
hpx
marvin_old
benchmark dmatdmatadd for hpx runtime created on node marvin_old
block size row: 4
block size col: 256
there
dmatdmatadd benchmark for hpx finished for 1 threads, chunk size , block_size row: 4 col:256 matrix size: 3193
there
dmatdmatadd benchmark for hpx finished for 2 threads, chunk size , block_size row: 4 col:256 matrix size: 3193
there
dmatdmatadd benchmark for hpx finished for 3 threads, chunk size , block_size row: 4 col:256 matrix size: 3193
there
dmatdmatadd benchmark for hpx finished for 4 threads, chunk size , block_size row: 4 col:256 matrix size: 3193
there
dmatdmatadd benchmark for hpx finished for 5 threads, chunk size , block_size row: 4 col:256 matrix size: 3193
there
dmatdmatadd benchmark for hpx finished for 6 threads, chunk size , block_size row: 4 col:256 matrix size: 3193
there
dmatdmatadd benchmark for hpx finished for 7 threads, chunk size , block_size row: 4 col:256 matrix size: 3193
there
dmatdmatadd benchmark for hpx finished for 8 threads, chunk size , block_size row: 4 col:256 matrix size: 3193
matrix size: 3672 num_chunks: 13770
dmatdmatadd
hpx
marvin_old
benchmark dmatdmatadd for hpx runtime created on node marvin_old
block size row: 4
block size col: 256
there
dmatdmatadd benchmark for hpx finished for 1 threads, chunk size , block_size row: 4 col:256 matrix size: 3672
there
dmatdmatadd benchmark for hpx finished for 2 threads, chunk size , block_size row: 4 col:256 matrix size: 3672
there
dmatdmatadd benchmark for hpx finished for 3 threads, chunk size , block_size row: 4 col:256 matrix size: 3672
there
dmatdmatadd benchmark for hpx finished for 4 threads, chunk size , block_size row: 4 col:256 matrix size: 3672
there
dmatdmatadd benchmark for hpx finished for 5 threads, chunk size , block_size row: 4 col:256 matrix size: 3672
there
dmatdmatadd benchmark for hpx finished for 6 threads, chunk size , block_size row: 4 col:256 matrix size: 3672
there
dmatdmatadd benchmark for hpx finished for 7 threads, chunk size , block_size row: 4 col:256 matrix size: 3672
there
dmatdmatadd benchmark for hpx finished for 8 threads, chunk size , block_size row: 4 col:256 matrix size: 3672
matrix size: 4222 num_chunks: 17952
dmatdmatadd
hpx
marvin_old
benchmark dmatdmatadd for hpx runtime created on node marvin_old
block size row: 4
block size col: 256
there
dmatdmatadd benchmark for hpx finished for 1 threads, chunk size , block_size row: 4 col:256 matrix size: 4222
there
dmatdmatadd benchmark for hpx finished for 2 threads, chunk size , block_size row: 4 col:256 matrix size: 4222
there
dmatdmatadd benchmark for hpx finished for 3 threads, chunk size , block_size row: 4 col:256 matrix size: 4222
there
dmatdmatadd benchmark for hpx finished for 4 threads, chunk size , block_size row: 4 col:256 matrix size: 4222
there
dmatdmatadd benchmark for hpx finished for 5 threads, chunk size , block_size row: 4 col:256 matrix size: 4222
there
dmatdmatadd benchmark for hpx finished for 6 threads, chunk size , block_size row: 4 col:256 matrix size: 4222
there
dmatdmatadd benchmark for hpx finished for 7 threads, chunk size , block_size row: 4 col:256 matrix size: 4222
there
dmatdmatadd benchmark for hpx finished for 8 threads, chunk size , block_size row: 4 col:256 matrix size: 4222
matrix size: 4855 num_chunks: 23066
dmatdmatadd
hpx
marvin_old
benchmark dmatdmatadd for hpx runtime created on node marvin_old
block size row: 4
block size col: 256
there
dmatdmatadd benchmark for hpx finished for 1 threads, chunk size , block_size row: 4 col:256 matrix size: 4855
there
dmatdmatadd benchmark for hpx finished for 2 threads, chunk size , block_size row: 4 col:256 matrix size: 4855
there
dmatdmatadd benchmark for hpx finished for 3 threads, chunk size , block_size row: 4 col:256 matrix size: 4855
there
dmatdmatadd benchmark for hpx finished for 4 threads, chunk size , block_size row: 4 col:256 matrix size: 4855
there
dmatdmatadd benchmark for hpx finished for 5 threads, chunk size , block_size row: 4 col:256 matrix size: 4855
there
dmatdmatadd benchmark for hpx finished for 6 threads, chunk size , block_size row: 4 col:256 matrix size: 4855
there
dmatdmatadd benchmark for hpx finished for 7 threads, chunk size , block_size row: 4 col:256 matrix size: 4855
there
dmatdmatadd benchmark for hpx finished for 8 threads, chunk size , block_size row: 4 col:256 matrix size: 4855
matrix size: 5583 num_chunks: 30712
dmatdmatadd
hpx
marvin_old
benchmark dmatdmatadd for hpx runtime created on node marvin_old
block size row: 4
block size col: 256
there
dmatdmatadd benchmark for hpx finished for 1 threads, chunk size , block_size row: 4 col:256 matrix size: 5583
there
dmatdmatadd benchmark for hpx finished for 2 threads, chunk size , block_size row: 4 col:256 matrix size: 5583
there
dmatdmatadd benchmark for hpx finished for 3 threads, chunk size , block_size row: 4 col:256 matrix size: 5583
there
dmatdmatadd benchmark for hpx finished for 4 threads, chunk size , block_size row: 4 col:256 matrix size: 5583
there
dmatdmatadd benchmark for hpx finished for 5 threads, chunk size , block_size row: 4 col:256 matrix size: 5583
there
dmatdmatadd benchmark for hpx finished for 6 threads, chunk size , block_size row: 4 col:256 matrix size: 5583
there
dmatdmatadd benchmark for hpx finished for 7 threads, chunk size , block_size row: 4 col:256 matrix size: 5583
there
dmatdmatadd benchmark for hpx finished for 8 threads, chunk size , block_size row: 4 col:256 matrix size: 5583
matrix size: 6420 num_chunks: 41730
dmatdmatadd
hpx
marvin_old
benchmark dmatdmatadd for hpx runtime created on node marvin_old
block size row: 4
block size col: 256
there
dmatdmatadd benchmark for hpx finished for 1 threads, chunk size , block_size row: 4 col:256 matrix size: 6420
there
dmatdmatadd benchmark for hpx finished for 2 threads, chunk size , block_size row: 4 col:256 matrix size: 6420
there
dmatdmatadd benchmark for hpx finished for 3 threads, chunk size , block_size row: 4 col:256 matrix size: 6420
there
dmatdmatadd benchmark for hpx finished for 4 threads, chunk size , block_size row: 4 col:256 matrix size: 6420
there
dmatdmatadd benchmark for hpx finished for 5 threads, chunk size , block_size row: 4 col:256 matrix size: 6420
there
dmatdmatadd benchmark for hpx finished for 6 threads, chunk size , block_size row: 4 col:256 matrix size: 6420
there
dmatdmatadd benchmark for hpx finished for 7 threads, chunk size , block_size row: 4 col:256 matrix size: 6420
there
dmatdmatadd benchmark for hpx finished for 8 threads, chunk size , block_size row: 4 col:256 matrix size: 6420
matrix size: 7000 num_chunks: 49000
dmatdmatadd
hpx
marvin_old
benchmark dmatdmatadd for hpx runtime created on node marvin_old
block size row: 4
block size col: 256
there
dmatdmatadd benchmark for hpx finished for 1 threads, chunk size , block_size row: 4 col:256 matrix size: 7000
there
dmatdmatadd benchmark for hpx finished for 2 threads, chunk size , block_size row: 4 col:256 matrix size: 7000
there
dmatdmatadd benchmark for hpx finished for 3 threads, chunk size , block_size row: 4 col:256 matrix size: 7000
there
dmatdmatadd benchmark for hpx finished for 4 threads, chunk size , block_size row: 4 col:256 matrix size: 7000
there
dmatdmatadd benchmark for hpx finished for 5 threads, chunk size , block_size row: 4 col:256 matrix size: 7000
there
dmatdmatadd benchmark for hpx finished for 6 threads, chunk size , block_size row: 4 col:256 matrix size: 7000
there
dmatdmatadd benchmark for hpx finished for 7 threads, chunk size , block_size row: 4 col:256 matrix size: 7000
there
dmatdmatadd benchmark for hpx finished for 8 threads, chunk size , block_size row: 4 col:256 matrix size: 7000
