/var/lib/slurm/slurmd/job4013247/slurm_script: line 33: /home/sshirzad/repos/Blazemark/results/info/: Is a directory
BLAZE_HPX_MATRIX_CHUNK_SIZE changed from 10 to 10
BLAZE_HPX_MATRIX_BLOCK_SIZE_ROW changed from 1 to 1
BLAZE_HPX_MATRIX_BLOCK_SIZE_COLUMN changed from 1 to 1
benchmark dmatdmatadd for hpx runtime created
chunk size: 10
block size row: 1
block size col: 1
 Blaze kernel 'dmatdmatadd': Time deviation too large!!!
 Blaze kernel 'dmatdmatadd': Time deviation too large!!!
 Blaze kernel 'dmatdmatadd': Time deviation too large!!!
 Blaze kernel 'dmatdmatadd': Time deviation too large!!!
 Blaze kernel 'dmatdmatadd': Time deviation too large!!!
 Blaze kernel 'dmatdmatadd': Time deviation too large!!!
 Blaze kernel 'dmatdmatadd': Time deviation too large!!!
 Blaze kernel 'dmatdmatadd': Time deviation too large!!!
 Blaze kernel 'dmatdmatadd': Time deviation too large!!!
dmatdmatadd benchmark for hpx finished for 16 threads, chunk size 10, block_size row: 1 col:1 1th time
BLAZE_HPX_MATRIX_CHUNK_SIZE changed from 10 to 10
BLAZE_HPX_MATRIX_BLOCK_SIZE_ROW changed from 1 to 1
BLAZE_HPX_MATRIX_BLOCK_SIZE_COLUMN changed from 1 to 4
benchmark dmatdmatadd for hpx runtime created
chunk size: 10
block size row: 1
block size col: 4
 Blaze kernel 'dmatdmatadd': Time deviation too large!!!
 Blaze kernel 'dmatdmatadd': Time deviation too large!!!
 Blaze kernel 'dmatdmatadd': Time deviation too large!!!
 Blaze kernel 'dmatdmatadd': Time deviation too large!!!
 Blaze kernel 'dmatdmatadd': Time deviation too large!!!
 Blaze kernel 'dmatdmatadd': Time deviation too large!!!
 Blaze kernel 'dmatdmatadd': Time deviation too large!!!
 Blaze kernel 'dmatdmatadd': Time deviation too large!!!
 Blaze kernel 'dmatdmatadd': Time deviation too large!!!
dmatdmatadd benchmark for hpx finished for 16 threads, chunk size 10, block_size row: 1 col:4 1th time
BLAZE_HPX_MATRIX_CHUNK_SIZE changed from 10 to 10
BLAZE_HPX_MATRIX_BLOCK_SIZE_ROW changed from 1 to 1
BLAZE_HPX_MATRIX_BLOCK_SIZE_COLUMN changed from 4 to 8
benchmark dmatdmatadd for hpx runtime created
chunk size: 10
block size row: 1
block size col: 8
 Blaze kernel 'dmatdmatadd': Time deviation too large!!!
 Blaze kernel 'dmatdmatadd': Time deviation too large!!!
 Blaze kernel 'dmatdmatadd': Time deviation too large!!!
 Blaze kernel 'dmatdmatadd': Time deviation too large!!!
 Blaze kernel 'dmatdmatadd': Time deviation too large!!!
 Blaze kernel 'dmatdmatadd': Time deviation too large!!!
dmatdmatadd benchmark for hpx finished for 16 threads, chunk size 10, block_size row: 1 col:8 1th time
BLAZE_HPX_MATRIX_CHUNK_SIZE changed from 10 to 10
BLAZE_HPX_MATRIX_BLOCK_SIZE_ROW changed from 1 to 1
BLAZE_HPX_MATRIX_BLOCK_SIZE_COLUMN changed from 8 to 16
benchmark dmatdmatadd for hpx runtime created
chunk size: 10
block size row: 1
block size col: 16
 Blaze kernel 'dmatdmatadd': Time deviation too large!!!
 Blaze kernel 'dmatdmatadd': Time deviation too large!!!
 Blaze kernel 'dmatdmatadd': Time deviation too large!!!
 Blaze kernel 'dmatdmatadd': Time deviation too large!!!
 Blaze kernel 'dmatdmatadd': Time deviation too large!!!
 Blaze kernel 'dmatdmatadd': Time deviation too large!!!
 Blaze kernel 'dmatdmatadd': Time deviation too large!!!
 Blaze kernel 'dmatdmatadd': Time deviation too large!!!
 Blaze kernel 'dmatdmatadd': Time deviation too large!!!
 Blaze kernel 'dmatdmatadd': Time deviation too large!!!
dmatdmatadd benchmark for hpx finished for 16 threads, chunk size 10, block_size row: 1 col:16 1th time
BLAZE_HPX_MATRIX_CHUNK_SIZE changed from 10 to 10
BLAZE_HPX_MATRIX_BLOCK_SIZE_ROW changed from 1 to 1
BLAZE_HPX_MATRIX_BLOCK_SIZE_COLUMN changed from 16 to 32
benchmark dmatdmatadd for hpx runtime created
chunk size: 10
block size row: 1
block size col: 32
 Blaze kernel 'dmatdmatadd': Time deviation too large!!!
 Blaze kernel 'dmatdmatadd': Time deviation too large!!!
 Blaze kernel 'dmatdmatadd': Time deviation too large!!!
 Blaze kernel 'dmatdmatadd': Time deviation too large!!!
 Blaze kernel 'dmatdmatadd': Time deviation too large!!!
 Blaze kernel 'dmatdmatadd': Time deviation too large!!!
 Blaze kernel 'dmatdmatadd': Time deviation too large!!!
 Blaze kernel 'dmatdmatadd': Time deviation too large!!!
 Blaze kernel 'dmatdmatadd': Time deviation too large!!!
dmatdmatadd benchmark for hpx finished for 16 threads, chunk size 10, block_size row: 1 col:32 1th time
BLAZE_HPX_MATRIX_CHUNK_SIZE changed from 10 to 10
BLAZE_HPX_MATRIX_BLOCK_SIZE_ROW changed from 1 to 1
BLAZE_HPX_MATRIX_BLOCK_SIZE_COLUMN changed from 32 to 64
benchmark dmatdmatadd for hpx runtime created
chunk size: 10
block size row: 1
block size col: 64
 Blaze kernel 'dmatdmatadd': Time deviation too large!!!
 Blaze kernel 'dmatdmatadd': Time deviation too large!!!
 Blaze kernel 'dmatdmatadd': Time deviation too large!!!
 Blaze kernel 'dmatdmatadd': Time deviation too large!!!
 Blaze kernel 'dmatdmatadd': Time deviation too large!!!
 Blaze kernel 'dmatdmatadd': Time deviation too large!!!
dmatdmatadd benchmark for hpx finished for 16 threads, chunk size 10, block_size row: 1 col:64 1th time
BLAZE_HPX_MATRIX_CHUNK_SIZE changed from 10 to 10
BLAZE_HPX_MATRIX_BLOCK_SIZE_ROW changed from 1 to 1
BLAZE_HPX_MATRIX_BLOCK_SIZE_COLUMN changed from 64 to 128
benchmark dmatdmatadd for hpx runtime created
chunk size: 10
block size row: 1
block size col: 128
 Blaze kernel 'dmatdmatadd': Time deviation too large!!!
 Blaze kernel 'dmatdmatadd': Time deviation too large!!!
 Blaze kernel 'dmatdmatadd': Time deviation too large!!!
 Blaze kernel 'dmatdmatadd': Time deviation too large!!!
 Blaze kernel 'dmatdmatadd': Time deviation too large!!!
 Blaze kernel 'dmatdmatadd': Time deviation too large!!!
 Blaze kernel 'dmatdmatadd': Time deviation too large!!!
dmatdmatadd benchmark for hpx finished for 16 threads, chunk size 10, block_size row: 1 col:128 1th time
BLAZE_HPX_MATRIX_CHUNK_SIZE changed from 10 to 10
BLAZE_HPX_MATRIX_BLOCK_SIZE_ROW changed from 1 to 1
BLAZE_HPX_MATRIX_BLOCK_SIZE_COLUMN changed from 128 to 256
benchmark dmatdmatadd for hpx runtime created
chunk size: 10
block size row: 1
block size col: 256
 Blaze kernel 'dmatdmatadd': Time deviation too large!!!
 Blaze kernel 'dmatdmatadd': Time deviation too large!!!
 Blaze kernel 'dmatdmatadd': Time deviation too large!!!
 Blaze kernel 'dmatdmatadd': Time deviation too large!!!
 Blaze kernel 'dmatdmatadd': Time deviation too large!!!
dmatdmatadd benchmark for hpx finished for 16 threads, chunk size 10, block_size row: 1 col:256 1th time
BLAZE_HPX_MATRIX_CHUNK_SIZE changed from 10 to 10
BLAZE_HPX_MATRIX_BLOCK_SIZE_ROW changed from 1 to 1
BLAZE_HPX_MATRIX_BLOCK_SIZE_COLUMN changed from 256 to 512
benchmark dmatdmatadd for hpx runtime created
chunk size: 10
block size row: 1
block size col: 512
 Blaze kernel 'dmatdmatadd': Time deviation too large!!!
 Blaze kernel 'dmatdmatadd': Time deviation too large!!!
 Blaze kernel 'dmatdmatadd': Time deviation too large!!!
 Blaze kernel 'dmatdmatadd': Time deviation too large!!!
 Blaze kernel 'dmatdmatadd': Time deviation too large!!!
dmatdmatadd benchmark for hpx finished for 16 threads, chunk size 10, block_size row: 1 col:512 1th time
BLAZE_HPX_MATRIX_CHUNK_SIZE changed from 10 to 10
BLAZE_HPX_MATRIX_BLOCK_SIZE_ROW changed from 1 to 4
BLAZE_HPX_MATRIX_BLOCK_SIZE_COLUMN changed from 512 to 1
benchmark dmatdmatadd for hpx runtime created
chunk size: 10
block size row: 4
block size col: 1
 Blaze kernel 'dmatdmatadd': Time deviation too large!!!
 Blaze kernel 'dmatdmatadd': Time deviation too large!!!
dmatdmatadd benchmark for hpx finished for 16 threads, chunk size 10, block_size row: 4 col:1 1th time
BLAZE_HPX_MATRIX_CHUNK_SIZE changed from 10 to 10
BLAZE_HPX_MATRIX_BLOCK_SIZE_ROW changed from 4 to 4
BLAZE_HPX_MATRIX_BLOCK_SIZE_COLUMN changed from 1 to 4
benchmark dmatdmatadd for hpx runtime created
chunk size: 10
block size row: 4
block size col: 4
 Blaze kernel 'dmatdmatadd': Time deviation too large!!!
dmatdmatadd benchmark for hpx finished for 16 threads, chunk size 10, block_size row: 4 col:4 1th time
BLAZE_HPX_MATRIX_CHUNK_SIZE changed from 10 to 10
BLAZE_HPX_MATRIX_BLOCK_SIZE_ROW changed from 4 to 4
BLAZE_HPX_MATRIX_BLOCK_SIZE_COLUMN changed from 4 to 8
benchmark dmatdmatadd for hpx runtime created
chunk size: 10
block size row: 4
block size col: 8
dmatdmatadd benchmark for hpx finished for 16 threads, chunk size 10, block_size row: 4 col:8 1th time
BLAZE_HPX_MATRIX_CHUNK_SIZE changed from 10 to 10
BLAZE_HPX_MATRIX_BLOCK_SIZE_ROW changed from 4 to 4
BLAZE_HPX_MATRIX_BLOCK_SIZE_COLUMN changed from 8 to 16
benchmark dmatdmatadd for hpx runtime created
chunk size: 10
block size row: 4
block size col: 16
 Blaze kernel 'dmatdmatadd': Time deviation too large!!!
dmatdmatadd benchmark for hpx finished for 16 threads, chunk size 10, block_size row: 4 col:16 1th time
BLAZE_HPX_MATRIX_CHUNK_SIZE changed from 10 to 10
BLAZE_HPX_MATRIX_BLOCK_SIZE_ROW changed from 4 to 4
BLAZE_HPX_MATRIX_BLOCK_SIZE_COLUMN changed from 16 to 32
benchmark dmatdmatadd for hpx runtime created
chunk size: 10
block size row: 4
block size col: 32
 Blaze kernel 'dmatdmatadd': Time deviation too large!!!
 Blaze kernel 'dmatdmatadd': Time deviation too large!!!
dmatdmatadd benchmark for hpx finished for 16 threads, chunk size 10, block_size row: 4 col:32 1th time
BLAZE_HPX_MATRIX_CHUNK_SIZE changed from 10 to 10
BLAZE_HPX_MATRIX_BLOCK_SIZE_ROW changed from 4 to 4
BLAZE_HPX_MATRIX_BLOCK_SIZE_COLUMN changed from 32 to 64
benchmark dmatdmatadd for hpx runtime created
chunk size: 10
block size row: 4
block size col: 64
dmatdmatadd benchmark for hpx finished for 16 threads, chunk size 10, block_size row: 4 col:64 1th time
BLAZE_HPX_MATRIX_CHUNK_SIZE changed from 10 to 10
BLAZE_HPX_MATRIX_BLOCK_SIZE_ROW changed from 4 to 4
BLAZE_HPX_MATRIX_BLOCK_SIZE_COLUMN changed from 64 to 128
benchmark dmatdmatadd for hpx runtime created
chunk size: 10
block size row: 4
block size col: 128
 Blaze kernel 'dmatdmatadd': Time deviation too large!!!
dmatdmatadd benchmark for hpx finished for 16 threads, chunk size 10, block_size row: 4 col:128 1th time
BLAZE_HPX_MATRIX_CHUNK_SIZE changed from 10 to 10
BLAZE_HPX_MATRIX_BLOCK_SIZE_ROW changed from 4 to 4
BLAZE_HPX_MATRIX_BLOCK_SIZE_COLUMN changed from 128 to 256
benchmark dmatdmatadd for hpx runtime created
chunk size: 10
block size row: 4
block size col: 256
 Blaze kernel 'dmatdmatadd': Time deviation too large!!!
dmatdmatadd benchmark for hpx finished for 16 threads, chunk size 10, block_size row: 4 col:256 1th time
BLAZE_HPX_MATRIX_CHUNK_SIZE changed from 10 to 10
BLAZE_HPX_MATRIX_BLOCK_SIZE_ROW changed from 4 to 4
BLAZE_HPX_MATRIX_BLOCK_SIZE_COLUMN changed from 256 to 512
benchmark dmatdmatadd for hpx runtime created
chunk size: 10
block size row: 4
block size col: 512
 Blaze kernel 'dmatdmatadd': Time deviation too large!!!
 Blaze kernel 'dmatdmatadd': Time deviation too large!!!
 Blaze kernel 'dmatdmatadd': Time deviation too large!!!
dmatdmatadd benchmark for hpx finished for 16 threads, chunk size 10, block_size row: 4 col:512 1th time
BLAZE_HPX_MATRIX_CHUNK_SIZE changed from 10 to 10
BLAZE_HPX_MATRIX_BLOCK_SIZE_ROW changed from 4 to 8
BLAZE_HPX_MATRIX_BLOCK_SIZE_COLUMN changed from 512 to 1
benchmark dmatdmatadd for hpx runtime created
chunk size: 10
block size row: 8
block size col: 1
 Blaze kernel 'dmatdmatadd': Time deviation too large!!!
dmatdmatadd benchmark for hpx finished for 16 threads, chunk size 10, block_size row: 8 col:1 1th time
BLAZE_HPX_MATRIX_CHUNK_SIZE changed from 10 to 10
BLAZE_HPX_MATRIX_BLOCK_SIZE_ROW changed from 8 to 8
BLAZE_HPX_MATRIX_BLOCK_SIZE_COLUMN changed from 1 to 4
benchmark dmatdmatadd for hpx runtime created
chunk size: 10
block size row: 8
block size col: 4
 Blaze kernel 'dmatdmatadd': Time deviation too large!!!
 Blaze kernel 'dmatdmatadd': Time deviation too large!!!
 Blaze kernel 'dmatdmatadd': Time deviation too large!!!
dmatdmatadd benchmark for hpx finished for 16 threads, chunk size 10, block_size row: 8 col:4 1th time
BLAZE_HPX_MATRIX_CHUNK_SIZE changed from 10 to 10
BLAZE_HPX_MATRIX_BLOCK_SIZE_ROW changed from 8 to 8
BLAZE_HPX_MATRIX_BLOCK_SIZE_COLUMN changed from 4 to 8
benchmark dmatdmatadd for hpx runtime created
chunk size: 10
block size row: 8
block size col: 8
 Blaze kernel 'dmatdmatadd': Time deviation too large!!!
dmatdmatadd benchmark for hpx finished for 16 threads, chunk size 10, block_size row: 8 col:8 1th time
BLAZE_HPX_MATRIX_CHUNK_SIZE changed from 10 to 10
BLAZE_HPX_MATRIX_BLOCK_SIZE_ROW changed from 8 to 8
BLAZE_HPX_MATRIX_BLOCK_SIZE_COLUMN changed from 8 to 16
benchmark dmatdmatadd for hpx runtime created
chunk size: 10
block size row: 8
block size col: 16
 Blaze kernel 'dmatdmatadd': Time deviation too large!!!
dmatdmatadd benchmark for hpx finished for 16 threads, chunk size 10, block_size row: 8 col:16 1th time
BLAZE_HPX_MATRIX_CHUNK_SIZE changed from 10 to 10
BLAZE_HPX_MATRIX_BLOCK_SIZE_ROW changed from 8 to 8
BLAZE_HPX_MATRIX_BLOCK_SIZE_COLUMN changed from 16 to 32
benchmark dmatdmatadd for hpx runtime created
chunk size: 10
block size row: 8
block size col: 32
 Blaze kernel 'dmatdmatadd': Time deviation too large!!!
dmatdmatadd benchmark for hpx finished for 16 threads, chunk size 10, block_size row: 8 col:32 1th time
BLAZE_HPX_MATRIX_CHUNK_SIZE changed from 10 to 10
BLAZE_HPX_MATRIX_BLOCK_SIZE_ROW changed from 8 to 8
BLAZE_HPX_MATRIX_BLOCK_SIZE_COLUMN changed from 32 to 64
benchmark dmatdmatadd for hpx runtime created
chunk size: 10
block size row: 8
block size col: 64
dmatdmatadd benchmark for hpx finished for 16 threads, chunk size 10, block_size row: 8 col:64 1th time
BLAZE_HPX_MATRIX_CHUNK_SIZE changed from 10 to 10
BLAZE_HPX_MATRIX_BLOCK_SIZE_ROW changed from 8 to 8
BLAZE_HPX_MATRIX_BLOCK_SIZE_COLUMN changed from 64 to 128
benchmark dmatdmatadd for hpx runtime created
chunk size: 10
block size row: 8
block size col: 128
dmatdmatadd benchmark for hpx finished for 16 threads, chunk size 10, block_size row: 8 col:128 1th time
BLAZE_HPX_MATRIX_CHUNK_SIZE changed from 10 to 10
BLAZE_HPX_MATRIX_BLOCK_SIZE_ROW changed from 8 to 8
BLAZE_HPX_MATRIX_BLOCK_SIZE_COLUMN changed from 128 to 256
benchmark dmatdmatadd for hpx runtime created
chunk size: 10
block size row: 8
block size col: 256
dmatdmatadd benchmark for hpx finished for 16 threads, chunk size 10, block_size row: 8 col:256 1th time
BLAZE_HPX_MATRIX_CHUNK_SIZE changed from 10 to 10
BLAZE_HPX_MATRIX_BLOCK_SIZE_ROW changed from 8 to 8
BLAZE_HPX_MATRIX_BLOCK_SIZE_COLUMN changed from 256 to 512
benchmark dmatdmatadd for hpx runtime created
chunk size: 10
block size row: 8
block size col: 512
 Blaze kernel 'dmatdmatadd': Time deviation too large!!!
 Blaze kernel 'dmatdmatadd': Time deviation too large!!!
 Blaze kernel 'dmatdmatadd': Time deviation too large!!!
dmatdmatadd benchmark for hpx finished for 16 threads, chunk size 10, block_size row: 8 col:512 1th time
BLAZE_HPX_MATRIX_CHUNK_SIZE changed from 10 to 10
BLAZE_HPX_MATRIX_BLOCK_SIZE_ROW changed from 8 to 16
BLAZE_HPX_MATRIX_BLOCK_SIZE_COLUMN changed from 512 to 1
benchmark dmatdmatadd for hpx runtime created
chunk size: 10
block size row: 16
block size col: 1
 Blaze kernel 'dmatdmatadd': Time deviation too large!!!
 Blaze kernel 'dmatdmatadd': Time deviation too large!!!
 Blaze kernel 'dmatdmatadd': Time deviation too large!!!
 Blaze kernel 'dmatdmatadd': Time deviation too large!!!
 Blaze kernel 'dmatdmatadd': Time deviation too large!!!
dmatdmatadd benchmark for hpx finished for 16 threads, chunk size 10, block_size row: 16 col:1 1th time
BLAZE_HPX_MATRIX_CHUNK_SIZE changed from 10 to 10
BLAZE_HPX_MATRIX_BLOCK_SIZE_ROW changed from 16 to 16
BLAZE_HPX_MATRIX_BLOCK_SIZE_COLUMN changed from 1 to 4
benchmark dmatdmatadd for hpx runtime created
chunk size: 10
block size row: 16
block size col: 4
 Blaze kernel 'dmatdmatadd': Time deviation too large!!!
 Blaze kernel 'dmatdmatadd': Time deviation too large!!!
 Blaze kernel 'dmatdmatadd': Time deviation too large!!!
dmatdmatadd benchmark for hpx finished for 16 threads, chunk size 10, block_size row: 16 col:4 1th time
BLAZE_HPX_MATRIX_CHUNK_SIZE changed from 10 to 10
BLAZE_HPX_MATRIX_BLOCK_SIZE_ROW changed from 16 to 16
BLAZE_HPX_MATRIX_BLOCK_SIZE_COLUMN changed from 4 to 8
benchmark dmatdmatadd for hpx runtime created
chunk size: 10
block size row: 16
block size col: 8
 Blaze kernel 'dmatdmatadd': Time deviation too large!!!
 Blaze kernel 'dmatdmatadd': Time deviation too large!!!
 Blaze kernel 'dmatdmatadd': Time deviation too large!!!
 Blaze kernel 'dmatdmatadd': Time deviation too large!!!
dmatdmatadd benchmark for hpx finished for 16 threads, chunk size 10, block_size row: 16 col:8 1th time
BLAZE_HPX_MATRIX_CHUNK_SIZE changed from 10 to 10
BLAZE_HPX_MATRIX_BLOCK_SIZE_ROW changed from 16 to 16
BLAZE_HPX_MATRIX_BLOCK_SIZE_COLUMN changed from 8 to 16
benchmark dmatdmatadd for hpx runtime created
chunk size: 10
block size row: 16
block size col: 16
 Blaze kernel 'dmatdmatadd': Time deviation too large!!!
dmatdmatadd benchmark for hpx finished for 16 threads, chunk size 10, block_size row: 16 col:16 1th time
BLAZE_HPX_MATRIX_CHUNK_SIZE changed from 10 to 10
BLAZE_HPX_MATRIX_BLOCK_SIZE_ROW changed from 16 to 16
BLAZE_HPX_MATRIX_BLOCK_SIZE_COLUMN changed from 16 to 32
benchmark dmatdmatadd for hpx runtime created
chunk size: 10
block size row: 16
block size col: 32
 Blaze kernel 'dmatdmatadd': Time deviation too large!!!
dmatdmatadd benchmark for hpx finished for 16 threads, chunk size 10, block_size row: 16 col:32 1th time
BLAZE_HPX_MATRIX_CHUNK_SIZE changed from 10 to 10
BLAZE_HPX_MATRIX_BLOCK_SIZE_ROW changed from 16 to 16
BLAZE_HPX_MATRIX_BLOCK_SIZE_COLUMN changed from 32 to 64
benchmark dmatdmatadd for hpx runtime created
chunk size: 10
block size row: 16
block size col: 64
dmatdmatadd benchmark for hpx finished for 16 threads, chunk size 10, block_size row: 16 col:64 1th time
BLAZE_HPX_MATRIX_CHUNK_SIZE changed from 10 to 10
BLAZE_HPX_MATRIX_BLOCK_SIZE_ROW changed from 16 to 16
BLAZE_HPX_MATRIX_BLOCK_SIZE_COLUMN changed from 64 to 128
benchmark dmatdmatadd for hpx runtime created
chunk size: 10
block size row: 16
block size col: 128
dmatdmatadd benchmark for hpx finished for 16 threads, chunk size 10, block_size row: 16 col:128 1th time
BLAZE_HPX_MATRIX_CHUNK_SIZE changed from 10 to 10
BLAZE_HPX_MATRIX_BLOCK_SIZE_ROW changed from 16 to 16
BLAZE_HPX_MATRIX_BLOCK_SIZE_COLUMN changed from 128 to 256
benchmark dmatdmatadd for hpx runtime created
chunk size: 10
block size row: 16
block size col: 256
dmatdmatadd benchmark for hpx finished for 16 threads, chunk size 10, block_size row: 16 col:256 1th time
BLAZE_HPX_MATRIX_CHUNK_SIZE changed from 10 to 10
BLAZE_HPX_MATRIX_BLOCK_SIZE_ROW changed from 16 to 16
BLAZE_HPX_MATRIX_BLOCK_SIZE_COLUMN changed from 256 to 512
benchmark dmatdmatadd for hpx runtime created
chunk size: 10
block size row: 16
block size col: 512
 Blaze kernel 'dmatdmatadd': Time deviation too large!!!
 Blaze kernel 'dmatdmatadd': Time deviation too large!!!
 Blaze kernel 'dmatdmatadd': Time deviation too large!!!
 Blaze kernel 'dmatdmatadd': Time deviation too large!!!
dmatdmatadd benchmark for hpx finished for 16 threads, chunk size 10, block_size row: 16 col:512 1th time
BLAZE_HPX_MATRIX_CHUNK_SIZE changed from 10 to 10
BLAZE_HPX_MATRIX_BLOCK_SIZE_ROW changed from 16 to 32
BLAZE_HPX_MATRIX_BLOCK_SIZE_COLUMN changed from 512 to 1
benchmark dmatdmatadd for hpx runtime created
chunk size: 10
block size row: 32
block size col: 1
 Blaze kernel 'dmatdmatadd': Time deviation too large!!!
 Blaze kernel 'dmatdmatadd': Time deviation too large!!!
 Blaze kernel 'dmatdmatadd': Time deviation too large!!!
 Blaze kernel 'dmatdmatadd': Time deviation too large!!!
 Blaze kernel 'dmatdmatadd': Time deviation too large!!!
 Blaze kernel 'dmatdmatadd': Time deviation too large!!!
dmatdmatadd benchmark for hpx finished for 16 threads, chunk size 10, block_size row: 32 col:1 1th time
BLAZE_HPX_MATRIX_CHUNK_SIZE changed from 10 to 10
BLAZE_HPX_MATRIX_BLOCK_SIZE_ROW changed from 32 to 32
BLAZE_HPX_MATRIX_BLOCK_SIZE_COLUMN changed from 1 to 4
benchmark dmatdmatadd for hpx runtime created
chunk size: 10
block size row: 32
block size col: 4
 Blaze kernel 'dmatdmatadd': Time deviation too large!!!
 Blaze kernel 'dmatdmatadd': Time deviation too large!!!
dmatdmatadd benchmark for hpx finished for 16 threads, chunk size 10, block_size row: 32 col:4 1th time
BLAZE_HPX_MATRIX_CHUNK_SIZE changed from 10 to 10
BLAZE_HPX_MATRIX_BLOCK_SIZE_ROW changed from 32 to 32
BLAZE_HPX_MATRIX_BLOCK_SIZE_COLUMN changed from 4 to 8
benchmark dmatdmatadd for hpx runtime created
chunk size: 10
block size row: 32
block size col: 8
 Blaze kernel 'dmatdmatadd': Time deviation too large!!!
 Blaze kernel 'dmatdmatadd': Time deviation too large!!!
 Blaze kernel 'dmatdmatadd': Time deviation too large!!!
dmatdmatadd benchmark for hpx finished for 16 threads, chunk size 10, block_size row: 32 col:8 1th time
BLAZE_HPX_MATRIX_CHUNK_SIZE changed from 10 to 10
BLAZE_HPX_MATRIX_BLOCK_SIZE_ROW changed from 32 to 32
BLAZE_HPX_MATRIX_BLOCK_SIZE_COLUMN changed from 8 to 16
benchmark dmatdmatadd for hpx runtime created
chunk size: 10
block size row: 32
block size col: 16
 Blaze kernel 'dmatdmatadd': Time deviation too large!!!
dmatdmatadd benchmark for hpx finished for 16 threads, chunk size 10, block_size row: 32 col:16 1th time
BLAZE_HPX_MATRIX_CHUNK_SIZE changed from 10 to 10
BLAZE_HPX_MATRIX_BLOCK_SIZE_ROW changed from 32 to 32
BLAZE_HPX_MATRIX_BLOCK_SIZE_COLUMN changed from 16 to 32
benchmark dmatdmatadd for hpx runtime created
chunk size: 10
block size row: 32
block size col: 32
 Blaze kernel 'dmatdmatadd': Time deviation too large!!!
dmatdmatadd benchmark for hpx finished for 16 threads, chunk size 10, block_size row: 32 col:32 1th time
BLAZE_HPX_MATRIX_CHUNK_SIZE changed from 10 to 10
BLAZE_HPX_MATRIX_BLOCK_SIZE_ROW changed from 32 to 32
BLAZE_HPX_MATRIX_BLOCK_SIZE_COLUMN changed from 32 to 64
benchmark dmatdmatadd for hpx runtime created
chunk size: 10
block size row: 32
block size col: 64
 Blaze kernel 'dmatdmatadd': Time deviation too large!!!
dmatdmatadd benchmark for hpx finished for 16 threads, chunk size 10, block_size row: 32 col:64 1th time
BLAZE_HPX_MATRIX_CHUNK_SIZE changed from 10 to 10
BLAZE_HPX_MATRIX_BLOCK_SIZE_ROW changed from 32 to 32
BLAZE_HPX_MATRIX_BLOCK_SIZE_COLUMN changed from 64 to 128
benchmark dmatdmatadd for hpx runtime created
chunk size: 10
block size row: 32
block size col: 128
 Blaze kernel 'dmatdmatadd': Time deviation too large!!!
 Blaze kernel 'dmatdmatadd': Time deviation too large!!!
dmatdmatadd benchmark for hpx finished for 16 threads, chunk size 10, block_size row: 32 col:128 1th time
BLAZE_HPX_MATRIX_CHUNK_SIZE changed from 10 to 10
BLAZE_HPX_MATRIX_BLOCK_SIZE_ROW changed from 32 to 32
BLAZE_HPX_MATRIX_BLOCK_SIZE_COLUMN changed from 128 to 256
benchmark dmatdmatadd for hpx runtime created
chunk size: 10
block size row: 32
block size col: 256
 Blaze kernel 'dmatdmatadd': Time deviation too large!!!
 Blaze kernel 'dmatdmatadd': Time deviation too large!!!
dmatdmatadd benchmark for hpx finished for 16 threads, chunk size 10, block_size row: 32 col:256 1th time
BLAZE_HPX_MATRIX_CHUNK_SIZE changed from 10 to 10
BLAZE_HPX_MATRIX_BLOCK_SIZE_ROW changed from 32 to 32
BLAZE_HPX_MATRIX_BLOCK_SIZE_COLUMN changed from 256 to 512
benchmark dmatdmatadd for hpx runtime created
chunk size: 10
block size row: 32
block size col: 512
 Blaze kernel 'dmatdmatadd': Time deviation too large!!!
dmatdmatadd benchmark for hpx finished for 16 threads, chunk size 10, block_size row: 32 col:512 1th time
BLAZE_HPX_MATRIX_CHUNK_SIZE changed from 10 to 10
BLAZE_HPX_MATRIX_BLOCK_SIZE_ROW changed from 32 to 64
BLAZE_HPX_MATRIX_BLOCK_SIZE_COLUMN changed from 512 to 1
benchmark dmatdmatadd for hpx runtime created
chunk size: 10
block size row: 64
block size col: 1
 Blaze kernel 'dmatdmatadd': Time deviation too large!!!
 Blaze kernel 'dmatdmatadd': Time deviation too large!!!
dmatdmatadd benchmark for hpx finished for 16 threads, chunk size 10, block_size row: 64 col:1 1th time
BLAZE_HPX_MATRIX_CHUNK_SIZE changed from 10 to 10
BLAZE_HPX_MATRIX_BLOCK_SIZE_ROW changed from 64 to 64
BLAZE_HPX_MATRIX_BLOCK_SIZE_COLUMN changed from 1 to 4
benchmark dmatdmatadd for hpx runtime created
chunk size: 10
block size row: 64
block size col: 4
 Blaze kernel 'dmatdmatadd': Time deviation too large!!!
 Blaze kernel 'dmatdmatadd': Time deviation too large!!!
dmatdmatadd benchmark for hpx finished for 16 threads, chunk size 10, block_size row: 64 col:4 1th time
BLAZE_HPX_MATRIX_CHUNK_SIZE changed from 10 to 10
BLAZE_HPX_MATRIX_BLOCK_SIZE_ROW changed from 64 to 64
BLAZE_HPX_MATRIX_BLOCK_SIZE_COLUMN changed from 4 to 8
benchmark dmatdmatadd for hpx runtime created
chunk size: 10
block size row: 64
block size col: 8
 Blaze kernel 'dmatdmatadd': Time deviation too large!!!
 Blaze kernel 'dmatdmatadd': Time deviation too large!!!
 Blaze kernel 'dmatdmatadd': Time deviation too large!!!
dmatdmatadd benchmark for hpx finished for 16 threads, chunk size 10, block_size row: 64 col:8 1th time
BLAZE_HPX_MATRIX_CHUNK_SIZE changed from 10 to 10
BLAZE_HPX_MATRIX_BLOCK_SIZE_ROW changed from 64 to 64
BLAZE_HPX_MATRIX_BLOCK_SIZE_COLUMN changed from 8 to 16
benchmark dmatdmatadd for hpx runtime created
chunk size: 10
block size row: 64
block size col: 16
dmatdmatadd benchmark for hpx finished for 16 threads, chunk size 10, block_size row: 64 col:16 1th time
BLAZE_HPX_MATRIX_CHUNK_SIZE changed from 10 to 10
BLAZE_HPX_MATRIX_BLOCK_SIZE_ROW changed from 64 to 64
BLAZE_HPX_MATRIX_BLOCK_SIZE_COLUMN changed from 16 to 32
benchmark dmatdmatadd for hpx runtime created
chunk size: 10
block size row: 64
block size col: 32
 Blaze kernel 'dmatdmatadd': Time deviation too large!!!
 Blaze kernel 'dmatdmatadd': Time deviation too large!!!
dmatdmatadd benchmark for hpx finished for 16 threads, chunk size 10, block_size row: 64 col:32 1th time
BLAZE_HPX_MATRIX_CHUNK_SIZE changed from 10 to 10
BLAZE_HPX_MATRIX_BLOCK_SIZE_ROW changed from 64 to 64
BLAZE_HPX_MATRIX_BLOCK_SIZE_COLUMN changed from 32 to 64
benchmark dmatdmatadd for hpx runtime created
chunk size: 10
block size row: 64
block size col: 64
 Blaze kernel 'dmatdmatadd': Time deviation too large!!!
 Blaze kernel 'dmatdmatadd': Time deviation too large!!!
dmatdmatadd benchmark for hpx finished for 16 threads, chunk size 10, block_size row: 64 col:64 1th time
BLAZE_HPX_MATRIX_CHUNK_SIZE changed from 10 to 10
BLAZE_HPX_MATRIX_BLOCK_SIZE_ROW changed from 64 to 64
BLAZE_HPX_MATRIX_BLOCK_SIZE_COLUMN changed from 64 to 128
benchmark dmatdmatadd for hpx runtime created
chunk size: 10
block size row: 64
block size col: 128
 Blaze kernel 'dmatdmatadd': Time deviation too large!!!
 Blaze kernel 'dmatdmatadd': Time deviation too large!!!
dmatdmatadd benchmark for hpx finished for 16 threads, chunk size 10, block_size row: 64 col:128 1th time
BLAZE_HPX_MATRIX_CHUNK_SIZE changed from 10 to 10
BLAZE_HPX_MATRIX_BLOCK_SIZE_ROW changed from 64 to 64
BLAZE_HPX_MATRIX_BLOCK_SIZE_COLUMN changed from 128 to 256
benchmark dmatdmatadd for hpx runtime created
chunk size: 10
block size row: 64
block size col: 256
 Blaze kernel 'dmatdmatadd': Time deviation too large!!!
 Blaze kernel 'dmatdmatadd': Time deviation too large!!!
dmatdmatadd benchmark for hpx finished for 16 threads, chunk size 10, block_size row: 64 col:256 1th time
BLAZE_HPX_MATRIX_CHUNK_SIZE changed from 10 to 10
BLAZE_HPX_MATRIX_BLOCK_SIZE_ROW changed from 64 to 64
BLAZE_HPX_MATRIX_BLOCK_SIZE_COLUMN changed from 256 to 512
benchmark dmatdmatadd for hpx runtime created
chunk size: 10
block size row: 64
block size col: 512
 Blaze kernel 'dmatdmatadd': Time deviation too large!!!
 Blaze kernel 'dmatdmatadd': Time deviation too large!!!
 Blaze kernel 'dmatdmatadd': Time deviation too large!!!
 Blaze kernel 'dmatdmatadd': Time deviation too large!!!
 Blaze kernel 'dmatdmatadd': Time deviation too large!!!
dmatdmatadd benchmark for hpx finished for 16 threads, chunk size 10, block_size row: 64 col:512 1th time
BLAZE_HPX_MATRIX_CHUNK_SIZE changed from 10 to 10
BLAZE_HPX_MATRIX_BLOCK_SIZE_ROW changed from 64 to 128
BLAZE_HPX_MATRIX_BLOCK_SIZE_COLUMN changed from 512 to 1
benchmark dmatdmatadd for hpx runtime created
chunk size: 10
block size row: 128
block size col: 1
 Blaze kernel 'dmatdmatadd': Time deviation too large!!!
 Blaze kernel 'dmatdmatadd': Time deviation too large!!!
 Blaze kernel 'dmatdmatadd': Time deviation too large!!!
 Blaze kernel 'dmatdmatadd': Time deviation too large!!!
 Blaze kernel 'dmatdmatadd': Time deviation too large!!!
dmatdmatadd benchmark for hpx finished for 16 threads, chunk size 10, block_size row: 128 col:1 1th time
BLAZE_HPX_MATRIX_CHUNK_SIZE changed from 10 to 10
BLAZE_HPX_MATRIX_BLOCK_SIZE_ROW changed from 128 to 128
BLAZE_HPX_MATRIX_BLOCK_SIZE_COLUMN changed from 1 to 4
benchmark dmatdmatadd for hpx runtime created
chunk size: 10
block size row: 128
block size col: 4
 Blaze kernel 'dmatdmatadd': Time deviation too large!!!
dmatdmatadd benchmark for hpx finished for 16 threads, chunk size 10, block_size row: 128 col:4 1th time
BLAZE_HPX_MATRIX_CHUNK_SIZE changed from 10 to 10
BLAZE_HPX_MATRIX_BLOCK_SIZE_ROW changed from 128 to 128
BLAZE_HPX_MATRIX_BLOCK_SIZE_COLUMN changed from 4 to 8
benchmark dmatdmatadd for hpx runtime created
chunk size: 10
block size row: 128
block size col: 8
 Blaze kernel 'dmatdmatadd': Time deviation too large!!!
 Blaze kernel 'dmatdmatadd': Time deviation too large!!!
 Blaze kernel 'dmatdmatadd': Time deviation too large!!!
 Blaze kernel 'dmatdmatadd': Time deviation too large!!!
dmatdmatadd benchmark for hpx finished for 16 threads, chunk size 10, block_size row: 128 col:8 1th time
BLAZE_HPX_MATRIX_CHUNK_SIZE changed from 10 to 10
BLAZE_HPX_MATRIX_BLOCK_SIZE_ROW changed from 128 to 128
BLAZE_HPX_MATRIX_BLOCK_SIZE_COLUMN changed from 8 to 16
benchmark dmatdmatadd for hpx runtime created
chunk size: 10
block size row: 128
block size col: 16
 Blaze kernel 'dmatdmatadd': Time deviation too large!!!
 Blaze kernel 'dmatdmatadd': Time deviation too large!!!
dmatdmatadd benchmark for hpx finished for 16 threads, chunk size 10, block_size row: 128 col:16 1th time
BLAZE_HPX_MATRIX_CHUNK_SIZE changed from 10 to 10
BLAZE_HPX_MATRIX_BLOCK_SIZE_ROW changed from 128 to 128
BLAZE_HPX_MATRIX_BLOCK_SIZE_COLUMN changed from 16 to 32
benchmark dmatdmatadd for hpx runtime created
chunk size: 10
block size row: 128
block size col: 32
 Blaze kernel 'dmatdmatadd': Time deviation too large!!!
 Blaze kernel 'dmatdmatadd': Time deviation too large!!!
dmatdmatadd benchmark for hpx finished for 16 threads, chunk size 10, block_size row: 128 col:32 1th time
BLAZE_HPX_MATRIX_CHUNK_SIZE changed from 10 to 10
BLAZE_HPX_MATRIX_BLOCK_SIZE_ROW changed from 128 to 128
BLAZE_HPX_MATRIX_BLOCK_SIZE_COLUMN changed from 32 to 64
benchmark dmatdmatadd for hpx runtime created
chunk size: 10
block size row: 128
block size col: 64
 Blaze kernel 'dmatdmatadd': Time deviation too large!!!
dmatdmatadd benchmark for hpx finished for 16 threads, chunk size 10, block_size row: 128 col:64 1th time
BLAZE_HPX_MATRIX_CHUNK_SIZE changed from 10 to 10
BLAZE_HPX_MATRIX_BLOCK_SIZE_ROW changed from 128 to 128
BLAZE_HPX_MATRIX_BLOCK_SIZE_COLUMN changed from 64 to 128
benchmark dmatdmatadd for hpx runtime created
chunk size: 10
block size row: 128
block size col: 128
 Blaze kernel 'dmatdmatadd': Time deviation too large!!!
dmatdmatadd benchmark for hpx finished for 16 threads, chunk size 10, block_size row: 128 col:128 1th time
BLAZE_HPX_MATRIX_CHUNK_SIZE changed from 10 to 10
BLAZE_HPX_MATRIX_BLOCK_SIZE_ROW changed from 128 to 128
BLAZE_HPX_MATRIX_BLOCK_SIZE_COLUMN changed from 128 to 256
benchmark dmatdmatadd for hpx runtime created
chunk size: 10
block size row: 128
block size col: 256
 Blaze kernel 'dmatdmatadd': Time deviation too large!!!
 Blaze kernel 'dmatdmatadd': Time deviation too large!!!
 Blaze kernel 'dmatdmatadd': Time deviation too large!!!
 Blaze kernel 'dmatdmatadd': Time deviation too large!!!
 Blaze kernel 'dmatdmatadd': Time deviation too large!!!
dmatdmatadd benchmark for hpx finished for 16 threads, chunk size 10, block_size row: 128 col:256 1th time
BLAZE_HPX_MATRIX_CHUNK_SIZE changed from 10 to 10
BLAZE_HPX_MATRIX_BLOCK_SIZE_ROW changed from 128 to 128
BLAZE_HPX_MATRIX_BLOCK_SIZE_COLUMN changed from 256 to 512
benchmark dmatdmatadd for hpx runtime created
chunk size: 10
block size row: 128
block size col: 512
 Blaze kernel 'dmatdmatadd': Time deviation too large!!!
 Blaze kernel 'dmatdmatadd': Time deviation too large!!!
 Blaze kernel 'dmatdmatadd': Time deviation too large!!!
 Blaze kernel 'dmatdmatadd': Time deviation too large!!!
 Blaze kernel 'dmatdmatadd': Time deviation too large!!!
 Blaze kernel 'dmatdmatadd': Time deviation too large!!!
dmatdmatadd benchmark for hpx finished for 16 threads, chunk size 10, block_size row: 128 col:512 1th time
BLAZE_HPX_MATRIX_CHUNK_SIZE changed from 10 to 10
BLAZE_HPX_MATRIX_BLOCK_SIZE_ROW changed from 128 to 256
BLAZE_HPX_MATRIX_BLOCK_SIZE_COLUMN changed from 512 to 1
benchmark dmatdmatadd for hpx runtime created
chunk size: 10
block size row: 256
block size col: 1
 Blaze kernel 'dmatdmatadd': Time deviation too large!!!
 Blaze kernel 'dmatdmatadd': Time deviation too large!!!
 Blaze kernel 'dmatdmatadd': Time deviation too large!!!
 Blaze kernel 'dmatdmatadd': Time deviation too large!!!
 Blaze kernel 'dmatdmatadd': Time deviation too large!!!
 Blaze kernel 'dmatdmatadd': Time deviation too large!!!
 Blaze kernel 'dmatdmatadd': Time deviation too large!!!
 Blaze kernel 'dmatdmatadd': Time deviation too large!!!
 Blaze kernel 'dmatdmatadd': Time deviation too large!!!
dmatdmatadd benchmark for hpx finished for 16 threads, chunk size 10, block_size row: 256 col:1 1th time
BLAZE_HPX_MATRIX_CHUNK_SIZE changed from 10 to 10
BLAZE_HPX_MATRIX_BLOCK_SIZE_ROW changed from 256 to 256
BLAZE_HPX_MATRIX_BLOCK_SIZE_COLUMN changed from 1 to 4
benchmark dmatdmatadd for hpx runtime created
chunk size: 10
block size row: 256
block size col: 4
 Blaze kernel 'dmatdmatadd': Time deviation too large!!!
dmatdmatadd benchmark for hpx finished for 16 threads, chunk size 10, block_size row: 256 col:4 1th time
BLAZE_HPX_MATRIX_CHUNK_SIZE changed from 10 to 10
BLAZE_HPX_MATRIX_BLOCK_SIZE_ROW changed from 256 to 256
BLAZE_HPX_MATRIX_BLOCK_SIZE_COLUMN changed from 4 to 8
benchmark dmatdmatadd for hpx runtime created
chunk size: 10
block size row: 256
block size col: 8
 Blaze kernel 'dmatdmatadd': Time deviation too large!!!
 Blaze kernel 'dmatdmatadd': Time deviation too large!!!
dmatdmatadd benchmark for hpx finished for 16 threads, chunk size 10, block_size row: 256 col:8 1th time
BLAZE_HPX_MATRIX_CHUNK_SIZE changed from 10 to 10
BLAZE_HPX_MATRIX_BLOCK_SIZE_ROW changed from 256 to 256
BLAZE_HPX_MATRIX_BLOCK_SIZE_COLUMN changed from 8 to 16
benchmark dmatdmatadd for hpx runtime created
chunk size: 10
block size row: 256
block size col: 16
 Blaze kernel 'dmatdmatadd': Time deviation too large!!!
dmatdmatadd benchmark for hpx finished for 16 threads, chunk size 10, block_size row: 256 col:16 1th time
BLAZE_HPX_MATRIX_CHUNK_SIZE changed from 10 to 10
BLAZE_HPX_MATRIX_BLOCK_SIZE_ROW changed from 256 to 256
BLAZE_HPX_MATRIX_BLOCK_SIZE_COLUMN changed from 16 to 32
benchmark dmatdmatadd for hpx runtime created
chunk size: 10
block size row: 256
block size col: 32
 Blaze kernel 'dmatdmatadd': Time deviation too large!!!
 Blaze kernel 'dmatdmatadd': Time deviation too large!!!
dmatdmatadd benchmark for hpx finished for 16 threads, chunk size 10, block_size row: 256 col:32 1th time
BLAZE_HPX_MATRIX_CHUNK_SIZE changed from 10 to 10
BLAZE_HPX_MATRIX_BLOCK_SIZE_ROW changed from 256 to 256
BLAZE_HPX_MATRIX_BLOCK_SIZE_COLUMN changed from 32 to 64
benchmark dmatdmatadd for hpx runtime created
chunk size: 10
block size row: 256
block size col: 64
 Blaze kernel 'dmatdmatadd': Time deviation too large!!!
 Blaze kernel 'dmatdmatadd': Time deviation too large!!!
 Blaze kernel 'dmatdmatadd': Time deviation too large!!!
 Blaze kernel 'dmatdmatadd': Time deviation too large!!!
 Blaze kernel 'dmatdmatadd': Time deviation too large!!!
dmatdmatadd benchmark for hpx finished for 16 threads, chunk size 10, block_size row: 256 col:64 1th time
BLAZE_HPX_MATRIX_CHUNK_SIZE changed from 10 to 10
BLAZE_HPX_MATRIX_BLOCK_SIZE_ROW changed from 256 to 256
BLAZE_HPX_MATRIX_BLOCK_SIZE_COLUMN changed from 64 to 128
benchmark dmatdmatadd for hpx runtime created
chunk size: 10
block size row: 256
block size col: 128
 Blaze kernel 'dmatdmatadd': Time deviation too large!!!
 Blaze kernel 'dmatdmatadd': Time deviation too large!!!
 Blaze kernel 'dmatdmatadd': Time deviation too large!!!
dmatdmatadd benchmark for hpx finished for 16 threads, chunk size 10, block_size row: 256 col:128 1th time
BLAZE_HPX_MATRIX_CHUNK_SIZE changed from 10 to 10
BLAZE_HPX_MATRIX_BLOCK_SIZE_ROW changed from 256 to 256
BLAZE_HPX_MATRIX_BLOCK_SIZE_COLUMN changed from 128 to 256
benchmark dmatdmatadd for hpx runtime created
chunk size: 10
block size row: 256
block size col: 256
 Blaze kernel 'dmatdmatadd': Time deviation too large!!!
 Blaze kernel 'dmatdmatadd': Time deviation too large!!!
 Blaze kernel 'dmatdmatadd': Time deviation too large!!!
 Blaze kernel 'dmatdmatadd': Time deviation too large!!!
 Blaze kernel 'dmatdmatadd': Time deviation too large!!!
 Blaze kernel 'dmatdmatadd': Time deviation too large!!!
 Blaze kernel 'dmatdmatadd': Time deviation too large!!!
dmatdmatadd benchmark for hpx finished for 16 threads, chunk size 10, block_size row: 256 col:256 1th time
BLAZE_HPX_MATRIX_CHUNK_SIZE changed from 10 to 10
BLAZE_HPX_MATRIX_BLOCK_SIZE_ROW changed from 256 to 256
BLAZE_HPX_MATRIX_BLOCK_SIZE_COLUMN changed from 256 to 512
benchmark dmatdmatadd for hpx runtime created
chunk size: 10
block size row: 256
block size col: 512
 Blaze kernel 'dmatdmatadd': Time deviation too large!!!
 Blaze kernel 'dmatdmatadd': Time deviation too large!!!
 Blaze kernel 'dmatdmatadd': Time deviation too large!!!
 Blaze kernel 'dmatdmatadd': Time deviation too large!!!
 Blaze kernel 'dmatdmatadd': Time deviation too large!!!
 Blaze kernel 'dmatdmatadd': Time deviation too large!!!
 Blaze kernel 'dmatdmatadd': Time deviation too large!!!
 Blaze kernel 'dmatdmatadd': Time deviation too large!!!
dmatdmatadd benchmark for hpx finished for 16 threads, chunk size 10, block_size row: 256 col:512 1th time
BLAZE_HPX_MATRIX_CHUNK_SIZE changed from 10 to 10
BLAZE_HPX_MATRIX_BLOCK_SIZE_ROW changed from 256 to 512
BLAZE_HPX_MATRIX_BLOCK_SIZE_COLUMN changed from 512 to 1
benchmark dmatdmatadd for hpx runtime created
chunk size: 10
block size row: 512
block size col: 1
 Blaze kernel 'dmatdmatadd': Time deviation too large!!!
 Blaze kernel 'dmatdmatadd': Time deviation too large!!!
 Blaze kernel 'dmatdmatadd': Time deviation too large!!!
 Blaze kernel 'dmatdmatadd': Time deviation too large!!!
 Blaze kernel 'dmatdmatadd': Time deviation too large!!!
 Blaze kernel 'dmatdmatadd': Time deviation too large!!!
 Blaze kernel 'dmatdmatadd': Time deviation too large!!!
dmatdmatadd benchmark for hpx finished for 16 threads, chunk size 10, block_size row: 512 col:1 1th time
BLAZE_HPX_MATRIX_CHUNK_SIZE changed from 10 to 10
BLAZE_HPX_MATRIX_BLOCK_SIZE_ROW changed from 512 to 512
BLAZE_HPX_MATRIX_BLOCK_SIZE_COLUMN changed from 1 to 4
benchmark dmatdmatadd for hpx runtime created
chunk size: 10
block size row: 512
block size col: 4
 Blaze kernel 'dmatdmatadd': Time deviation too large!!!
 Blaze kernel 'dmatdmatadd': Time deviation too large!!!
 Blaze kernel 'dmatdmatadd': Time deviation too large!!!
 Blaze kernel 'dmatdmatadd': Time deviation too large!!!
 Blaze kernel 'dmatdmatadd': Time deviation too large!!!
 Blaze kernel 'dmatdmatadd': Time deviation too large!!!
 Blaze kernel 'dmatdmatadd': Time deviation too large!!!
 Blaze kernel 'dmatdmatadd': Time deviation too large!!!
dmatdmatadd benchmark for hpx finished for 16 threads, chunk size 10, block_size row: 512 col:4 1th time
BLAZE_HPX_MATRIX_CHUNK_SIZE changed from 10 to 10
BLAZE_HPX_MATRIX_BLOCK_SIZE_ROW changed from 512 to 512
BLAZE_HPX_MATRIX_BLOCK_SIZE_COLUMN changed from 4 to 8
benchmark dmatdmatadd for hpx runtime created
chunk size: 10
block size row: 512
block size col: 8
 Blaze kernel 'dmatdmatadd': Time deviation too large!!!
 Blaze kernel 'dmatdmatadd': Time deviation too large!!!
dmatdmatadd benchmark for hpx finished for 16 threads, chunk size 10, block_size row: 512 col:8 1th time
BLAZE_HPX_MATRIX_CHUNK_SIZE changed from 10 to 10
BLAZE_HPX_MATRIX_BLOCK_SIZE_ROW changed from 512 to 512
BLAZE_HPX_MATRIX_BLOCK_SIZE_COLUMN changed from 8 to 16
benchmark dmatdmatadd for hpx runtime created
chunk size: 10
block size row: 512
block size col: 16
dmatdmatadd benchmark for hpx finished for 16 threads, chunk size 10, block_size row: 512 col:16 1th time
BLAZE_HPX_MATRIX_CHUNK_SIZE changed from 10 to 10
BLAZE_HPX_MATRIX_BLOCK_SIZE_ROW changed from 512 to 512
BLAZE_HPX_MATRIX_BLOCK_SIZE_COLUMN changed from 16 to 32
benchmark dmatdmatadd for hpx runtime created
chunk size: 10
block size row: 512
block size col: 32
 Blaze kernel 'dmatdmatadd': Time deviation too large!!!
dmatdmatadd benchmark for hpx finished for 16 threads, chunk size 10, block_size row: 512 col:32 1th time
BLAZE_HPX_MATRIX_CHUNK_SIZE changed from 10 to 10
BLAZE_HPX_MATRIX_BLOCK_SIZE_ROW changed from 512 to 512
BLAZE_HPX_MATRIX_BLOCK_SIZE_COLUMN changed from 32 to 64
benchmark dmatdmatadd for hpx runtime created
chunk size: 10
block size row: 512
block size col: 64
 Blaze kernel 'dmatdmatadd': Time deviation too large!!!
 Blaze kernel 'dmatdmatadd': Time deviation too large!!!
dmatdmatadd benchmark for hpx finished for 16 threads, chunk size 10, block_size row: 512 col:64 1th time
BLAZE_HPX_MATRIX_CHUNK_SIZE changed from 10 to 10
BLAZE_HPX_MATRIX_BLOCK_SIZE_ROW changed from 512 to 512
BLAZE_HPX_MATRIX_BLOCK_SIZE_COLUMN changed from 64 to 128
benchmark dmatdmatadd for hpx runtime created
chunk size: 10
block size row: 512
block size col: 128
 Blaze kernel 'dmatdmatadd': Time deviation too large!!!
 Blaze kernel 'dmatdmatadd': Time deviation too large!!!
 Blaze kernel 'dmatdmatadd': Time deviation too large!!!
 Blaze kernel 'dmatdmatadd': Time deviation too large!!!
 Blaze kernel 'dmatdmatadd': Time deviation too large!!!
 Blaze kernel 'dmatdmatadd': Time deviation too large!!!
dmatdmatadd benchmark for hpx finished for 16 threads, chunk size 10, block_size row: 512 col:128 1th time
BLAZE_HPX_MATRIX_CHUNK_SIZE changed from 10 to 10
BLAZE_HPX_MATRIX_BLOCK_SIZE_ROW changed from 512 to 512
BLAZE_HPX_MATRIX_BLOCK_SIZE_COLUMN changed from 128 to 256
benchmark dmatdmatadd for hpx runtime created
chunk size: 10
block size row: 512
block size col: 256
 Blaze kernel 'dmatdmatadd': Time deviation too large!!!
 Blaze kernel 'dmatdmatadd': Time deviation too large!!!
 Blaze kernel 'dmatdmatadd': Time deviation too large!!!
 Blaze kernel 'dmatdmatadd': Time deviation too large!!!
 Blaze kernel 'dmatdmatadd': Time deviation too large!!!
 Blaze kernel 'dmatdmatadd': Time deviation too large!!!
 Blaze kernel 'dmatdmatadd': Time deviation too large!!!
 Blaze kernel 'dmatdmatadd': Time deviation too large!!!
 Blaze kernel 'dmatdmatadd': Time deviation too large!!!
dmatdmatadd benchmark for hpx finished for 16 threads, chunk size 10, block_size row: 512 col:256 1th time
BLAZE_HPX_MATRIX_CHUNK_SIZE changed from 10 to 10
BLAZE_HPX_MATRIX_BLOCK_SIZE_ROW changed from 512 to 512
BLAZE_HPX_MATRIX_BLOCK_SIZE_COLUMN changed from 256 to 512
benchmark dmatdmatadd for hpx runtime created
chunk size: 10
block size row: 512
block size col: 512
 Blaze kernel 'dmatdmatadd': Time deviation too large!!!
 Blaze kernel 'dmatdmatadd': Time deviation too large!!!
 Blaze kernel 'dmatdmatadd': Time deviation too large!!!
 Blaze kernel 'dmatdmatadd': Time deviation too large!!!
 Blaze kernel 'dmatdmatadd': Time deviation too large!!!
 Blaze kernel 'dmatdmatadd': Time deviation too large!!!
 Blaze kernel 'dmatdmatadd': Time deviation too large!!!
 Blaze kernel 'dmatdmatadd': Time deviation too large!!!
dmatdmatadd benchmark for hpx finished for 16 threads, chunk size 10, block_size row: 512 col:512 1th time
