BLAZE_HPX_MATRIX_CHUNK_SIZE changed from 10 to 5
BLAZE_HPX_MATRIX_BLOCK_SIZE_ROW changed from 1 to 8
BLAZE_HPX_MATRIX_BLOCK_SIZE_COLUMN changed from 1 to 4
benchmark dmatdmatmult for hpx runtime created
chunk size: 5
block size row: 8
block size col: 4
 Blaze kernel 'dmatdmatmult': Time deviation too large!!!
dmatdmatmult benchmark for hpx finished for 16 threads, chunk size 5, block_size row: 8 col:4 1th time
BLAZE_HPX_MATRIX_CHUNK_SIZE changed from 5 to 20
BLAZE_HPX_MATRIX_BLOCK_SIZE_ROW changed from 8 to 8
BLAZE_HPX_MATRIX_BLOCK_SIZE_COLUMN changed from 4 to 4
benchmark dmatdmatmult for hpx runtime created
chunk size: 20
block size row: 8
block size col: 4
dmatdmatmult benchmark for hpx finished for 16 threads, chunk size 20, block_size row: 8 col:4 1th time
BLAZE_HPX_MATRIX_CHUNK_SIZE changed from 20 to 50
BLAZE_HPX_MATRIX_BLOCK_SIZE_ROW changed from 8 to 8
BLAZE_HPX_MATRIX_BLOCK_SIZE_COLUMN changed from 4 to 4
benchmark dmatdmatmult for hpx runtime created
chunk size: 50
block size row: 8
block size col: 4
 Blaze kernel 'dmatdmatmult': Time deviation too large!!!
dmatdmatmult benchmark for hpx finished for 16 threads, chunk size 50, block_size row: 8 col:4 1th time
BLAZE_HPX_MATRIX_CHUNK_SIZE changed from 50 to 5
BLAZE_HPX_MATRIX_BLOCK_SIZE_ROW changed from 8 to 16
BLAZE_HPX_MATRIX_BLOCK_SIZE_COLUMN changed from 4 to 4
benchmark dmatdmatmult for hpx runtime created
chunk size: 5
block size row: 16
block size col: 4
 Blaze kernel 'dmatdmatmult': Time deviation too large!!!
 Blaze kernel 'dmatdmatmult': Time deviation too large!!!
dmatdmatmult benchmark for hpx finished for 16 threads, chunk size 5, block_size row: 16 col:4 1th time
BLAZE_HPX_MATRIX_CHUNK_SIZE changed from 5 to 20
BLAZE_HPX_MATRIX_BLOCK_SIZE_ROW changed from 16 to 16
BLAZE_HPX_MATRIX_BLOCK_SIZE_COLUMN changed from 4 to 4
benchmark dmatdmatmult for hpx runtime created
chunk size: 20
block size row: 16
block size col: 4
 Blaze kernel 'dmatdmatmult': Time deviation too large!!!
 Blaze kernel 'dmatdmatmult': Time deviation too large!!!
 Blaze kernel 'dmatdmatmult': Time deviation too large!!!
 Blaze kernel 'dmatdmatmult': Time deviation too large!!!
dmatdmatmult benchmark for hpx finished for 16 threads, chunk size 20, block_size row: 16 col:4 1th time
BLAZE_HPX_MATRIX_CHUNK_SIZE changed from 20 to 50
BLAZE_HPX_MATRIX_BLOCK_SIZE_ROW changed from 16 to 16
BLAZE_HPX_MATRIX_BLOCK_SIZE_COLUMN changed from 4 to 4
benchmark dmatdmatmult for hpx runtime created
chunk size: 50
block size row: 16
block size col: 4
 Blaze kernel 'dmatdmatmult': Time deviation too large!!!
 Blaze kernel 'dmatdmatmult': Time deviation too large!!!
 Blaze kernel 'dmatdmatmult': Time deviation too large!!!
 Blaze kernel 'dmatdmatmult': Time deviation too large!!!
 Blaze kernel 'dmatdmatmult': Time deviation too large!!!
dmatdmatmult benchmark for hpx finished for 16 threads, chunk size 50, block_size row: 16 col:4 1th time
BLAZE_HPX_MATRIX_CHUNK_SIZE changed from 50 to 5
BLAZE_HPX_MATRIX_BLOCK_SIZE_ROW changed from 16 to 32
BLAZE_HPX_MATRIX_BLOCK_SIZE_COLUMN changed from 4 to 4
benchmark dmatdmatmult for hpx runtime created
chunk size: 5
block size row: 32
block size col: 4
 Blaze kernel 'dmatdmatmult': Time deviation too large!!!
 Blaze kernel 'dmatdmatmult': Time deviation too large!!!
 Blaze kernel 'dmatdmatmult': Time deviation too large!!!
 Blaze kernel 'dmatdmatmult': Time deviation too large!!!
 Blaze kernel 'dmatdmatmult': Time deviation too large!!!
dmatdmatmult benchmark for hpx finished for 16 threads, chunk size 5, block_size row: 32 col:4 1th time
BLAZE_HPX_MATRIX_CHUNK_SIZE changed from 5 to 20
BLAZE_HPX_MATRIX_BLOCK_SIZE_ROW changed from 32 to 32
BLAZE_HPX_MATRIX_BLOCK_SIZE_COLUMN changed from 4 to 4
benchmark dmatdmatmult for hpx runtime created
chunk size: 20
block size row: 32
block size col: 4
 Blaze kernel 'dmatdmatmult': Time deviation too large!!!
 Blaze kernel 'dmatdmatmult': Time deviation too large!!!
 Blaze kernel 'dmatdmatmult': Time deviation too large!!!
 Blaze kernel 'dmatdmatmult': Time deviation too large!!!
dmatdmatmult benchmark for hpx finished for 16 threads, chunk size 20, block_size row: 32 col:4 1th time
BLAZE_HPX_MATRIX_CHUNK_SIZE changed from 20 to 50
BLAZE_HPX_MATRIX_BLOCK_SIZE_ROW changed from 32 to 32
BLAZE_HPX_MATRIX_BLOCK_SIZE_COLUMN changed from 4 to 4
benchmark dmatdmatmult for hpx runtime created
chunk size: 50
block size row: 32
block size col: 4
 Blaze kernel 'dmatdmatmult': Time deviation too large!!!
dmatdmatmult benchmark for hpx finished for 16 threads, chunk size 50, block_size row: 32 col:4 1th time
BLAZE_HPX_MATRIX_CHUNK_SIZE changed from 50 to 5
BLAZE_HPX_MATRIX_BLOCK_SIZE_ROW changed from 32 to 64
BLAZE_HPX_MATRIX_BLOCK_SIZE_COLUMN changed from 4 to 4
benchmark dmatdmatmult for hpx runtime created
chunk size: 5
block size row: 64
block size col: 4
 Blaze kernel 'dmatdmatmult': Time deviation too large!!!
 Blaze kernel 'dmatdmatmult': Time deviation too large!!!
 Blaze kernel 'dmatdmatmult': Time deviation too large!!!
dmatdmatmult benchmark for hpx finished for 16 threads, chunk size 5, block_size row: 64 col:4 1th time
BLAZE_HPX_MATRIX_CHUNK_SIZE changed from 5 to 20
BLAZE_HPX_MATRIX_BLOCK_SIZE_ROW changed from 64 to 64
BLAZE_HPX_MATRIX_BLOCK_SIZE_COLUMN changed from 4 to 4
benchmark dmatdmatmult for hpx runtime created
chunk size: 20
block size row: 64
block size col: 4
 Blaze kernel 'dmatdmatmult': Time deviation too large!!!
 Blaze kernel 'dmatdmatmult': Time deviation too large!!!
 Blaze kernel 'dmatdmatmult': Time deviation too large!!!
 Blaze kernel 'dmatdmatmult': Time deviation too large!!!
dmatdmatmult benchmark for hpx finished for 16 threads, chunk size 20, block_size row: 64 col:4 1th time
BLAZE_HPX_MATRIX_CHUNK_SIZE changed from 20 to 50
BLAZE_HPX_MATRIX_BLOCK_SIZE_ROW changed from 64 to 64
BLAZE_HPX_MATRIX_BLOCK_SIZE_COLUMN changed from 4 to 4
benchmark dmatdmatmult for hpx runtime created
chunk size: 50
block size row: 64
block size col: 4
 Blaze kernel 'dmatdmatmult': Time deviation too large!!!
dmatdmatmult benchmark for hpx finished for 16 threads, chunk size 50, block_size row: 64 col:4 1th time
BLAZE_HPX_MATRIX_CHUNK_SIZE changed from 50 to 5
BLAZE_HPX_MATRIX_BLOCK_SIZE_ROW changed from 64 to 128
BLAZE_HPX_MATRIX_BLOCK_SIZE_COLUMN changed from 4 to 4
benchmark dmatdmatmult for hpx runtime created
chunk size: 5
block size row: 128
block size col: 4
 Blaze kernel 'dmatdmatmult': Time deviation too large!!!
 Blaze kernel 'dmatdmatmult': Time deviation too large!!!
 Blaze kernel 'dmatdmatmult': Time deviation too large!!!
 Blaze kernel 'dmatdmatmult': Time deviation too large!!!
 Blaze kernel 'dmatdmatmult': Time deviation too large!!!
dmatdmatmult benchmark for hpx finished for 16 threads, chunk size 5, block_size row: 128 col:4 1th time
BLAZE_HPX_MATRIX_CHUNK_SIZE changed from 5 to 20
BLAZE_HPX_MATRIX_BLOCK_SIZE_ROW changed from 128 to 128
BLAZE_HPX_MATRIX_BLOCK_SIZE_COLUMN changed from 4 to 4
benchmark dmatdmatmult for hpx runtime created
chunk size: 20
block size row: 128
block size col: 4
 Blaze kernel 'dmatdmatmult': Time deviation too large!!!
 Blaze kernel 'dmatdmatmult': Time deviation too large!!!
 Blaze kernel 'dmatdmatmult': Time deviation too large!!!
dmatdmatmult benchmark for hpx finished for 16 threads, chunk size 20, block_size row: 128 col:4 1th time
BLAZE_HPX_MATRIX_CHUNK_SIZE changed from 20 to 50
BLAZE_HPX_MATRIX_BLOCK_SIZE_ROW changed from 128 to 128
BLAZE_HPX_MATRIX_BLOCK_SIZE_COLUMN changed from 4 to 4
benchmark dmatdmatmult for hpx runtime created
chunk size: 50
block size row: 128
block size col: 4
 Blaze kernel 'dmatdmatmult': Time deviation too large!!!
 Blaze kernel 'dmatdmatmult': Time deviation too large!!!
 Blaze kernel 'dmatdmatmult': Time deviation too large!!!
dmatdmatmult benchmark for hpx finished for 16 threads, chunk size 50, block_size row: 128 col:4 1th time
BLAZE_HPX_MATRIX_CHUNK_SIZE changed from 50 to 5
BLAZE_HPX_MATRIX_BLOCK_SIZE_ROW changed from 128 to 256
BLAZE_HPX_MATRIX_BLOCK_SIZE_COLUMN changed from 4 to 4
benchmark dmatdmatmult for hpx runtime created
chunk size: 5
block size row: 256
block size col: 4
 Blaze kernel 'dmatdmatmult': Time deviation too large!!!
 Blaze kernel 'dmatdmatmult': Time deviation too large!!!
 Blaze kernel 'dmatdmatmult': Time deviation too large!!!
dmatdmatmult benchmark for hpx finished for 16 threads, chunk size 5, block_size row: 256 col:4 1th time
BLAZE_HPX_MATRIX_CHUNK_SIZE changed from 5 to 20
BLAZE_HPX_MATRIX_BLOCK_SIZE_ROW changed from 256 to 256
BLAZE_HPX_MATRIX_BLOCK_SIZE_COLUMN changed from 4 to 4
benchmark dmatdmatmult for hpx runtime created
chunk size: 20
block size row: 256
block size col: 4
dmatdmatmult benchmark for hpx finished for 16 threads, chunk size 20, block_size row: 256 col:4 1th time
BLAZE_HPX_MATRIX_CHUNK_SIZE changed from 20 to 50
BLAZE_HPX_MATRIX_BLOCK_SIZE_ROW changed from 256 to 256
BLAZE_HPX_MATRIX_BLOCK_SIZE_COLUMN changed from 4 to 4
benchmark dmatdmatmult for hpx runtime created
chunk size: 50
block size row: 256
block size col: 4
 Blaze kernel 'dmatdmatmult': Time deviation too large!!!
dmatdmatmult benchmark for hpx finished for 16 threads, chunk size 50, block_size row: 256 col:4 1th time
BLAZE_HPX_MATRIX_CHUNK_SIZE changed from 50 to 5
BLAZE_HPX_MATRIX_BLOCK_SIZE_ROW changed from 256 to 512
BLAZE_HPX_MATRIX_BLOCK_SIZE_COLUMN changed from 4 to 4
benchmark dmatdmatmult for hpx runtime created
chunk size: 5
block size row: 512
block size col: 4
 Blaze kernel 'dmatdmatmult': Time deviation too large!!!
 Blaze kernel 'dmatdmatmult': Time deviation too large!!!
dmatdmatmult benchmark for hpx finished for 16 threads, chunk size 5, block_size row: 512 col:4 1th time
BLAZE_HPX_MATRIX_CHUNK_SIZE changed from 5 to 20
BLAZE_HPX_MATRIX_BLOCK_SIZE_ROW changed from 512 to 512
BLAZE_HPX_MATRIX_BLOCK_SIZE_COLUMN changed from 4 to 4
benchmark dmatdmatmult for hpx runtime created
chunk size: 20
block size row: 512
block size col: 4
 Blaze kernel 'dmatdmatmult': Time deviation too large!!!
 Blaze kernel 'dmatdmatmult': Time deviation too large!!!
dmatdmatmult benchmark for hpx finished for 16 threads, chunk size 20, block_size row: 512 col:4 1th time
BLAZE_HPX_MATRIX_CHUNK_SIZE changed from 20 to 50
BLAZE_HPX_MATRIX_BLOCK_SIZE_ROW changed from 512 to 512
BLAZE_HPX_MATRIX_BLOCK_SIZE_COLUMN changed from 4 to 4
benchmark dmatdmatmult for hpx runtime created
chunk size: 50
block size row: 512
block size col: 4
 Blaze kernel 'dmatdmatmult': Time deviation too large!!!
 Blaze kernel 'dmatdmatmult': Time deviation too large!!!
 Blaze kernel 'dmatdmatmult': Time deviation too large!!!
dmatdmatmult benchmark for hpx finished for 16 threads, chunk size 50, block_size row: 512 col:4 1th time
BLAZE_HPX_MATRIX_CHUNK_SIZE changed from 50 to 5
BLAZE_HPX_MATRIX_BLOCK_SIZE_ROW changed from 512 to 1024
BLAZE_HPX_MATRIX_BLOCK_SIZE_COLUMN changed from 4 to 4
benchmark dmatdmatmult for hpx runtime created
chunk size: 5
block size row: 1024
block size col: 4
 Blaze kernel 'dmatdmatmult': Time deviation too large!!!
 Blaze kernel 'dmatdmatmult': Time deviation too large!!!
dmatdmatmult benchmark for hpx finished for 16 threads, chunk size 5, block_size row: 1024 col:4 1th time
BLAZE_HPX_MATRIX_CHUNK_SIZE changed from 5 to 20
BLAZE_HPX_MATRIX_BLOCK_SIZE_ROW changed from 1024 to 1024
BLAZE_HPX_MATRIX_BLOCK_SIZE_COLUMN changed from 4 to 4
benchmark dmatdmatmult for hpx runtime created
chunk size: 20
block size row: 1024
block size col: 4
 Blaze kernel 'dmatdmatmult': Time deviation too large!!!
 Blaze kernel 'dmatdmatmult': Time deviation too large!!!
dmatdmatmult benchmark for hpx finished for 16 threads, chunk size 20, block_size row: 1024 col:4 1th time
BLAZE_HPX_MATRIX_CHUNK_SIZE changed from 20 to 50
BLAZE_HPX_MATRIX_BLOCK_SIZE_ROW changed from 1024 to 1024
BLAZE_HPX_MATRIX_BLOCK_SIZE_COLUMN changed from 4 to 4
benchmark dmatdmatmult for hpx runtime created
chunk size: 50
block size row: 1024
block size col: 4
 Blaze kernel 'dmatdmatmult': Time deviation too large!!!
 Blaze kernel 'dmatdmatmult': Time deviation too large!!!
 Blaze kernel 'dmatdmatmult': Time deviation too large!!!
 Blaze kernel 'dmatdmatmult': Time deviation too large!!!
 Blaze kernel 'dmatdmatmult': Time deviation too large!!!
 Blaze kernel 'dmatdmatmult': Time deviation too large!!!
 Blaze kernel 'dmatdmatmult': Time deviation too large!!!
 Blaze kernel 'dmatdmatmult': Time deviation too large!!!
 Blaze kernel 'dmatdmatmult': Time deviation too large!!!
dmatdmatmult benchmark for hpx finished for 16 threads, chunk size 50, block_size row: 1024 col:4 1th time
