fatal: '/home/sshirzad/src/blaze_shahrzad//blaze/config/HPX.h' is outside repository
HPX.h file was reset to original
BLAZE_HPX_VECTOR_CHUNK_SIZE changed from 5 to 5
BLAZE_HPX_MATRIX_BLOCK_SIZE changed from 1 to 1
./generate_benchmarks.sh: line 20: syntax error near unexpected token `fi'
./generate_benchmarks.sh: line 20: `    fi'
chunk size: 5
block size: 1
/var/lib/slurm/slurmd/job3966083/slurm_script: line 73: /home/sshirzad/src/blaze_shahrzad/blazemark/benchmarks/dmatdmatmult_hpx: No such file or directory
dmatdmatmult benchmark for hpx finished for 1 threads, chunk size 5, block_size 1 1th time
/var/lib/slurm/slurmd/job3966083/slurm_script: line 73: /home/sshirzad/src/blaze_shahrzad/blazemark/benchmarks/dmatdmatmult_hpx: No such file or directory
dmatdmatmult benchmark for hpx finished for 2 threads, chunk size 5, block_size 1 1th time
/var/lib/slurm/slurmd/job3966083/slurm_script: line 73: /home/sshirzad/src/blaze_shahrzad/blazemark/benchmarks/dmatdmatmult_hpx: No such file or directory
dmatdmatmult benchmark for hpx finished for 3 threads, chunk size 5, block_size 1 1th time
/var/lib/slurm/slurmd/job3966083/slurm_script: line 73: /home/sshirzad/src/blaze_shahrzad/blazemark/benchmarks/dmatdmatmult_hpx: No such file or directory
dmatdmatmult benchmark for hpx finished for 4 threads, chunk size 5, block_size 1 1th time
/var/lib/slurm/slurmd/job3966083/slurm_script: line 73: /home/sshirzad/src/blaze_shahrzad/blazemark/benchmarks/dmatdmatmult_hpx: No such file or directory
dmatdmatmult benchmark for hpx finished for 5 threads, chunk size 5, block_size 1 1th time
/var/lib/slurm/slurmd/job3966083/slurm_script: line 73: /home/sshirzad/src/blaze_shahrzad/blazemark/benchmarks/dmatdmatmult_hpx: No such file or directory
dmatdmatmult benchmark for hpx finished for 6 threads, chunk size 5, block_size 1 1th time
/var/lib/slurm/slurmd/job3966083/slurm_script: line 73: /home/sshirzad/src/blaze_shahrzad/blazemark/benchmarks/dmatdmatmult_hpx: No such file or directory
dmatdmatmult benchmark for hpx finished for 7 threads, chunk size 5, block_size 1 1th time
/var/lib/slurm/slurmd/job3966083/slurm_script: line 73: /home/sshirzad/src/blaze_shahrzad/blazemark/benchmarks/dmatdmatmult_hpx: No such file or directory
dmatdmatmult benchmark for hpx finished for 8 threads, chunk size 5, block_size 1 1th time
/var/lib/slurm/slurmd/job3966083/slurm_script: line 73: /home/sshirzad/src/blaze_shahrzad/blazemark/benchmarks/dmatdmatmult_hpx: No such file or directory
dmatdmatmult benchmark for hpx finished for 9 threads, chunk size 5, block_size 1 1th time
/var/lib/slurm/slurmd/job3966083/slurm_script: line 73: /home/sshirzad/src/blaze_shahrzad/blazemark/benchmarks/dmatdmatmult_hpx: No such file or directory
dmatdmatmult benchmark for hpx finished for 10 threads, chunk size 5, block_size 1 1th time
/var/lib/slurm/slurmd/job3966083/slurm_script: line 73: /home/sshirzad/src/blaze_shahrzad/blazemark/benchmarks/dmatdmatmult_hpx: No such file or directory
dmatdmatmult benchmark for hpx finished for 11 threads, chunk size 5, block_size 1 1th time
/var/lib/slurm/slurmd/job3966083/slurm_script: line 73: /home/sshirzad/src/blaze_shahrzad/blazemark/benchmarks/dmatdmatmult_hpx: No such file or directory
dmatdmatmult benchmark for hpx finished for 12 threads, chunk size 5, block_size 1 1th time
/var/lib/slurm/slurmd/job3966083/slurm_script: line 73: /home/sshirzad/src/blaze_shahrzad/blazemark/benchmarks/dmatdmatmult_hpx: No such file or directory
dmatdmatmult benchmark for hpx finished for 13 threads, chunk size 5, block_size 1 1th time
/var/lib/slurm/slurmd/job3966083/slurm_script: line 73: /home/sshirzad/src/blaze_shahrzad/blazemark/benchmarks/dmatdmatmult_hpx: No such file or directory
dmatdmatmult benchmark for hpx finished for 14 threads, chunk size 5, block_size 1 1th time
/var/lib/slurm/slurmd/job3966083/slurm_script: line 73: /home/sshirzad/src/blaze_shahrzad/blazemark/benchmarks/dmatdmatmult_hpx: No such file or directory
dmatdmatmult benchmark for hpx finished for 15 threads, chunk size 5, block_size 1 1th time
/var/lib/slurm/slurmd/job3966083/slurm_script: line 73: /home/sshirzad/src/blaze_shahrzad/blazemark/benchmarks/dmatdmatmult_hpx: No such file or directory
dmatdmatmult benchmark for hpx finished for 16 threads, chunk size 5, block_size 1 1th time
fatal: '/home/sshirzad/src/blaze_shahrzad//blaze/config/HPX.h' is outside repository
HPX.h file was reset to original
BLAZE_HPX_VECTOR_CHUNK_SIZE changed from 5 to 5
BLAZE_HPX_MATRIX_BLOCK_SIZE changed from 1 to 2
./generate_benchmarks.sh: line 20: syntax error near unexpected token `fi'
./generate_benchmarks.sh: line 20: `    fi'
chunk size: 5
block size: 2
/var/lib/slurm/slurmd/job3966083/slurm_script: line 73: /home/sshirzad/src/blaze_shahrzad/blazemark/benchmarks/dmatdmatmult_hpx: No such file or directory
dmatdmatmult benchmark for hpx finished for 1 threads, chunk size 5, block_size 2 1th time
/var/lib/slurm/slurmd/job3966083/slurm_script: line 73: /home/sshirzad/src/blaze_shahrzad/blazemark/benchmarks/dmatdmatmult_hpx: No such file or directory
dmatdmatmult benchmark for hpx finished for 2 threads, chunk size 5, block_size 2 1th time
/var/lib/slurm/slurmd/job3966083/slurm_script: line 73: /home/sshirzad/src/blaze_shahrzad/blazemark/benchmarks/dmatdmatmult_hpx: No such file or directory
dmatdmatmult benchmark for hpx finished for 3 threads, chunk size 5, block_size 2 1th time
/var/lib/slurm/slurmd/job3966083/slurm_script: line 73: /home/sshirzad/src/blaze_shahrzad/blazemark/benchmarks/dmatdmatmult_hpx: No such file or directory
dmatdmatmult benchmark for hpx finished for 4 threads, chunk size 5, block_size 2 1th time
/var/lib/slurm/slurmd/job3966083/slurm_script: line 73: /home/sshirzad/src/blaze_shahrzad/blazemark/benchmarks/dmatdmatmult_hpx: No such file or directory
dmatdmatmult benchmark for hpx finished for 5 threads, chunk size 5, block_size 2 1th time
/var/lib/slurm/slurmd/job3966083/slurm_script: line 73: /home/sshirzad/src/blaze_shahrzad/blazemark/benchmarks/dmatdmatmult_hpx: No such file or directory
dmatdmatmult benchmark for hpx finished for 6 threads, chunk size 5, block_size 2 1th time
/var/lib/slurm/slurmd/job3966083/slurm_script: line 73: /home/sshirzad/src/blaze_shahrzad/blazemark/benchmarks/dmatdmatmult_hpx: No such file or directory
dmatdmatmult benchmark for hpx finished for 7 threads, chunk size 5, block_size 2 1th time
/var/lib/slurm/slurmd/job3966083/slurm_script: line 73: /home/sshirzad/src/blaze_shahrzad/blazemark/benchmarks/dmatdmatmult_hpx: No such file or directory
dmatdmatmult benchmark for hpx finished for 8 threads, chunk size 5, block_size 2 1th time
/var/lib/slurm/slurmd/job3966083/slurm_script: line 73: /home/sshirzad/src/blaze_shahrzad/blazemark/benchmarks/dmatdmatmult_hpx: No such file or directory
dmatdmatmult benchmark for hpx finished for 9 threads, chunk size 5, block_size 2 1th time
/var/lib/slurm/slurmd/job3966083/slurm_script: line 73: /home/sshirzad/src/blaze_shahrzad/blazemark/benchmarks/dmatdmatmult_hpx: No such file or directory
dmatdmatmult benchmark for hpx finished for 10 threads, chunk size 5, block_size 2 1th time
/var/lib/slurm/slurmd/job3966083/slurm_script: line 73: /home/sshirzad/src/blaze_shahrzad/blazemark/benchmarks/dmatdmatmult_hpx: No such file or directory
dmatdmatmult benchmark for hpx finished for 11 threads, chunk size 5, block_size 2 1th time
/var/lib/slurm/slurmd/job3966083/slurm_script: line 73: /home/sshirzad/src/blaze_shahrzad/blazemark/benchmarks/dmatdmatmult_hpx: No such file or directory
dmatdmatmult benchmark for hpx finished for 12 threads, chunk size 5, block_size 2 1th time
/var/lib/slurm/slurmd/job3966083/slurm_script: line 73: /home/sshirzad/src/blaze_shahrzad/blazemark/benchmarks/dmatdmatmult_hpx: No such file or directory
dmatdmatmult benchmark for hpx finished for 13 threads, chunk size 5, block_size 2 1th time
/var/lib/slurm/slurmd/job3966083/slurm_script: line 73: /home/sshirzad/src/blaze_shahrzad/blazemark/benchmarks/dmatdmatmult_hpx: No such file or directory
dmatdmatmult benchmark for hpx finished for 14 threads, chunk size 5, block_size 2 1th time
/var/lib/slurm/slurmd/job3966083/slurm_script: line 73: /home/sshirzad/src/blaze_shahrzad/blazemark/benchmarks/dmatdmatmult_hpx: No such file or directory
dmatdmatmult benchmark for hpx finished for 15 threads, chunk size 5, block_size 2 1th time
/var/lib/slurm/slurmd/job3966083/slurm_script: line 73: /home/sshirzad/src/blaze_shahrzad/blazemark/benchmarks/dmatdmatmult_hpx: No such file or directory
dmatdmatmult benchmark for hpx finished for 16 threads, chunk size 5, block_size 2 1th time
fatal: '/home/sshirzad/src/blaze_shahrzad//blaze/config/HPX.h' is outside repository
HPX.h file was reset to original
BLAZE_HPX_VECTOR_CHUNK_SIZE changed from 5 to 5
BLAZE_HPX_MATRIX_BLOCK_SIZE changed from 2 to 4
./generate_benchmarks.sh: line 20: syntax error near unexpected token `fi'
./generate_benchmarks.sh: line 20: `    fi'
chunk size: 5
block size: 4
/var/lib/slurm/slurmd/job3966083/slurm_script: line 73: /home/sshirzad/src/blaze_shahrzad/blazemark/benchmarks/dmatdmatmult_hpx: No such file or directory
dmatdmatmult benchmark for hpx finished for 1 threads, chunk size 5, block_size 4 1th time
/var/lib/slurm/slurmd/job3966083/slurm_script: line 73: /home/sshirzad/src/blaze_shahrzad/blazemark/benchmarks/dmatdmatmult_hpx: No such file or directory
dmatdmatmult benchmark for hpx finished for 2 threads, chunk size 5, block_size 4 1th time
/var/lib/slurm/slurmd/job3966083/slurm_script: line 73: /home/sshirzad/src/blaze_shahrzad/blazemark/benchmarks/dmatdmatmult_hpx: No such file or directory
dmatdmatmult benchmark for hpx finished for 3 threads, chunk size 5, block_size 4 1th time
/var/lib/slurm/slurmd/job3966083/slurm_script: line 73: /home/sshirzad/src/blaze_shahrzad/blazemark/benchmarks/dmatdmatmult_hpx: No such file or directory
dmatdmatmult benchmark for hpx finished for 4 threads, chunk size 5, block_size 4 1th time
/var/lib/slurm/slurmd/job3966083/slurm_script: line 73: /home/sshirzad/src/blaze_shahrzad/blazemark/benchmarks/dmatdmatmult_hpx: No such file or directory
dmatdmatmult benchmark for hpx finished for 5 threads, chunk size 5, block_size 4 1th time
/var/lib/slurm/slurmd/job3966083/slurm_script: line 73: /home/sshirzad/src/blaze_shahrzad/blazemark/benchmarks/dmatdmatmult_hpx: No such file or directory
dmatdmatmult benchmark for hpx finished for 6 threads, chunk size 5, block_size 4 1th time
/var/lib/slurm/slurmd/job3966083/slurm_script: line 73: /home/sshirzad/src/blaze_shahrzad/blazemark/benchmarks/dmatdmatmult_hpx: No such file or directory
dmatdmatmult benchmark for hpx finished for 7 threads, chunk size 5, block_size 4 1th time
/var/lib/slurm/slurmd/job3966083/slurm_script: line 73: /home/sshirzad/src/blaze_shahrzad/blazemark/benchmarks/dmatdmatmult_hpx: No such file or directory
dmatdmatmult benchmark for hpx finished for 8 threads, chunk size 5, block_size 4 1th time
/var/lib/slurm/slurmd/job3966083/slurm_script: line 73: /home/sshirzad/src/blaze_shahrzad/blazemark/benchmarks/dmatdmatmult_hpx: No such file or directory
dmatdmatmult benchmark for hpx finished for 9 threads, chunk size 5, block_size 4 1th time
/var/lib/slurm/slurmd/job3966083/slurm_script: line 73: /home/sshirzad/src/blaze_shahrzad/blazemark/benchmarks/dmatdmatmult_hpx: No such file or directory
dmatdmatmult benchmark for hpx finished for 10 threads, chunk size 5, block_size 4 1th time
/var/lib/slurm/slurmd/job3966083/slurm_script: line 73: /home/sshirzad/src/blaze_shahrzad/blazemark/benchmarks/dmatdmatmult_hpx: No such file or directory
dmatdmatmult benchmark for hpx finished for 11 threads, chunk size 5, block_size 4 1th time
/var/lib/slurm/slurmd/job3966083/slurm_script: line 73: /home/sshirzad/src/blaze_shahrzad/blazemark/benchmarks/dmatdmatmult_hpx: No such file or directory
dmatdmatmult benchmark for hpx finished for 12 threads, chunk size 5, block_size 4 1th time
/var/lib/slurm/slurmd/job3966083/slurm_script: line 73: /home/sshirzad/src/blaze_shahrzad/blazemark/benchmarks/dmatdmatmult_hpx: No such file or directory
dmatdmatmult benchmark for hpx finished for 13 threads, chunk size 5, block_size 4 1th time
/var/lib/slurm/slurmd/job3966083/slurm_script: line 73: /home/sshirzad/src/blaze_shahrzad/blazemark/benchmarks/dmatdmatmult_hpx: No such file or directory
dmatdmatmult benchmark for hpx finished for 14 threads, chunk size 5, block_size 4 1th time
/var/lib/slurm/slurmd/job3966083/slurm_script: line 73: /home/sshirzad/src/blaze_shahrzad/blazemark/benchmarks/dmatdmatmult_hpx: No such file or directory
dmatdmatmult benchmark for hpx finished for 15 threads, chunk size 5, block_size 4 1th time
/var/lib/slurm/slurmd/job3966083/slurm_script: line 73: /home/sshirzad/src/blaze_shahrzad/blazemark/benchmarks/dmatdmatmult_hpx: No such file or directory
dmatdmatmult benchmark for hpx finished for 16 threads, chunk size 5, block_size 4 1th time
fatal: '/home/sshirzad/src/blaze_shahrzad//blaze/config/HPX.h' is outside repository
HPX.h file was reset to original
BLAZE_HPX_VECTOR_CHUNK_SIZE changed from 5 to 5
BLAZE_HPX_MATRIX_BLOCK_SIZE changed from 4 to 8
./generate_benchmarks.sh: line 20: syntax error near unexpected token `fi'
./generate_benchmarks.sh: line 20: `    fi'
chunk size: 5
block size: 8
/var/lib/slurm/slurmd/job3966083/slurm_script: line 73: /home/sshirzad/src/blaze_shahrzad/blazemark/benchmarks/dmatdmatmult_hpx: No such file or directory
dmatdmatmult benchmark for hpx finished for 1 threads, chunk size 5, block_size 8 1th time
/var/lib/slurm/slurmd/job3966083/slurm_script: line 73: /home/sshirzad/src/blaze_shahrzad/blazemark/benchmarks/dmatdmatmult_hpx: No such file or directory
dmatdmatmult benchmark for hpx finished for 2 threads, chunk size 5, block_size 8 1th time
/var/lib/slurm/slurmd/job3966083/slurm_script: line 73: /home/sshirzad/src/blaze_shahrzad/blazemark/benchmarks/dmatdmatmult_hpx: No such file or directory
dmatdmatmult benchmark for hpx finished for 3 threads, chunk size 5, block_size 8 1th time
/var/lib/slurm/slurmd/job3966083/slurm_script: line 73: /home/sshirzad/src/blaze_shahrzad/blazemark/benchmarks/dmatdmatmult_hpx: No such file or directory
dmatdmatmult benchmark for hpx finished for 4 threads, chunk size 5, block_size 8 1th time
/var/lib/slurm/slurmd/job3966083/slurm_script: line 73: /home/sshirzad/src/blaze_shahrzad/blazemark/benchmarks/dmatdmatmult_hpx: No such file or directory
dmatdmatmult benchmark for hpx finished for 5 threads, chunk size 5, block_size 8 1th time
/var/lib/slurm/slurmd/job3966083/slurm_script: line 73: /home/sshirzad/src/blaze_shahrzad/blazemark/benchmarks/dmatdmatmult_hpx: No such file or directory
dmatdmatmult benchmark for hpx finished for 6 threads, chunk size 5, block_size 8 1th time
/var/lib/slurm/slurmd/job3966083/slurm_script: line 73: /home/sshirzad/src/blaze_shahrzad/blazemark/benchmarks/dmatdmatmult_hpx: No such file or directory
dmatdmatmult benchmark for hpx finished for 7 threads, chunk size 5, block_size 8 1th time
/var/lib/slurm/slurmd/job3966083/slurm_script: line 73: /home/sshirzad/src/blaze_shahrzad/blazemark/benchmarks/dmatdmatmult_hpx: No such file or directory
dmatdmatmult benchmark for hpx finished for 8 threads, chunk size 5, block_size 8 1th time
/var/lib/slurm/slurmd/job3966083/slurm_script: line 73: /home/sshirzad/src/blaze_shahrzad/blazemark/benchmarks/dmatdmatmult_hpx: No such file or directory
dmatdmatmult benchmark for hpx finished for 9 threads, chunk size 5, block_size 8 1th time
/var/lib/slurm/slurmd/job3966083/slurm_script: line 73: /home/sshirzad/src/blaze_shahrzad/blazemark/benchmarks/dmatdmatmult_hpx: No such file or directory
dmatdmatmult benchmark for hpx finished for 10 threads, chunk size 5, block_size 8 1th time
/var/lib/slurm/slurmd/job3966083/slurm_script: line 73: /home/sshirzad/src/blaze_shahrzad/blazemark/benchmarks/dmatdmatmult_hpx: No such file or directory
dmatdmatmult benchmark for hpx finished for 11 threads, chunk size 5, block_size 8 1th time
/var/lib/slurm/slurmd/job3966083/slurm_script: line 73: /home/sshirzad/src/blaze_shahrzad/blazemark/benchmarks/dmatdmatmult_hpx: No such file or directory
dmatdmatmult benchmark for hpx finished for 12 threads, chunk size 5, block_size 8 1th time
/var/lib/slurm/slurmd/job3966083/slurm_script: line 73: /home/sshirzad/src/blaze_shahrzad/blazemark/benchmarks/dmatdmatmult_hpx: No such file or directory
dmatdmatmult benchmark for hpx finished for 13 threads, chunk size 5, block_size 8 1th time
/var/lib/slurm/slurmd/job3966083/slurm_script: line 73: /home/sshirzad/src/blaze_shahrzad/blazemark/benchmarks/dmatdmatmult_hpx: No such file or directory
dmatdmatmult benchmark for hpx finished for 14 threads, chunk size 5, block_size 8 1th time
/var/lib/slurm/slurmd/job3966083/slurm_script: line 73: /home/sshirzad/src/blaze_shahrzad/blazemark/benchmarks/dmatdmatmult_hpx: No such file or directory
dmatdmatmult benchmark for hpx finished for 15 threads, chunk size 5, block_size 8 1th time
/var/lib/slurm/slurmd/job3966083/slurm_script: line 73: /home/sshirzad/src/blaze_shahrzad/blazemark/benchmarks/dmatdmatmult_hpx: No such file or directory
dmatdmatmult benchmark for hpx finished for 16 threads, chunk size 5, block_size 8 1th time
fatal: '/home/sshirzad/src/blaze_shahrzad//blaze/config/HPX.h' is outside repository
HPX.h file was reset to original
BLAZE_HPX_VECTOR_CHUNK_SIZE changed from 5 to 5
BLAZE_HPX_MATRIX_BLOCK_SIZE changed from 8 to 16
./generate_benchmarks.sh: line 20: syntax error near unexpected token `fi'
./generate_benchmarks.sh: line 20: `    fi'
chunk size: 5
block size: 16
/var/lib/slurm/slurmd/job3966083/slurm_script: line 73: /home/sshirzad/src/blaze_shahrzad/blazemark/benchmarks/dmatdmatmult_hpx: No such file or directory
dmatdmatmult benchmark for hpx finished for 1 threads, chunk size 5, block_size 16 1th time
/var/lib/slurm/slurmd/job3966083/slurm_script: line 73: /home/sshirzad/src/blaze_shahrzad/blazemark/benchmarks/dmatdmatmult_hpx: No such file or directory
dmatdmatmult benchmark for hpx finished for 2 threads, chunk size 5, block_size 16 1th time
/var/lib/slurm/slurmd/job3966083/slurm_script: line 73: /home/sshirzad/src/blaze_shahrzad/blazemark/benchmarks/dmatdmatmult_hpx: No such file or directory
dmatdmatmult benchmark for hpx finished for 3 threads, chunk size 5, block_size 16 1th time
/var/lib/slurm/slurmd/job3966083/slurm_script: line 73: /home/sshirzad/src/blaze_shahrzad/blazemark/benchmarks/dmatdmatmult_hpx: No such file or directory
dmatdmatmult benchmark for hpx finished for 4 threads, chunk size 5, block_size 16 1th time
/var/lib/slurm/slurmd/job3966083/slurm_script: line 73: /home/sshirzad/src/blaze_shahrzad/blazemark/benchmarks/dmatdmatmult_hpx: No such file or directory
dmatdmatmult benchmark for hpx finished for 5 threads, chunk size 5, block_size 16 1th time
/var/lib/slurm/slurmd/job3966083/slurm_script: line 73: /home/sshirzad/src/blaze_shahrzad/blazemark/benchmarks/dmatdmatmult_hpx: No such file or directory
dmatdmatmult benchmark for hpx finished for 6 threads, chunk size 5, block_size 16 1th time
/var/lib/slurm/slurmd/job3966083/slurm_script: line 73: /home/sshirzad/src/blaze_shahrzad/blazemark/benchmarks/dmatdmatmult_hpx: No such file or directory
dmatdmatmult benchmark for hpx finished for 7 threads, chunk size 5, block_size 16 1th time
/var/lib/slurm/slurmd/job3966083/slurm_script: line 73: /home/sshirzad/src/blaze_shahrzad/blazemark/benchmarks/dmatdmatmult_hpx: No such file or directory
dmatdmatmult benchmark for hpx finished for 8 threads, chunk size 5, block_size 16 1th time
/var/lib/slurm/slurmd/job3966083/slurm_script: line 73: /home/sshirzad/src/blaze_shahrzad/blazemark/benchmarks/dmatdmatmult_hpx: No such file or directory
dmatdmatmult benchmark for hpx finished for 9 threads, chunk size 5, block_size 16 1th time
/var/lib/slurm/slurmd/job3966083/slurm_script: line 73: /home/sshirzad/src/blaze_shahrzad/blazemark/benchmarks/dmatdmatmult_hpx: No such file or directory
dmatdmatmult benchmark for hpx finished for 10 threads, chunk size 5, block_size 16 1th time
/var/lib/slurm/slurmd/job3966083/slurm_script: line 73: /home/sshirzad/src/blaze_shahrzad/blazemark/benchmarks/dmatdmatmult_hpx: No such file or directory
dmatdmatmult benchmark for hpx finished for 11 threads, chunk size 5, block_size 16 1th time
/var/lib/slurm/slurmd/job3966083/slurm_script: line 73: /home/sshirzad/src/blaze_shahrzad/blazemark/benchmarks/dmatdmatmult_hpx: No such file or directory
dmatdmatmult benchmark for hpx finished for 12 threads, chunk size 5, block_size 16 1th time
/var/lib/slurm/slurmd/job3966083/slurm_script: line 73: /home/sshirzad/src/blaze_shahrzad/blazemark/benchmarks/dmatdmatmult_hpx: No such file or directory
dmatdmatmult benchmark for hpx finished for 13 threads, chunk size 5, block_size 16 1th time
/var/lib/slurm/slurmd/job3966083/slurm_script: line 73: /home/sshirzad/src/blaze_shahrzad/blazemark/benchmarks/dmatdmatmult_hpx: No such file or directory
dmatdmatmult benchmark for hpx finished for 14 threads, chunk size 5, block_size 16 1th time
/var/lib/slurm/slurmd/job3966083/slurm_script: line 73: /home/sshirzad/src/blaze_shahrzad/blazemark/benchmarks/dmatdmatmult_hpx: No such file or directory
dmatdmatmult benchmark for hpx finished for 15 threads, chunk size 5, block_size 16 1th time
/var/lib/slurm/slurmd/job3966083/slurm_script: line 73: /home/sshirzad/src/blaze_shahrzad/blazemark/benchmarks/dmatdmatmult_hpx: No such file or directory
dmatdmatmult benchmark for hpx finished for 16 threads, chunk size 5, block_size 16 1th time
fatal: '/home/sshirzad/src/blaze_shahrzad//blaze/config/HPX.h' is outside repository
HPX.h file was reset to original
BLAZE_HPX_VECTOR_CHUNK_SIZE changed from 5 to 5
BLAZE_HPX_MATRIX_BLOCK_SIZE changed from 16 to 32
./generate_benchmarks.sh: line 20: syntax error near unexpected token `fi'
./generate_benchmarks.sh: line 20: `    fi'
chunk size: 5
block size: 32
/var/lib/slurm/slurmd/job3966083/slurm_script: line 73: /home/sshirzad/src/blaze_shahrzad/blazemark/benchmarks/dmatdmatmult_hpx: No such file or directory
dmatdmatmult benchmark for hpx finished for 1 threads, chunk size 5, block_size 32 1th time
/var/lib/slurm/slurmd/job3966083/slurm_script: line 73: /home/sshirzad/src/blaze_shahrzad/blazemark/benchmarks/dmatdmatmult_hpx: No such file or directory
dmatdmatmult benchmark for hpx finished for 2 threads, chunk size 5, block_size 32 1th time
/var/lib/slurm/slurmd/job3966083/slurm_script: line 73: /home/sshirzad/src/blaze_shahrzad/blazemark/benchmarks/dmatdmatmult_hpx: No such file or directory
dmatdmatmult benchmark for hpx finished for 3 threads, chunk size 5, block_size 32 1th time
/var/lib/slurm/slurmd/job3966083/slurm_script: line 73: /home/sshirzad/src/blaze_shahrzad/blazemark/benchmarks/dmatdmatmult_hpx: No such file or directory
dmatdmatmult benchmark for hpx finished for 4 threads, chunk size 5, block_size 32 1th time
/var/lib/slurm/slurmd/job3966083/slurm_script: line 73: /home/sshirzad/src/blaze_shahrzad/blazemark/benchmarks/dmatdmatmult_hpx: No such file or directory
dmatdmatmult benchmark for hpx finished for 5 threads, chunk size 5, block_size 32 1th time
/var/lib/slurm/slurmd/job3966083/slurm_script: line 73: /home/sshirzad/src/blaze_shahrzad/blazemark/benchmarks/dmatdmatmult_hpx: No such file or directory
dmatdmatmult benchmark for hpx finished for 6 threads, chunk size 5, block_size 32 1th time
/var/lib/slurm/slurmd/job3966083/slurm_script: line 73: /home/sshirzad/src/blaze_shahrzad/blazemark/benchmarks/dmatdmatmult_hpx: No such file or directory
dmatdmatmult benchmark for hpx finished for 7 threads, chunk size 5, block_size 32 1th time
/var/lib/slurm/slurmd/job3966083/slurm_script: line 73: /home/sshirzad/src/blaze_shahrzad/blazemark/benchmarks/dmatdmatmult_hpx: No such file or directory
dmatdmatmult benchmark for hpx finished for 8 threads, chunk size 5, block_size 32 1th time
/var/lib/slurm/slurmd/job3966083/slurm_script: line 73: /home/sshirzad/src/blaze_shahrzad/blazemark/benchmarks/dmatdmatmult_hpx: No such file or directory
dmatdmatmult benchmark for hpx finished for 9 threads, chunk size 5, block_size 32 1th time
/var/lib/slurm/slurmd/job3966083/slurm_script: line 73: /home/sshirzad/src/blaze_shahrzad/blazemark/benchmarks/dmatdmatmult_hpx: No such file or directory
dmatdmatmult benchmark for hpx finished for 10 threads, chunk size 5, block_size 32 1th time
/var/lib/slurm/slurmd/job3966083/slurm_script: line 73: /home/sshirzad/src/blaze_shahrzad/blazemark/benchmarks/dmatdmatmult_hpx: No such file or directory
dmatdmatmult benchmark for hpx finished for 11 threads, chunk size 5, block_size 32 1th time
/var/lib/slurm/slurmd/job3966083/slurm_script: line 73: /home/sshirzad/src/blaze_shahrzad/blazemark/benchmarks/dmatdmatmult_hpx: No such file or directory
dmatdmatmult benchmark for hpx finished for 12 threads, chunk size 5, block_size 32 1th time
/var/lib/slurm/slurmd/job3966083/slurm_script: line 73: /home/sshirzad/src/blaze_shahrzad/blazemark/benchmarks/dmatdmatmult_hpx: No such file or directory
dmatdmatmult benchmark for hpx finished for 13 threads, chunk size 5, block_size 32 1th time
/var/lib/slurm/slurmd/job3966083/slurm_script: line 73: /home/sshirzad/src/blaze_shahrzad/blazemark/benchmarks/dmatdmatmult_hpx: No such file or directory
dmatdmatmult benchmark for hpx finished for 14 threads, chunk size 5, block_size 32 1th time
/var/lib/slurm/slurmd/job3966083/slurm_script: line 73: /home/sshirzad/src/blaze_shahrzad/blazemark/benchmarks/dmatdmatmult_hpx: No such file or directory
dmatdmatmult benchmark for hpx finished for 15 threads, chunk size 5, block_size 32 1th time
/var/lib/slurm/slurmd/job3966083/slurm_script: line 73: /home/sshirzad/src/blaze_shahrzad/blazemark/benchmarks/dmatdmatmult_hpx: No such file or directory
dmatdmatmult benchmark for hpx finished for 16 threads, chunk size 5, block_size 32 1th time
