BLAZE_HPX_MATRIX_CHUNK_SIZE changed from 5 to 5
BLAZE_HPX_MATRIX_BLOCK_SIZE_ROW changed from 512 to 4
BLAZE_HPX_MATRIX_BLOCK_SIZE_COLUMN changed from 1 to 4
benchmark dmatdmatmult for hpx runtime created
chunk size: 5
block size row: 4
block size col: 4
 Blaze kernel 'dmatdmatmult': Time deviation too large!!!
dmatdmatmult benchmark for hpx finished for 16 threads, chunk size 5, block_size  1th time
BLAZE_HPX_MATRIX_CHUNK_SIZE changed from 5 to 5
BLAZE_HPX_MATRIX_BLOCK_SIZE_ROW changed from 4 to 8
BLAZE_HPX_MATRIX_BLOCK_SIZE_COLUMN changed from 4 to 4
benchmark dmatdmatmult for hpx runtime created
chunk size: 5
block size row: 8
block size col: 4
 Blaze kernel 'dmatdmatmult': Time deviation too large!!!
 Blaze kernel 'dmatdmatmult': Time deviation too large!!!
 Blaze kernel 'dmatdmatmult': Time deviation too large!!!
 Blaze kernel 'dmatdmatmult': Time deviation too large!!!
 Blaze kernel 'dmatdmatmult': Time deviation too large!!!
 Blaze kernel 'dmatdmatmult': Time deviation too large!!!
 Blaze kernel 'dmatdmatmult': Time deviation too large!!!
 Blaze kernel 'dmatdmatmult': Time deviation too large!!!
 Blaze kernel 'dmatdmatmult': Time deviation too large!!!
dmatdmatmult benchmark for hpx finished for 16 threads, chunk size 5, block_size  1th time
BLAZE_HPX_MATRIX_CHUNK_SIZE changed from 5 to 5
BLAZE_HPX_MATRIX_BLOCK_SIZE_ROW changed from 8 to 16
BLAZE_HPX_MATRIX_BLOCK_SIZE_COLUMN changed from 4 to 4
benchmark dmatdmatmult for hpx runtime created
chunk size: 5
block size row: 16
block size col: 4
 Blaze kernel 'dmatdmatmult': Time deviation too large!!!
 Blaze kernel 'dmatdmatmult': Time deviation too large!!!
 Blaze kernel 'dmatdmatmult': Time deviation too large!!!
 Blaze kernel 'dmatdmatmult': Time deviation too large!!!
 Blaze kernel 'dmatdmatmult': Time deviation too large!!!
 Blaze kernel 'dmatdmatmult': Time deviation too large!!!
 Blaze kernel 'dmatdmatmult': Time deviation too large!!!
 Blaze kernel 'dmatdmatmult': Time deviation too large!!!
dmatdmatmult benchmark for hpx finished for 16 threads, chunk size 5, block_size  1th time
BLAZE_HPX_MATRIX_CHUNK_SIZE changed from 5 to 5
BLAZE_HPX_MATRIX_BLOCK_SIZE_ROW changed from 16 to 32
BLAZE_HPX_MATRIX_BLOCK_SIZE_COLUMN changed from 4 to 4
benchmark dmatdmatmult for hpx runtime created
chunk size: 5
block size row: 32
block size col: 4
 Blaze kernel 'dmatdmatmult': Time deviation too large!!!
 Blaze kernel 'dmatdmatmult': Time deviation too large!!!
 Blaze kernel 'dmatdmatmult': Time deviation too large!!!
 Blaze kernel 'dmatdmatmult': Time deviation too large!!!
 Blaze kernel 'dmatdmatmult': Time deviation too large!!!
 Blaze kernel 'dmatdmatmult': Time deviation too large!!!
 Blaze kernel 'dmatdmatmult': Time deviation too large!!!
 Blaze kernel 'dmatdmatmult': Time deviation too large!!!
 Blaze kernel 'dmatdmatmult': Time deviation too large!!!
dmatdmatmult benchmark for hpx finished for 16 threads, chunk size 5, block_size  1th time
BLAZE_HPX_MATRIX_CHUNK_SIZE changed from 5 to 5
BLAZE_HPX_MATRIX_BLOCK_SIZE_ROW changed from 32 to 64
BLAZE_HPX_MATRIX_BLOCK_SIZE_COLUMN changed from 4 to 4
benchmark dmatdmatmult for hpx runtime created
chunk size: 5
block size row: 64
block size col: 4
 Blaze kernel 'dmatdmatmult': Time deviation too large!!!
 Blaze kernel 'dmatdmatmult': Time deviation too large!!!
 Blaze kernel 'dmatdmatmult': Time deviation too large!!!
dmatdmatmult benchmark for hpx finished for 16 threads, chunk size 5, block_size  1th time
BLAZE_HPX_MATRIX_CHUNK_SIZE changed from 5 to 5
BLAZE_HPX_MATRIX_BLOCK_SIZE_ROW changed from 64 to 128
BLAZE_HPX_MATRIX_BLOCK_SIZE_COLUMN changed from 4 to 4
benchmark dmatdmatmult for hpx runtime created
chunk size: 5
block size row: 128
block size col: 4
slurmstepd: error: *** JOB 3969582 ON marvin04 CANCELLED AT 2018-12-18T11:33:45 ***
