BLAZE_HPX_MATRIX_CHUNK_SIZE changed from 5 to 5
BLAZE_HPX_MATRIX_BLOCK_SIZE_ROW changed from 512 to 512
BLAZE_HPX_MATRIX_BLOCK_SIZE_COLUMN changed from 4 to 4
benchmark dmatdmatmult for hpx runtime created
chunk size: 5
block size row: 512
block size col: 4
dmatdmatmult benchmark for hpx finished for 16 threads, chunk size 5, block_size row: 512 col:4 1th time
dmatdmatmult benchmark for hpx finished for 16 threads, chunk size 5, block_size row: 512 col:4 2th time
dmatdmatmult benchmark for hpx finished for 16 threads, chunk size 5, block_size row: 512 col:4 3th time
dmatdmatmult benchmark for hpx finished for 16 threads, chunk size 5, block_size row: 512 col:4 4th time
 Blaze kernel 'dmatdmatmult': Time deviation too large!!!
dmatdmatmult benchmark for hpx finished for 16 threads, chunk size 5, block_size row: 512 col:4 5th time
dmatdmatmult benchmark for hpx finished for 16 threads, chunk size 5, block_size row: 512 col:4 6th time
 Blaze kernel 'dmatdmatmult': Time deviation too large!!!
dmatdmatmult benchmark for hpx finished for 16 threads, chunk size 5, block_size row: 512 col:4 7th time
 Blaze kernel 'dmatdmatmult': Time deviation too large!!!
dmatdmatmult benchmark for hpx finished for 16 threads, chunk size 5, block_size row: 512 col:4 8th time
dmatdmatmult benchmark for hpx finished for 16 threads, chunk size 5, block_size row: 512 col:4 9th time
dmatdmatmult benchmark for hpx finished for 16 threads, chunk size 5, block_size row: 512 col:4 10th time
dmatdmatmult benchmark for hpx finished for 16 threads, chunk size 5, block_size row: 512 col:4 11th time
