dvecdvecadd
openmp
marvin
benchmark dvecdvecadd for openmp runtime created on node marvin
finished for 1 threads
 Blaze kernel 'dvecdvecadd': Time deviation too large!!!
 Blaze kernel 'dvecdvecadd': Time deviation too large!!!
 Blaze kernel 'dvecdvecadd': Time deviation too large!!!
 Blaze kernel 'dvecdvecadd': Time deviation too large!!!
finished for 2 threads
 Blaze kernel 'dvecdvecadd': Time deviation too large!!!
finished for 3 threads
finished for 4 threads
 Blaze kernel 'dvecdvecadd': Time deviation too large!!!
finished for 5 threads
 Blaze kernel 'dvecdvecadd': Time deviation too large!!!
finished for 6 threads
 Blaze kernel 'dvecdvecadd': Time deviation too large!!!
finished for 7 threads
 Blaze kernel 'dvecdvecadd': Time deviation too large!!!
 Blaze kernel 'dvecdvecadd': Time deviation too large!!!
finished for 8 threads
 Blaze kernel 'dvecdvecadd': Time deviation too large!!!
 Blaze kernel 'dvecdvecadd': Time deviation too large!!!
finished for 9 threads
finished for 10 threads
 Blaze kernel 'dvecdvecadd': Time deviation too large!!!
finished for 11 threads
 Blaze kernel 'dvecdvecadd': Time deviation too large!!!
 Blaze kernel 'dvecdvecadd': Time deviation too large!!!
 Blaze kernel 'dvecdvecadd': Time deviation too large!!!
finished for 12 threads
 Blaze kernel 'dvecdvecadd': Time deviation too large!!!
 Blaze kernel 'dvecdvecadd': Time deviation too large!!!
 Blaze kernel 'dvecdvecadd': Time deviation too large!!!
 Blaze kernel 'dvecdvecadd': Time deviation too large!!!
 Blaze kernel 'dvecdvecadd': Time deviation too large!!!
 Blaze kernel 'dvecdvecadd': Time deviation too large!!!
finished for 13 threads
 Blaze kernel 'dvecdvecadd': Time deviation too large!!!
finished for 14 threads
 Blaze kernel 'dvecdvecadd': Time deviation too large!!!
 Blaze kernel 'dvecdvecadd': Time deviation too large!!!
 Blaze kernel 'dvecdvecadd': Time deviation too large!!!
 Blaze kernel 'dvecdvecadd': Time deviation too large!!!
finished for 15 threads
 Blaze kernel 'dvecdvecadd': Time deviation too large!!!
finished for 16 threads
dmatdmatadd
openmp
marvin
benchmark dmatdmatadd for openmp runtime created on node marvin
finished for 1 threads
 Blaze kernel 'dmatdmatadd': Time deviation too large!!!
 Blaze kernel 'dmatdmatadd': Time deviation too large!!!
 Blaze kernel 'dmatdmatadd': Time deviation too large!!!
finished for 2 threads
 Blaze kernel 'dmatdmatadd': Time deviation too large!!!
 Blaze kernel 'dmatdmatadd': Time deviation too large!!!
 Blaze kernel 'dmatdmatadd': Time deviation too large!!!
 Blaze kernel 'dmatdmatadd': Time deviation too large!!!
 Blaze kernel 'dmatdmatadd': Time deviation too large!!!
 Blaze kernel 'dmatdmatadd': Time deviation too large!!!
 Blaze kernel 'dmatdmatadd': Time deviation too large!!!
finished for 3 threads
 Blaze kernel 'dmatdmatadd': Time deviation too large!!!
 Blaze kernel 'dmatdmatadd': Time deviation too large!!!
 Blaze kernel 'dmatdmatadd': Time deviation too large!!!
 Blaze kernel 'dmatdmatadd': Time deviation too large!!!
 Blaze kernel 'dmatdmatadd': Time deviation too large!!!
 Blaze kernel 'dmatdmatadd': Time deviation too large!!!
 Blaze kernel 'dmatdmatadd': Time deviation too large!!!
finished for 4 threads
 Blaze kernel 'dmatdmatadd': Time deviation too large!!!
 Blaze kernel 'dmatdmatadd': Time deviation too large!!!
 Blaze kernel 'dmatdmatadd': Time deviation too large!!!
 Blaze kernel 'dmatdmatadd': Time deviation too large!!!
finished for 5 threads
 Blaze kernel 'dmatdmatadd': Time deviation too large!!!
 Blaze kernel 'dmatdmatadd': Time deviation too large!!!
 Blaze kernel 'dmatdmatadd': Time deviation too large!!!
 Blaze kernel 'dmatdmatadd': Time deviation too large!!!
 Blaze kernel 'dmatdmatadd': Time deviation too large!!!
finished for 6 threads
 Blaze kernel 'dmatdmatadd': Time deviation too large!!!
 Blaze kernel 'dmatdmatadd': Time deviation too large!!!
finished for 7 threads
 Blaze kernel 'dmatdmatadd': Time deviation too large!!!
 Blaze kernel 'dmatdmatadd': Time deviation too large!!!
finished for 8 threads
 Blaze kernel 'dmatdmatadd': Time deviation too large!!!
 Blaze kernel 'dmatdmatadd': Time deviation too large!!!
finished for 9 threads
 Blaze kernel 'dmatdmatadd': Time deviation too large!!!
 Blaze kernel 'dmatdmatadd': Time deviation too large!!!
 Blaze kernel 'dmatdmatadd': Time deviation too large!!!
finished for 10 threads
 Blaze kernel 'dmatdmatadd': Time deviation too large!!!
finished for 11 threads
 Blaze kernel 'dmatdmatadd': Time deviation too large!!!
finished for 12 threads
 Blaze kernel 'dmatdmatadd': Time deviation too large!!!
 Blaze kernel 'dmatdmatadd': Time deviation too large!!!
 Blaze kernel 'dmatdmatadd': Time deviation too large!!!
 Blaze kernel 'dmatdmatadd': Time deviation too large!!!
finished for 13 threads
 Blaze kernel 'dmatdmatadd': Time deviation too large!!!
 Blaze kernel 'dmatdmatadd': Time deviation too large!!!
 Blaze kernel 'dmatdmatadd': Time deviation too large!!!
finished for 14 threads
 Blaze kernel 'dmatdmatadd': Time deviation too large!!!
 Blaze kernel 'dmatdmatadd': Time deviation too large!!!
finished for 15 threads
 Blaze kernel 'dmatdmatadd': Time deviation too large!!!
 Blaze kernel 'dmatdmatadd': Time deviation too large!!!
 Blaze kernel 'dmatdmatadd': Time deviation too large!!!
 Blaze kernel 'dmatdmatadd': Time deviation too large!!!
finished for 16 threads
