/var/lib/slurm/slurmd/job4013827/slurm_script: line 28: /home/sshirzad/repos/Blazemark/results/info/: Is a directory
benchmark dmatdmatadd for hpx runtime created
dmatdmatadd benchmark for hpx finished for 1 threads 1th time
dmatdmatadd benchmark for hpx finished for 1 threads 2th time
dmatdmatadd benchmark for hpx finished for 1 threads 3th time
dmatdmatadd benchmark for hpx finished for 1 threads 4th time
dmatdmatadd benchmark for hpx finished for 1 threads 5th time
dmatdmatadd benchmark for hpx finished for 1 threads 6th time
dmatdmatadd benchmark for hpx finished for 1 threads 7th time
dmatdmatadd benchmark for hpx finished for 1 threads 8th time
dmatdmatadd benchmark for hpx finished for 1 threads 9th time
dmatdmatadd benchmark for hpx finished for 1 threads 10th time
dmatdmatadd benchmark for hpx finished for 1 threads 11th time
dmatdmatadd benchmark for hpx finished for 2 threads 1th time
dmatdmatadd benchmark for hpx finished for 2 threads 2th time
dmatdmatadd benchmark for hpx finished for 2 threads 3th time
dmatdmatadd benchmark for hpx finished for 2 threads 4th time
 Blaze kernel 'dmatdmatadd': Time deviation too large!!!
dmatdmatadd benchmark for hpx finished for 2 threads 5th time
dmatdmatadd benchmark for hpx finished for 2 threads 6th time
 Blaze kernel 'dmatdmatadd': Time deviation too large!!!
dmatdmatadd benchmark for hpx finished for 2 threads 7th time
dmatdmatadd benchmark for hpx finished for 2 threads 8th time
dmatdmatadd benchmark for hpx finished for 2 threads 9th time
dmatdmatadd benchmark for hpx finished for 2 threads 10th time
 Blaze kernel 'dmatdmatadd': Time deviation too large!!!
 Blaze kernel 'dmatdmatadd': Time deviation too large!!!
dmatdmatadd benchmark for hpx finished for 2 threads 11th time
dmatdmatadd benchmark for hpx finished for 3 threads 1th time
dmatdmatadd benchmark for hpx finished for 3 threads 2th time
dmatdmatadd benchmark for hpx finished for 3 threads 3th time
 Blaze kernel 'dmatdmatadd': Time deviation too large!!!
dmatdmatadd benchmark for hpx finished for 3 threads 4th time
 Blaze kernel 'dmatdmatadd': Time deviation too large!!!
 Blaze kernel 'dmatdmatadd': Time deviation too large!!!
dmatdmatadd benchmark for hpx finished for 3 threads 5th time
 Blaze kernel 'dmatdmatadd': Time deviation too large!!!
dmatdmatadd benchmark for hpx finished for 3 threads 6th time
dmatdmatadd benchmark for hpx finished for 3 threads 7th time
 Blaze kernel 'dmatdmatadd': Time deviation too large!!!
dmatdmatadd benchmark for hpx finished for 3 threads 8th time
dmatdmatadd benchmark for hpx finished for 3 threads 9th time
dmatdmatadd benchmark for hpx finished for 3 threads 10th time
dmatdmatadd benchmark for hpx finished for 3 threads 11th time
 Blaze kernel 'dmatdmatadd': Time deviation too large!!!
 Blaze kernel 'dmatdmatadd': Time deviation too large!!!
 Blaze kernel 'dmatdmatadd': Time deviation too large!!!
 Blaze kernel 'dmatdmatadd': Time deviation too large!!!
 Blaze kernel 'dmatdmatadd': Time deviation too large!!!
 Blaze kernel 'dmatdmatadd': Time deviation too large!!!
dmatdmatadd benchmark for hpx finished for 4 threads 1th time
 Blaze kernel 'dmatdmatadd': Time deviation too large!!!
 Blaze kernel 'dmatdmatadd': Time deviation too large!!!
 Blaze kernel 'dmatdmatadd': Time deviation too large!!!
 Blaze kernel 'dmatdmatadd': Time deviation too large!!!
dmatdmatadd benchmark for hpx finished for 4 threads 2th time
 Blaze kernel 'dmatdmatadd': Time deviation too large!!!
 Blaze kernel 'dmatdmatadd': Time deviation too large!!!
dmatdmatadd benchmark for hpx finished for 4 threads 3th time
 Blaze kernel 'dmatdmatadd': Time deviation too large!!!
 Blaze kernel 'dmatdmatadd': Time deviation too large!!!
dmatdmatadd benchmark for hpx finished for 4 threads 4th time
 Blaze kernel 'dmatdmatadd': Time deviation too large!!!
 Blaze kernel 'dmatdmatadd': Time deviation too large!!!
 Blaze kernel 'dmatdmatadd': Time deviation too large!!!
dmatdmatadd benchmark for hpx finished for 4 threads 5th time
 Blaze kernel 'dmatdmatadd': Time deviation too large!!!
 Blaze kernel 'dmatdmatadd': Time deviation too large!!!
 Blaze kernel 'dmatdmatadd': Time deviation too large!!!
dmatdmatadd benchmark for hpx finished for 4 threads 6th time
 Blaze kernel 'dmatdmatadd': Time deviation too large!!!
 Blaze kernel 'dmatdmatadd': Time deviation too large!!!
 Blaze kernel 'dmatdmatadd': Time deviation too large!!!
 Blaze kernel 'dmatdmatadd': Time deviation too large!!!
 Blaze kernel 'dmatdmatadd': Time deviation too large!!!
 Blaze kernel 'dmatdmatadd': Time deviation too large!!!
 Blaze kernel 'dmatdmatadd': Time deviation too large!!!
dmatdmatadd benchmark for hpx finished for 4 threads 7th time
 Blaze kernel 'dmatdmatadd': Time deviation too large!!!
 Blaze kernel 'dmatdmatadd': Time deviation too large!!!
 Blaze kernel 'dmatdmatadd': Time deviation too large!!!
 Blaze kernel 'dmatdmatadd': Time deviation too large!!!
 Blaze kernel 'dmatdmatadd': Time deviation too large!!!
 Blaze kernel 'dmatdmatadd': Time deviation too large!!!
dmatdmatadd benchmark for hpx finished for 4 threads 8th time
 Blaze kernel 'dmatdmatadd': Time deviation too large!!!
 Blaze kernel 'dmatdmatadd': Time deviation too large!!!
dmatdmatadd benchmark for hpx finished for 4 threads 9th time
 Blaze kernel 'dmatdmatadd': Time deviation too large!!!
 Blaze kernel 'dmatdmatadd': Time deviation too large!!!
 Blaze kernel 'dmatdmatadd': Time deviation too large!!!
 Blaze kernel 'dmatdmatadd': Time deviation too large!!!
 Blaze kernel 'dmatdmatadd': Time deviation too large!!!
 Blaze kernel 'dmatdmatadd': Time deviation too large!!!
 Blaze kernel 'dmatdmatadd': Time deviation too large!!!
dmatdmatadd benchmark for hpx finished for 4 threads 10th time
 Blaze kernel 'dmatdmatadd': Time deviation too large!!!
 Blaze kernel 'dmatdmatadd': Time deviation too large!!!
 Blaze kernel 'dmatdmatadd': Time deviation too large!!!
 Blaze kernel 'dmatdmatadd': Time deviation too large!!!
 Blaze kernel 'dmatdmatadd': Time deviation too large!!!
 Blaze kernel 'dmatdmatadd': Time deviation too large!!!
dmatdmatadd benchmark for hpx finished for 4 threads 11th time
 Blaze kernel 'dmatdmatadd': Time deviation too large!!!
 Blaze kernel 'dmatdmatadd': Time deviation too large!!!
 Blaze kernel 'dmatdmatadd': Time deviation too large!!!
 Blaze kernel 'dmatdmatadd': Time deviation too large!!!
 Blaze kernel 'dmatdmatadd': Time deviation too large!!!
 Blaze kernel 'dmatdmatadd': Time deviation too large!!!
 Blaze kernel 'dmatdmatadd': Time deviation too large!!!
 Blaze kernel 'dmatdmatadd': Time deviation too large!!!
 Blaze kernel 'dmatdmatadd': Time deviation too large!!!
 Blaze kernel 'dmatdmatadd': Time deviation too large!!!
 Blaze kernel 'dmatdmatadd': Time deviation too large!!!
dmatdmatadd benchmark for hpx finished for 5 threads 1th time
 Blaze kernel 'dmatdmatadd': Time deviation too large!!!
 Blaze kernel 'dmatdmatadd': Time deviation too large!!!
 Blaze kernel 'dmatdmatadd': Time deviation too large!!!
 Blaze kernel 'dmatdmatadd': Time deviation too large!!!
 Blaze kernel 'dmatdmatadd': Time deviation too large!!!
 Blaze kernel 'dmatdmatadd': Time deviation too large!!!
 Blaze kernel 'dmatdmatadd': Time deviation too large!!!
 Blaze kernel 'dmatdmatadd': Time deviation too large!!!
 Blaze kernel 'dmatdmatadd': Time deviation too large!!!
dmatdmatadd benchmark for hpx finished for 5 threads 2th time
 Blaze kernel 'dmatdmatadd': Time deviation too large!!!
 Blaze kernel 'dmatdmatadd': Time deviation too large!!!
 Blaze kernel 'dmatdmatadd': Time deviation too large!!!
 Blaze kernel 'dmatdmatadd': Time deviation too large!!!
 Blaze kernel 'dmatdmatadd': Time deviation too large!!!
 Blaze kernel 'dmatdmatadd': Time deviation too large!!!
 Blaze kernel 'dmatdmatadd': Time deviation too large!!!
 Blaze kernel 'dmatdmatadd': Time deviation too large!!!
 Blaze kernel 'dmatdmatadd': Time deviation too large!!!
 Blaze kernel 'dmatdmatadd': Time deviation too large!!!
 Blaze kernel 'dmatdmatadd': Time deviation too large!!!
dmatdmatadd benchmark for hpx finished for 5 threads 3th time
 Blaze kernel 'dmatdmatadd': Time deviation too large!!!
 Blaze kernel 'dmatdmatadd': Time deviation too large!!!
 Blaze kernel 'dmatdmatadd': Time deviation too large!!!
 Blaze kernel 'dmatdmatadd': Time deviation too large!!!
 Blaze kernel 'dmatdmatadd': Time deviation too large!!!
 Blaze kernel 'dmatdmatadd': Time deviation too large!!!
 Blaze kernel 'dmatdmatadd': Time deviation too large!!!
 Blaze kernel 'dmatdmatadd': Time deviation too large!!!
 Blaze kernel 'dmatdmatadd': Time deviation too large!!!
dmatdmatadd benchmark for hpx finished for 5 threads 4th time
 Blaze kernel 'dmatdmatadd': Time deviation too large!!!
 Blaze kernel 'dmatdmatadd': Time deviation too large!!!
 Blaze kernel 'dmatdmatadd': Time deviation too large!!!
 Blaze kernel 'dmatdmatadd': Time deviation too large!!!
 Blaze kernel 'dmatdmatadd': Time deviation too large!!!
 Blaze kernel 'dmatdmatadd': Time deviation too large!!!
 Blaze kernel 'dmatdmatadd': Time deviation too large!!!
dmatdmatadd benchmark for hpx finished for 5 threads 5th time
 Blaze kernel 'dmatdmatadd': Time deviation too large!!!
 Blaze kernel 'dmatdmatadd': Time deviation too large!!!
 Blaze kernel 'dmatdmatadd': Time deviation too large!!!
 Blaze kernel 'dmatdmatadd': Time deviation too large!!!
 Blaze kernel 'dmatdmatadd': Time deviation too large!!!
 Blaze kernel 'dmatdmatadd': Time deviation too large!!!
 Blaze kernel 'dmatdmatadd': Time deviation too large!!!
dmatdmatadd benchmark for hpx finished for 5 threads 6th time
 Blaze kernel 'dmatdmatadd': Time deviation too large!!!
 Blaze kernel 'dmatdmatadd': Time deviation too large!!!
 Blaze kernel 'dmatdmatadd': Time deviation too large!!!
 Blaze kernel 'dmatdmatadd': Time deviation too large!!!
 Blaze kernel 'dmatdmatadd': Time deviation too large!!!
 Blaze kernel 'dmatdmatadd': Time deviation too large!!!
dmatdmatadd benchmark for hpx finished for 5 threads 7th time
 Blaze kernel 'dmatdmatadd': Time deviation too large!!!
 Blaze kernel 'dmatdmatadd': Time deviation too large!!!
 Blaze kernel 'dmatdmatadd': Time deviation too large!!!
 Blaze kernel 'dmatdmatadd': Time deviation too large!!!
 Blaze kernel 'dmatdmatadd': Time deviation too large!!!
 Blaze kernel 'dmatdmatadd': Time deviation too large!!!
 Blaze kernel 'dmatdmatadd': Time deviation too large!!!
dmatdmatadd benchmark for hpx finished for 5 threads 8th time
 Blaze kernel 'dmatdmatadd': Time deviation too large!!!
 Blaze kernel 'dmatdmatadd': Time deviation too large!!!
 Blaze kernel 'dmatdmatadd': Time deviation too large!!!
 Blaze kernel 'dmatdmatadd': Time deviation too large!!!
dmatdmatadd benchmark for hpx finished for 5 threads 9th time
 Blaze kernel 'dmatdmatadd': Time deviation too large!!!
 Blaze kernel 'dmatdmatadd': Time deviation too large!!!
 Blaze kernel 'dmatdmatadd': Time deviation too large!!!
 Blaze kernel 'dmatdmatadd': Time deviation too large!!!
 Blaze kernel 'dmatdmatadd': Time deviation too large!!!
dmatdmatadd benchmark for hpx finished for 5 threads 10th time
 Blaze kernel 'dmatdmatadd': Time deviation too large!!!
 Blaze kernel 'dmatdmatadd': Time deviation too large!!!
 Blaze kernel 'dmatdmatadd': Time deviation too large!!!
 Blaze kernel 'dmatdmatadd': Time deviation too large!!!
 Blaze kernel 'dmatdmatadd': Time deviation too large!!!
 Blaze kernel 'dmatdmatadd': Time deviation too large!!!
 Blaze kernel 'dmatdmatadd': Time deviation too large!!!
 Blaze kernel 'dmatdmatadd': Time deviation too large!!!
dmatdmatadd benchmark for hpx finished for 5 threads 11th time
 Blaze kernel 'dmatdmatadd': Time deviation too large!!!
 Blaze kernel 'dmatdmatadd': Time deviation too large!!!
 Blaze kernel 'dmatdmatadd': Time deviation too large!!!
 Blaze kernel 'dmatdmatadd': Time deviation too large!!!
 Blaze kernel 'dmatdmatadd': Time deviation too large!!!
 Blaze kernel 'dmatdmatadd': Time deviation too large!!!
 Blaze kernel 'dmatdmatadd': Time deviation too large!!!
 Blaze kernel 'dmatdmatadd': Time deviation too large!!!
dmatdmatadd benchmark for hpx finished for 6 threads 1th time
 Blaze kernel 'dmatdmatadd': Time deviation too large!!!
 Blaze kernel 'dmatdmatadd': Time deviation too large!!!
 Blaze kernel 'dmatdmatadd': Time deviation too large!!!
 Blaze kernel 'dmatdmatadd': Time deviation too large!!!
 Blaze kernel 'dmatdmatadd': Time deviation too large!!!
 Blaze kernel 'dmatdmatadd': Time deviation too large!!!
 Blaze kernel 'dmatdmatadd': Time deviation too large!!!
 Blaze kernel 'dmatdmatadd': Time deviation too large!!!
dmatdmatadd benchmark for hpx finished for 6 threads 2th time
 Blaze kernel 'dmatdmatadd': Time deviation too large!!!
 Blaze kernel 'dmatdmatadd': Time deviation too large!!!
 Blaze kernel 'dmatdmatadd': Time deviation too large!!!
 Blaze kernel 'dmatdmatadd': Time deviation too large!!!
 Blaze kernel 'dmatdmatadd': Time deviation too large!!!
dmatdmatadd benchmark for hpx finished for 6 threads 3th time
 Blaze kernel 'dmatdmatadd': Time deviation too large!!!
 Blaze kernel 'dmatdmatadd': Time deviation too large!!!
 Blaze kernel 'dmatdmatadd': Time deviation too large!!!
 Blaze kernel 'dmatdmatadd': Time deviation too large!!!
 Blaze kernel 'dmatdmatadd': Time deviation too large!!!
 Blaze kernel 'dmatdmatadd': Time deviation too large!!!
 Blaze kernel 'dmatdmatadd': Time deviation too large!!!
 Blaze kernel 'dmatdmatadd': Time deviation too large!!!
 Blaze kernel 'dmatdmatadd': Time deviation too large!!!
dmatdmatadd benchmark for hpx finished for 6 threads 4th time
 Blaze kernel 'dmatdmatadd': Time deviation too large!!!
 Blaze kernel 'dmatdmatadd': Time deviation too large!!!
 Blaze kernel 'dmatdmatadd': Time deviation too large!!!
 Blaze kernel 'dmatdmatadd': Time deviation too large!!!
 Blaze kernel 'dmatdmatadd': Time deviation too large!!!
 Blaze kernel 'dmatdmatadd': Time deviation too large!!!
dmatdmatadd benchmark for hpx finished for 6 threads 5th time
 Blaze kernel 'dmatdmatadd': Time deviation too large!!!
 Blaze kernel 'dmatdmatadd': Time deviation too large!!!
 Blaze kernel 'dmatdmatadd': Time deviation too large!!!
 Blaze kernel 'dmatdmatadd': Time deviation too large!!!
 Blaze kernel 'dmatdmatadd': Time deviation too large!!!
 Blaze kernel 'dmatdmatadd': Time deviation too large!!!
 Blaze kernel 'dmatdmatadd': Time deviation too large!!!
dmatdmatadd benchmark for hpx finished for 6 threads 6th time
 Blaze kernel 'dmatdmatadd': Time deviation too large!!!
 Blaze kernel 'dmatdmatadd': Time deviation too large!!!
 Blaze kernel 'dmatdmatadd': Time deviation too large!!!
 Blaze kernel 'dmatdmatadd': Time deviation too large!!!
 Blaze kernel 'dmatdmatadd': Time deviation too large!!!
 Blaze kernel 'dmatdmatadd': Time deviation too large!!!
 Blaze kernel 'dmatdmatadd': Time deviation too large!!!
 Blaze kernel 'dmatdmatadd': Time deviation too large!!!
 Blaze kernel 'dmatdmatadd': Time deviation too large!!!
dmatdmatadd benchmark for hpx finished for 6 threads 7th time
 Blaze kernel 'dmatdmatadd': Time deviation too large!!!
 Blaze kernel 'dmatdmatadd': Time deviation too large!!!
 Blaze kernel 'dmatdmatadd': Time deviation too large!!!
 Blaze kernel 'dmatdmatadd': Time deviation too large!!!
 Blaze kernel 'dmatdmatadd': Time deviation too large!!!
 Blaze kernel 'dmatdmatadd': Time deviation too large!!!
 Blaze kernel 'dmatdmatadd': Time deviation too large!!!
 Blaze kernel 'dmatdmatadd': Time deviation too large!!!
dmatdmatadd benchmark for hpx finished for 6 threads 8th time
 Blaze kernel 'dmatdmatadd': Time deviation too large!!!
 Blaze kernel 'dmatdmatadd': Time deviation too large!!!
 Blaze kernel 'dmatdmatadd': Time deviation too large!!!
 Blaze kernel 'dmatdmatadd': Time deviation too large!!!
 Blaze kernel 'dmatdmatadd': Time deviation too large!!!
 Blaze kernel 'dmatdmatadd': Time deviation too large!!!
 Blaze kernel 'dmatdmatadd': Time deviation too large!!!
 Blaze kernel 'dmatdmatadd': Time deviation too large!!!
 Blaze kernel 'dmatdmatadd': Time deviation too large!!!
dmatdmatadd benchmark for hpx finished for 6 threads 9th time
 Blaze kernel 'dmatdmatadd': Time deviation too large!!!
 Blaze kernel 'dmatdmatadd': Time deviation too large!!!
 Blaze kernel 'dmatdmatadd': Time deviation too large!!!
 Blaze kernel 'dmatdmatadd': Time deviation too large!!!
 Blaze kernel 'dmatdmatadd': Time deviation too large!!!
 Blaze kernel 'dmatdmatadd': Time deviation too large!!!
 Blaze kernel 'dmatdmatadd': Time deviation too large!!!
dmatdmatadd benchmark for hpx finished for 6 threads 10th time
 Blaze kernel 'dmatdmatadd': Time deviation too large!!!
 Blaze kernel 'dmatdmatadd': Time deviation too large!!!
 Blaze kernel 'dmatdmatadd': Time deviation too large!!!
 Blaze kernel 'dmatdmatadd': Time deviation too large!!!
 Blaze kernel 'dmatdmatadd': Time deviation too large!!!
 Blaze kernel 'dmatdmatadd': Time deviation too large!!!
 Blaze kernel 'dmatdmatadd': Time deviation too large!!!
dmatdmatadd benchmark for hpx finished for 6 threads 11th time
 Blaze kernel 'dmatdmatadd': Time deviation too large!!!
 Blaze kernel 'dmatdmatadd': Time deviation too large!!!
 Blaze kernel 'dmatdmatadd': Time deviation too large!!!
 Blaze kernel 'dmatdmatadd': Time deviation too large!!!
 Blaze kernel 'dmatdmatadd': Time deviation too large!!!
dmatdmatadd benchmark for hpx finished for 7 threads 1th time
 Blaze kernel 'dmatdmatadd': Time deviation too large!!!
 Blaze kernel 'dmatdmatadd': Time deviation too large!!!
 Blaze kernel 'dmatdmatadd': Time deviation too large!!!
 Blaze kernel 'dmatdmatadd': Time deviation too large!!!
 Blaze kernel 'dmatdmatadd': Time deviation too large!!!
 Blaze kernel 'dmatdmatadd': Time deviation too large!!!
dmatdmatadd benchmark for hpx finished for 7 threads 2th time
 Blaze kernel 'dmatdmatadd': Time deviation too large!!!
 Blaze kernel 'dmatdmatadd': Time deviation too large!!!
 Blaze kernel 'dmatdmatadd': Time deviation too large!!!
 Blaze kernel 'dmatdmatadd': Time deviation too large!!!
 Blaze kernel 'dmatdmatadd': Time deviation too large!!!
 Blaze kernel 'dmatdmatadd': Time deviation too large!!!
 Blaze kernel 'dmatdmatadd': Time deviation too large!!!
 Blaze kernel 'dmatdmatadd': Time deviation too large!!!
 Blaze kernel 'dmatdmatadd': Time deviation too large!!!
dmatdmatadd benchmark for hpx finished for 7 threads 3th time
 Blaze kernel 'dmatdmatadd': Time deviation too large!!!
 Blaze kernel 'dmatdmatadd': Time deviation too large!!!
 Blaze kernel 'dmatdmatadd': Time deviation too large!!!
 Blaze kernel 'dmatdmatadd': Time deviation too large!!!
 Blaze kernel 'dmatdmatadd': Time deviation too large!!!
 Blaze kernel 'dmatdmatadd': Time deviation too large!!!
 Blaze kernel 'dmatdmatadd': Time deviation too large!!!
dmatdmatadd benchmark for hpx finished for 7 threads 4th time
 Blaze kernel 'dmatdmatadd': Time deviation too large!!!
 Blaze kernel 'dmatdmatadd': Time deviation too large!!!
 Blaze kernel 'dmatdmatadd': Time deviation too large!!!
 Blaze kernel 'dmatdmatadd': Time deviation too large!!!
 Blaze kernel 'dmatdmatadd': Time deviation too large!!!
dmatdmatadd benchmark for hpx finished for 7 threads 5th time
 Blaze kernel 'dmatdmatadd': Time deviation too large!!!
 Blaze kernel 'dmatdmatadd': Time deviation too large!!!
 Blaze kernel 'dmatdmatadd': Time deviation too large!!!
 Blaze kernel 'dmatdmatadd': Time deviation too large!!!
 Blaze kernel 'dmatdmatadd': Time deviation too large!!!
 Blaze kernel 'dmatdmatadd': Time deviation too large!!!
 Blaze kernel 'dmatdmatadd': Time deviation too large!!!
 Blaze kernel 'dmatdmatadd': Time deviation too large!!!
dmatdmatadd benchmark for hpx finished for 7 threads 6th time
 Blaze kernel 'dmatdmatadd': Time deviation too large!!!
 Blaze kernel 'dmatdmatadd': Time deviation too large!!!
 Blaze kernel 'dmatdmatadd': Time deviation too large!!!
 Blaze kernel 'dmatdmatadd': Time deviation too large!!!
dmatdmatadd benchmark for hpx finished for 7 threads 7th time
 Blaze kernel 'dmatdmatadd': Time deviation too large!!!
 Blaze kernel 'dmatdmatadd': Time deviation too large!!!
 Blaze kernel 'dmatdmatadd': Time deviation too large!!!
 Blaze kernel 'dmatdmatadd': Time deviation too large!!!
 Blaze kernel 'dmatdmatadd': Time deviation too large!!!
 Blaze kernel 'dmatdmatadd': Time deviation too large!!!
dmatdmatadd benchmark for hpx finished for 7 threads 8th time
 Blaze kernel 'dmatdmatadd': Time deviation too large!!!
 Blaze kernel 'dmatdmatadd': Time deviation too large!!!
 Blaze kernel 'dmatdmatadd': Time deviation too large!!!
 Blaze kernel 'dmatdmatadd': Time deviation too large!!!
 Blaze kernel 'dmatdmatadd': Time deviation too large!!!
dmatdmatadd benchmark for hpx finished for 7 threads 9th time
 Blaze kernel 'dmatdmatadd': Time deviation too large!!!
 Blaze kernel 'dmatdmatadd': Time deviation too large!!!
 Blaze kernel 'dmatdmatadd': Time deviation too large!!!
 Blaze kernel 'dmatdmatadd': Time deviation too large!!!
 Blaze kernel 'dmatdmatadd': Time deviation too large!!!
dmatdmatadd benchmark for hpx finished for 7 threads 10th time
 Blaze kernel 'dmatdmatadd': Time deviation too large!!!
 Blaze kernel 'dmatdmatadd': Time deviation too large!!!
 Blaze kernel 'dmatdmatadd': Time deviation too large!!!
 Blaze kernel 'dmatdmatadd': Time deviation too large!!!
 Blaze kernel 'dmatdmatadd': Time deviation too large!!!
 Blaze kernel 'dmatdmatadd': Time deviation too large!!!
 Blaze kernel 'dmatdmatadd': Time deviation too large!!!
dmatdmatadd benchmark for hpx finished for 7 threads 11th time
 Blaze kernel 'dmatdmatadd': Time deviation too large!!!
 Blaze kernel 'dmatdmatadd': Time deviation too large!!!
dmatdmatadd benchmark for hpx finished for 8 threads 1th time
dmatdmatadd benchmark for hpx finished for 8 threads 2th time
 Blaze kernel 'dmatdmatadd': Time deviation too large!!!
 Blaze kernel 'dmatdmatadd': Time deviation too large!!!
 Blaze kernel 'dmatdmatadd': Time deviation too large!!!
dmatdmatadd benchmark for hpx finished for 8 threads 3th time
 Blaze kernel 'dmatdmatadd': Time deviation too large!!!
 Blaze kernel 'dmatdmatadd': Time deviation too large!!!
 Blaze kernel 'dmatdmatadd': Time deviation too large!!!
 Blaze kernel 'dmatdmatadd': Time deviation too large!!!
dmatdmatadd benchmark for hpx finished for 8 threads 4th time
 Blaze kernel 'dmatdmatadd': Time deviation too large!!!
 Blaze kernel 'dmatdmatadd': Time deviation too large!!!
 Blaze kernel 'dmatdmatadd': Time deviation too large!!!
dmatdmatadd benchmark for hpx finished for 8 threads 5th time
 Blaze kernel 'dmatdmatadd': Time deviation too large!!!
 Blaze kernel 'dmatdmatadd': Time deviation too large!!!
 Blaze kernel 'dmatdmatadd': Time deviation too large!!!
 Blaze kernel 'dmatdmatadd': Time deviation too large!!!
dmatdmatadd benchmark for hpx finished for 8 threads 6th time
 Blaze kernel 'dmatdmatadd': Time deviation too large!!!
 Blaze kernel 'dmatdmatadd': Time deviation too large!!!
dmatdmatadd benchmark for hpx finished for 8 threads 7th time
 Blaze kernel 'dmatdmatadd': Time deviation too large!!!
 Blaze kernel 'dmatdmatadd': Time deviation too large!!!
 Blaze kernel 'dmatdmatadd': Time deviation too large!!!
 Blaze kernel 'dmatdmatadd': Time deviation too large!!!
dmatdmatadd benchmark for hpx finished for 8 threads 8th time
 Blaze kernel 'dmatdmatadd': Time deviation too large!!!
 Blaze kernel 'dmatdmatadd': Time deviation too large!!!
 Blaze kernel 'dmatdmatadd': Time deviation too large!!!
 Blaze kernel 'dmatdmatadd': Time deviation too large!!!
dmatdmatadd benchmark for hpx finished for 8 threads 9th time
 Blaze kernel 'dmatdmatadd': Time deviation too large!!!
 Blaze kernel 'dmatdmatadd': Time deviation too large!!!
 Blaze kernel 'dmatdmatadd': Time deviation too large!!!
 Blaze kernel 'dmatdmatadd': Time deviation too large!!!
dmatdmatadd benchmark for hpx finished for 8 threads 10th time
 Blaze kernel 'dmatdmatadd': Time deviation too large!!!
 Blaze kernel 'dmatdmatadd': Time deviation too large!!!
 Blaze kernel 'dmatdmatadd': Time deviation too large!!!
 Blaze kernel 'dmatdmatadd': Time deviation too large!!!
dmatdmatadd benchmark for hpx finished for 8 threads 11th time
 Blaze kernel 'dmatdmatadd': Time deviation too large!!!
 Blaze kernel 'dmatdmatadd': Time deviation too large!!!
 Blaze kernel 'dmatdmatadd': Time deviation too large!!!
 Blaze kernel 'dmatdmatadd': Time deviation too large!!!
 Blaze kernel 'dmatdmatadd': Time deviation too large!!!
 Blaze kernel 'dmatdmatadd': Time deviation too large!!!
dmatdmatadd benchmark for hpx finished for 9 threads 1th time
 Blaze kernel 'dmatdmatadd': Time deviation too large!!!
 Blaze kernel 'dmatdmatadd': Time deviation too large!!!
 Blaze kernel 'dmatdmatadd': Time deviation too large!!!
 Blaze kernel 'dmatdmatadd': Time deviation too large!!!
 Blaze kernel 'dmatdmatadd': Time deviation too large!!!
 Blaze kernel 'dmatdmatadd': Time deviation too large!!!
 Blaze kernel 'dmatdmatadd': Time deviation too large!!!
dmatdmatadd benchmark for hpx finished for 9 threads 2th time
 Blaze kernel 'dmatdmatadd': Time deviation too large!!!
 Blaze kernel 'dmatdmatadd': Time deviation too large!!!
 Blaze kernel 'dmatdmatadd': Time deviation too large!!!
 Blaze kernel 'dmatdmatadd': Time deviation too large!!!
 Blaze kernel 'dmatdmatadd': Time deviation too large!!!
 Blaze kernel 'dmatdmatadd': Time deviation too large!!!
 Blaze kernel 'dmatdmatadd': Time deviation too large!!!
dmatdmatadd benchmark for hpx finished for 9 threads 3th time
 Blaze kernel 'dmatdmatadd': Time deviation too large!!!
 Blaze kernel 'dmatdmatadd': Time deviation too large!!!
 Blaze kernel 'dmatdmatadd': Time deviation too large!!!
 Blaze kernel 'dmatdmatadd': Time deviation too large!!!
 Blaze kernel 'dmatdmatadd': Time deviation too large!!!
 Blaze kernel 'dmatdmatadd': Time deviation too large!!!
 Blaze kernel 'dmatdmatadd': Time deviation too large!!!
 Blaze kernel 'dmatdmatadd': Time deviation too large!!!
dmatdmatadd benchmark for hpx finished for 9 threads 4th time
 Blaze kernel 'dmatdmatadd': Time deviation too large!!!
 Blaze kernel 'dmatdmatadd': Time deviation too large!!!
 Blaze kernel 'dmatdmatadd': Time deviation too large!!!
 Blaze kernel 'dmatdmatadd': Time deviation too large!!!
 Blaze kernel 'dmatdmatadd': Time deviation too large!!!
 Blaze kernel 'dmatdmatadd': Time deviation too large!!!
dmatdmatadd benchmark for hpx finished for 9 threads 5th time
 Blaze kernel 'dmatdmatadd': Time deviation too large!!!
 Blaze kernel 'dmatdmatadd': Time deviation too large!!!
 Blaze kernel 'dmatdmatadd': Time deviation too large!!!
 Blaze kernel 'dmatdmatadd': Time deviation too large!!!
 Blaze kernel 'dmatdmatadd': Time deviation too large!!!
 Blaze kernel 'dmatdmatadd': Time deviation too large!!!
dmatdmatadd benchmark for hpx finished for 9 threads 6th time
 Blaze kernel 'dmatdmatadd': Time deviation too large!!!
 Blaze kernel 'dmatdmatadd': Time deviation too large!!!
 Blaze kernel 'dmatdmatadd': Time deviation too large!!!
 Blaze kernel 'dmatdmatadd': Time deviation too large!!!
 Blaze kernel 'dmatdmatadd': Time deviation too large!!!
 Blaze kernel 'dmatdmatadd': Time deviation too large!!!
 Blaze kernel 'dmatdmatadd': Time deviation too large!!!
dmatdmatadd benchmark for hpx finished for 9 threads 7th time
 Blaze kernel 'dmatdmatadd': Time deviation too large!!!
 Blaze kernel 'dmatdmatadd': Time deviation too large!!!
 Blaze kernel 'dmatdmatadd': Time deviation too large!!!
 Blaze kernel 'dmatdmatadd': Time deviation too large!!!
 Blaze kernel 'dmatdmatadd': Time deviation too large!!!
 Blaze kernel 'dmatdmatadd': Time deviation too large!!!
dmatdmatadd benchmark for hpx finished for 9 threads 8th time
 Blaze kernel 'dmatdmatadd': Time deviation too large!!!
 Blaze kernel 'dmatdmatadd': Time deviation too large!!!
 Blaze kernel 'dmatdmatadd': Time deviation too large!!!
 Blaze kernel 'dmatdmatadd': Time deviation too large!!!
dmatdmatadd benchmark for hpx finished for 9 threads 9th time
 Blaze kernel 'dmatdmatadd': Time deviation too large!!!
 Blaze kernel 'dmatdmatadd': Time deviation too large!!!
 Blaze kernel 'dmatdmatadd': Time deviation too large!!!
 Blaze kernel 'dmatdmatadd': Time deviation too large!!!
 Blaze kernel 'dmatdmatadd': Time deviation too large!!!
 Blaze kernel 'dmatdmatadd': Time deviation too large!!!
dmatdmatadd benchmark for hpx finished for 9 threads 10th time
 Blaze kernel 'dmatdmatadd': Time deviation too large!!!
 Blaze kernel 'dmatdmatadd': Time deviation too large!!!
 Blaze kernel 'dmatdmatadd': Time deviation too large!!!
 Blaze kernel 'dmatdmatadd': Time deviation too large!!!
 Blaze kernel 'dmatdmatadd': Time deviation too large!!!
 Blaze kernel 'dmatdmatadd': Time deviation too large!!!
 Blaze kernel 'dmatdmatadd': Time deviation too large!!!
dmatdmatadd benchmark for hpx finished for 9 threads 11th time
 Blaze kernel 'dmatdmatadd': Time deviation too large!!!
 Blaze kernel 'dmatdmatadd': Time deviation too large!!!
 Blaze kernel 'dmatdmatadd': Time deviation too large!!!
 Blaze kernel 'dmatdmatadd': Time deviation too large!!!
 Blaze kernel 'dmatdmatadd': Time deviation too large!!!
dmatdmatadd benchmark for hpx finished for 10 threads 1th time
 Blaze kernel 'dmatdmatadd': Time deviation too large!!!
 Blaze kernel 'dmatdmatadd': Time deviation too large!!!
 Blaze kernel 'dmatdmatadd': Time deviation too large!!!
 Blaze kernel 'dmatdmatadd': Time deviation too large!!!
 Blaze kernel 'dmatdmatadd': Time deviation too large!!!
 Blaze kernel 'dmatdmatadd': Time deviation too large!!!
 Blaze kernel 'dmatdmatadd': Time deviation too large!!!
dmatdmatadd benchmark for hpx finished for 10 threads 2th time
 Blaze kernel 'dmatdmatadd': Time deviation too large!!!
 Blaze kernel 'dmatdmatadd': Time deviation too large!!!
 Blaze kernel 'dmatdmatadd': Time deviation too large!!!
 Blaze kernel 'dmatdmatadd': Time deviation too large!!!
 Blaze kernel 'dmatdmatadd': Time deviation too large!!!
 Blaze kernel 'dmatdmatadd': Time deviation too large!!!
 Blaze kernel 'dmatdmatadd': Time deviation too large!!!
dmatdmatadd benchmark for hpx finished for 10 threads 3th time
 Blaze kernel 'dmatdmatadd': Time deviation too large!!!
 Blaze kernel 'dmatdmatadd': Time deviation too large!!!
 Blaze kernel 'dmatdmatadd': Time deviation too large!!!
 Blaze kernel 'dmatdmatadd': Time deviation too large!!!
dmatdmatadd benchmark for hpx finished for 10 threads 4th time
 Blaze kernel 'dmatdmatadd': Time deviation too large!!!
 Blaze kernel 'dmatdmatadd': Time deviation too large!!!
 Blaze kernel 'dmatdmatadd': Time deviation too large!!!
 Blaze kernel 'dmatdmatadd': Time deviation too large!!!
 Blaze kernel 'dmatdmatadd': Time deviation too large!!!
 Blaze kernel 'dmatdmatadd': Time deviation too large!!!
dmatdmatadd benchmark for hpx finished for 10 threads 5th time
 Blaze kernel 'dmatdmatadd': Time deviation too large!!!
 Blaze kernel 'dmatdmatadd': Time deviation too large!!!
 Blaze kernel 'dmatdmatadd': Time deviation too large!!!
 Blaze kernel 'dmatdmatadd': Time deviation too large!!!
 Blaze kernel 'dmatdmatadd': Time deviation too large!!!
 Blaze kernel 'dmatdmatadd': Time deviation too large!!!
 Blaze kernel 'dmatdmatadd': Time deviation too large!!!
 Blaze kernel 'dmatdmatadd': Time deviation too large!!!
dmatdmatadd benchmark for hpx finished for 10 threads 6th time
 Blaze kernel 'dmatdmatadd': Time deviation too large!!!
 Blaze kernel 'dmatdmatadd': Time deviation too large!!!
 Blaze kernel 'dmatdmatadd': Time deviation too large!!!
 Blaze kernel 'dmatdmatadd': Time deviation too large!!!
 Blaze kernel 'dmatdmatadd': Time deviation too large!!!
 Blaze kernel 'dmatdmatadd': Time deviation too large!!!
 Blaze kernel 'dmatdmatadd': Time deviation too large!!!
 Blaze kernel 'dmatdmatadd': Time deviation too large!!!
dmatdmatadd benchmark for hpx finished for 10 threads 7th time
 Blaze kernel 'dmatdmatadd': Time deviation too large!!!
 Blaze kernel 'dmatdmatadd': Time deviation too large!!!
 Blaze kernel 'dmatdmatadd': Time deviation too large!!!
 Blaze kernel 'dmatdmatadd': Time deviation too large!!!
 Blaze kernel 'dmatdmatadd': Time deviation too large!!!
 Blaze kernel 'dmatdmatadd': Time deviation too large!!!
 Blaze kernel 'dmatdmatadd': Time deviation too large!!!
 Blaze kernel 'dmatdmatadd': Time deviation too large!!!
 Blaze kernel 'dmatdmatadd': Time deviation too large!!!
dmatdmatadd benchmark for hpx finished for 10 threads 8th time
 Blaze kernel 'dmatdmatadd': Time deviation too large!!!
 Blaze kernel 'dmatdmatadd': Time deviation too large!!!
 Blaze kernel 'dmatdmatadd': Time deviation too large!!!
 Blaze kernel 'dmatdmatadd': Time deviation too large!!!
 Blaze kernel 'dmatdmatadd': Time deviation too large!!!
 Blaze kernel 'dmatdmatadd': Time deviation too large!!!
dmatdmatadd benchmark for hpx finished for 10 threads 9th time
 Blaze kernel 'dmatdmatadd': Time deviation too large!!!
 Blaze kernel 'dmatdmatadd': Time deviation too large!!!
 Blaze kernel 'dmatdmatadd': Time deviation too large!!!
 Blaze kernel 'dmatdmatadd': Time deviation too large!!!
 Blaze kernel 'dmatdmatadd': Time deviation too large!!!
 Blaze kernel 'dmatdmatadd': Time deviation too large!!!
 Blaze kernel 'dmatdmatadd': Time deviation too large!!!
 Blaze kernel 'dmatdmatadd': Time deviation too large!!!
 Blaze kernel 'dmatdmatadd': Time deviation too large!!!
dmatdmatadd benchmark for hpx finished for 10 threads 10th time
 Blaze kernel 'dmatdmatadd': Time deviation too large!!!
 Blaze kernel 'dmatdmatadd': Time deviation too large!!!
 Blaze kernel 'dmatdmatadd': Time deviation too large!!!
dmatdmatadd benchmark for hpx finished for 10 threads 11th time
 Blaze kernel 'dmatdmatadd': Time deviation too large!!!
 Blaze kernel 'dmatdmatadd': Time deviation too large!!!
 Blaze kernel 'dmatdmatadd': Time deviation too large!!!
 Blaze kernel 'dmatdmatadd': Time deviation too large!!!
dmatdmatadd benchmark for hpx finished for 11 threads 1th time
 Blaze kernel 'dmatdmatadd': Time deviation too large!!!
 Blaze kernel 'dmatdmatadd': Time deviation too large!!!
 Blaze kernel 'dmatdmatadd': Time deviation too large!!!
 Blaze kernel 'dmatdmatadd': Time deviation too large!!!
 Blaze kernel 'dmatdmatadd': Time deviation too large!!!
dmatdmatadd benchmark for hpx finished for 11 threads 2th time
 Blaze kernel 'dmatdmatadd': Time deviation too large!!!
 Blaze kernel 'dmatdmatadd': Time deviation too large!!!
 Blaze kernel 'dmatdmatadd': Time deviation too large!!!
 Blaze kernel 'dmatdmatadd': Time deviation too large!!!
 Blaze kernel 'dmatdmatadd': Time deviation too large!!!
 Blaze kernel 'dmatdmatadd': Time deviation too large!!!
dmatdmatadd benchmark for hpx finished for 11 threads 3th time
 Blaze kernel 'dmatdmatadd': Time deviation too large!!!
 Blaze kernel 'dmatdmatadd': Time deviation too large!!!
 Blaze kernel 'dmatdmatadd': Time deviation too large!!!
 Blaze kernel 'dmatdmatadd': Time deviation too large!!!
 Blaze kernel 'dmatdmatadd': Time deviation too large!!!
 Blaze kernel 'dmatdmatadd': Time deviation too large!!!
 Blaze kernel 'dmatdmatadd': Time deviation too large!!!
 Blaze kernel 'dmatdmatadd': Time deviation too large!!!
 Blaze kernel 'dmatdmatadd': Time deviation too large!!!
dmatdmatadd benchmark for hpx finished for 11 threads 4th time
 Blaze kernel 'dmatdmatadd': Time deviation too large!!!
 Blaze kernel 'dmatdmatadd': Time deviation too large!!!
 Blaze kernel 'dmatdmatadd': Time deviation too large!!!
 Blaze kernel 'dmatdmatadd': Time deviation too large!!!
 Blaze kernel 'dmatdmatadd': Time deviation too large!!!
 Blaze kernel 'dmatdmatadd': Time deviation too large!!!
 Blaze kernel 'dmatdmatadd': Time deviation too large!!!
dmatdmatadd benchmark for hpx finished for 11 threads 5th time
 Blaze kernel 'dmatdmatadd': Time deviation too large!!!
 Blaze kernel 'dmatdmatadd': Time deviation too large!!!
 Blaze kernel 'dmatdmatadd': Time deviation too large!!!
 Blaze kernel 'dmatdmatadd': Time deviation too large!!!
 Blaze kernel 'dmatdmatadd': Time deviation too large!!!
 Blaze kernel 'dmatdmatadd': Time deviation too large!!!
 Blaze kernel 'dmatdmatadd': Time deviation too large!!!
 Blaze kernel 'dmatdmatadd': Time deviation too large!!!
dmatdmatadd benchmark for hpx finished for 11 threads 6th time
 Blaze kernel 'dmatdmatadd': Time deviation too large!!!
 Blaze kernel 'dmatdmatadd': Time deviation too large!!!
 Blaze kernel 'dmatdmatadd': Time deviation too large!!!
 Blaze kernel 'dmatdmatadd': Time deviation too large!!!
 Blaze kernel 'dmatdmatadd': Time deviation too large!!!
 Blaze kernel 'dmatdmatadd': Time deviation too large!!!
dmatdmatadd benchmark for hpx finished for 11 threads 7th time
 Blaze kernel 'dmatdmatadd': Time deviation too large!!!
 Blaze kernel 'dmatdmatadd': Time deviation too large!!!
 Blaze kernel 'dmatdmatadd': Time deviation too large!!!
 Blaze kernel 'dmatdmatadd': Time deviation too large!!!
dmatdmatadd benchmark for hpx finished for 11 threads 8th time
 Blaze kernel 'dmatdmatadd': Time deviation too large!!!
 Blaze kernel 'dmatdmatadd': Time deviation too large!!!
 Blaze kernel 'dmatdmatadd': Time deviation too large!!!
 Blaze kernel 'dmatdmatadd': Time deviation too large!!!
dmatdmatadd benchmark for hpx finished for 11 threads 9th time
 Blaze kernel 'dmatdmatadd': Time deviation too large!!!
 Blaze kernel 'dmatdmatadd': Time deviation too large!!!
 Blaze kernel 'dmatdmatadd': Time deviation too large!!!
 Blaze kernel 'dmatdmatadd': Time deviation too large!!!
 Blaze kernel 'dmatdmatadd': Time deviation too large!!!
 Blaze kernel 'dmatdmatadd': Time deviation too large!!!
 Blaze kernel 'dmatdmatadd': Time deviation too large!!!
 Blaze kernel 'dmatdmatadd': Time deviation too large!!!
dmatdmatadd benchmark for hpx finished for 11 threads 10th time
 Blaze kernel 'dmatdmatadd': Time deviation too large!!!
 Blaze kernel 'dmatdmatadd': Time deviation too large!!!
 Blaze kernel 'dmatdmatadd': Time deviation too large!!!
 Blaze kernel 'dmatdmatadd': Time deviation too large!!!
 Blaze kernel 'dmatdmatadd': Time deviation too large!!!
 Blaze kernel 'dmatdmatadd': Time deviation too large!!!
 Blaze kernel 'dmatdmatadd': Time deviation too large!!!
dmatdmatadd benchmark for hpx finished for 11 threads 11th time
 Blaze kernel 'dmatdmatadd': Time deviation too large!!!
 Blaze kernel 'dmatdmatadd': Time deviation too large!!!
 Blaze kernel 'dmatdmatadd': Time deviation too large!!!
 Blaze kernel 'dmatdmatadd': Time deviation too large!!!
 Blaze kernel 'dmatdmatadd': Time deviation too large!!!
 Blaze kernel 'dmatdmatadd': Time deviation too large!!!
dmatdmatadd benchmark for hpx finished for 12 threads 1th time
 Blaze kernel 'dmatdmatadd': Time deviation too large!!!
 Blaze kernel 'dmatdmatadd': Time deviation too large!!!
 Blaze kernel 'dmatdmatadd': Time deviation too large!!!
dmatdmatadd benchmark for hpx finished for 12 threads 2th time
 Blaze kernel 'dmatdmatadd': Time deviation too large!!!
 Blaze kernel 'dmatdmatadd': Time deviation too large!!!
 Blaze kernel 'dmatdmatadd': Time deviation too large!!!
 Blaze kernel 'dmatdmatadd': Time deviation too large!!!
 Blaze kernel 'dmatdmatadd': Time deviation too large!!!
dmatdmatadd benchmark for hpx finished for 12 threads 3th time
 Blaze kernel 'dmatdmatadd': Time deviation too large!!!
 Blaze kernel 'dmatdmatadd': Time deviation too large!!!
 Blaze kernel 'dmatdmatadd': Time deviation too large!!!
 Blaze kernel 'dmatdmatadd': Time deviation too large!!!
 Blaze kernel 'dmatdmatadd': Time deviation too large!!!
 Blaze kernel 'dmatdmatadd': Time deviation too large!!!
 Blaze kernel 'dmatdmatadd': Time deviation too large!!!
dmatdmatadd benchmark for hpx finished for 12 threads 4th time
 Blaze kernel 'dmatdmatadd': Time deviation too large!!!
 Blaze kernel 'dmatdmatadd': Time deviation too large!!!
 Blaze kernel 'dmatdmatadd': Time deviation too large!!!
 Blaze kernel 'dmatdmatadd': Time deviation too large!!!
 Blaze kernel 'dmatdmatadd': Time deviation too large!!!
 Blaze kernel 'dmatdmatadd': Time deviation too large!!!
 Blaze kernel 'dmatdmatadd': Time deviation too large!!!
 Blaze kernel 'dmatdmatadd': Time deviation too large!!!
dmatdmatadd benchmark for hpx finished for 12 threads 5th time
 Blaze kernel 'dmatdmatadd': Time deviation too large!!!
 Blaze kernel 'dmatdmatadd': Time deviation too large!!!
 Blaze kernel 'dmatdmatadd': Time deviation too large!!!
 Blaze kernel 'dmatdmatadd': Time deviation too large!!!
 Blaze kernel 'dmatdmatadd': Time deviation too large!!!
 Blaze kernel 'dmatdmatadd': Time deviation too large!!!
 Blaze kernel 'dmatdmatadd': Time deviation too large!!!
dmatdmatadd benchmark for hpx finished for 12 threads 6th time
 Blaze kernel 'dmatdmatadd': Time deviation too large!!!
 Blaze kernel 'dmatdmatadd': Time deviation too large!!!
 Blaze kernel 'dmatdmatadd': Time deviation too large!!!
 Blaze kernel 'dmatdmatadd': Time deviation too large!!!
dmatdmatadd benchmark for hpx finished for 12 threads 7th time
 Blaze kernel 'dmatdmatadd': Time deviation too large!!!
 Blaze kernel 'dmatdmatadd': Time deviation too large!!!
 Blaze kernel 'dmatdmatadd': Time deviation too large!!!
 Blaze kernel 'dmatdmatadd': Time deviation too large!!!
 Blaze kernel 'dmatdmatadd': Time deviation too large!!!
dmatdmatadd benchmark for hpx finished for 12 threads 8th time
 Blaze kernel 'dmatdmatadd': Time deviation too large!!!
 Blaze kernel 'dmatdmatadd': Time deviation too large!!!
 Blaze kernel 'dmatdmatadd': Time deviation too large!!!
 Blaze kernel 'dmatdmatadd': Time deviation too large!!!
dmatdmatadd benchmark for hpx finished for 12 threads 9th time
 Blaze kernel 'dmatdmatadd': Time deviation too large!!!
 Blaze kernel 'dmatdmatadd': Time deviation too large!!!
 Blaze kernel 'dmatdmatadd': Time deviation too large!!!
 Blaze kernel 'dmatdmatadd': Time deviation too large!!!
 Blaze kernel 'dmatdmatadd': Time deviation too large!!!
 Blaze kernel 'dmatdmatadd': Time deviation too large!!!
dmatdmatadd benchmark for hpx finished for 12 threads 10th time
 Blaze kernel 'dmatdmatadd': Time deviation too large!!!
 Blaze kernel 'dmatdmatadd': Time deviation too large!!!
 Blaze kernel 'dmatdmatadd': Time deviation too large!!!
 Blaze kernel 'dmatdmatadd': Time deviation too large!!!
dmatdmatadd benchmark for hpx finished for 12 threads 11th time
 Blaze kernel 'dmatdmatadd': Time deviation too large!!!
 Blaze kernel 'dmatdmatadd': Time deviation too large!!!
dmatdmatadd benchmark for hpx finished for 13 threads 1th time
 Blaze kernel 'dmatdmatadd': Time deviation too large!!!
 Blaze kernel 'dmatdmatadd': Time deviation too large!!!
 Blaze kernel 'dmatdmatadd': Time deviation too large!!!
 Blaze kernel 'dmatdmatadd': Time deviation too large!!!
 Blaze kernel 'dmatdmatadd': Time deviation too large!!!
 Blaze kernel 'dmatdmatadd': Time deviation too large!!!
dmatdmatadd benchmark for hpx finished for 13 threads 2th time
 Blaze kernel 'dmatdmatadd': Time deviation too large!!!
 Blaze kernel 'dmatdmatadd': Time deviation too large!!!
 Blaze kernel 'dmatdmatadd': Time deviation too large!!!
 Blaze kernel 'dmatdmatadd': Time deviation too large!!!
dmatdmatadd benchmark for hpx finished for 13 threads 3th time
 Blaze kernel 'dmatdmatadd': Time deviation too large!!!
 Blaze kernel 'dmatdmatadd': Time deviation too large!!!
 Blaze kernel 'dmatdmatadd': Time deviation too large!!!
 Blaze kernel 'dmatdmatadd': Time deviation too large!!!
 Blaze kernel 'dmatdmatadd': Time deviation too large!!!
 Blaze kernel 'dmatdmatadd': Time deviation too large!!!
 Blaze kernel 'dmatdmatadd': Time deviation too large!!!
dmatdmatadd benchmark for hpx finished for 13 threads 4th time
 Blaze kernel 'dmatdmatadd': Time deviation too large!!!
 Blaze kernel 'dmatdmatadd': Time deviation too large!!!
 Blaze kernel 'dmatdmatadd': Time deviation too large!!!
 Blaze kernel 'dmatdmatadd': Time deviation too large!!!
dmatdmatadd benchmark for hpx finished for 13 threads 5th time
 Blaze kernel 'dmatdmatadd': Time deviation too large!!!
 Blaze kernel 'dmatdmatadd': Time deviation too large!!!
 Blaze kernel 'dmatdmatadd': Time deviation too large!!!
dmatdmatadd benchmark for hpx finished for 13 threads 6th time
 Blaze kernel 'dmatdmatadd': Time deviation too large!!!
 Blaze kernel 'dmatdmatadd': Time deviation too large!!!
 Blaze kernel 'dmatdmatadd': Time deviation too large!!!
 Blaze kernel 'dmatdmatadd': Time deviation too large!!!
 Blaze kernel 'dmatdmatadd': Time deviation too large!!!
dmatdmatadd benchmark for hpx finished for 13 threads 7th time
 Blaze kernel 'dmatdmatadd': Time deviation too large!!!
 Blaze kernel 'dmatdmatadd': Time deviation too large!!!
 Blaze kernel 'dmatdmatadd': Time deviation too large!!!
 Blaze kernel 'dmatdmatadd': Time deviation too large!!!
 Blaze kernel 'dmatdmatadd': Time deviation too large!!!
 Blaze kernel 'dmatdmatadd': Time deviation too large!!!
 Blaze kernel 'dmatdmatadd': Time deviation too large!!!
dmatdmatadd benchmark for hpx finished for 13 threads 8th time
 Blaze kernel 'dmatdmatadd': Time deviation too large!!!
 Blaze kernel 'dmatdmatadd': Time deviation too large!!!
 Blaze kernel 'dmatdmatadd': Time deviation too large!!!
 Blaze kernel 'dmatdmatadd': Time deviation too large!!!
 Blaze kernel 'dmatdmatadd': Time deviation too large!!!
dmatdmatadd benchmark for hpx finished for 13 threads 9th time
 Blaze kernel 'dmatdmatadd': Time deviation too large!!!
 Blaze kernel 'dmatdmatadd': Time deviation too large!!!
 Blaze kernel 'dmatdmatadd': Time deviation too large!!!
 Blaze kernel 'dmatdmatadd': Time deviation too large!!!
 Blaze kernel 'dmatdmatadd': Time deviation too large!!!
dmatdmatadd benchmark for hpx finished for 13 threads 10th time
 Blaze kernel 'dmatdmatadd': Time deviation too large!!!
 Blaze kernel 'dmatdmatadd': Time deviation too large!!!
 Blaze kernel 'dmatdmatadd': Time deviation too large!!!
 Blaze kernel 'dmatdmatadd': Time deviation too large!!!
 Blaze kernel 'dmatdmatadd': Time deviation too large!!!
dmatdmatadd benchmark for hpx finished for 13 threads 11th time
 Blaze kernel 'dmatdmatadd': Time deviation too large!!!
 Blaze kernel 'dmatdmatadd': Time deviation too large!!!
 Blaze kernel 'dmatdmatadd': Time deviation too large!!!
 Blaze kernel 'dmatdmatadd': Time deviation too large!!!
 Blaze kernel 'dmatdmatadd': Time deviation too large!!!
 Blaze kernel 'dmatdmatadd': Time deviation too large!!!
dmatdmatadd benchmark for hpx finished for 14 threads 1th time
 Blaze kernel 'dmatdmatadd': Time deviation too large!!!
 Blaze kernel 'dmatdmatadd': Time deviation too large!!!
 Blaze kernel 'dmatdmatadd': Time deviation too large!!!
 Blaze kernel 'dmatdmatadd': Time deviation too large!!!
 Blaze kernel 'dmatdmatadd': Time deviation too large!!!
 Blaze kernel 'dmatdmatadd': Time deviation too large!!!
dmatdmatadd benchmark for hpx finished for 14 threads 2th time
 Blaze kernel 'dmatdmatadd': Time deviation too large!!!
 Blaze kernel 'dmatdmatadd': Time deviation too large!!!
 Blaze kernel 'dmatdmatadd': Time deviation too large!!!
 Blaze kernel 'dmatdmatadd': Time deviation too large!!!
 Blaze kernel 'dmatdmatadd': Time deviation too large!!!
dmatdmatadd benchmark for hpx finished for 14 threads 3th time
 Blaze kernel 'dmatdmatadd': Time deviation too large!!!
 Blaze kernel 'dmatdmatadd': Time deviation too large!!!
 Blaze kernel 'dmatdmatadd': Time deviation too large!!!
 Blaze kernel 'dmatdmatadd': Time deviation too large!!!
 Blaze kernel 'dmatdmatadd': Time deviation too large!!!
 Blaze kernel 'dmatdmatadd': Time deviation too large!!!
dmatdmatadd benchmark for hpx finished for 14 threads 4th time
 Blaze kernel 'dmatdmatadd': Time deviation too large!!!
 Blaze kernel 'dmatdmatadd': Time deviation too large!!!
 Blaze kernel 'dmatdmatadd': Time deviation too large!!!
 Blaze kernel 'dmatdmatadd': Time deviation too large!!!
 Blaze kernel 'dmatdmatadd': Time deviation too large!!!
dmatdmatadd benchmark for hpx finished for 14 threads 5th time
 Blaze kernel 'dmatdmatadd': Time deviation too large!!!
 Blaze kernel 'dmatdmatadd': Time deviation too large!!!
 Blaze kernel 'dmatdmatadd': Time deviation too large!!!
 Blaze kernel 'dmatdmatadd': Time deviation too large!!!
 Blaze kernel 'dmatdmatadd': Time deviation too large!!!
dmatdmatadd benchmark for hpx finished for 14 threads 6th time
 Blaze kernel 'dmatdmatadd': Time deviation too large!!!
 Blaze kernel 'dmatdmatadd': Time deviation too large!!!
 Blaze kernel 'dmatdmatadd': Time deviation too large!!!
 Blaze kernel 'dmatdmatadd': Time deviation too large!!!
 Blaze kernel 'dmatdmatadd': Time deviation too large!!!
 Blaze kernel 'dmatdmatadd': Time deviation too large!!!
 Blaze kernel 'dmatdmatadd': Time deviation too large!!!
dmatdmatadd benchmark for hpx finished for 14 threads 7th time
 Blaze kernel 'dmatdmatadd': Time deviation too large!!!
 Blaze kernel 'dmatdmatadd': Time deviation too large!!!
 Blaze kernel 'dmatdmatadd': Time deviation too large!!!
 Blaze kernel 'dmatdmatadd': Time deviation too large!!!
 Blaze kernel 'dmatdmatadd': Time deviation too large!!!
dmatdmatadd benchmark for hpx finished for 14 threads 8th time
 Blaze kernel 'dmatdmatadd': Time deviation too large!!!
 Blaze kernel 'dmatdmatadd': Time deviation too large!!!
 Blaze kernel 'dmatdmatadd': Time deviation too large!!!
 Blaze kernel 'dmatdmatadd': Time deviation too large!!!
 Blaze kernel 'dmatdmatadd': Time deviation too large!!!
 Blaze kernel 'dmatdmatadd': Time deviation too large!!!
 Blaze kernel 'dmatdmatadd': Time deviation too large!!!
dmatdmatadd benchmark for hpx finished for 14 threads 9th time
 Blaze kernel 'dmatdmatadd': Time deviation too large!!!
 Blaze kernel 'dmatdmatadd': Time deviation too large!!!
 Blaze kernel 'dmatdmatadd': Time deviation too large!!!
 Blaze kernel 'dmatdmatadd': Time deviation too large!!!
 Blaze kernel 'dmatdmatadd': Time deviation too large!!!
 Blaze kernel 'dmatdmatadd': Time deviation too large!!!
dmatdmatadd benchmark for hpx finished for 14 threads 10th time
 Blaze kernel 'dmatdmatadd': Time deviation too large!!!
 Blaze kernel 'dmatdmatadd': Time deviation too large!!!
 Blaze kernel 'dmatdmatadd': Time deviation too large!!!
 Blaze kernel 'dmatdmatadd': Time deviation too large!!!
 Blaze kernel 'dmatdmatadd': Time deviation too large!!!
dmatdmatadd benchmark for hpx finished for 14 threads 11th time
 Blaze kernel 'dmatdmatadd': Time deviation too large!!!
 Blaze kernel 'dmatdmatadd': Time deviation too large!!!
 Blaze kernel 'dmatdmatadd': Time deviation too large!!!
 Blaze kernel 'dmatdmatadd': Time deviation too large!!!
 Blaze kernel 'dmatdmatadd': Time deviation too large!!!
dmatdmatadd benchmark for hpx finished for 15 threads 1th time
 Blaze kernel 'dmatdmatadd': Time deviation too large!!!
 Blaze kernel 'dmatdmatadd': Time deviation too large!!!
 Blaze kernel 'dmatdmatadd': Time deviation too large!!!
 Blaze kernel 'dmatdmatadd': Time deviation too large!!!
 Blaze kernel 'dmatdmatadd': Time deviation too large!!!
dmatdmatadd benchmark for hpx finished for 15 threads 2th time
 Blaze kernel 'dmatdmatadd': Time deviation too large!!!
 Blaze kernel 'dmatdmatadd': Time deviation too large!!!
 Blaze kernel 'dmatdmatadd': Time deviation too large!!!
dmatdmatadd benchmark for hpx finished for 15 threads 3th time
 Blaze kernel 'dmatdmatadd': Time deviation too large!!!
 Blaze kernel 'dmatdmatadd': Time deviation too large!!!
 Blaze kernel 'dmatdmatadd': Time deviation too large!!!
 Blaze kernel 'dmatdmatadd': Time deviation too large!!!
 Blaze kernel 'dmatdmatadd': Time deviation too large!!!
 Blaze kernel 'dmatdmatadd': Time deviation too large!!!
dmatdmatadd benchmark for hpx finished for 15 threads 4th time
 Blaze kernel 'dmatdmatadd': Time deviation too large!!!
 Blaze kernel 'dmatdmatadd': Time deviation too large!!!
 Blaze kernel 'dmatdmatadd': Time deviation too large!!!
 Blaze kernel 'dmatdmatadd': Time deviation too large!!!
 Blaze kernel 'dmatdmatadd': Time deviation too large!!!
dmatdmatadd benchmark for hpx finished for 15 threads 5th time
 Blaze kernel 'dmatdmatadd': Time deviation too large!!!
 Blaze kernel 'dmatdmatadd': Time deviation too large!!!
 Blaze kernel 'dmatdmatadd': Time deviation too large!!!
 Blaze kernel 'dmatdmatadd': Time deviation too large!!!
 Blaze kernel 'dmatdmatadd': Time deviation too large!!!
 Blaze kernel 'dmatdmatadd': Time deviation too large!!!
 Blaze kernel 'dmatdmatadd': Time deviation too large!!!
 Blaze kernel 'dmatdmatadd': Time deviation too large!!!
dmatdmatadd benchmark for hpx finished for 15 threads 6th time
 Blaze kernel 'dmatdmatadd': Time deviation too large!!!
 Blaze kernel 'dmatdmatadd': Time deviation too large!!!
 Blaze kernel 'dmatdmatadd': Time deviation too large!!!
 Blaze kernel 'dmatdmatadd': Time deviation too large!!!
 Blaze kernel 'dmatdmatadd': Time deviation too large!!!
dmatdmatadd benchmark for hpx finished for 15 threads 7th time
 Blaze kernel 'dmatdmatadd': Time deviation too large!!!
 Blaze kernel 'dmatdmatadd': Time deviation too large!!!
 Blaze kernel 'dmatdmatadd': Time deviation too large!!!
 Blaze kernel 'dmatdmatadd': Time deviation too large!!!
 Blaze kernel 'dmatdmatadd': Time deviation too large!!!
dmatdmatadd benchmark for hpx finished for 15 threads 8th time
 Blaze kernel 'dmatdmatadd': Time deviation too large!!!
 Blaze kernel 'dmatdmatadd': Time deviation too large!!!
 Blaze kernel 'dmatdmatadd': Time deviation too large!!!
 Blaze kernel 'dmatdmatadd': Time deviation too large!!!
 Blaze kernel 'dmatdmatadd': Time deviation too large!!!
 Blaze kernel 'dmatdmatadd': Time deviation too large!!!
dmatdmatadd benchmark for hpx finished for 15 threads 9th time
 Blaze kernel 'dmatdmatadd': Time deviation too large!!!
 Blaze kernel 'dmatdmatadd': Time deviation too large!!!
 Blaze kernel 'dmatdmatadd': Time deviation too large!!!
 Blaze kernel 'dmatdmatadd': Time deviation too large!!!
 Blaze kernel 'dmatdmatadd': Time deviation too large!!!
dmatdmatadd benchmark for hpx finished for 15 threads 10th time
 Blaze kernel 'dmatdmatadd': Time deviation too large!!!
 Blaze kernel 'dmatdmatadd': Time deviation too large!!!
dmatdmatadd benchmark for hpx finished for 15 threads 11th time
 Blaze kernel 'dmatdmatadd': Time deviation too large!!!
 Blaze kernel 'dmatdmatadd': Time deviation too large!!!
 Blaze kernel 'dmatdmatadd': Time deviation too large!!!
 Blaze kernel 'dmatdmatadd': Time deviation too large!!!
 Blaze kernel 'dmatdmatadd': Time deviation too large!!!
dmatdmatadd benchmark for hpx finished for 16 threads 1th time
 Blaze kernel 'dmatdmatadd': Time deviation too large!!!
 Blaze kernel 'dmatdmatadd': Time deviation too large!!!
 Blaze kernel 'dmatdmatadd': Time deviation too large!!!
 Blaze kernel 'dmatdmatadd': Time deviation too large!!!
dmatdmatadd benchmark for hpx finished for 16 threads 2th time
 Blaze kernel 'dmatdmatadd': Time deviation too large!!!
 Blaze kernel 'dmatdmatadd': Time deviation too large!!!
 Blaze kernel 'dmatdmatadd': Time deviation too large!!!
 Blaze kernel 'dmatdmatadd': Time deviation too large!!!
 Blaze kernel 'dmatdmatadd': Time deviation too large!!!
 Blaze kernel 'dmatdmatadd': Time deviation too large!!!
dmatdmatadd benchmark for hpx finished for 16 threads 3th time
 Blaze kernel 'dmatdmatadd': Time deviation too large!!!
 Blaze kernel 'dmatdmatadd': Time deviation too large!!!
 Blaze kernel 'dmatdmatadd': Time deviation too large!!!
 Blaze kernel 'dmatdmatadd': Time deviation too large!!!
dmatdmatadd benchmark for hpx finished for 16 threads 4th time
 Blaze kernel 'dmatdmatadd': Time deviation too large!!!
 Blaze kernel 'dmatdmatadd': Time deviation too large!!!
 Blaze kernel 'dmatdmatadd': Time deviation too large!!!
 Blaze kernel 'dmatdmatadd': Time deviation too large!!!
 Blaze kernel 'dmatdmatadd': Time deviation too large!!!
 Blaze kernel 'dmatdmatadd': Time deviation too large!!!
dmatdmatadd benchmark for hpx finished for 16 threads 5th time
 Blaze kernel 'dmatdmatadd': Time deviation too large!!!
 Blaze kernel 'dmatdmatadd': Time deviation too large!!!
 Blaze kernel 'dmatdmatadd': Time deviation too large!!!
 Blaze kernel 'dmatdmatadd': Time deviation too large!!!
 Blaze kernel 'dmatdmatadd': Time deviation too large!!!
 Blaze kernel 'dmatdmatadd': Time deviation too large!!!
 Blaze kernel 'dmatdmatadd': Time deviation too large!!!
dmatdmatadd benchmark for hpx finished for 16 threads 6th time
 Blaze kernel 'dmatdmatadd': Time deviation too large!!!
 Blaze kernel 'dmatdmatadd': Time deviation too large!!!
 Blaze kernel 'dmatdmatadd': Time deviation too large!!!
dmatdmatadd benchmark for hpx finished for 16 threads 7th time
 Blaze kernel 'dmatdmatadd': Time deviation too large!!!
 Blaze kernel 'dmatdmatadd': Time deviation too large!!!
 Blaze kernel 'dmatdmatadd': Time deviation too large!!!
 Blaze kernel 'dmatdmatadd': Time deviation too large!!!
 Blaze kernel 'dmatdmatadd': Time deviation too large!!!
dmatdmatadd benchmark for hpx finished for 16 threads 8th time
 Blaze kernel 'dmatdmatadd': Time deviation too large!!!
 Blaze kernel 'dmatdmatadd': Time deviation too large!!!
 Blaze kernel 'dmatdmatadd': Time deviation too large!!!
dmatdmatadd benchmark for hpx finished for 16 threads 9th time
 Blaze kernel 'dmatdmatadd': Time deviation too large!!!
dmatdmatadd benchmark for hpx finished for 16 threads 10th time
 Blaze kernel 'dmatdmatadd': Time deviation too large!!!
 Blaze kernel 'dmatdmatadd': Time deviation too large!!!
 Blaze kernel 'dmatdmatadd': Time deviation too large!!!
 Blaze kernel 'dmatdmatadd': Time deviation too large!!!
dmatdmatadd benchmark for hpx finished for 16 threads 11th time
