BLAZE_HPX_MATRIX_CHUNK_SIZE changed from 50 to 10
BLAZE_HPX_MATRIX_BLOCK_SIZE_ROW changed from 1024 to 1
BLAZE_HPX_MATRIX_BLOCK_SIZE_COLUMN changed from 4 to 4
benchmark dmatdmatmult for hpx runtime created
chunk size: 10
block size row: 1
block size col: 4
 Blaze kernel 'dmatdmatmult': Time deviation too large!!!
 Blaze kernel 'dmatdmatmult': Time deviation too large!!!
 Blaze kernel 'dmatdmatmult': Time deviation too large!!!
 Blaze kernel 'dmatdmatmult': Time deviation too large!!!
 Blaze kernel 'dmatdmatmult': Time deviation too large!!!
 Blaze kernel 'dmatdmatmult': Time deviation too large!!!
 Blaze kernel 'dmatdmatmult': Time deviation too large!!!
 Blaze kernel 'dmatdmatmult': Time deviation too large!!!
 Blaze kernel 'dmatdmatmult': Time deviation too large!!!
 Blaze kernel 'dmatdmatmult': Time deviation too large!!!
 Blaze kernel 'dmatdmatmult': Time deviation too large!!!
 Blaze kernel 'dmatdmatmult': Time deviation too large!!!
dmatdmatmult benchmark for hpx finished for 16 threads, chunk size 10, block_size row: 1 col:4 1th time
BLAZE_HPX_MATRIX_CHUNK_SIZE changed from 10 to 10
BLAZE_HPX_MATRIX_BLOCK_SIZE_ROW changed from 1 to 1
BLAZE_HPX_MATRIX_BLOCK_SIZE_COLUMN changed from 4 to 8
benchmark dmatdmatmult for hpx runtime created
chunk size: 10
block size row: 1
block size col: 8
 Blaze kernel 'dmatdmatmult': Time deviation too large!!!
 Blaze kernel 'dmatdmatmult': Time deviation too large!!!
 Blaze kernel 'dmatdmatmult': Time deviation too large!!!
 Blaze kernel 'dmatdmatmult': Time deviation too large!!!
 Blaze kernel 'dmatdmatmult': Time deviation too large!!!
 Blaze kernel 'dmatdmatmult': Time deviation too large!!!
 Blaze kernel 'dmatdmatmult': Time deviation too large!!!
 Blaze kernel 'dmatdmatmult': Time deviation too large!!!
 Blaze kernel 'dmatdmatmult': Time deviation too large!!!
 Blaze kernel 'dmatdmatmult': Time deviation too large!!!
 Blaze kernel 'dmatdmatmult': Time deviation too large!!!
 Blaze kernel 'dmatdmatmult': Time deviation too large!!!
dmatdmatmult benchmark for hpx finished for 16 threads, chunk size 10, block_size row: 1 col:8 1th time
BLAZE_HPX_MATRIX_CHUNK_SIZE changed from 10 to 10
BLAZE_HPX_MATRIX_BLOCK_SIZE_ROW changed from 1 to 1
BLAZE_HPX_MATRIX_BLOCK_SIZE_COLUMN changed from 8 to 16
benchmark dmatdmatmult for hpx runtime created
chunk size: 10
block size row: 1
block size col: 16
 Blaze kernel 'dmatdmatmult': Time deviation too large!!!
 Blaze kernel 'dmatdmatmult': Time deviation too large!!!
 Blaze kernel 'dmatdmatmult': Time deviation too large!!!
 Blaze kernel 'dmatdmatmult': Time deviation too large!!!
 Blaze kernel 'dmatdmatmult': Time deviation too large!!!
 Blaze kernel 'dmatdmatmult': Time deviation too large!!!
 Blaze kernel 'dmatdmatmult': Time deviation too large!!!
 Blaze kernel 'dmatdmatmult': Time deviation too large!!!
 Blaze kernel 'dmatdmatmult': Time deviation too large!!!
 Blaze kernel 'dmatdmatmult': Time deviation too large!!!
dmatdmatmult benchmark for hpx finished for 16 threads, chunk size 10, block_size row: 1 col:16 1th time
BLAZE_HPX_MATRIX_CHUNK_SIZE changed from 10 to 10
BLAZE_HPX_MATRIX_BLOCK_SIZE_ROW changed from 1 to 1
BLAZE_HPX_MATRIX_BLOCK_SIZE_COLUMN changed from 16 to 32
benchmark dmatdmatmult for hpx runtime created
chunk size: 10
block size row: 1
block size col: 32
 Blaze kernel 'dmatdmatmult': Time deviation too large!!!
 Blaze kernel 'dmatdmatmult': Time deviation too large!!!
 Blaze kernel 'dmatdmatmult': Time deviation too large!!!
 Blaze kernel 'dmatdmatmult': Time deviation too large!!!
 Blaze kernel 'dmatdmatmult': Time deviation too large!!!
 Blaze kernel 'dmatdmatmult': Time deviation too large!!!
 Blaze kernel 'dmatdmatmult': Time deviation too large!!!
 Blaze kernel 'dmatdmatmult': Time deviation too large!!!
 Blaze kernel 'dmatdmatmult': Time deviation too large!!!
 Blaze kernel 'dmatdmatmult': Time deviation too large!!!
dmatdmatmult benchmark for hpx finished for 16 threads, chunk size 10, block_size row: 1 col:32 1th time
BLAZE_HPX_MATRIX_CHUNK_SIZE changed from 10 to 10
BLAZE_HPX_MATRIX_BLOCK_SIZE_ROW changed from 1 to 1
BLAZE_HPX_MATRIX_BLOCK_SIZE_COLUMN changed from 32 to 64
benchmark dmatdmatmult for hpx runtime created
chunk size: 10
block size row: 1
block size col: 64
 Blaze kernel 'dmatdmatmult': Time deviation too large!!!
 Blaze kernel 'dmatdmatmult': Time deviation too large!!!
 Blaze kernel 'dmatdmatmult': Time deviation too large!!!
 Blaze kernel 'dmatdmatmult': Time deviation too large!!!
 Blaze kernel 'dmatdmatmult': Time deviation too large!!!
 Blaze kernel 'dmatdmatmult': Time deviation too large!!!
 Blaze kernel 'dmatdmatmult': Time deviation too large!!!
 Blaze kernel 'dmatdmatmult': Time deviation too large!!!
 Blaze kernel 'dmatdmatmult': Time deviation too large!!!
 Blaze kernel 'dmatdmatmult': Time deviation too large!!!
 Blaze kernel 'dmatdmatmult': Time deviation too large!!!
dmatdmatmult benchmark for hpx finished for 16 threads, chunk size 10, block_size row: 1 col:64 1th time
BLAZE_HPX_MATRIX_CHUNK_SIZE changed from 10 to 10
BLAZE_HPX_MATRIX_BLOCK_SIZE_ROW changed from 1 to 1
BLAZE_HPX_MATRIX_BLOCK_SIZE_COLUMN changed from 64 to 128
benchmark dmatdmatmult for hpx runtime created
chunk size: 10
block size row: 1
block size col: 128
 Blaze kernel 'dmatdmatmult': Time deviation too large!!!
 Blaze kernel 'dmatdmatmult': Time deviation too large!!!
 Blaze kernel 'dmatdmatmult': Time deviation too large!!!
 Blaze kernel 'dmatdmatmult': Time deviation too large!!!
 Blaze kernel 'dmatdmatmult': Time deviation too large!!!
 Blaze kernel 'dmatdmatmult': Time deviation too large!!!
 Blaze kernel 'dmatdmatmult': Time deviation too large!!!
 Blaze kernel 'dmatdmatmult': Time deviation too large!!!
 Blaze kernel 'dmatdmatmult': Time deviation too large!!!
 Blaze kernel 'dmatdmatmult': Time deviation too large!!!
 Blaze kernel 'dmatdmatmult': Time deviation too large!!!
dmatdmatmult benchmark for hpx finished for 16 threads, chunk size 10, block_size row: 1 col:128 1th time
BLAZE_HPX_MATRIX_CHUNK_SIZE changed from 10 to 10
BLAZE_HPX_MATRIX_BLOCK_SIZE_ROW changed from 1 to 1
BLAZE_HPX_MATRIX_BLOCK_SIZE_COLUMN changed from 128 to 256
benchmark dmatdmatmult for hpx runtime created
chunk size: 10
block size row: 1
block size col: 256
 Blaze kernel 'dmatdmatmult': Time deviation too large!!!
 Blaze kernel 'dmatdmatmult': Time deviation too large!!!
 Blaze kernel 'dmatdmatmult': Time deviation too large!!!
 Blaze kernel 'dmatdmatmult': Time deviation too large!!!
 Blaze kernel 'dmatdmatmult': Time deviation too large!!!
 Blaze kernel 'dmatdmatmult': Time deviation too large!!!
 Blaze kernel 'dmatdmatmult': Time deviation too large!!!
 Blaze kernel 'dmatdmatmult': Time deviation too large!!!
 Blaze kernel 'dmatdmatmult': Time deviation too large!!!
dmatdmatmult benchmark for hpx finished for 16 threads, chunk size 10, block_size row: 1 col:256 1th time
BLAZE_HPX_MATRIX_CHUNK_SIZE changed from 10 to 10
BLAZE_HPX_MATRIX_BLOCK_SIZE_ROW changed from 1 to 1
BLAZE_HPX_MATRIX_BLOCK_SIZE_COLUMN changed from 256 to 512
benchmark dmatdmatmult for hpx runtime created
chunk size: 10
block size row: 1
block size col: 512
 Blaze kernel 'dmatdmatmult': Time deviation too large!!!
 Blaze kernel 'dmatdmatmult': Time deviation too large!!!
 Blaze kernel 'dmatdmatmult': Time deviation too large!!!
 Blaze kernel 'dmatdmatmult': Time deviation too large!!!
 Blaze kernel 'dmatdmatmult': Time deviation too large!!!
 Blaze kernel 'dmatdmatmult': Time deviation too large!!!
 Blaze kernel 'dmatdmatmult': Time deviation too large!!!
dmatdmatmult benchmark for hpx finished for 16 threads, chunk size 10, block_size row: 1 col:512 1th time
BLAZE_HPX_MATRIX_CHUNK_SIZE changed from 10 to 10
BLAZE_HPX_MATRIX_BLOCK_SIZE_ROW changed from 1 to 1
BLAZE_HPX_MATRIX_BLOCK_SIZE_COLUMN changed from 512 to 1024
benchmark dmatdmatmult for hpx runtime created
chunk size: 10
block size row: 1
block size col: 1024
 Blaze kernel 'dmatdmatmult': Time deviation too large!!!
 Blaze kernel 'dmatdmatmult': Time deviation too large!!!
 Blaze kernel 'dmatdmatmult': Time deviation too large!!!
 Blaze kernel 'dmatdmatmult': Time deviation too large!!!
 Blaze kernel 'dmatdmatmult': Time deviation too large!!!
 Blaze kernel 'dmatdmatmult': Time deviation too large!!!
 Blaze kernel 'dmatdmatmult': Time deviation too large!!!
 Blaze kernel 'dmatdmatmult': Time deviation too large!!!
 Blaze kernel 'dmatdmatmult': Time deviation too large!!!
 Blaze kernel 'dmatdmatmult': Time deviation too large!!!
dmatdmatmult benchmark for hpx finished for 16 threads, chunk size 10, block_size row: 1 col:1024 1th time
