/home/sshirzad/src/blaze_shahrzad/blazemark/params/dmatdmatadd.prm
4
8
128
/home/sshirzad/repos/Blazemark/scripts
BLAZE_HPX_MATRIX_CHUNK_SIZE changed from 10 to 4
BLAZE_HPX_MATRIX_BLOCK_SIZE_ROW changed from 8 to 8
BLAZE_HPX_MATRIX_BLOCK_SIZE_COLUMN changed from 512 to 128
/opt/mn/binutils/2.30/bin/ld: warning: libboost_program_options.so.1.68.0, needed by /home/sshirzad/lib/hpx/hpx_release_clang_no_hpxmp/lib64//libhpx.so, may conflict with libboost_program_options.so.1.67.0
/opt/mn/binutils/2.30/bin/ld: warning: libboost_system.so.1.68.0, needed by /home/sshirzad/lib/hpx/hpx_release_clang_no_hpxmp/lib64//libhpx.so, may conflict with libboost_system.so.1.67.0
/opt/mn/binutils/2.30/bin/ld: /home/sshirzad/src/blaze_shahrzad/blazemark/obj/BLAZE_DMatDMatAdd.o: undefined reference to symbol '_ZN5boost6system6detail25generic_category_instanceE'
/opt/boost/1.68.0-clang6.0.1/release/lib/libboost_system.so.1.68.0: error adding symbols: DSO missing from command line
clang-6.0: error: linker command failed with exit code 1 (use -v to see invocation)
make: *** [/home/sshirzad/src/blaze_shahrzad/blazemark/bin/dmatdmatadd] Error 1
mv: cannot stat ‘/home/sshirzad/src/blaze_shahrzad/blazemark/bin/dmatdmatadd’: No such file or directory
benchmark dmatdmatadd for hpx runtime created
chunk size: 4
block size row: 8
block size col: 128
 Blaze kernel 'dmatdmatadd': Time deviation too large!!!
 Blaze kernel 'dmatdmatadd': Time deviation too large!!!
 Blaze kernel 'dmatdmatadd': Time deviation too large!!!
 Blaze kernel 'dmatdmatadd': Time deviation too large!!!
1th time finished for 16 threads
10
8
128
/home/sshirzad/repos/Blazemark/scripts
BLAZE_HPX_MATRIX_CHUNK_SIZE changed from 4 to 10
BLAZE_HPX_MATRIX_BLOCK_SIZE_ROW changed from 8 to 8
BLAZE_HPX_MATRIX_BLOCK_SIZE_COLUMN changed from 128 to 128
/opt/mn/binutils/2.30/bin/ld: warning: libboost_program_options.so.1.68.0, needed by /home/sshirzad/lib/hpx/hpx_release_clang_no_hpxmp/lib64//libhpx.so, may conflict with libboost_program_options.so.1.67.0
/opt/mn/binutils/2.30/bin/ld: warning: libboost_system.so.1.68.0, needed by /home/sshirzad/lib/hpx/hpx_release_clang_no_hpxmp/lib64//libhpx.so, may conflict with libboost_system.so.1.67.0
/opt/mn/binutils/2.30/bin/ld: /home/sshirzad/src/blaze_shahrzad/blazemark/obj/BLAZE_DMatDMatAdd.o: undefined reference to symbol '_ZN5boost6system6detail25generic_category_instanceE'
/opt/boost/1.68.0-clang6.0.1/release/lib/libboost_system.so.1.68.0: error adding symbols: DSO missing from command line
clang-6.0: error: linker command failed with exit code 1 (use -v to see invocation)
make: *** [/home/sshirzad/src/blaze_shahrzad/blazemark/bin/dmatdmatadd] Error 1
mv: cannot stat ‘/home/sshirzad/src/blaze_shahrzad/blazemark/bin/dmatdmatadd’: No such file or directory
benchmark dmatdmatadd for hpx runtime created
chunk size: 10
block size row: 8
block size col: 128
 Blaze kernel 'dmatdmatadd': Time deviation too large!!!
 Blaze kernel 'dmatdmatadd': Time deviation too large!!!
 Blaze kernel 'dmatdmatadd': Time deviation too large!!!
 Blaze kernel 'dmatdmatadd': Time deviation too large!!!
 Blaze kernel 'dmatdmatadd': Time deviation too large!!!
 Blaze kernel 'dmatdmatadd': Time deviation too large!!!
1th time finished for 16 threads
15
8
128
/home/sshirzad/repos/Blazemark/scripts
BLAZE_HPX_MATRIX_CHUNK_SIZE changed from 10 to 15
BLAZE_HPX_MATRIX_BLOCK_SIZE_ROW changed from 8 to 8
BLAZE_HPX_MATRIX_BLOCK_SIZE_COLUMN changed from 128 to 128
/opt/mn/binutils/2.30/bin/ld: warning: libboost_program_options.so.1.68.0, needed by /home/sshirzad/lib/hpx/hpx_release_clang_no_hpxmp/lib64//libhpx.so, may conflict with libboost_program_options.so.1.67.0
/opt/mn/binutils/2.30/bin/ld: warning: libboost_system.so.1.68.0, needed by /home/sshirzad/lib/hpx/hpx_release_clang_no_hpxmp/lib64//libhpx.so, may conflict with libboost_system.so.1.67.0
/opt/mn/binutils/2.30/bin/ld: /home/sshirzad/src/blaze_shahrzad/blazemark/obj/BLAZE_DMatDMatAdd.o: undefined reference to symbol '_ZN5boost6system6detail25generic_category_instanceE'
/opt/boost/1.68.0-clang6.0.1/release/lib/libboost_system.so.1.68.0: error adding symbols: DSO missing from command line
clang-6.0: error: linker command failed with exit code 1 (use -v to see invocation)
make: *** [/home/sshirzad/src/blaze_shahrzad/blazemark/bin/dmatdmatadd] Error 1
mv: cannot stat ‘/home/sshirzad/src/blaze_shahrzad/blazemark/bin/dmatdmatadd’: No such file or directory
benchmark dmatdmatadd for hpx runtime created
chunk size: 15
block size row: 8
block size col: 128
 Blaze kernel 'dmatdmatadd': Time deviation too large!!!
 Blaze kernel 'dmatdmatadd': Time deviation too large!!!
 Blaze kernel 'dmatdmatadd': Time deviation too large!!!
 Blaze kernel 'dmatdmatadd': Time deviation too large!!!
 Blaze kernel 'dmatdmatadd': Time deviation too large!!!
 Blaze kernel 'dmatdmatadd': Time deviation too large!!!
 Blaze kernel 'dmatdmatadd': Time deviation too large!!!
1th time finished for 16 threads
20
8
128
/home/sshirzad/repos/Blazemark/scripts
BLAZE_HPX_MATRIX_CHUNK_SIZE changed from 15 to 20
BLAZE_HPX_MATRIX_BLOCK_SIZE_ROW changed from 8 to 8
BLAZE_HPX_MATRIX_BLOCK_SIZE_COLUMN changed from 128 to 128
/opt/mn/binutils/2.30/bin/ld: warning: libboost_program_options.so.1.68.0, needed by /home/sshirzad/lib/hpx/hpx_release_clang_no_hpxmp/lib64//libhpx.so, may conflict with libboost_program_options.so.1.67.0
/opt/mn/binutils/2.30/bin/ld: warning: libboost_system.so.1.68.0, needed by /home/sshirzad/lib/hpx/hpx_release_clang_no_hpxmp/lib64//libhpx.so, may conflict with libboost_system.so.1.67.0
/opt/mn/binutils/2.30/bin/ld: /home/sshirzad/src/blaze_shahrzad/blazemark/obj/BLAZE_DMatDMatAdd.o: undefined reference to symbol '_ZN5boost6system6detail25generic_category_instanceE'
/opt/boost/1.68.0-clang6.0.1/release/lib/libboost_system.so.1.68.0: error adding symbols: DSO missing from command line
clang-6.0: error: linker command failed with exit code 1 (use -v to see invocation)
make: *** [/home/sshirzad/src/blaze_shahrzad/blazemark/bin/dmatdmatadd] Error 1
mv: cannot stat ‘/home/sshirzad/src/blaze_shahrzad/blazemark/bin/dmatdmatadd’: No such file or directory
benchmark dmatdmatadd for hpx runtime created
chunk size: 20
block size row: 8
block size col: 128
 Blaze kernel 'dmatdmatadd': Time deviation too large!!!
 Blaze kernel 'dmatdmatadd': Time deviation too large!!!
 Blaze kernel 'dmatdmatadd': Time deviation too large!!!
 Blaze kernel 'dmatdmatadd': Time deviation too large!!!
 Blaze kernel 'dmatdmatadd': Time deviation too large!!!
 Blaze kernel 'dmatdmatadd': Time deviation too large!!!
 Blaze kernel 'dmatdmatadd': Time deviation too large!!!
1th time finished for 16 threads
4
8
256
/home/sshirzad/repos/Blazemark/scripts
BLAZE_HPX_MATRIX_CHUNK_SIZE changed from 20 to 4
BLAZE_HPX_MATRIX_BLOCK_SIZE_ROW changed from 8 to 8
BLAZE_HPX_MATRIX_BLOCK_SIZE_COLUMN changed from 128 to 256
/opt/mn/binutils/2.30/bin/ld: warning: libboost_program_options.so.1.68.0, needed by /home/sshirzad/lib/hpx/hpx_release_clang_no_hpxmp/lib64//libhpx.so, may conflict with libboost_program_options.so.1.67.0
/opt/mn/binutils/2.30/bin/ld: warning: libboost_system.so.1.68.0, needed by /home/sshirzad/lib/hpx/hpx_release_clang_no_hpxmp/lib64//libhpx.so, may conflict with libboost_system.so.1.67.0
/opt/mn/binutils/2.30/bin/ld: /home/sshirzad/src/blaze_shahrzad/blazemark/obj/BLAZE_DMatDMatAdd.o: undefined reference to symbol '_ZN5boost6system6detail25generic_category_instanceE'
/opt/boost/1.68.0-clang6.0.1/release/lib/libboost_system.so.1.68.0: error adding symbols: DSO missing from command line
clang-6.0: error: linker command failed with exit code 1 (use -v to see invocation)
make: *** [/home/sshirzad/src/blaze_shahrzad/blazemark/bin/dmatdmatadd] Error 1
mv: cannot stat ‘/home/sshirzad/src/blaze_shahrzad/blazemark/bin/dmatdmatadd’: No such file or directory
benchmark dmatdmatadd for hpx runtime created
chunk size: 4
block size row: 8
block size col: 256
 Blaze kernel 'dmatdmatadd': Time deviation too large!!!
 Blaze kernel 'dmatdmatadd': Time deviation too large!!!
 Blaze kernel 'dmatdmatadd': Time deviation too large!!!
 Blaze kernel 'dmatdmatadd': Time deviation too large!!!
1th time finished for 16 threads
10
8
256
/home/sshirzad/repos/Blazemark/scripts
BLAZE_HPX_MATRIX_CHUNK_SIZE changed from 4 to 10
BLAZE_HPX_MATRIX_BLOCK_SIZE_ROW changed from 8 to 8
BLAZE_HPX_MATRIX_BLOCK_SIZE_COLUMN changed from 256 to 256
/opt/mn/binutils/2.30/bin/ld: warning: libboost_program_options.so.1.68.0, needed by /home/sshirzad/lib/hpx/hpx_release_clang_no_hpxmp/lib64//libhpx.so, may conflict with libboost_program_options.so.1.67.0
/opt/mn/binutils/2.30/bin/ld: warning: libboost_system.so.1.68.0, needed by /home/sshirzad/lib/hpx/hpx_release_clang_no_hpxmp/lib64//libhpx.so, may conflict with libboost_system.so.1.67.0
/opt/mn/binutils/2.30/bin/ld: /home/sshirzad/src/blaze_shahrzad/blazemark/obj/BLAZE_DMatDMatAdd.o: undefined reference to symbol '_ZN5boost6system6detail25generic_category_instanceE'
/opt/boost/1.68.0-clang6.0.1/release/lib/libboost_system.so.1.68.0: error adding symbols: DSO missing from command line
clang-6.0: error: linker command failed with exit code 1 (use -v to see invocation)
make: *** [/home/sshirzad/src/blaze_shahrzad/blazemark/bin/dmatdmatadd] Error 1
mv: cannot stat ‘/home/sshirzad/src/blaze_shahrzad/blazemark/bin/dmatdmatadd’: No such file or directory
benchmark dmatdmatadd for hpx runtime created
chunk size: 10
block size row: 8
block size col: 256
 Blaze kernel 'dmatdmatadd': Time deviation too large!!!
 Blaze kernel 'dmatdmatadd': Time deviation too large!!!
 Blaze kernel 'dmatdmatadd': Time deviation too large!!!
 Blaze kernel 'dmatdmatadd': Time deviation too large!!!
 Blaze kernel 'dmatdmatadd': Time deviation too large!!!
 Blaze kernel 'dmatdmatadd': Time deviation too large!!!
1th time finished for 16 threads
15
8
256
/home/sshirzad/repos/Blazemark/scripts
BLAZE_HPX_MATRIX_CHUNK_SIZE changed from 10 to 15
BLAZE_HPX_MATRIX_BLOCK_SIZE_ROW changed from 8 to 8
BLAZE_HPX_MATRIX_BLOCK_SIZE_COLUMN changed from 256 to 256
/opt/mn/binutils/2.30/bin/ld: warning: libboost_program_options.so.1.68.0, needed by /home/sshirzad/lib/hpx/hpx_release_clang_no_hpxmp/lib64//libhpx.so, may conflict with libboost_program_options.so.1.67.0
/opt/mn/binutils/2.30/bin/ld: warning: libboost_system.so.1.68.0, needed by /home/sshirzad/lib/hpx/hpx_release_clang_no_hpxmp/lib64//libhpx.so, may conflict with libboost_system.so.1.67.0
/opt/mn/binutils/2.30/bin/ld: /home/sshirzad/src/blaze_shahrzad/blazemark/obj/BLAZE_DMatDMatAdd.o: undefined reference to symbol '_ZN5boost6system6detail25generic_category_instanceE'
/opt/boost/1.68.0-clang6.0.1/release/lib/libboost_system.so.1.68.0: error adding symbols: DSO missing from command line
clang-6.0: error: linker command failed with exit code 1 (use -v to see invocation)
make: *** [/home/sshirzad/src/blaze_shahrzad/blazemark/bin/dmatdmatadd] Error 1
mv: cannot stat ‘/home/sshirzad/src/blaze_shahrzad/blazemark/bin/dmatdmatadd’: No such file or directory
benchmark dmatdmatadd for hpx runtime created
chunk size: 15
block size row: 8
block size col: 256
 Blaze kernel 'dmatdmatadd': Time deviation too large!!!
 Blaze kernel 'dmatdmatadd': Time deviation too large!!!
 Blaze kernel 'dmatdmatadd': Time deviation too large!!!
 Blaze kernel 'dmatdmatadd': Time deviation too large!!!
1th time finished for 16 threads
20
8
256
/home/sshirzad/repos/Blazemark/scripts
BLAZE_HPX_MATRIX_CHUNK_SIZE changed from 15 to 20
BLAZE_HPX_MATRIX_BLOCK_SIZE_ROW changed from 8 to 8
BLAZE_HPX_MATRIX_BLOCK_SIZE_COLUMN changed from 256 to 256
/opt/mn/binutils/2.30/bin/ld: warning: libboost_program_options.so.1.68.0, needed by /home/sshirzad/lib/hpx/hpx_release_clang_no_hpxmp/lib64//libhpx.so, may conflict with libboost_program_options.so.1.67.0
/opt/mn/binutils/2.30/bin/ld: warning: libboost_system.so.1.68.0, needed by /home/sshirzad/lib/hpx/hpx_release_clang_no_hpxmp/lib64//libhpx.so, may conflict with libboost_system.so.1.67.0
/opt/mn/binutils/2.30/bin/ld: /home/sshirzad/src/blaze_shahrzad/blazemark/obj/BLAZE_DMatDMatAdd.o: undefined reference to symbol '_ZN5boost6system6detail25generic_category_instanceE'
/opt/boost/1.68.0-clang6.0.1/release/lib/libboost_system.so.1.68.0: error adding symbols: DSO missing from command line
clang-6.0: error: linker command failed with exit code 1 (use -v to see invocation)
make: *** [/home/sshirzad/src/blaze_shahrzad/blazemark/bin/dmatdmatadd] Error 1
mv: cannot stat ‘/home/sshirzad/src/blaze_shahrzad/blazemark/bin/dmatdmatadd’: No such file or directory
benchmark dmatdmatadd for hpx runtime created
chunk size: 20
block size row: 8
block size col: 256
 Blaze kernel 'dmatdmatadd': Time deviation too large!!!
 Blaze kernel 'dmatdmatadd': Time deviation too large!!!
 Blaze kernel 'dmatdmatadd': Time deviation too large!!!
 Blaze kernel 'dmatdmatadd': Time deviation too large!!!
1th time finished for 16 threads
4
8
512
/home/sshirzad/repos/Blazemark/scripts
BLAZE_HPX_MATRIX_CHUNK_SIZE changed from 20 to 4
BLAZE_HPX_MATRIX_BLOCK_SIZE_ROW changed from 8 to 8
BLAZE_HPX_MATRIX_BLOCK_SIZE_COLUMN changed from 256 to 512
/opt/mn/binutils/2.30/bin/ld: warning: libboost_program_options.so.1.68.0, needed by /home/sshirzad/lib/hpx/hpx_release_clang_no_hpxmp/lib64//libhpx.so, may conflict with libboost_program_options.so.1.67.0
/opt/mn/binutils/2.30/bin/ld: warning: libboost_system.so.1.68.0, needed by /home/sshirzad/lib/hpx/hpx_release_clang_no_hpxmp/lib64//libhpx.so, may conflict with libboost_system.so.1.67.0
/opt/mn/binutils/2.30/bin/ld: /home/sshirzad/src/blaze_shahrzad/blazemark/obj/BLAZE_DMatDMatAdd.o: undefined reference to symbol '_ZN5boost6system6detail25generic_category_instanceE'
/opt/boost/1.68.0-clang6.0.1/release/lib/libboost_system.so.1.68.0: error adding symbols: DSO missing from command line
clang-6.0: error: linker command failed with exit code 1 (use -v to see invocation)
make: *** [/home/sshirzad/src/blaze_shahrzad/blazemark/bin/dmatdmatadd] Error 1
mv: cannot stat ‘/home/sshirzad/src/blaze_shahrzad/blazemark/bin/dmatdmatadd’: No such file or directory
benchmark dmatdmatadd for hpx runtime created
chunk size: 4
block size row: 8
block size col: 512
 Blaze kernel 'dmatdmatadd': Time deviation too large!!!
 Blaze kernel 'dmatdmatadd': Time deviation too large!!!
 Blaze kernel 'dmatdmatadd': Time deviation too large!!!
1th time finished for 16 threads
10
8
512
/home/sshirzad/repos/Blazemark/scripts
BLAZE_HPX_MATRIX_CHUNK_SIZE changed from 4 to 10
BLAZE_HPX_MATRIX_BLOCK_SIZE_ROW changed from 8 to 8
BLAZE_HPX_MATRIX_BLOCK_SIZE_COLUMN changed from 512 to 512
/opt/mn/binutils/2.30/bin/ld: warning: libboost_program_options.so.1.68.0, needed by /home/sshirzad/lib/hpx/hpx_release_clang_no_hpxmp/lib64//libhpx.so, may conflict with libboost_program_options.so.1.67.0
/opt/mn/binutils/2.30/bin/ld: warning: libboost_system.so.1.68.0, needed by /home/sshirzad/lib/hpx/hpx_release_clang_no_hpxmp/lib64//libhpx.so, may conflict with libboost_system.so.1.67.0
/opt/mn/binutils/2.30/bin/ld: /home/sshirzad/src/blaze_shahrzad/blazemark/obj/BLAZE_DMatDMatAdd.o: undefined reference to symbol '_ZN5boost6system6detail25generic_category_instanceE'
/opt/boost/1.68.0-clang6.0.1/release/lib/libboost_system.so.1.68.0: error adding symbols: DSO missing from command line
clang-6.0: error: linker command failed with exit code 1 (use -v to see invocation)
make: *** [/home/sshirzad/src/blaze_shahrzad/blazemark/bin/dmatdmatadd] Error 1
mv: cannot stat ‘/home/sshirzad/src/blaze_shahrzad/blazemark/bin/dmatdmatadd’: No such file or directory
benchmark dmatdmatadd for hpx runtime created
chunk size: 10
block size row: 8
block size col: 512
 Blaze kernel 'dmatdmatadd': Time deviation too large!!!
 Blaze kernel 'dmatdmatadd': Time deviation too large!!!
 Blaze kernel 'dmatdmatadd': Time deviation too large!!!
1th time finished for 16 threads
15
8
512
/home/sshirzad/repos/Blazemark/scripts
BLAZE_HPX_MATRIX_CHUNK_SIZE changed from 10 to 15
BLAZE_HPX_MATRIX_BLOCK_SIZE_ROW changed from 8 to 8
BLAZE_HPX_MATRIX_BLOCK_SIZE_COLUMN changed from 512 to 512
/opt/mn/binutils/2.30/bin/ld: warning: libboost_program_options.so.1.68.0, needed by /home/sshirzad/lib/hpx/hpx_release_clang_no_hpxmp/lib64//libhpx.so, may conflict with libboost_program_options.so.1.67.0
/opt/mn/binutils/2.30/bin/ld: warning: libboost_system.so.1.68.0, needed by /home/sshirzad/lib/hpx/hpx_release_clang_no_hpxmp/lib64//libhpx.so, may conflict with libboost_system.so.1.67.0
/opt/mn/binutils/2.30/bin/ld: /home/sshirzad/src/blaze_shahrzad/blazemark/obj/BLAZE_DMatDMatAdd.o: undefined reference to symbol '_ZN5boost6system6detail25generic_category_instanceE'
/opt/boost/1.68.0-clang6.0.1/release/lib/libboost_system.so.1.68.0: error adding symbols: DSO missing from command line
clang-6.0: error: linker command failed with exit code 1 (use -v to see invocation)
make: *** [/home/sshirzad/src/blaze_shahrzad/blazemark/bin/dmatdmatadd] Error 1
mv: cannot stat ‘/home/sshirzad/src/blaze_shahrzad/blazemark/bin/dmatdmatadd’: No such file or directory
benchmark dmatdmatadd for hpx runtime created
chunk size: 15
block size row: 8
block size col: 512
 Blaze kernel 'dmatdmatadd': Time deviation too large!!!
 Blaze kernel 'dmatdmatadd': Time deviation too large!!!
 Blaze kernel 'dmatdmatadd': Time deviation too large!!!
 Blaze kernel 'dmatdmatadd': Time deviation too large!!!
1th time finished for 16 threads
20
8
512
/home/sshirzad/repos/Blazemark/scripts
BLAZE_HPX_MATRIX_CHUNK_SIZE changed from 15 to 20
BLAZE_HPX_MATRIX_BLOCK_SIZE_ROW changed from 8 to 8
BLAZE_HPX_MATRIX_BLOCK_SIZE_COLUMN changed from 512 to 512
/opt/mn/binutils/2.30/bin/ld: warning: libboost_program_options.so.1.68.0, needed by /home/sshirzad/lib/hpx/hpx_release_clang_no_hpxmp/lib64//libhpx.so, may conflict with libboost_program_options.so.1.67.0
/opt/mn/binutils/2.30/bin/ld: warning: libboost_system.so.1.68.0, needed by /home/sshirzad/lib/hpx/hpx_release_clang_no_hpxmp/lib64//libhpx.so, may conflict with libboost_system.so.1.67.0
/opt/mn/binutils/2.30/bin/ld: /home/sshirzad/src/blaze_shahrzad/blazemark/obj/BLAZE_DMatDMatAdd.o: undefined reference to symbol '_ZN5boost6system6detail25generic_category_instanceE'
/opt/boost/1.68.0-clang6.0.1/release/lib/libboost_system.so.1.68.0: error adding symbols: DSO missing from command line
clang-6.0: error: linker command failed with exit code 1 (use -v to see invocation)
make: *** [/home/sshirzad/src/blaze_shahrzad/blazemark/bin/dmatdmatadd] Error 1
mv: cannot stat ‘/home/sshirzad/src/blaze_shahrzad/blazemark/bin/dmatdmatadd’: No such file or directory
benchmark dmatdmatadd for hpx runtime created
chunk size: 20
block size row: 8
block size col: 512
 Blaze kernel 'dmatdmatadd': Time deviation too large!!!
 Blaze kernel 'dmatdmatadd': Time deviation too large!!!
1th time finished for 16 threads
4
16
128
/home/sshirzad/repos/Blazemark/scripts
BLAZE_HPX_MATRIX_CHUNK_SIZE changed from 20 to 4
BLAZE_HPX_MATRIX_BLOCK_SIZE_ROW changed from 8 to 16
BLAZE_HPX_MATRIX_BLOCK_SIZE_COLUMN changed from 512 to 128
/opt/mn/binutils/2.30/bin/ld: warning: libboost_program_options.so.1.68.0, needed by /home/sshirzad/lib/hpx/hpx_release_clang_no_hpxmp/lib64//libhpx.so, may conflict with libboost_program_options.so.1.67.0
/opt/mn/binutils/2.30/bin/ld: warning: libboost_system.so.1.68.0, needed by /home/sshirzad/lib/hpx/hpx_release_clang_no_hpxmp/lib64//libhpx.so, may conflict with libboost_system.so.1.67.0
/opt/mn/binutils/2.30/bin/ld: /home/sshirzad/src/blaze_shahrzad/blazemark/obj/BLAZE_DMatDMatAdd.o: undefined reference to symbol '_ZN5boost6system6detail25generic_category_instanceE'
/opt/boost/1.68.0-clang6.0.1/release/lib/libboost_system.so.1.68.0: error adding symbols: DSO missing from command line
clang-6.0: error: linker command failed with exit code 1 (use -v to see invocation)
make: *** [/home/sshirzad/src/blaze_shahrzad/blazemark/bin/dmatdmatadd] Error 1
mv: cannot stat ‘/home/sshirzad/src/blaze_shahrzad/blazemark/bin/dmatdmatadd’: No such file or directory
benchmark dmatdmatadd for hpx runtime created
chunk size: 4
block size row: 16
block size col: 128
 Blaze kernel 'dmatdmatadd': Time deviation too large!!!
 Blaze kernel 'dmatdmatadd': Time deviation too large!!!
 Blaze kernel 'dmatdmatadd': Time deviation too large!!!
 Blaze kernel 'dmatdmatadd': Time deviation too large!!!
1th time finished for 16 threads
10
16
128
/home/sshirzad/repos/Blazemark/scripts
BLAZE_HPX_MATRIX_CHUNK_SIZE changed from 4 to 10
BLAZE_HPX_MATRIX_BLOCK_SIZE_ROW changed from 16 to 16
BLAZE_HPX_MATRIX_BLOCK_SIZE_COLUMN changed from 128 to 128
/opt/mn/binutils/2.30/bin/ld: warning: libboost_program_options.so.1.68.0, needed by /home/sshirzad/lib/hpx/hpx_release_clang_no_hpxmp/lib64//libhpx.so, may conflict with libboost_program_options.so.1.67.0
/opt/mn/binutils/2.30/bin/ld: warning: libboost_system.so.1.68.0, needed by /home/sshirzad/lib/hpx/hpx_release_clang_no_hpxmp/lib64//libhpx.so, may conflict with libboost_system.so.1.67.0
/opt/mn/binutils/2.30/bin/ld: /home/sshirzad/src/blaze_shahrzad/blazemark/obj/BLAZE_DMatDMatAdd.o: undefined reference to symbol '_ZN5boost6system6detail25generic_category_instanceE'
/opt/boost/1.68.0-clang6.0.1/release/lib/libboost_system.so.1.68.0: error adding symbols: DSO missing from command line
clang-6.0: error: linker command failed with exit code 1 (use -v to see invocation)
make: *** [/home/sshirzad/src/blaze_shahrzad/blazemark/bin/dmatdmatadd] Error 1
mv: cannot stat ‘/home/sshirzad/src/blaze_shahrzad/blazemark/bin/dmatdmatadd’: No such file or directory
benchmark dmatdmatadd for hpx runtime created
chunk size: 10
block size row: 16
block size col: 128
 Blaze kernel 'dmatdmatadd': Time deviation too large!!!
 Blaze kernel 'dmatdmatadd': Time deviation too large!!!
 Blaze kernel 'dmatdmatadd': Time deviation too large!!!
 Blaze kernel 'dmatdmatadd': Time deviation too large!!!
 Blaze kernel 'dmatdmatadd': Time deviation too large!!!
1th time finished for 16 threads
15
16
128
/home/sshirzad/repos/Blazemark/scripts
BLAZE_HPX_MATRIX_CHUNK_SIZE changed from 10 to 15
BLAZE_HPX_MATRIX_BLOCK_SIZE_ROW changed from 16 to 16
BLAZE_HPX_MATRIX_BLOCK_SIZE_COLUMN changed from 128 to 128
/opt/mn/binutils/2.30/bin/ld: warning: libboost_program_options.so.1.68.0, needed by /home/sshirzad/lib/hpx/hpx_release_clang_no_hpxmp/lib64//libhpx.so, may conflict with libboost_program_options.so.1.67.0
/opt/mn/binutils/2.30/bin/ld: warning: libboost_system.so.1.68.0, needed by /home/sshirzad/lib/hpx/hpx_release_clang_no_hpxmp/lib64//libhpx.so, may conflict with libboost_system.so.1.67.0
/opt/mn/binutils/2.30/bin/ld: /home/sshirzad/src/blaze_shahrzad/blazemark/obj/BLAZE_DMatDMatAdd.o: undefined reference to symbol '_ZN5boost6system6detail25generic_category_instanceE'
/opt/boost/1.68.0-clang6.0.1/release/lib/libboost_system.so.1.68.0: error adding symbols: DSO missing from command line
clang-6.0: error: linker command failed with exit code 1 (use -v to see invocation)
make: *** [/home/sshirzad/src/blaze_shahrzad/blazemark/bin/dmatdmatadd] Error 1
mv: cannot stat ‘/home/sshirzad/src/blaze_shahrzad/blazemark/bin/dmatdmatadd’: No such file or directory
benchmark dmatdmatadd for hpx runtime created
chunk size: 15
block size row: 16
block size col: 128
 Blaze kernel 'dmatdmatadd': Time deviation too large!!!
 Blaze kernel 'dmatdmatadd': Time deviation too large!!!
 Blaze kernel 'dmatdmatadd': Time deviation too large!!!
 Blaze kernel 'dmatdmatadd': Time deviation too large!!!
 Blaze kernel 'dmatdmatadd': Time deviation too large!!!
1th time finished for 16 threads
20
16
128
/home/sshirzad/repos/Blazemark/scripts
BLAZE_HPX_MATRIX_CHUNK_SIZE changed from 15 to 20
BLAZE_HPX_MATRIX_BLOCK_SIZE_ROW changed from 16 to 16
BLAZE_HPX_MATRIX_BLOCK_SIZE_COLUMN changed from 128 to 128
/opt/mn/binutils/2.30/bin/ld: warning: libboost_program_options.so.1.68.0, needed by /home/sshirzad/lib/hpx/hpx_release_clang_no_hpxmp/lib64//libhpx.so, may conflict with libboost_program_options.so.1.67.0
/opt/mn/binutils/2.30/bin/ld: warning: libboost_system.so.1.68.0, needed by /home/sshirzad/lib/hpx/hpx_release_clang_no_hpxmp/lib64//libhpx.so, may conflict with libboost_system.so.1.67.0
/opt/mn/binutils/2.30/bin/ld: /home/sshirzad/src/blaze_shahrzad/blazemark/obj/BLAZE_DMatDMatAdd.o: undefined reference to symbol '_ZN5boost6system6detail25generic_category_instanceE'
/opt/boost/1.68.0-clang6.0.1/release/lib/libboost_system.so.1.68.0: error adding symbols: DSO missing from command line
clang-6.0: error: linker command failed with exit code 1 (use -v to see invocation)
make: *** [/home/sshirzad/src/blaze_shahrzad/blazemark/bin/dmatdmatadd] Error 1
mv: cannot stat ‘/home/sshirzad/src/blaze_shahrzad/blazemark/bin/dmatdmatadd’: No such file or directory
benchmark dmatdmatadd for hpx runtime created
chunk size: 20
block size row: 16
block size col: 128
 Blaze kernel 'dmatdmatadd': Time deviation too large!!!
 Blaze kernel 'dmatdmatadd': Time deviation too large!!!
 Blaze kernel 'dmatdmatadd': Time deviation too large!!!
 Blaze kernel 'dmatdmatadd': Time deviation too large!!!
 Blaze kernel 'dmatdmatadd': Time deviation too large!!!
1th time finished for 16 threads
4
16
256
/home/sshirzad/repos/Blazemark/scripts
BLAZE_HPX_MATRIX_CHUNK_SIZE changed from 20 to 4
BLAZE_HPX_MATRIX_BLOCK_SIZE_ROW changed from 16 to 16
BLAZE_HPX_MATRIX_BLOCK_SIZE_COLUMN changed from 128 to 256
/opt/mn/binutils/2.30/bin/ld: warning: libboost_program_options.so.1.68.0, needed by /home/sshirzad/lib/hpx/hpx_release_clang_no_hpxmp/lib64//libhpx.so, may conflict with libboost_program_options.so.1.67.0
/opt/mn/binutils/2.30/bin/ld: warning: libboost_system.so.1.68.0, needed by /home/sshirzad/lib/hpx/hpx_release_clang_no_hpxmp/lib64//libhpx.so, may conflict with libboost_system.so.1.67.0
/opt/mn/binutils/2.30/bin/ld: /home/sshirzad/src/blaze_shahrzad/blazemark/obj/BLAZE_DMatDMatAdd.o: undefined reference to symbol '_ZN5boost6system6detail25generic_category_instanceE'
/opt/boost/1.68.0-clang6.0.1/release/lib/libboost_system.so.1.68.0: error adding symbols: DSO missing from command line
clang-6.0: error: linker command failed with exit code 1 (use -v to see invocation)
make: *** [/home/sshirzad/src/blaze_shahrzad/blazemark/bin/dmatdmatadd] Error 1
mv: cannot stat ‘/home/sshirzad/src/blaze_shahrzad/blazemark/bin/dmatdmatadd’: No such file or directory
benchmark dmatdmatadd for hpx runtime created
chunk size: 4
block size row: 16
block size col: 256
 Blaze kernel 'dmatdmatadd': Time deviation too large!!!
 Blaze kernel 'dmatdmatadd': Time deviation too large!!!
 Blaze kernel 'dmatdmatadd': Time deviation too large!!!
1th time finished for 16 threads
10
16
256
/home/sshirzad/repos/Blazemark/scripts
BLAZE_HPX_MATRIX_CHUNK_SIZE changed from 4 to 10
BLAZE_HPX_MATRIX_BLOCK_SIZE_ROW changed from 16 to 16
BLAZE_HPX_MATRIX_BLOCK_SIZE_COLUMN changed from 256 to 256
/opt/mn/binutils/2.30/bin/ld: warning: libboost_program_options.so.1.68.0, needed by /home/sshirzad/lib/hpx/hpx_release_clang_no_hpxmp/lib64//libhpx.so, may conflict with libboost_program_options.so.1.67.0
/opt/mn/binutils/2.30/bin/ld: warning: libboost_system.so.1.68.0, needed by /home/sshirzad/lib/hpx/hpx_release_clang_no_hpxmp/lib64//libhpx.so, may conflict with libboost_system.so.1.67.0
/opt/mn/binutils/2.30/bin/ld: /home/sshirzad/src/blaze_shahrzad/blazemark/obj/BLAZE_DMatDMatAdd.o: undefined reference to symbol '_ZN5boost6system6detail25generic_category_instanceE'
/opt/boost/1.68.0-clang6.0.1/release/lib/libboost_system.so.1.68.0: error adding symbols: DSO missing from command line
clang-6.0: error: linker command failed with exit code 1 (use -v to see invocation)
make: *** [/home/sshirzad/src/blaze_shahrzad/blazemark/bin/dmatdmatadd] Error 1
mv: cannot stat ‘/home/sshirzad/src/blaze_shahrzad/blazemark/bin/dmatdmatadd’: No such file or directory
benchmark dmatdmatadd for hpx runtime created
chunk size: 10
block size row: 16
block size col: 256
 Blaze kernel 'dmatdmatadd': Time deviation too large!!!
 Blaze kernel 'dmatdmatadd': Time deviation too large!!!
 Blaze kernel 'dmatdmatadd': Time deviation too large!!!
 Blaze kernel 'dmatdmatadd': Time deviation too large!!!
1th time finished for 16 threads
15
16
256
/home/sshirzad/repos/Blazemark/scripts
BLAZE_HPX_MATRIX_CHUNK_SIZE changed from 10 to 15
BLAZE_HPX_MATRIX_BLOCK_SIZE_ROW changed from 16 to 16
BLAZE_HPX_MATRIX_BLOCK_SIZE_COLUMN changed from 256 to 256
/opt/mn/binutils/2.30/bin/ld: warning: libboost_program_options.so.1.68.0, needed by /home/sshirzad/lib/hpx/hpx_release_clang_no_hpxmp/lib64//libhpx.so, may conflict with libboost_program_options.so.1.67.0
/opt/mn/binutils/2.30/bin/ld: warning: libboost_system.so.1.68.0, needed by /home/sshirzad/lib/hpx/hpx_release_clang_no_hpxmp/lib64//libhpx.so, may conflict with libboost_system.so.1.67.0
/opt/mn/binutils/2.30/bin/ld: /home/sshirzad/src/blaze_shahrzad/blazemark/obj/BLAZE_DMatDMatAdd.o: undefined reference to symbol '_ZN5boost6system6detail25generic_category_instanceE'
/opt/boost/1.68.0-clang6.0.1/release/lib/libboost_system.so.1.68.0: error adding symbols: DSO missing from command line
clang-6.0: error: linker command failed with exit code 1 (use -v to see invocation)
make: *** [/home/sshirzad/src/blaze_shahrzad/blazemark/bin/dmatdmatadd] Error 1
mv: cannot stat ‘/home/sshirzad/src/blaze_shahrzad/blazemark/bin/dmatdmatadd’: No such file or directory
benchmark dmatdmatadd for hpx runtime created
chunk size: 15
block size row: 16
block size col: 256
 Blaze kernel 'dmatdmatadd': Time deviation too large!!!
 Blaze kernel 'dmatdmatadd': Time deviation too large!!!
1th time finished for 16 threads
20
16
256
/home/sshirzad/repos/Blazemark/scripts
BLAZE_HPX_MATRIX_CHUNK_SIZE changed from 15 to 20
BLAZE_HPX_MATRIX_BLOCK_SIZE_ROW changed from 16 to 16
BLAZE_HPX_MATRIX_BLOCK_SIZE_COLUMN changed from 256 to 256
/opt/mn/binutils/2.30/bin/ld: warning: libboost_program_options.so.1.68.0, needed by /home/sshirzad/lib/hpx/hpx_release_clang_no_hpxmp/lib64//libhpx.so, may conflict with libboost_program_options.so.1.67.0
/opt/mn/binutils/2.30/bin/ld: warning: libboost_system.so.1.68.0, needed by /home/sshirzad/lib/hpx/hpx_release_clang_no_hpxmp/lib64//libhpx.so, may conflict with libboost_system.so.1.67.0
/opt/mn/binutils/2.30/bin/ld: /home/sshirzad/src/blaze_shahrzad/blazemark/obj/BLAZE_DMatDMatAdd.o: undefined reference to symbol '_ZN5boost6system6detail25generic_category_instanceE'
/opt/boost/1.68.0-clang6.0.1/release/lib/libboost_system.so.1.68.0: error adding symbols: DSO missing from command line
clang-6.0: error: linker command failed with exit code 1 (use -v to see invocation)
make: *** [/home/sshirzad/src/blaze_shahrzad/blazemark/bin/dmatdmatadd] Error 1
mv: cannot stat ‘/home/sshirzad/src/blaze_shahrzad/blazemark/bin/dmatdmatadd’: No such file or directory
benchmark dmatdmatadd for hpx runtime created
chunk size: 20
block size row: 16
block size col: 256
 Blaze kernel 'dmatdmatadd': Time deviation too large!!!
 Blaze kernel 'dmatdmatadd': Time deviation too large!!!
 Blaze kernel 'dmatdmatadd': Time deviation too large!!!
 Blaze kernel 'dmatdmatadd': Time deviation too large!!!
 Blaze kernel 'dmatdmatadd': Time deviation too large!!!
 Blaze kernel 'dmatdmatadd': Time deviation too large!!!
1th time finished for 16 threads
4
16
512
/home/sshirzad/repos/Blazemark/scripts
BLAZE_HPX_MATRIX_CHUNK_SIZE changed from 20 to 4
BLAZE_HPX_MATRIX_BLOCK_SIZE_ROW changed from 16 to 16
BLAZE_HPX_MATRIX_BLOCK_SIZE_COLUMN changed from 256 to 512
/opt/mn/binutils/2.30/bin/ld: warning: libboost_program_options.so.1.68.0, needed by /home/sshirzad/lib/hpx/hpx_release_clang_no_hpxmp/lib64//libhpx.so, may conflict with libboost_program_options.so.1.67.0
/opt/mn/binutils/2.30/bin/ld: warning: libboost_system.so.1.68.0, needed by /home/sshirzad/lib/hpx/hpx_release_clang_no_hpxmp/lib64//libhpx.so, may conflict with libboost_system.so.1.67.0
/opt/mn/binutils/2.30/bin/ld: /home/sshirzad/src/blaze_shahrzad/blazemark/obj/BLAZE_DMatDMatAdd.o: undefined reference to symbol '_ZN5boost6system6detail25generic_category_instanceE'
/opt/boost/1.68.0-clang6.0.1/release/lib/libboost_system.so.1.68.0: error adding symbols: DSO missing from command line
clang-6.0: error: linker command failed with exit code 1 (use -v to see invocation)
make: *** [/home/sshirzad/src/blaze_shahrzad/blazemark/bin/dmatdmatadd] Error 1
mv: cannot stat ‘/home/sshirzad/src/blaze_shahrzad/blazemark/bin/dmatdmatadd’: No such file or directory
benchmark dmatdmatadd for hpx runtime created
chunk size: 4
block size row: 16
block size col: 512
 Blaze kernel 'dmatdmatadd': Time deviation too large!!!
 Blaze kernel 'dmatdmatadd': Time deviation too large!!!
 Blaze kernel 'dmatdmatadd': Time deviation too large!!!
 Blaze kernel 'dmatdmatadd': Time deviation too large!!!
1th time finished for 16 threads
10
16
512
/home/sshirzad/repos/Blazemark/scripts
BLAZE_HPX_MATRIX_CHUNK_SIZE changed from 4 to 10
BLAZE_HPX_MATRIX_BLOCK_SIZE_ROW changed from 16 to 16
BLAZE_HPX_MATRIX_BLOCK_SIZE_COLUMN changed from 512 to 512
/opt/mn/binutils/2.30/bin/ld: warning: libboost_program_options.so.1.68.0, needed by /home/sshirzad/lib/hpx/hpx_release_clang_no_hpxmp/lib64//libhpx.so, may conflict with libboost_program_options.so.1.67.0
/opt/mn/binutils/2.30/bin/ld: warning: libboost_system.so.1.68.0, needed by /home/sshirzad/lib/hpx/hpx_release_clang_no_hpxmp/lib64//libhpx.so, may conflict with libboost_system.so.1.67.0
/opt/mn/binutils/2.30/bin/ld: /home/sshirzad/src/blaze_shahrzad/blazemark/obj/BLAZE_DMatDMatAdd.o: undefined reference to symbol '_ZN5boost6system6detail25generic_category_instanceE'
/opt/boost/1.68.0-clang6.0.1/release/lib/libboost_system.so.1.68.0: error adding symbols: DSO missing from command line
clang-6.0: error: linker command failed with exit code 1 (use -v to see invocation)
make: *** [/home/sshirzad/src/blaze_shahrzad/blazemark/bin/dmatdmatadd] Error 1
mv: cannot stat ‘/home/sshirzad/src/blaze_shahrzad/blazemark/bin/dmatdmatadd’: No such file or directory
benchmark dmatdmatadd for hpx runtime created
chunk size: 10
block size row: 16
block size col: 512
 Blaze kernel 'dmatdmatadd': Time deviation too large!!!
 Blaze kernel 'dmatdmatadd': Time deviation too large!!!
 Blaze kernel 'dmatdmatadd': Time deviation too large!!!
 Blaze kernel 'dmatdmatadd': Time deviation too large!!!
1th time finished for 16 threads
15
16
512
/home/sshirzad/repos/Blazemark/scripts
BLAZE_HPX_MATRIX_CHUNK_SIZE changed from 10 to 15
BLAZE_HPX_MATRIX_BLOCK_SIZE_ROW changed from 16 to 16
BLAZE_HPX_MATRIX_BLOCK_SIZE_COLUMN changed from 512 to 512
/opt/mn/binutils/2.30/bin/ld: warning: libboost_program_options.so.1.68.0, needed by /home/sshirzad/lib/hpx/hpx_release_clang_no_hpxmp/lib64//libhpx.so, may conflict with libboost_program_options.so.1.67.0
/opt/mn/binutils/2.30/bin/ld: warning: libboost_system.so.1.68.0, needed by /home/sshirzad/lib/hpx/hpx_release_clang_no_hpxmp/lib64//libhpx.so, may conflict with libboost_system.so.1.67.0
/opt/mn/binutils/2.30/bin/ld: /home/sshirzad/src/blaze_shahrzad/blazemark/obj/BLAZE_DMatDMatAdd.o: undefined reference to symbol '_ZN5boost6system6detail25generic_category_instanceE'
/opt/boost/1.68.0-clang6.0.1/release/lib/libboost_system.so.1.68.0: error adding symbols: DSO missing from command line
clang-6.0: error: linker command failed with exit code 1 (use -v to see invocation)
make: *** [/home/sshirzad/src/blaze_shahrzad/blazemark/bin/dmatdmatadd] Error 1
mv: cannot stat ‘/home/sshirzad/src/blaze_shahrzad/blazemark/bin/dmatdmatadd’: No such file or directory
benchmark dmatdmatadd for hpx runtime created
chunk size: 15
block size row: 16
block size col: 512
 Blaze kernel 'dmatdmatadd': Time deviation too large!!!
 Blaze kernel 'dmatdmatadd': Time deviation too large!!!
 Blaze kernel 'dmatdmatadd': Time deviation too large!!!
 Blaze kernel 'dmatdmatadd': Time deviation too large!!!
 Blaze kernel 'dmatdmatadd': Time deviation too large!!!
 Blaze kernel 'dmatdmatadd': Time deviation too large!!!
1th time finished for 16 threads
20
16
512
/home/sshirzad/repos/Blazemark/scripts
BLAZE_HPX_MATRIX_CHUNK_SIZE changed from 15 to 20
BLAZE_HPX_MATRIX_BLOCK_SIZE_ROW changed from 16 to 16
BLAZE_HPX_MATRIX_BLOCK_SIZE_COLUMN changed from 512 to 512
/opt/mn/binutils/2.30/bin/ld: warning: libboost_program_options.so.1.68.0, needed by /home/sshirzad/lib/hpx/hpx_release_clang_no_hpxmp/lib64//libhpx.so, may conflict with libboost_program_options.so.1.67.0
/opt/mn/binutils/2.30/bin/ld: warning: libboost_system.so.1.68.0, needed by /home/sshirzad/lib/hpx/hpx_release_clang_no_hpxmp/lib64//libhpx.so, may conflict with libboost_system.so.1.67.0
/opt/mn/binutils/2.30/bin/ld: /home/sshirzad/src/blaze_shahrzad/blazemark/obj/BLAZE_DMatDMatAdd.o: undefined reference to symbol '_ZN5boost6system6detail25generic_category_instanceE'
/opt/boost/1.68.0-clang6.0.1/release/lib/libboost_system.so.1.68.0: error adding symbols: DSO missing from command line
clang-6.0: error: linker command failed with exit code 1 (use -v to see invocation)
make: *** [/home/sshirzad/src/blaze_shahrzad/blazemark/bin/dmatdmatadd] Error 1
mv: cannot stat ‘/home/sshirzad/src/blaze_shahrzad/blazemark/bin/dmatdmatadd’: No such file or directory
benchmark dmatdmatadd for hpx runtime created
chunk size: 20
block size row: 16
block size col: 512
 Blaze kernel 'dmatdmatadd': Time deviation too large!!!
 Blaze kernel 'dmatdmatadd': Time deviation too large!!!
 Blaze kernel 'dmatdmatadd': Time deviation too large!!!
 Blaze kernel 'dmatdmatadd': Time deviation too large!!!
 Blaze kernel 'dmatdmatadd': Time deviation too large!!!
1th time finished for 16 threads
4
32
128
/home/sshirzad/repos/Blazemark/scripts
BLAZE_HPX_MATRIX_CHUNK_SIZE changed from 20 to 4
BLAZE_HPX_MATRIX_BLOCK_SIZE_ROW changed from 16 to 32
BLAZE_HPX_MATRIX_BLOCK_SIZE_COLUMN changed from 512 to 128
/opt/mn/binutils/2.30/bin/ld: warning: libboost_program_options.so.1.68.0, needed by /home/sshirzad/lib/hpx/hpx_release_clang_no_hpxmp/lib64//libhpx.so, may conflict with libboost_program_options.so.1.67.0
/opt/mn/binutils/2.30/bin/ld: warning: libboost_system.so.1.68.0, needed by /home/sshirzad/lib/hpx/hpx_release_clang_no_hpxmp/lib64//libhpx.so, may conflict with libboost_system.so.1.67.0
/opt/mn/binutils/2.30/bin/ld: /home/sshirzad/src/blaze_shahrzad/blazemark/obj/BLAZE_DMatDMatAdd.o: undefined reference to symbol '_ZN5boost6system6detail25generic_category_instanceE'
/opt/boost/1.68.0-clang6.0.1/release/lib/libboost_system.so.1.68.0: error adding symbols: DSO missing from command line
clang-6.0: error: linker command failed with exit code 1 (use -v to see invocation)
make: *** [/home/sshirzad/src/blaze_shahrzad/blazemark/bin/dmatdmatadd] Error 1
mv: cannot stat ‘/home/sshirzad/src/blaze_shahrzad/blazemark/bin/dmatdmatadd’: No such file or directory
benchmark dmatdmatadd for hpx runtime created
chunk size: 4
block size row: 32
block size col: 128
 Blaze kernel 'dmatdmatadd': Time deviation too large!!!
 Blaze kernel 'dmatdmatadd': Time deviation too large!!!
 Blaze kernel 'dmatdmatadd': Time deviation too large!!!
1th time finished for 16 threads
10
32
128
/home/sshirzad/repos/Blazemark/scripts
BLAZE_HPX_MATRIX_CHUNK_SIZE changed from 4 to 10
BLAZE_HPX_MATRIX_BLOCK_SIZE_ROW changed from 32 to 32
BLAZE_HPX_MATRIX_BLOCK_SIZE_COLUMN changed from 128 to 128
/opt/mn/binutils/2.30/bin/ld: warning: libboost_program_options.so.1.68.0, needed by /home/sshirzad/lib/hpx/hpx_release_clang_no_hpxmp/lib64//libhpx.so, may conflict with libboost_program_options.so.1.67.0
/opt/mn/binutils/2.30/bin/ld: warning: libboost_system.so.1.68.0, needed by /home/sshirzad/lib/hpx/hpx_release_clang_no_hpxmp/lib64//libhpx.so, may conflict with libboost_system.so.1.67.0
/opt/mn/binutils/2.30/bin/ld: /home/sshirzad/src/blaze_shahrzad/blazemark/obj/BLAZE_DMatDMatAdd.o: undefined reference to symbol '_ZN5boost6system6detail25generic_category_instanceE'
/opt/boost/1.68.0-clang6.0.1/release/lib/libboost_system.so.1.68.0: error adding symbols: DSO missing from command line
clang-6.0: error: linker command failed with exit code 1 (use -v to see invocation)
make: *** [/home/sshirzad/src/blaze_shahrzad/blazemark/bin/dmatdmatadd] Error 1
mv: cannot stat ‘/home/sshirzad/src/blaze_shahrzad/blazemark/bin/dmatdmatadd’: No such file or directory
benchmark dmatdmatadd for hpx runtime created
chunk size: 10
block size row: 32
block size col: 128
 Blaze kernel 'dmatdmatadd': Time deviation too large!!!
 Blaze kernel 'dmatdmatadd': Time deviation too large!!!
1th time finished for 16 threads
15
32
128
/home/sshirzad/repos/Blazemark/scripts
BLAZE_HPX_MATRIX_CHUNK_SIZE changed from 10 to 15
BLAZE_HPX_MATRIX_BLOCK_SIZE_ROW changed from 32 to 32
BLAZE_HPX_MATRIX_BLOCK_SIZE_COLUMN changed from 128 to 128
/opt/mn/binutils/2.30/bin/ld: warning: libboost_program_options.so.1.68.0, needed by /home/sshirzad/lib/hpx/hpx_release_clang_no_hpxmp/lib64//libhpx.so, may conflict with libboost_program_options.so.1.67.0
/opt/mn/binutils/2.30/bin/ld: warning: libboost_system.so.1.68.0, needed by /home/sshirzad/lib/hpx/hpx_release_clang_no_hpxmp/lib64//libhpx.so, may conflict with libboost_system.so.1.67.0
/opt/mn/binutils/2.30/bin/ld: /home/sshirzad/src/blaze_shahrzad/blazemark/obj/BLAZE_DMatDMatAdd.o: undefined reference to symbol '_ZN5boost6system6detail25generic_category_instanceE'
/opt/boost/1.68.0-clang6.0.1/release/lib/libboost_system.so.1.68.0: error adding symbols: DSO missing from command line
clang-6.0: error: linker command failed with exit code 1 (use -v to see invocation)
make: *** [/home/sshirzad/src/blaze_shahrzad/blazemark/bin/dmatdmatadd] Error 1
mv: cannot stat ‘/home/sshirzad/src/blaze_shahrzad/blazemark/bin/dmatdmatadd’: No such file or directory
benchmark dmatdmatadd for hpx runtime created
chunk size: 15
block size row: 32
block size col: 128
 Blaze kernel 'dmatdmatadd': Time deviation too large!!!
 Blaze kernel 'dmatdmatadd': Time deviation too large!!!
 Blaze kernel 'dmatdmatadd': Time deviation too large!!!
1th time finished for 16 threads
20
32
128
/home/sshirzad/repos/Blazemark/scripts
BLAZE_HPX_MATRIX_CHUNK_SIZE changed from 15 to 20
BLAZE_HPX_MATRIX_BLOCK_SIZE_ROW changed from 32 to 32
BLAZE_HPX_MATRIX_BLOCK_SIZE_COLUMN changed from 128 to 128
/opt/mn/binutils/2.30/bin/ld: warning: libboost_program_options.so.1.68.0, needed by /home/sshirzad/lib/hpx/hpx_release_clang_no_hpxmp/lib64//libhpx.so, may conflict with libboost_program_options.so.1.67.0
/opt/mn/binutils/2.30/bin/ld: warning: libboost_system.so.1.68.0, needed by /home/sshirzad/lib/hpx/hpx_release_clang_no_hpxmp/lib64//libhpx.so, may conflict with libboost_system.so.1.67.0
/opt/mn/binutils/2.30/bin/ld: /home/sshirzad/src/blaze_shahrzad/blazemark/obj/BLAZE_DMatDMatAdd.o: undefined reference to symbol '_ZN5boost6system6detail25generic_category_instanceE'
/opt/boost/1.68.0-clang6.0.1/release/lib/libboost_system.so.1.68.0: error adding symbols: DSO missing from command line
clang-6.0: error: linker command failed with exit code 1 (use -v to see invocation)
make: *** [/home/sshirzad/src/blaze_shahrzad/blazemark/bin/dmatdmatadd] Error 1
mv: cannot stat ‘/home/sshirzad/src/blaze_shahrzad/blazemark/bin/dmatdmatadd’: No such file or directory
benchmark dmatdmatadd for hpx runtime created
chunk size: 20
block size row: 32
block size col: 128
 Blaze kernel 'dmatdmatadd': Time deviation too large!!!
 Blaze kernel 'dmatdmatadd': Time deviation too large!!!
 Blaze kernel 'dmatdmatadd': Time deviation too large!!!
 Blaze kernel 'dmatdmatadd': Time deviation too large!!!
1th time finished for 16 threads
4
32
256
/home/sshirzad/repos/Blazemark/scripts
BLAZE_HPX_MATRIX_CHUNK_SIZE changed from 20 to 4
BLAZE_HPX_MATRIX_BLOCK_SIZE_ROW changed from 32 to 32
BLAZE_HPX_MATRIX_BLOCK_SIZE_COLUMN changed from 128 to 256
/opt/mn/binutils/2.30/bin/ld: warning: libboost_program_options.so.1.68.0, needed by /home/sshirzad/lib/hpx/hpx_release_clang_no_hpxmp/lib64//libhpx.so, may conflict with libboost_program_options.so.1.67.0
/opt/mn/binutils/2.30/bin/ld: warning: libboost_system.so.1.68.0, needed by /home/sshirzad/lib/hpx/hpx_release_clang_no_hpxmp/lib64//libhpx.so, may conflict with libboost_system.so.1.67.0
/opt/mn/binutils/2.30/bin/ld: /home/sshirzad/src/blaze_shahrzad/blazemark/obj/BLAZE_DMatDMatAdd.o: undefined reference to symbol '_ZN5boost6system6detail25generic_category_instanceE'
/opt/boost/1.68.0-clang6.0.1/release/lib/libboost_system.so.1.68.0: error adding symbols: DSO missing from command line
clang-6.0: error: linker command failed with exit code 1 (use -v to see invocation)
make: *** [/home/sshirzad/src/blaze_shahrzad/blazemark/bin/dmatdmatadd] Error 1
mv: cannot stat ‘/home/sshirzad/src/blaze_shahrzad/blazemark/bin/dmatdmatadd’: No such file or directory
benchmark dmatdmatadd for hpx runtime created
chunk size: 4
block size row: 32
block size col: 256
 Blaze kernel 'dmatdmatadd': Time deviation too large!!!
 Blaze kernel 'dmatdmatadd': Time deviation too large!!!
 Blaze kernel 'dmatdmatadd': Time deviation too large!!!
 Blaze kernel 'dmatdmatadd': Time deviation too large!!!
 Blaze kernel 'dmatdmatadd': Time deviation too large!!!
 Blaze kernel 'dmatdmatadd': Time deviation too large!!!
1th time finished for 16 threads
10
32
256
/home/sshirzad/repos/Blazemark/scripts
BLAZE_HPX_MATRIX_CHUNK_SIZE changed from 4 to 10
BLAZE_HPX_MATRIX_BLOCK_SIZE_ROW changed from 32 to 32
BLAZE_HPX_MATRIX_BLOCK_SIZE_COLUMN changed from 256 to 256
/opt/mn/binutils/2.30/bin/ld: warning: libboost_program_options.so.1.68.0, needed by /home/sshirzad/lib/hpx/hpx_release_clang_no_hpxmp/lib64//libhpx.so, may conflict with libboost_program_options.so.1.67.0
/opt/mn/binutils/2.30/bin/ld: warning: libboost_system.so.1.68.0, needed by /home/sshirzad/lib/hpx/hpx_release_clang_no_hpxmp/lib64//libhpx.so, may conflict with libboost_system.so.1.67.0
/opt/mn/binutils/2.30/bin/ld: /home/sshirzad/src/blaze_shahrzad/blazemark/obj/BLAZE_DMatDMatAdd.o: undefined reference to symbol '_ZN5boost6system6detail25generic_category_instanceE'
/opt/boost/1.68.0-clang6.0.1/release/lib/libboost_system.so.1.68.0: error adding symbols: DSO missing from command line
clang-6.0: error: linker command failed with exit code 1 (use -v to see invocation)
make: *** [/home/sshirzad/src/blaze_shahrzad/blazemark/bin/dmatdmatadd] Error 1
mv: cannot stat ‘/home/sshirzad/src/blaze_shahrzad/blazemark/bin/dmatdmatadd’: No such file or directory
benchmark dmatdmatadd for hpx runtime created
chunk size: 10
block size row: 32
block size col: 256
 Blaze kernel 'dmatdmatadd': Time deviation too large!!!
 Blaze kernel 'dmatdmatadd': Time deviation too large!!!
 Blaze kernel 'dmatdmatadd': Time deviation too large!!!
1th time finished for 16 threads
15
32
256
/home/sshirzad/repos/Blazemark/scripts
BLAZE_HPX_MATRIX_CHUNK_SIZE changed from 10 to 15
BLAZE_HPX_MATRIX_BLOCK_SIZE_ROW changed from 32 to 32
BLAZE_HPX_MATRIX_BLOCK_SIZE_COLUMN changed from 256 to 256
/opt/mn/binutils/2.30/bin/ld: warning: libboost_program_options.so.1.68.0, needed by /home/sshirzad/lib/hpx/hpx_release_clang_no_hpxmp/lib64//libhpx.so, may conflict with libboost_program_options.so.1.67.0
/opt/mn/binutils/2.30/bin/ld: warning: libboost_system.so.1.68.0, needed by /home/sshirzad/lib/hpx/hpx_release_clang_no_hpxmp/lib64//libhpx.so, may conflict with libboost_system.so.1.67.0
/opt/mn/binutils/2.30/bin/ld: /home/sshirzad/src/blaze_shahrzad/blazemark/obj/BLAZE_DMatDMatAdd.o: undefined reference to symbol '_ZN5boost6system6detail25generic_category_instanceE'
/opt/boost/1.68.0-clang6.0.1/release/lib/libboost_system.so.1.68.0: error adding symbols: DSO missing from command line
clang-6.0: error: linker command failed with exit code 1 (use -v to see invocation)
make: *** [/home/sshirzad/src/blaze_shahrzad/blazemark/bin/dmatdmatadd] Error 1
mv: cannot stat ‘/home/sshirzad/src/blaze_shahrzad/blazemark/bin/dmatdmatadd’: No such file or directory
benchmark dmatdmatadd for hpx runtime created
chunk size: 15
block size row: 32
block size col: 256
 Blaze kernel 'dmatdmatadd': Time deviation too large!!!
 Blaze kernel 'dmatdmatadd': Time deviation too large!!!
 Blaze kernel 'dmatdmatadd': Time deviation too large!!!
 Blaze kernel 'dmatdmatadd': Time deviation too large!!!
1th time finished for 16 threads
20
32
256
/home/sshirzad/repos/Blazemark/scripts
BLAZE_HPX_MATRIX_CHUNK_SIZE changed from 15 to 20
BLAZE_HPX_MATRIX_BLOCK_SIZE_ROW changed from 32 to 32
BLAZE_HPX_MATRIX_BLOCK_SIZE_COLUMN changed from 256 to 256
/opt/mn/binutils/2.30/bin/ld: warning: libboost_program_options.so.1.68.0, needed by /home/sshirzad/lib/hpx/hpx_release_clang_no_hpxmp/lib64//libhpx.so, may conflict with libboost_program_options.so.1.67.0
/opt/mn/binutils/2.30/bin/ld: warning: libboost_system.so.1.68.0, needed by /home/sshirzad/lib/hpx/hpx_release_clang_no_hpxmp/lib64//libhpx.so, may conflict with libboost_system.so.1.67.0
/opt/mn/binutils/2.30/bin/ld: /home/sshirzad/src/blaze_shahrzad/blazemark/obj/BLAZE_DMatDMatAdd.o: undefined reference to symbol '_ZN5boost6system6detail25generic_category_instanceE'
/opt/boost/1.68.0-clang6.0.1/release/lib/libboost_system.so.1.68.0: error adding symbols: DSO missing from command line
clang-6.0: error: linker command failed with exit code 1 (use -v to see invocation)
make: *** [/home/sshirzad/src/blaze_shahrzad/blazemark/bin/dmatdmatadd] Error 1
mv: cannot stat ‘/home/sshirzad/src/blaze_shahrzad/blazemark/bin/dmatdmatadd’: No such file or directory
benchmark dmatdmatadd for hpx runtime created
chunk size: 20
block size row: 32
block size col: 256
 Blaze kernel 'dmatdmatadd': Time deviation too large!!!
 Blaze kernel 'dmatdmatadd': Time deviation too large!!!
 Blaze kernel 'dmatdmatadd': Time deviation too large!!!
1th time finished for 16 threads
4
32
512
/home/sshirzad/repos/Blazemark/scripts
BLAZE_HPX_MATRIX_CHUNK_SIZE changed from 20 to 4
BLAZE_HPX_MATRIX_BLOCK_SIZE_ROW changed from 32 to 32
BLAZE_HPX_MATRIX_BLOCK_SIZE_COLUMN changed from 256 to 512
/opt/mn/binutils/2.30/bin/ld: warning: libboost_program_options.so.1.68.0, needed by /home/sshirzad/lib/hpx/hpx_release_clang_no_hpxmp/lib64//libhpx.so, may conflict with libboost_program_options.so.1.67.0
/opt/mn/binutils/2.30/bin/ld: warning: libboost_system.so.1.68.0, needed by /home/sshirzad/lib/hpx/hpx_release_clang_no_hpxmp/lib64//libhpx.so, may conflict with libboost_system.so.1.67.0
/opt/mn/binutils/2.30/bin/ld: /home/sshirzad/src/blaze_shahrzad/blazemark/obj/BLAZE_DMatDMatAdd.o: undefined reference to symbol '_ZN5boost6system6detail25generic_category_instanceE'
/opt/boost/1.68.0-clang6.0.1/release/lib/libboost_system.so.1.68.0: error adding symbols: DSO missing from command line
clang-6.0: error: linker command failed with exit code 1 (use -v to see invocation)
make: *** [/home/sshirzad/src/blaze_shahrzad/blazemark/bin/dmatdmatadd] Error 1
mv: cannot stat ‘/home/sshirzad/src/blaze_shahrzad/blazemark/bin/dmatdmatadd’: No such file or directory
benchmark dmatdmatadd for hpx runtime created
chunk size: 4
block size row: 32
block size col: 512
 Blaze kernel 'dmatdmatadd': Time deviation too large!!!
 Blaze kernel 'dmatdmatadd': Time deviation too large!!!
 Blaze kernel 'dmatdmatadd': Time deviation too large!!!
 Blaze kernel 'dmatdmatadd': Time deviation too large!!!
1th time finished for 16 threads
10
32
512
/home/sshirzad/repos/Blazemark/scripts
BLAZE_HPX_MATRIX_CHUNK_SIZE changed from 4 to 10
BLAZE_HPX_MATRIX_BLOCK_SIZE_ROW changed from 32 to 32
BLAZE_HPX_MATRIX_BLOCK_SIZE_COLUMN changed from 512 to 512
/opt/mn/binutils/2.30/bin/ld: warning: libboost_program_options.so.1.68.0, needed by /home/sshirzad/lib/hpx/hpx_release_clang_no_hpxmp/lib64//libhpx.so, may conflict with libboost_program_options.so.1.67.0
/opt/mn/binutils/2.30/bin/ld: warning: libboost_system.so.1.68.0, needed by /home/sshirzad/lib/hpx/hpx_release_clang_no_hpxmp/lib64//libhpx.so, may conflict with libboost_system.so.1.67.0
/opt/mn/binutils/2.30/bin/ld: /home/sshirzad/src/blaze_shahrzad/blazemark/obj/BLAZE_DMatDMatAdd.o: undefined reference to symbol '_ZN5boost6system6detail25generic_category_instanceE'
/opt/boost/1.68.0-clang6.0.1/release/lib/libboost_system.so.1.68.0: error adding symbols: DSO missing from command line
clang-6.0: error: linker command failed with exit code 1 (use -v to see invocation)
make: *** [/home/sshirzad/src/blaze_shahrzad/blazemark/bin/dmatdmatadd] Error 1
mv: cannot stat ‘/home/sshirzad/src/blaze_shahrzad/blazemark/bin/dmatdmatadd’: No such file or directory
benchmark dmatdmatadd for hpx runtime created
chunk size: 10
block size row: 32
block size col: 512
 Blaze kernel 'dmatdmatadd': Time deviation too large!!!
 Blaze kernel 'dmatdmatadd': Time deviation too large!!!
 Blaze kernel 'dmatdmatadd': Time deviation too large!!!
1th time finished for 16 threads
15
32
512
/home/sshirzad/repos/Blazemark/scripts
BLAZE_HPX_MATRIX_CHUNK_SIZE changed from 10 to 15
BLAZE_HPX_MATRIX_BLOCK_SIZE_ROW changed from 32 to 32
BLAZE_HPX_MATRIX_BLOCK_SIZE_COLUMN changed from 512 to 512
/opt/mn/binutils/2.30/bin/ld: warning: libboost_program_options.so.1.68.0, needed by /home/sshirzad/lib/hpx/hpx_release_clang_no_hpxmp/lib64//libhpx.so, may conflict with libboost_program_options.so.1.67.0
/opt/mn/binutils/2.30/bin/ld: warning: libboost_system.so.1.68.0, needed by /home/sshirzad/lib/hpx/hpx_release_clang_no_hpxmp/lib64//libhpx.so, may conflict with libboost_system.so.1.67.0
/opt/mn/binutils/2.30/bin/ld: /home/sshirzad/src/blaze_shahrzad/blazemark/obj/BLAZE_DMatDMatAdd.o: undefined reference to symbol '_ZN5boost6system6detail25generic_category_instanceE'
/opt/boost/1.68.0-clang6.0.1/release/lib/libboost_system.so.1.68.0: error adding symbols: DSO missing from command line
clang-6.0: error: linker command failed with exit code 1 (use -v to see invocation)
make: *** [/home/sshirzad/src/blaze_shahrzad/blazemark/bin/dmatdmatadd] Error 1
mv: cannot stat ‘/home/sshirzad/src/blaze_shahrzad/blazemark/bin/dmatdmatadd’: No such file or directory
benchmark dmatdmatadd for hpx runtime created
chunk size: 15
block size row: 32
block size col: 512
 Blaze kernel 'dmatdmatadd': Time deviation too large!!!
 Blaze kernel 'dmatdmatadd': Time deviation too large!!!
 Blaze kernel 'dmatdmatadd': Time deviation too large!!!
 Blaze kernel 'dmatdmatadd': Time deviation too large!!!
 Blaze kernel 'dmatdmatadd': Time deviation too large!!!
 Blaze kernel 'dmatdmatadd': Time deviation too large!!!
1th time finished for 16 threads
20
32
512
/home/sshirzad/repos/Blazemark/scripts
BLAZE_HPX_MATRIX_CHUNK_SIZE changed from 15 to 20
BLAZE_HPX_MATRIX_BLOCK_SIZE_ROW changed from 32 to 32
BLAZE_HPX_MATRIX_BLOCK_SIZE_COLUMN changed from 512 to 512
/opt/mn/binutils/2.30/bin/ld: warning: libboost_program_options.so.1.68.0, needed by /home/sshirzad/lib/hpx/hpx_release_clang_no_hpxmp/lib64//libhpx.so, may conflict with libboost_program_options.so.1.67.0
/opt/mn/binutils/2.30/bin/ld: warning: libboost_system.so.1.68.0, needed by /home/sshirzad/lib/hpx/hpx_release_clang_no_hpxmp/lib64//libhpx.so, may conflict with libboost_system.so.1.67.0
/opt/mn/binutils/2.30/bin/ld: /home/sshirzad/src/blaze_shahrzad/blazemark/obj/BLAZE_DMatDMatAdd.o: undefined reference to symbol '_ZN5boost6system6detail25generic_category_instanceE'
/opt/boost/1.68.0-clang6.0.1/release/lib/libboost_system.so.1.68.0: error adding symbols: DSO missing from command line
clang-6.0: error: linker command failed with exit code 1 (use -v to see invocation)
make: *** [/home/sshirzad/src/blaze_shahrzad/blazemark/bin/dmatdmatadd] Error 1
mv: cannot stat ‘/home/sshirzad/src/blaze_shahrzad/blazemark/bin/dmatdmatadd’: No such file or directory
benchmark dmatdmatadd for hpx runtime created
chunk size: 20
block size row: 32
block size col: 512
 Blaze kernel 'dmatdmatadd': Time deviation too large!!!
 Blaze kernel 'dmatdmatadd': Time deviation too large!!!
 Blaze kernel 'dmatdmatadd': Time deviation too large!!!
 Blaze kernel 'dmatdmatadd': Time deviation too large!!!
 Blaze kernel 'dmatdmatadd': Time deviation too large!!!
 Blaze kernel 'dmatdmatadd': Time deviation too large!!!
 Blaze kernel 'dmatdmatadd': Time deviation too large!!!
1th time finished for 16 threads
