BLAZE_HPX_VECTOR_CHUNK_SIZE changed from 5 to 5
BLAZE_HPX_MATRIX_BLOCK_SIZE changed from 16 to 64
benchmark dmatdmatmult for hpx runtime created
chunk size: 5
block size: 64
 Blaze kernel 'dmatdmatmult': Time deviation too large!!!
 Blaze kernel 'dmatdmatmult': Time deviation too large!!!
dmatdmatmult benchmark for hpx finished for 16 threads, chunk size 5, block_size 64 1th time
BLAZE_HPX_VECTOR_CHUNK_SIZE changed from 5 to 5
BLAZE_HPX_MATRIX_BLOCK_SIZE changed from 64 to 128
benchmark dmatdmatmult for hpx runtime created
chunk size: 5
block size: 128
dmatdmatmult benchmark for hpx finished for 16 threads, chunk size 5, block_size 128 1th time
BLAZE_HPX_VECTOR_CHUNK_SIZE changed from 5 to 5
BLAZE_HPX_MATRIX_BLOCK_SIZE changed from 128 to 256
benchmark dmatdmatmult for hpx runtime created
chunk size: 5
block size: 256
 Blaze kernel 'dmatdmatmult': Time deviation too large!!!
 Blaze kernel 'dmatdmatmult': Time deviation too large!!!
 Blaze kernel 'dmatdmatmult': Time deviation too large!!!
 Blaze kernel 'dmatdmatmult': Time deviation too large!!!
dmatdmatmult benchmark for hpx finished for 16 threads, chunk size 5, block_size 256 1th time
