Running on trillian
BLAZE_HPX_MATRIX_BLOCK_SIZE_ROW changed from 4 to 4
BLAZE_HPX_MATRIX_BLOCK_SIZE_COLUMN changed from 256 to 256
matrix size: 200 num_chunks: 50
BLAZE_HPX_MATRIX_CHUNK_SIZE changed from 5 to 1
dmatdmatadd
hpx
trillian
benchmark dmatdmatadd for hpx runtime created on node trillian
chunk size: 1
block size row: 4
block size col: 256
 Blaze kernel 'dmatdmatadd': Time deviation too large!!!
dmatdmatadd benchmark for hpx finished for 1 threads, chunk size 1, block_size row: 4 col:256 matrix size: 200
 Blaze kernel 'dmatdmatadd': Time deviation too large!!!
dmatdmatadd benchmark for hpx finished for 2 threads, chunk size 1, block_size row: 4 col:256 matrix size: 200
 Blaze kernel 'dmatdmatadd': Time deviation too large!!!
dmatdmatadd benchmark for hpx finished for 3 threads, chunk size 1, block_size row: 4 col:256 matrix size: 200
 Blaze kernel 'dmatdmatadd': Time deviation too large!!!
dmatdmatadd benchmark for hpx finished for 4 threads, chunk size 1, block_size row: 4 col:256 matrix size: 200
 Blaze kernel 'dmatdmatadd': Time deviation too large!!!
dmatdmatadd benchmark for hpx finished for 5 threads, chunk size 1, block_size row: 4 col:256 matrix size: 200
 Blaze kernel 'dmatdmatadd': Time deviation too large!!!
dmatdmatadd benchmark for hpx finished for 6 threads, chunk size 1, block_size row: 4 col:256 matrix size: 200
 Blaze kernel 'dmatdmatadd': Time deviation too large!!!
dmatdmatadd benchmark for hpx finished for 7 threads, chunk size 1, block_size row: 4 col:256 matrix size: 200
 Blaze kernel 'dmatdmatadd': Time deviation too large!!!
dmatdmatadd benchmark for hpx finished for 8 threads, chunk size 1, block_size row: 4 col:256 matrix size: 200
BLAZE_HPX_MATRIX_CHUNK_SIZE changed from 1 to 2
dmatdmatadd
hpx
trillian
benchmark dmatdmatadd for hpx runtime created on node trillian
chunk size: 2
block size row: 4
block size col: 256
 Blaze kernel 'dmatdmatadd': Time deviation too large!!!
dmatdmatadd benchmark for hpx finished for 1 threads, chunk size 2, block_size row: 4 col:256 matrix size: 200
 Blaze kernel 'dmatdmatadd': Time deviation too large!!!
dmatdmatadd benchmark for hpx finished for 2 threads, chunk size 2, block_size row: 4 col:256 matrix size: 200
 Blaze kernel 'dmatdmatadd': Time deviation too large!!!
dmatdmatadd benchmark for hpx finished for 3 threads, chunk size 2, block_size row: 4 col:256 matrix size: 200
 Blaze kernel 'dmatdmatadd': Time deviation too large!!!
dmatdmatadd benchmark for hpx finished for 4 threads, chunk size 2, block_size row: 4 col:256 matrix size: 200
 Blaze kernel 'dmatdmatadd': Time deviation too large!!!
dmatdmatadd benchmark for hpx finished for 5 threads, chunk size 2, block_size row: 4 col:256 matrix size: 200
 Blaze kernel 'dmatdmatadd': Time deviation too large!!!
dmatdmatadd benchmark for hpx finished for 6 threads, chunk size 2, block_size row: 4 col:256 matrix size: 200
 Blaze kernel 'dmatdmatadd': Time deviation too large!!!
dmatdmatadd benchmark for hpx finished for 7 threads, chunk size 2, block_size row: 4 col:256 matrix size: 200
 Blaze kernel 'dmatdmatadd': Time deviation too large!!!
dmatdmatadd benchmark for hpx finished for 8 threads, chunk size 2, block_size row: 4 col:256 matrix size: 200
BLAZE_HPX_MATRIX_CHUNK_SIZE changed from 2 to 3
dmatdmatadd
hpx
trillian
benchmark dmatdmatadd for hpx runtime created on node trillian
chunk size: 3
block size row: 4
block size col: 256
 Blaze kernel 'dmatdmatadd': Time deviation too large!!!
dmatdmatadd benchmark for hpx finished for 1 threads, chunk size 3, block_size row: 4 col:256 matrix size: 200
 Blaze kernel 'dmatdmatadd': Time deviation too large!!!
dmatdmatadd benchmark for hpx finished for 2 threads, chunk size 3, block_size row: 4 col:256 matrix size: 200
 Blaze kernel 'dmatdmatadd': Time deviation too large!!!
dmatdmatadd benchmark for hpx finished for 3 threads, chunk size 3, block_size row: 4 col:256 matrix size: 200
 Blaze kernel 'dmatdmatadd': Time deviation too large!!!
dmatdmatadd benchmark for hpx finished for 4 threads, chunk size 3, block_size row: 4 col:256 matrix size: 200
 Blaze kernel 'dmatdmatadd': Time deviation too large!!!
dmatdmatadd benchmark for hpx finished for 5 threads, chunk size 3, block_size row: 4 col:256 matrix size: 200
 Blaze kernel 'dmatdmatadd': Time deviation too large!!!
dmatdmatadd benchmark for hpx finished for 6 threads, chunk size 3, block_size row: 4 col:256 matrix size: 200
 Blaze kernel 'dmatdmatadd': Time deviation too large!!!
dmatdmatadd benchmark for hpx finished for 7 threads, chunk size 3, block_size row: 4 col:256 matrix size: 200
 Blaze kernel 'dmatdmatadd': Time deviation too large!!!
dmatdmatadd benchmark for hpx finished for 8 threads, chunk size 3, block_size row: 4 col:256 matrix size: 200
BLAZE_HPX_MATRIX_CHUNK_SIZE changed from 3 to 4
dmatdmatadd
hpx
trillian
benchmark dmatdmatadd for hpx runtime created on node trillian
chunk size: 4
block size row: 4
block size col: 256
 Blaze kernel 'dmatdmatadd': Time deviation too large!!!
dmatdmatadd benchmark for hpx finished for 1 threads, chunk size 4, block_size row: 4 col:256 matrix size: 200
 Blaze kernel 'dmatdmatadd': Time deviation too large!!!
dmatdmatadd benchmark for hpx finished for 2 threads, chunk size 4, block_size row: 4 col:256 matrix size: 200
 Blaze kernel 'dmatdmatadd': Time deviation too large!!!
dmatdmatadd benchmark for hpx finished for 3 threads, chunk size 4, block_size row: 4 col:256 matrix size: 200
 Blaze kernel 'dmatdmatadd': Time deviation too large!!!
dmatdmatadd benchmark for hpx finished for 4 threads, chunk size 4, block_size row: 4 col:256 matrix size: 200
 Blaze kernel 'dmatdmatadd': Time deviation too large!!!
dmatdmatadd benchmark for hpx finished for 5 threads, chunk size 4, block_size row: 4 col:256 matrix size: 200
 Blaze kernel 'dmatdmatadd': Time deviation too large!!!
dmatdmatadd benchmark for hpx finished for 6 threads, chunk size 4, block_size row: 4 col:256 matrix size: 200
 Blaze kernel 'dmatdmatadd': Time deviation too large!!!
dmatdmatadd benchmark for hpx finished for 7 threads, chunk size 4, block_size row: 4 col:256 matrix size: 200
 Blaze kernel 'dmatdmatadd': Time deviation too large!!!
dmatdmatadd benchmark for hpx finished for 8 threads, chunk size 4, block_size row: 4 col:256 matrix size: 200
BLAZE_HPX_MATRIX_CHUNK_SIZE changed from 4 to 5
dmatdmatadd
hpx
trillian
benchmark dmatdmatadd for hpx runtime created on node trillian
chunk size: 5
block size row: 4
block size col: 256
 Blaze kernel 'dmatdmatadd': Time deviation too large!!!
dmatdmatadd benchmark for hpx finished for 1 threads, chunk size 5, block_size row: 4 col:256 matrix size: 200
 Blaze kernel 'dmatdmatadd': Time deviation too large!!!
dmatdmatadd benchmark for hpx finished for 2 threads, chunk size 5, block_size row: 4 col:256 matrix size: 200
 Blaze kernel 'dmatdmatadd': Time deviation too large!!!
dmatdmatadd benchmark for hpx finished for 3 threads, chunk size 5, block_size row: 4 col:256 matrix size: 200
 Blaze kernel 'dmatdmatadd': Time deviation too large!!!
dmatdmatadd benchmark for hpx finished for 4 threads, chunk size 5, block_size row: 4 col:256 matrix size: 200
 Blaze kernel 'dmatdmatadd': Time deviation too large!!!
dmatdmatadd benchmark for hpx finished for 5 threads, chunk size 5, block_size row: 4 col:256 matrix size: 200
 Blaze kernel 'dmatdmatadd': Time deviation too large!!!
dmatdmatadd benchmark for hpx finished for 6 threads, chunk size 5, block_size row: 4 col:256 matrix size: 200
 Blaze kernel 'dmatdmatadd': Time deviation too large!!!
dmatdmatadd benchmark for hpx finished for 7 threads, chunk size 5, block_size row: 4 col:256 matrix size: 200
 Blaze kernel 'dmatdmatadd': Time deviation too large!!!
dmatdmatadd benchmark for hpx finished for 8 threads, chunk size 5, block_size row: 4 col:256 matrix size: 200
BLAZE_HPX_MATRIX_CHUNK_SIZE changed from 5 to 6
dmatdmatadd
hpx
trillian
benchmark dmatdmatadd for hpx runtime created on node trillian
chunk size: 6
block size row: 4
block size col: 256
 Blaze kernel 'dmatdmatadd': Time deviation too large!!!
dmatdmatadd benchmark for hpx finished for 1 threads, chunk size 6, block_size row: 4 col:256 matrix size: 200
 Blaze kernel 'dmatdmatadd': Time deviation too large!!!
dmatdmatadd benchmark for hpx finished for 2 threads, chunk size 6, block_size row: 4 col:256 matrix size: 200
 Blaze kernel 'dmatdmatadd': Time deviation too large!!!
dmatdmatadd benchmark for hpx finished for 3 threads, chunk size 6, block_size row: 4 col:256 matrix size: 200
 Blaze kernel 'dmatdmatadd': Time deviation too large!!!
dmatdmatadd benchmark for hpx finished for 4 threads, chunk size 6, block_size row: 4 col:256 matrix size: 200
 Blaze kernel 'dmatdmatadd': Time deviation too large!!!
dmatdmatadd benchmark for hpx finished for 5 threads, chunk size 6, block_size row: 4 col:256 matrix size: 200
 Blaze kernel 'dmatdmatadd': Time deviation too large!!!
dmatdmatadd benchmark for hpx finished for 6 threads, chunk size 6, block_size row: 4 col:256 matrix size: 200
 Blaze kernel 'dmatdmatadd': Time deviation too large!!!
dmatdmatadd benchmark for hpx finished for 7 threads, chunk size 6, block_size row: 4 col:256 matrix size: 200
 Blaze kernel 'dmatdmatadd': Time deviation too large!!!
dmatdmatadd benchmark for hpx finished for 8 threads, chunk size 6, block_size row: 4 col:256 matrix size: 200
BLAZE_HPX_MATRIX_CHUNK_SIZE changed from 6 to 7
dmatdmatadd
hpx
trillian
benchmark dmatdmatadd for hpx runtime created on node trillian
chunk size: 7
block size row: 4
block size col: 256
 Blaze kernel 'dmatdmatadd': Time deviation too large!!!
dmatdmatadd benchmark for hpx finished for 1 threads, chunk size 7, block_size row: 4 col:256 matrix size: 200
 Blaze kernel 'dmatdmatadd': Time deviation too large!!!
dmatdmatadd benchmark for hpx finished for 2 threads, chunk size 7, block_size row: 4 col:256 matrix size: 200
 Blaze kernel 'dmatdmatadd': Time deviation too large!!!
dmatdmatadd benchmark for hpx finished for 3 threads, chunk size 7, block_size row: 4 col:256 matrix size: 200
 Blaze kernel 'dmatdmatadd': Time deviation too large!!!
dmatdmatadd benchmark for hpx finished for 4 threads, chunk size 7, block_size row: 4 col:256 matrix size: 200
 Blaze kernel 'dmatdmatadd': Time deviation too large!!!
dmatdmatadd benchmark for hpx finished for 5 threads, chunk size 7, block_size row: 4 col:256 matrix size: 200
 Blaze kernel 'dmatdmatadd': Time deviation too large!!!
dmatdmatadd benchmark for hpx finished for 6 threads, chunk size 7, block_size row: 4 col:256 matrix size: 200
 Blaze kernel 'dmatdmatadd': Time deviation too large!!!
dmatdmatadd benchmark for hpx finished for 7 threads, chunk size 7, block_size row: 4 col:256 matrix size: 200
 Blaze kernel 'dmatdmatadd': Time deviation too large!!!
dmatdmatadd benchmark for hpx finished for 8 threads, chunk size 7, block_size row: 4 col:256 matrix size: 200
BLAZE_HPX_MATRIX_CHUNK_SIZE changed from 7 to 8
dmatdmatadd
hpx
trillian
benchmark dmatdmatadd for hpx runtime created on node trillian
chunk size: 8
block size row: 4
block size col: 256
 Blaze kernel 'dmatdmatadd': Time deviation too large!!!
dmatdmatadd benchmark for hpx finished for 1 threads, chunk size 8, block_size row: 4 col:256 matrix size: 200
 Blaze kernel 'dmatdmatadd': Time deviation too large!!!
dmatdmatadd benchmark for hpx finished for 2 threads, chunk size 8, block_size row: 4 col:256 matrix size: 200
 Blaze kernel 'dmatdmatadd': Time deviation too large!!!
dmatdmatadd benchmark for hpx finished for 3 threads, chunk size 8, block_size row: 4 col:256 matrix size: 200
 Blaze kernel 'dmatdmatadd': Time deviation too large!!!
dmatdmatadd benchmark for hpx finished for 4 threads, chunk size 8, block_size row: 4 col:256 matrix size: 200
 Blaze kernel 'dmatdmatadd': Time deviation too large!!!
dmatdmatadd benchmark for hpx finished for 5 threads, chunk size 8, block_size row: 4 col:256 matrix size: 200
 Blaze kernel 'dmatdmatadd': Time deviation too large!!!
dmatdmatadd benchmark for hpx finished for 6 threads, chunk size 8, block_size row: 4 col:256 matrix size: 200
 Blaze kernel 'dmatdmatadd': Time deviation too large!!!
dmatdmatadd benchmark for hpx finished for 7 threads, chunk size 8, block_size row: 4 col:256 matrix size: 200
 Blaze kernel 'dmatdmatadd': Time deviation too large!!!
dmatdmatadd benchmark for hpx finished for 8 threads, chunk size 8, block_size row: 4 col:256 matrix size: 200
BLAZE_HPX_MATRIX_CHUNK_SIZE changed from 8 to 9
dmatdmatadd
hpx
trillian
benchmark dmatdmatadd for hpx runtime created on node trillian
chunk size: 9
block size row: 4
block size col: 256
 Blaze kernel 'dmatdmatadd': Time deviation too large!!!
dmatdmatadd benchmark for hpx finished for 1 threads, chunk size 9, block_size row: 4 col:256 matrix size: 200
 Blaze kernel 'dmatdmatadd': Time deviation too large!!!
dmatdmatadd benchmark for hpx finished for 2 threads, chunk size 9, block_size row: 4 col:256 matrix size: 200
 Blaze kernel 'dmatdmatadd': Time deviation too large!!!
dmatdmatadd benchmark for hpx finished for 3 threads, chunk size 9, block_size row: 4 col:256 matrix size: 200
 Blaze kernel 'dmatdmatadd': Time deviation too large!!!
dmatdmatadd benchmark for hpx finished for 4 threads, chunk size 9, block_size row: 4 col:256 matrix size: 200
 Blaze kernel 'dmatdmatadd': Time deviation too large!!!
dmatdmatadd benchmark for hpx finished for 5 threads, chunk size 9, block_size row: 4 col:256 matrix size: 200
 Blaze kernel 'dmatdmatadd': Time deviation too large!!!
dmatdmatadd benchmark for hpx finished for 6 threads, chunk size 9, block_size row: 4 col:256 matrix size: 200
 Blaze kernel 'dmatdmatadd': Time deviation too large!!!
dmatdmatadd benchmark for hpx finished for 7 threads, chunk size 9, block_size row: 4 col:256 matrix size: 200
 Blaze kernel 'dmatdmatadd': Time deviation too large!!!
dmatdmatadd benchmark for hpx finished for 8 threads, chunk size 9, block_size row: 4 col:256 matrix size: 200
BLAZE_HPX_MATRIX_CHUNK_SIZE changed from 9 to 10
dmatdmatadd
hpx
trillian
benchmark dmatdmatadd for hpx runtime created on node trillian
chunk size: 10
block size row: 4
block size col: 256
 Blaze kernel 'dmatdmatadd': Time deviation too large!!!
dmatdmatadd benchmark for hpx finished for 1 threads, chunk size 10, block_size row: 4 col:256 matrix size: 200
 Blaze kernel 'dmatdmatadd': Time deviation too large!!!
dmatdmatadd benchmark for hpx finished for 2 threads, chunk size 10, block_size row: 4 col:256 matrix size: 200
 Blaze kernel 'dmatdmatadd': Time deviation too large!!!
dmatdmatadd benchmark for hpx finished for 3 threads, chunk size 10, block_size row: 4 col:256 matrix size: 200
 Blaze kernel 'dmatdmatadd': Time deviation too large!!!
dmatdmatadd benchmark for hpx finished for 4 threads, chunk size 10, block_size row: 4 col:256 matrix size: 200
 Blaze kernel 'dmatdmatadd': Time deviation too large!!!
dmatdmatadd benchmark for hpx finished for 5 threads, chunk size 10, block_size row: 4 col:256 matrix size: 200
 Blaze kernel 'dmatdmatadd': Time deviation too large!!!
dmatdmatadd benchmark for hpx finished for 6 threads, chunk size 10, block_size row: 4 col:256 matrix size: 200
 Blaze kernel 'dmatdmatadd': Time deviation too large!!!
dmatdmatadd benchmark for hpx finished for 7 threads, chunk size 10, block_size row: 4 col:256 matrix size: 200
 Blaze kernel 'dmatdmatadd': Time deviation too large!!!
dmatdmatadd benchmark for hpx finished for 8 threads, chunk size 10, block_size row: 4 col:256 matrix size: 200
BLAZE_HPX_MATRIX_CHUNK_SIZE changed from 10 to 20
dmatdmatadd
hpx
trillian
benchmark dmatdmatadd for hpx runtime created on node trillian
chunk size: 20
block size row: 4
block size col: 256
 Blaze kernel 'dmatdmatadd': Time deviation too large!!!
dmatdmatadd benchmark for hpx finished for 1 threads, chunk size 20, block_size row: 4 col:256 matrix size: 200
 Blaze kernel 'dmatdmatadd': Time deviation too large!!!
dmatdmatadd benchmark for hpx finished for 2 threads, chunk size 20, block_size row: 4 col:256 matrix size: 200
 Blaze kernel 'dmatdmatadd': Time deviation too large!!!
dmatdmatadd benchmark for hpx finished for 3 threads, chunk size 20, block_size row: 4 col:256 matrix size: 200
 Blaze kernel 'dmatdmatadd': Time deviation too large!!!
dmatdmatadd benchmark for hpx finished for 4 threads, chunk size 20, block_size row: 4 col:256 matrix size: 200
 Blaze kernel 'dmatdmatadd': Time deviation too large!!!
dmatdmatadd benchmark for hpx finished for 5 threads, chunk size 20, block_size row: 4 col:256 matrix size: 200
 Blaze kernel 'dmatdmatadd': Time deviation too large!!!
dmatdmatadd benchmark for hpx finished for 6 threads, chunk size 20, block_size row: 4 col:256 matrix size: 200
 Blaze kernel 'dmatdmatadd': Time deviation too large!!!
dmatdmatadd benchmark for hpx finished for 7 threads, chunk size 20, block_size row: 4 col:256 matrix size: 200
 Blaze kernel 'dmatdmatadd': Time deviation too large!!!
dmatdmatadd benchmark for hpx finished for 8 threads, chunk size 20, block_size row: 4 col:256 matrix size: 200
BLAZE_HPX_MATRIX_CHUNK_SIZE changed from 20 to 30
dmatdmatadd
hpx
trillian
benchmark dmatdmatadd for hpx runtime created on node trillian
chunk size: 30
block size row: 4
block size col: 256
 Blaze kernel 'dmatdmatadd': Time deviation too large!!!
dmatdmatadd benchmark for hpx finished for 1 threads, chunk size 30, block_size row: 4 col:256 matrix size: 200
 Blaze kernel 'dmatdmatadd': Time deviation too large!!!
dmatdmatadd benchmark for hpx finished for 2 threads, chunk size 30, block_size row: 4 col:256 matrix size: 200
 Blaze kernel 'dmatdmatadd': Time deviation too large!!!
dmatdmatadd benchmark for hpx finished for 3 threads, chunk size 30, block_size row: 4 col:256 matrix size: 200
 Blaze kernel 'dmatdmatadd': Time deviation too large!!!
dmatdmatadd benchmark for hpx finished for 4 threads, chunk size 30, block_size row: 4 col:256 matrix size: 200
 Blaze kernel 'dmatdmatadd': Time deviation too large!!!
dmatdmatadd benchmark for hpx finished for 5 threads, chunk size 30, block_size row: 4 col:256 matrix size: 200
 Blaze kernel 'dmatdmatadd': Time deviation too large!!!
dmatdmatadd benchmark for hpx finished for 6 threads, chunk size 30, block_size row: 4 col:256 matrix size: 200
 Blaze kernel 'dmatdmatadd': Time deviation too large!!!
dmatdmatadd benchmark for hpx finished for 7 threads, chunk size 30, block_size row: 4 col:256 matrix size: 200
 Blaze kernel 'dmatdmatadd': Time deviation too large!!!
dmatdmatadd benchmark for hpx finished for 8 threads, chunk size 30, block_size row: 4 col:256 matrix size: 200
BLAZE_HPX_MATRIX_CHUNK_SIZE changed from 30 to 40
dmatdmatadd
hpx
trillian
