fatal: '/home/sshirzad/src/blaze_shahrzad//blaze/config/HPX.h' is outside repository
HPX.h file was reset to original
BLAZE_HPX_VECTOR_CHUNK_SIZE changed from 5 to 5
BLAZE_HPX_MATRIX_BLOCK_SIZE changed from 1 to 1
benchmark dmatdmatmult for hpx runtime created
chunk size: 5
block size: 1
   Error during benchmark execution: HPX(unknown_error)
dmatdmatmult benchmark for hpx finished for 1 threads, chunk size 5, block_size 1 1th time
   Error during benchmark execution: HPX(unknown_error)
dmatdmatmult benchmark for hpx finished for 2 threads, chunk size 5, block_size 1 1th time
   Error during benchmark execution: HPX(unknown_error)
dmatdmatmult benchmark for hpx finished for 3 threads, chunk size 5, block_size 1 1th time
   Error during benchmark execution: HPX(unknown_error)
dmatdmatmult benchmark for hpx finished for 4 threads, chunk size 5, block_size 1 1th time
   Error during benchmark execution: HPX(unknown_error)
dmatdmatmult benchmark for hpx finished for 5 threads, chunk size 5, block_size 1 1th time
   Error during benchmark execution: HPX(unknown_error)
dmatdmatmult benchmark for hpx finished for 6 threads, chunk size 5, block_size 1 1th time
   Error during benchmark execution: HPX(unknown_error)
dmatdmatmult benchmark for hpx finished for 7 threads, chunk size 5, block_size 1 1th time
   Error during benchmark execution: HPX(unknown_error)
dmatdmatmult benchmark for hpx finished for 8 threads, chunk size 5, block_size 1 1th time
   Error during benchmark execution: HPX(unknown_error)
dmatdmatmult benchmark for hpx finished for 9 threads, chunk size 5, block_size 1 1th time
   Error during benchmark execution: HPX(unknown_error)
dmatdmatmult benchmark for hpx finished for 10 threads, chunk size 5, block_size 1 1th time
   Error during benchmark execution: HPX(unknown_error)
dmatdmatmult benchmark for hpx finished for 11 threads, chunk size 5, block_size 1 1th time
   Error during benchmark execution: HPX(unknown_error)
dmatdmatmult benchmark for hpx finished for 12 threads, chunk size 5, block_size 1 1th time
   Error during benchmark execution: HPX(unknown_error)
dmatdmatmult benchmark for hpx finished for 13 threads, chunk size 5, block_size 1 1th time
   Error during benchmark execution: HPX(unknown_error)
dmatdmatmult benchmark for hpx finished for 14 threads, chunk size 5, block_size 1 1th time
   Error during benchmark execution: HPX(unknown_error)
dmatdmatmult benchmark for hpx finished for 15 threads, chunk size 5, block_size 1 1th time
   Error during benchmark execution: HPX(unknown_error)
dmatdmatmult benchmark for hpx finished for 16 threads, chunk size 5, block_size 1 1th time
fatal: '/home/sshirzad/src/blaze_shahrzad//blaze/config/HPX.h' is outside repository
HPX.h file was reset to original
BLAZE_HPX_VECTOR_CHUNK_SIZE changed from 5 to 5
BLAZE_HPX_MATRIX_BLOCK_SIZE changed from 1 to 2
benchmark dmatdmatmult for hpx runtime created
chunk size: 5
block size: 2
   Error during benchmark execution: HPX(unknown_error)
dmatdmatmult benchmark for hpx finished for 1 threads, chunk size 5, block_size 2 1th time
   Error during benchmark execution: HPX(unknown_error)
dmatdmatmult benchmark for hpx finished for 2 threads, chunk size 5, block_size 2 1th time
   Error during benchmark execution: HPX(unknown_error)
dmatdmatmult benchmark for hpx finished for 3 threads, chunk size 5, block_size 2 1th time
   Error during benchmark execution: HPX(unknown_error)
dmatdmatmult benchmark for hpx finished for 4 threads, chunk size 5, block_size 2 1th time
   Error during benchmark execution: HPX(unknown_error)
dmatdmatmult benchmark for hpx finished for 5 threads, chunk size 5, block_size 2 1th time
   Error during benchmark execution: HPX(unknown_error)
dmatdmatmult benchmark for hpx finished for 6 threads, chunk size 5, block_size 2 1th time
   Error during benchmark execution: HPX(unknown_error)
dmatdmatmult benchmark for hpx finished for 7 threads, chunk size 5, block_size 2 1th time
   Error during benchmark execution: HPX(unknown_error)
dmatdmatmult benchmark for hpx finished for 8 threads, chunk size 5, block_size 2 1th time
   Error during benchmark execution: HPX(unknown_error)
dmatdmatmult benchmark for hpx finished for 9 threads, chunk size 5, block_size 2 1th time
   Error during benchmark execution: HPX(unknown_error)
dmatdmatmult benchmark for hpx finished for 10 threads, chunk size 5, block_size 2 1th time
   Error during benchmark execution: HPX(unknown_error)
dmatdmatmult benchmark for hpx finished for 11 threads, chunk size 5, block_size 2 1th time
   Error during benchmark execution: HPX(unknown_error)
dmatdmatmult benchmark for hpx finished for 12 threads, chunk size 5, block_size 2 1th time
   Error during benchmark execution: HPX(unknown_error)
dmatdmatmult benchmark for hpx finished for 13 threads, chunk size 5, block_size 2 1th time
   Error during benchmark execution: HPX(unknown_error)
dmatdmatmult benchmark for hpx finished for 14 threads, chunk size 5, block_size 2 1th time
   Error during benchmark execution: HPX(unknown_error)
dmatdmatmult benchmark for hpx finished for 15 threads, chunk size 5, block_size 2 1th time
   Error during benchmark execution: HPX(unknown_error)
dmatdmatmult benchmark for hpx finished for 16 threads, chunk size 5, block_size 2 1th time
fatal: '/home/sshirzad/src/blaze_shahrzad//blaze/config/HPX.h' is outside repository
HPX.h file was reset to original
BLAZE_HPX_VECTOR_CHUNK_SIZE changed from 5 to 5
BLAZE_HPX_MATRIX_BLOCK_SIZE changed from 2 to 4
benchmark dmatdmatmult for hpx runtime created
chunk size: 5
block size: 4
 Blaze kernel 'dmatdmatmult': Time deviation too large!!!
dmatdmatmult benchmark for hpx finished for 1 threads, chunk size 5, block_size 4 1th time
dmatdmatmult benchmark for hpx finished for 2 threads, chunk size 5, block_size 4 1th time
dmatdmatmult benchmark for hpx finished for 3 threads, chunk size 5, block_size 4 1th time
dmatdmatmult benchmark for hpx finished for 4 threads, chunk size 5, block_size 4 1th time
 Blaze kernel 'dmatdmatmult': Time deviation too large!!!
 Blaze kernel 'dmatdmatmult': Time deviation too large!!!
 Blaze kernel 'dmatdmatmult': Time deviation too large!!!
dmatdmatmult benchmark for hpx finished for 5 threads, chunk size 5, block_size 4 1th time
 Blaze kernel 'dmatdmatmult': Time deviation too large!!!
 Blaze kernel 'dmatdmatmult': Time deviation too large!!!
dmatdmatmult benchmark for hpx finished for 6 threads, chunk size 5, block_size 4 1th time
 Blaze kernel 'dmatdmatmult': Time deviation too large!!!
dmatdmatmult benchmark for hpx finished for 7 threads, chunk size 5, block_size 4 1th time
 Blaze kernel 'dmatdmatmult': Time deviation too large!!!
dmatdmatmult benchmark for hpx finished for 8 threads, chunk size 5, block_size 4 1th time
 Blaze kernel 'dmatdmatmult': Time deviation too large!!!
dmatdmatmult benchmark for hpx finished for 9 threads, chunk size 5, block_size 4 1th time
 Blaze kernel 'dmatdmatmult': Time deviation too large!!!
 Blaze kernel 'dmatdmatmult': Time deviation too large!!!
dmatdmatmult benchmark for hpx finished for 10 threads, chunk size 5, block_size 4 1th time
 Blaze kernel 'dmatdmatmult': Time deviation too large!!!
 Blaze kernel 'dmatdmatmult': Time deviation too large!!!
 Blaze kernel 'dmatdmatmult': Time deviation too large!!!
dmatdmatmult benchmark for hpx finished for 11 threads, chunk size 5, block_size 4 1th time
 Blaze kernel 'dmatdmatmult': Time deviation too large!!!
 Blaze kernel 'dmatdmatmult': Time deviation too large!!!
dmatdmatmult benchmark for hpx finished for 12 threads, chunk size 5, block_size 4 1th time
 Blaze kernel 'dmatdmatmult': Time deviation too large!!!
 Blaze kernel 'dmatdmatmult': Time deviation too large!!!
 Blaze kernel 'dmatdmatmult': Time deviation too large!!!
 Blaze kernel 'dmatdmatmult': Time deviation too large!!!
 Blaze kernel 'dmatdmatmult': Time deviation too large!!!
dmatdmatmult benchmark for hpx finished for 13 threads, chunk size 5, block_size 4 1th time
 Blaze kernel 'dmatdmatmult': Time deviation too large!!!
 Blaze kernel 'dmatdmatmult': Time deviation too large!!!
 Blaze kernel 'dmatdmatmult': Time deviation too large!!!
 Blaze kernel 'dmatdmatmult': Time deviation too large!!!
 Blaze kernel 'dmatdmatmult': Time deviation too large!!!
 Blaze kernel 'dmatdmatmult': Time deviation too large!!!
dmatdmatmult benchmark for hpx finished for 14 threads, chunk size 5, block_size 4 1th time
 Blaze kernel 'dmatdmatmult': Time deviation too large!!!
 Blaze kernel 'dmatdmatmult': Time deviation too large!!!
 Blaze kernel 'dmatdmatmult': Time deviation too large!!!
 Blaze kernel 'dmatdmatmult': Time deviation too large!!!
 Blaze kernel 'dmatdmatmult': Time deviation too large!!!
dmatdmatmult benchmark for hpx finished for 15 threads, chunk size 5, block_size 4 1th time
 Blaze kernel 'dmatdmatmult': Time deviation too large!!!
 Blaze kernel 'dmatdmatmult': Time deviation too large!!!
 Blaze kernel 'dmatdmatmult': Time deviation too large!!!
 Blaze kernel 'dmatdmatmult': Time deviation too large!!!
 Blaze kernel 'dmatdmatmult': Time deviation too large!!!
dmatdmatmult benchmark for hpx finished for 16 threads, chunk size 5, block_size 4 1th time
fatal: '/home/sshirzad/src/blaze_shahrzad//blaze/config/HPX.h' is outside repository
HPX.h file was reset to original
BLAZE_HPX_VECTOR_CHUNK_SIZE changed from 5 to 5
BLAZE_HPX_MATRIX_BLOCK_SIZE changed from 4 to 8
benchmark dmatdmatmult for hpx runtime created
chunk size: 5
block size: 8
dmatdmatmult benchmark for hpx finished for 1 threads, chunk size 5, block_size 8 1th time
 Blaze kernel 'dmatdmatmult': Time deviation too large!!!
 Blaze kernel 'dmatdmatmult': Time deviation too large!!!
dmatdmatmult benchmark for hpx finished for 2 threads, chunk size 5, block_size 8 1th time
 Blaze kernel 'dmatdmatmult': Time deviation too large!!!
dmatdmatmult benchmark for hpx finished for 3 threads, chunk size 5, block_size 8 1th time
 Blaze kernel 'dmatdmatmult': Time deviation too large!!!
dmatdmatmult benchmark for hpx finished for 4 threads, chunk size 5, block_size 8 1th time
dmatdmatmult benchmark for hpx finished for 5 threads, chunk size 5, block_size 8 1th time
 Blaze kernel 'dmatdmatmult': Time deviation too large!!!
dmatdmatmult benchmark for hpx finished for 6 threads, chunk size 5, block_size 8 1th time
 Blaze kernel 'dmatdmatmult': Time deviation too large!!!
dmatdmatmult benchmark for hpx finished for 7 threads, chunk size 5, block_size 8 1th time
 Blaze kernel 'dmatdmatmult': Time deviation too large!!!
dmatdmatmult benchmark for hpx finished for 8 threads, chunk size 5, block_size 8 1th time
dmatdmatmult benchmark for hpx finished for 9 threads, chunk size 5, block_size 8 1th time
 Blaze kernel 'dmatdmatmult': Time deviation too large!!!
 Blaze kernel 'dmatdmatmult': Time deviation too large!!!
 Blaze kernel 'dmatdmatmult': Time deviation too large!!!
 Blaze kernel 'dmatdmatmult': Time deviation too large!!!
dmatdmatmult benchmark for hpx finished for 10 threads, chunk size 5, block_size 8 1th time
dmatdmatmult benchmark for hpx finished for 11 threads, chunk size 5, block_size 8 1th time
 Blaze kernel 'dmatdmatmult': Time deviation too large!!!
 Blaze kernel 'dmatdmatmult': Time deviation too large!!!
 Blaze kernel 'dmatdmatmult': Time deviation too large!!!
 Blaze kernel 'dmatdmatmult': Time deviation too large!!!
dmatdmatmult benchmark for hpx finished for 12 threads, chunk size 5, block_size 8 1th time
 Blaze kernel 'dmatdmatmult': Time deviation too large!!!
 Blaze kernel 'dmatdmatmult': Time deviation too large!!!
 Blaze kernel 'dmatdmatmult': Time deviation too large!!!
 Blaze kernel 'dmatdmatmult': Time deviation too large!!!
dmatdmatmult benchmark for hpx finished for 13 threads, chunk size 5, block_size 8 1th time
 Blaze kernel 'dmatdmatmult': Time deviation too large!!!
 Blaze kernel 'dmatdmatmult': Time deviation too large!!!
 Blaze kernel 'dmatdmatmult': Time deviation too large!!!
dmatdmatmult benchmark for hpx finished for 14 threads, chunk size 5, block_size 8 1th time
 Blaze kernel 'dmatdmatmult': Time deviation too large!!!
 Blaze kernel 'dmatdmatmult': Time deviation too large!!!
 Blaze kernel 'dmatdmatmult': Time deviation too large!!!
dmatdmatmult benchmark for hpx finished for 15 threads, chunk size 5, block_size 8 1th time
 Blaze kernel 'dmatdmatmult': Time deviation too large!!!
 Blaze kernel 'dmatdmatmult': Time deviation too large!!!
 Blaze kernel 'dmatdmatmult': Time deviation too large!!!
 Blaze kernel 'dmatdmatmult': Time deviation too large!!!
dmatdmatmult benchmark for hpx finished for 16 threads, chunk size 5, block_size 8 1th time
fatal: '/home/sshirzad/src/blaze_shahrzad//blaze/config/HPX.h' is outside repository
HPX.h file was reset to original
BLAZE_HPX_VECTOR_CHUNK_SIZE changed from 5 to 5
BLAZE_HPX_MATRIX_BLOCK_SIZE changed from 8 to 16
benchmark dmatdmatmult for hpx runtime created
chunk size: 5
block size: 16
 Blaze kernel 'dmatdmatmult': Time deviation too large!!!
dmatdmatmult benchmark for hpx finished for 1 threads, chunk size 5, block_size 16 1th time
dmatdmatmult benchmark for hpx finished for 2 threads, chunk size 5, block_size 16 1th time
 Blaze kernel 'dmatdmatmult': Time deviation too large!!!
dmatdmatmult benchmark for hpx finished for 3 threads, chunk size 5, block_size 16 1th time
dmatdmatmult benchmark for hpx finished for 4 threads, chunk size 5, block_size 16 1th time
dmatdmatmult benchmark for hpx finished for 5 threads, chunk size 5, block_size 16 1th time
 Blaze kernel 'dmatdmatmult': Time deviation too large!!!
dmatdmatmult benchmark for hpx finished for 6 threads, chunk size 5, block_size 16 1th time
dmatdmatmult benchmark for hpx finished for 7 threads, chunk size 5, block_size 16 1th time
 Blaze kernel 'dmatdmatmult': Time deviation too large!!!
dmatdmatmult benchmark for hpx finished for 8 threads, chunk size 5, block_size 16 1th time
dmatdmatmult benchmark for hpx finished for 9 threads, chunk size 5, block_size 16 1th time
 Blaze kernel 'dmatdmatmult': Time deviation too large!!!
 Blaze kernel 'dmatdmatmult': Time deviation too large!!!
dmatdmatmult benchmark for hpx finished for 10 threads, chunk size 5, block_size 16 1th time
 Blaze kernel 'dmatdmatmult': Time deviation too large!!!
 Blaze kernel 'dmatdmatmult': Time deviation too large!!!
dmatdmatmult benchmark for hpx finished for 11 threads, chunk size 5, block_size 16 1th time
 Blaze kernel 'dmatdmatmult': Time deviation too large!!!
dmatdmatmult benchmark for hpx finished for 12 threads, chunk size 5, block_size 16 1th time
 Blaze kernel 'dmatdmatmult': Time deviation too large!!!
 Blaze kernel 'dmatdmatmult': Time deviation too large!!!
 Blaze kernel 'dmatdmatmult': Time deviation too large!!!
dmatdmatmult benchmark for hpx finished for 13 threads, chunk size 5, block_size 16 1th time
 Blaze kernel 'dmatdmatmult': Time deviation too large!!!
dmatdmatmult benchmark for hpx finished for 14 threads, chunk size 5, block_size 16 1th time
 Blaze kernel 'dmatdmatmult': Time deviation too large!!!
dmatdmatmult benchmark for hpx finished for 15 threads, chunk size 5, block_size 16 1th time
 Blaze kernel 'dmatdmatmult': Time deviation too large!!!
 Blaze kernel 'dmatdmatmult': Time deviation too large!!!
 Blaze kernel 'dmatdmatmult': Time deviation too large!!!
 Blaze kernel 'dmatdmatmult': Time deviation too large!!!
dmatdmatmult benchmark for hpx finished for 16 threads, chunk size 5, block_size 16 1th time
fatal: '/home/sshirzad/src/blaze_shahrzad//blaze/config/HPX.h' is outside repository
HPX.h file was reset to original
BLAZE_HPX_VECTOR_CHUNK_SIZE changed from 5 to 5
BLAZE_HPX_MATRIX_BLOCK_SIZE changed from 16 to 32
benchmark dmatdmatmult for hpx runtime created
chunk size: 5
block size: 32
 Blaze kernel 'dmatdmatmult': Time deviation too large!!!
dmatdmatmult benchmark for hpx finished for 1 threads, chunk size 5, block_size 32 1th time
 Blaze kernel 'dmatdmatmult': Time deviation too large!!!
dmatdmatmult benchmark for hpx finished for 2 threads, chunk size 5, block_size 32 1th time
dmatdmatmult benchmark for hpx finished for 3 threads, chunk size 5, block_size 32 1th time
 Blaze kernel 'dmatdmatmult': Time deviation too large!!!
 Blaze kernel 'dmatdmatmult': Time deviation too large!!!
dmatdmatmult benchmark for hpx finished for 4 threads, chunk size 5, block_size 32 1th time
dmatdmatmult benchmark for hpx finished for 5 threads, chunk size 5, block_size 32 1th time
dmatdmatmult benchmark for hpx finished for 6 threads, chunk size 5, block_size 32 1th time
dmatdmatmult benchmark for hpx finished for 7 threads, chunk size 5, block_size 32 1th time
 Blaze kernel 'dmatdmatmult': Time deviation too large!!!
dmatdmatmult benchmark for hpx finished for 8 threads, chunk size 5, block_size 32 1th time
dmatdmatmult benchmark for hpx finished for 9 threads, chunk size 5, block_size 32 1th time
 Blaze kernel 'dmatdmatmult': Time deviation too large!!!
 Blaze kernel 'dmatdmatmult': Time deviation too large!!!
dmatdmatmult benchmark for hpx finished for 10 threads, chunk size 5, block_size 32 1th time
 Blaze kernel 'dmatdmatmult': Time deviation too large!!!
 Blaze kernel 'dmatdmatmult': Time deviation too large!!!
dmatdmatmult benchmark for hpx finished for 11 threads, chunk size 5, block_size 32 1th time
dmatdmatmult benchmark for hpx finished for 12 threads, chunk size 5, block_size 32 1th time
 Blaze kernel 'dmatdmatmult': Time deviation too large!!!
 Blaze kernel 'dmatdmatmult': Time deviation too large!!!
 Blaze kernel 'dmatdmatmult': Time deviation too large!!!
 Blaze kernel 'dmatdmatmult': Time deviation too large!!!
dmatdmatmult benchmark for hpx finished for 13 threads, chunk size 5, block_size 32 1th time
 Blaze kernel 'dmatdmatmult': Time deviation too large!!!
 Blaze kernel 'dmatdmatmult': Time deviation too large!!!
dmatdmatmult benchmark for hpx finished for 14 threads, chunk size 5, block_size 32 1th time
 Blaze kernel 'dmatdmatmult': Time deviation too large!!!
 Blaze kernel 'dmatdmatmult': Time deviation too large!!!
 Blaze kernel 'dmatdmatmult': Time deviation too large!!!
 Blaze kernel 'dmatdmatmult': Time deviation too large!!!
dmatdmatmult benchmark for hpx finished for 15 threads, chunk size 5, block_size 32 1th time
 Blaze kernel 'dmatdmatmult': Time deviation too large!!!
 Blaze kernel 'dmatdmatmult': Time deviation too large!!!
 Blaze kernel 'dmatdmatmult': Time deviation too large!!!
dmatdmatmult benchmark for hpx finished for 16 threads, chunk size 5, block_size 32 1th time
