BLAZE_HPX_VECTOR_CHUNK_SIZE changed from 5 to 5
BLAZE_HPX_MATRIX_BLOCK_SIZE changed from 8 to 4
benchmark dmatdmatmult for hpx runtime created
chunk size: 5
block size: 4
 Blaze kernel 'dmatdmatmult': Time deviation too large!!!
 Blaze kernel 'dmatdmatmult': Time deviation too large!!!
 Blaze kernel 'dmatdmatmult': Time deviation too large!!!
dmatdmatmult benchmark for hpx finished for 16 threads, chunk size 5, block_size 4 1th time
BLAZE_HPX_VECTOR_CHUNK_SIZE changed from 5 to 5
BLAZE_HPX_MATRIX_BLOCK_SIZE changed from 4 to 8
benchmark dmatdmatmult for hpx runtime created
chunk size: 5
block size: 8
 Blaze kernel 'dmatdmatmult': Time deviation too large!!!
 Blaze kernel 'dmatdmatmult': Time deviation too large!!!
dmatdmatmult benchmark for hpx finished for 16 threads, chunk size 5, block_size 8 1th time
BLAZE_HPX_VECTOR_CHUNK_SIZE changed from 5 to 5
BLAZE_HPX_MATRIX_BLOCK_SIZE changed from 8 to 16
benchmark dmatdmatmult for hpx runtime created
chunk size: 5
block size: 16
 Blaze kernel 'dmatdmatmult': Time deviation too large!!!
 Blaze kernel 'dmatdmatmult': Time deviation too large!!!
slurmstepd: error: *** JOB 3968465 ON marvin00 CANCELLED AT 2018-12-17T17:59:52 ***
