hpx config file was reset to original values 1000,10,8
BLAZE_HPX_VECTOR_CHUNK_SIZE changed from 10 to 1
benchmark daxpy for hpx runtime created
chunk size: 1
vector threshold: 1000
daxpy benchmark for hpx finished for 1 threads
daxpy benchmark for hpx finished for 2 threads
daxpy benchmark for hpx finished for 3 threads
daxpy benchmark for hpx finished for 4 threads
daxpy benchmark for hpx finished for 5 threads
daxpy benchmark for hpx finished for 6 threads
daxpy benchmark for hpx finished for 7 threads
daxpy benchmark for hpx finished for 8 threads
daxpy benchmark for hpx finished for 9 threads
daxpy benchmark for hpx finished for 10 threads
daxpy benchmark for hpx finished for 11 threads
daxpy benchmark for hpx finished for 12 threads
daxpy benchmark for hpx finished for 13 threads
daxpy benchmark for hpx finished for 14 threads
daxpy benchmark for hpx finished for 15 threads
daxpy benchmark for hpx finished for 16 threads
hpx config file was reset to original values 1000,10,8
BLAZE_HPX_VECTOR_CHUNK_SIZE changed from 10 to 10
benchmark daxpy for hpx runtime created
chunk size: 10
vector threshold: 1000
daxpy benchmark for hpx finished for 1 threads
daxpy benchmark for hpx finished for 2 threads
daxpy benchmark for hpx finished for 3 threads
daxpy benchmark for hpx finished for 4 threads
daxpy benchmark for hpx finished for 5 threads
daxpy benchmark for hpx finished for 6 threads
daxpy benchmark for hpx finished for 7 threads
daxpy benchmark for hpx finished for 8 threads
daxpy benchmark for hpx finished for 9 threads
daxpy benchmark for hpx finished for 10 threads
daxpy benchmark for hpx finished for 11 threads
daxpy benchmark for hpx finished for 12 threads
daxpy benchmark for hpx finished for 13 threads
daxpy benchmark for hpx finished for 14 threads
daxpy benchmark for hpx finished for 15 threads
daxpy benchmark for hpx finished for 16 threads
hpx config file was reset to original values 1000,10,8
BLAZE_HPX_VECTOR_CHUNK_SIZE changed from 10 to 100
benchmark daxpy for hpx runtime created
chunk size: 100
vector threshold: 1000
daxpy benchmark for hpx finished for 1 threads
daxpy benchmark for hpx finished for 2 threads
daxpy benchmark for hpx finished for 3 threads
daxpy benchmark for hpx finished for 4 threads
daxpy benchmark for hpx finished for 5 threads
daxpy benchmark for hpx finished for 6 threads
daxpy benchmark for hpx finished for 7 threads
daxpy benchmark for hpx finished for 8 threads
daxpy benchmark for hpx finished for 9 threads
daxpy benchmark for hpx finished for 10 threads
daxpy benchmark for hpx finished for 11 threads
daxpy benchmark for hpx finished for 12 threads
daxpy benchmark for hpx finished for 13 threads
daxpy benchmark for hpx finished for 14 threads
daxpy benchmark for hpx finished for 15 threads
daxpy benchmark for hpx finished for 16 threads
hpx config file was reset to original values 1000,10,8
BLAZE_HPX_VECTOR_CHUNK_SIZE changed from 10 to 1000
benchmark daxpy for hpx runtime created
chunk size: 1000
vector threshold: 1000
daxpy benchmark for hpx finished for 1 threads
daxpy benchmark for hpx finished for 2 threads
daxpy benchmark for hpx finished for 3 threads
daxpy benchmark for hpx finished for 4 threads
daxpy benchmark for hpx finished for 5 threads
daxpy benchmark for hpx finished for 6 threads
daxpy benchmark for hpx finished for 7 threads
daxpy benchmark for hpx finished for 8 threads
daxpy benchmark for hpx finished for 9 threads
daxpy benchmark for hpx finished for 10 threads
daxpy benchmark for hpx finished for 11 threads
daxpy benchmark for hpx finished for 12 threads
daxpy benchmark for hpx finished for 13 threads
daxpy benchmark for hpx finished for 14 threads
daxpy benchmark for hpx finished for 15 threads
daxpy benchmark for hpx finished for 16 threads
hpx config file was reset to original values 1000,10,8
BLAZE_HPX_VECTOR_CHUNK_SIZE changed from 10 to 2
benchmark daxpy for hpx runtime created
chunk size: 2
vector threshold: 1000
daxpy benchmark for hpx finished for 1 threads
daxpy benchmark for hpx finished for 2 threads
daxpy benchmark for hpx finished for 3 threads
daxpy benchmark for hpx finished for 4 threads
daxpy benchmark for hpx finished for 5 threads
daxpy benchmark for hpx finished for 6 threads
daxpy benchmark for hpx finished for 7 threads
daxpy benchmark for hpx finished for 8 threads
daxpy benchmark for hpx finished for 9 threads
daxpy benchmark for hpx finished for 10 threads
daxpy benchmark for hpx finished for 11 threads
daxpy benchmark for hpx finished for 12 threads
daxpy benchmark for hpx finished for 13 threads
daxpy benchmark for hpx finished for 14 threads
daxpy benchmark for hpx finished for 15 threads
daxpy benchmark for hpx finished for 16 threads
hpx config file was reset to original values 1000,10,8
BLAZE_HPX_VECTOR_CHUNK_SIZE changed from 10 to 20
benchmark daxpy for hpx runtime created
chunk size: 20
vector threshold: 1000
daxpy benchmark for hpx finished for 1 threads
daxpy benchmark for hpx finished for 2 threads
daxpy benchmark for hpx finished for 3 threads
daxpy benchmark for hpx finished for 4 threads
daxpy benchmark for hpx finished for 5 threads
daxpy benchmark for hpx finished for 6 threads
daxpy benchmark for hpx finished for 7 threads
daxpy benchmark for hpx finished for 8 threads
daxpy benchmark for hpx finished for 9 threads
daxpy benchmark for hpx finished for 10 threads
daxpy benchmark for hpx finished for 11 threads
daxpy benchmark for hpx finished for 12 threads
daxpy benchmark for hpx finished for 13 threads
daxpy benchmark for hpx finished for 14 threads
daxpy benchmark for hpx finished for 15 threads
daxpy benchmark for hpx finished for 16 threads
hpx config file was reset to original values 1000,10,8
BLAZE_HPX_VECTOR_CHUNK_SIZE changed from 10 to 200
benchmark daxpy for hpx runtime created
chunk size: 200
vector threshold: 1000
daxpy benchmark for hpx finished for 1 threads
daxpy benchmark for hpx finished for 2 threads
daxpy benchmark for hpx finished for 3 threads
daxpy benchmark for hpx finished for 4 threads
daxpy benchmark for hpx finished for 5 threads
daxpy benchmark for hpx finished for 6 threads
daxpy benchmark for hpx finished for 7 threads
daxpy benchmark for hpx finished for 8 threads
daxpy benchmark for hpx finished for 9 threads
daxpy benchmark for hpx finished for 10 threads
daxpy benchmark for hpx finished for 11 threads
daxpy benchmark for hpx finished for 12 threads
daxpy benchmark for hpx finished for 13 threads
daxpy benchmark for hpx finished for 14 threads
daxpy benchmark for hpx finished for 15 threads
daxpy benchmark for hpx finished for 16 threads
hpx config file was reset to original values 1000,10,8
BLAZE_HPX_VECTOR_CHUNK_SIZE changed from 10 to 2000
benchmark daxpy for hpx runtime created
chunk size: 2000
vector threshold: 1000
daxpy benchmark for hpx finished for 1 threads
daxpy benchmark for hpx finished for 2 threads
daxpy benchmark for hpx finished for 3 threads
daxpy benchmark for hpx finished for 4 threads
daxpy benchmark for hpx finished for 5 threads
daxpy benchmark for hpx finished for 6 threads
daxpy benchmark for hpx finished for 7 threads
daxpy benchmark for hpx finished for 8 threads
daxpy benchmark for hpx finished for 9 threads
daxpy benchmark for hpx finished for 10 threads
daxpy benchmark for hpx finished for 11 threads
daxpy benchmark for hpx finished for 12 threads
daxpy benchmark for hpx finished for 13 threads
daxpy benchmark for hpx finished for 14 threads
daxpy benchmark for hpx finished for 15 threads
daxpy benchmark for hpx finished for 16 threads
hpx config file was reset to original values 1000,10,8
BLAZE_HPX_VECTOR_CHUNK_SIZE changed from 10 to 3
benchmark daxpy for hpx runtime created
chunk size: 3
vector threshold: 1000
daxpy benchmark for hpx finished for 1 threads
daxpy benchmark for hpx finished for 2 threads
daxpy benchmark for hpx finished for 3 threads
daxpy benchmark for hpx finished for 4 threads
daxpy benchmark for hpx finished for 5 threads
daxpy benchmark for hpx finished for 6 threads
daxpy benchmark for hpx finished for 7 threads
daxpy benchmark for hpx finished for 8 threads
daxpy benchmark for hpx finished for 9 threads
daxpy benchmark for hpx finished for 10 threads
daxpy benchmark for hpx finished for 11 threads
daxpy benchmark for hpx finished for 12 threads
daxpy benchmark for hpx finished for 13 threads
daxpy benchmark for hpx finished for 14 threads
daxpy benchmark for hpx finished for 15 threads
daxpy benchmark for hpx finished for 16 threads
hpx config file was reset to original values 1000,10,8
BLAZE_HPX_VECTOR_CHUNK_SIZE changed from 10 to 30
benchmark daxpy for hpx runtime created
chunk size: 30
vector threshold: 1000
daxpy benchmark for hpx finished for 1 threads
daxpy benchmark for hpx finished for 2 threads
daxpy benchmark for hpx finished for 3 threads
daxpy benchmark for hpx finished for 4 threads
daxpy benchmark for hpx finished for 5 threads
daxpy benchmark for hpx finished for 6 threads
daxpy benchmark for hpx finished for 7 threads
daxpy benchmark for hpx finished for 8 threads
daxpy benchmark for hpx finished for 9 threads
daxpy benchmark for hpx finished for 10 threads
daxpy benchmark for hpx finished for 11 threads
daxpy benchmark for hpx finished for 12 threads
daxpy benchmark for hpx finished for 13 threads
daxpy benchmark for hpx finished for 14 threads
daxpy benchmark for hpx finished for 15 threads
daxpy benchmark for hpx finished for 16 threads
hpx config file was reset to original values 1000,10,8
BLAZE_HPX_VECTOR_CHUNK_SIZE changed from 10 to 300
benchmark daxpy for hpx runtime created
chunk size: 300
vector threshold: 1000
daxpy benchmark for hpx finished for 1 threads
daxpy benchmark for hpx finished for 2 threads
daxpy benchmark for hpx finished for 3 threads
daxpy benchmark for hpx finished for 4 threads
daxpy benchmark for hpx finished for 5 threads
daxpy benchmark for hpx finished for 6 threads
daxpy benchmark for hpx finished for 7 threads
daxpy benchmark for hpx finished for 8 threads
daxpy benchmark for hpx finished for 9 threads
daxpy benchmark for hpx finished for 10 threads
daxpy benchmark for hpx finished for 11 threads
daxpy benchmark for hpx finished for 12 threads
daxpy benchmark for hpx finished for 13 threads
daxpy benchmark for hpx finished for 14 threads
daxpy benchmark for hpx finished for 15 threads
daxpy benchmark for hpx finished for 16 threads
hpx config file was reset to original values 1000,10,8
BLAZE_HPX_VECTOR_CHUNK_SIZE changed from 10 to 3000
benchmark daxpy for hpx runtime created
chunk size: 3000
vector threshold: 1000
daxpy benchmark for hpx finished for 1 threads
daxpy benchmark for hpx finished for 2 threads
daxpy benchmark for hpx finished for 3 threads
daxpy benchmark for hpx finished for 4 threads
daxpy benchmark for hpx finished for 5 threads
daxpy benchmark for hpx finished for 6 threads
daxpy benchmark for hpx finished for 7 threads
daxpy benchmark for hpx finished for 8 threads
daxpy benchmark for hpx finished for 9 threads
daxpy benchmark for hpx finished for 10 threads
daxpy benchmark for hpx finished for 11 threads
daxpy benchmark for hpx finished for 12 threads
daxpy benchmark for hpx finished for 13 threads
daxpy benchmark for hpx finished for 14 threads
daxpy benchmark for hpx finished for 15 threads
daxpy benchmark for hpx finished for 16 threads
hpx config file was reset to original values 1000,10,8
BLAZE_HPX_VECTOR_CHUNK_SIZE changed from 10 to 4
benchmark daxpy for hpx runtime created
chunk size: 4
vector threshold: 1000
daxpy benchmark for hpx finished for 1 threads
daxpy benchmark for hpx finished for 2 threads
daxpy benchmark for hpx finished for 3 threads
daxpy benchmark for hpx finished for 4 threads
daxpy benchmark for hpx finished for 5 threads
daxpy benchmark for hpx finished for 6 threads
daxpy benchmark for hpx finished for 7 threads
daxpy benchmark for hpx finished for 8 threads
daxpy benchmark for hpx finished for 9 threads
daxpy benchmark for hpx finished for 10 threads
daxpy benchmark for hpx finished for 11 threads
daxpy benchmark for hpx finished for 12 threads
daxpy benchmark for hpx finished for 13 threads
daxpy benchmark for hpx finished for 14 threads
daxpy benchmark for hpx finished for 15 threads
daxpy benchmark for hpx finished for 16 threads
hpx config file was reset to original values 1000,10,8
BLAZE_HPX_VECTOR_CHUNK_SIZE changed from 10 to 40
benchmark daxpy for hpx runtime created
chunk size: 40
vector threshold: 1000
daxpy benchmark for hpx finished for 1 threads
daxpy benchmark for hpx finished for 2 threads
daxpy benchmark for hpx finished for 3 threads
daxpy benchmark for hpx finished for 4 threads
daxpy benchmark for hpx finished for 5 threads
daxpy benchmark for hpx finished for 6 threads
daxpy benchmark for hpx finished for 7 threads
daxpy benchmark for hpx finished for 8 threads
daxpy benchmark for hpx finished for 9 threads
daxpy benchmark for hpx finished for 10 threads
daxpy benchmark for hpx finished for 11 threads
daxpy benchmark for hpx finished for 12 threads
daxpy benchmark for hpx finished for 13 threads
daxpy benchmark for hpx finished for 14 threads
daxpy benchmark for hpx finished for 15 threads
daxpy benchmark for hpx finished for 16 threads
hpx config file was reset to original values 1000,10,8
BLAZE_HPX_VECTOR_CHUNK_SIZE changed from 10 to 400
benchmark daxpy for hpx runtime created
chunk size: 400
vector threshold: 1000
daxpy benchmark for hpx finished for 1 threads
daxpy benchmark for hpx finished for 2 threads
daxpy benchmark for hpx finished for 3 threads
daxpy benchmark for hpx finished for 4 threads
daxpy benchmark for hpx finished for 5 threads
daxpy benchmark for hpx finished for 6 threads
daxpy benchmark for hpx finished for 7 threads
daxpy benchmark for hpx finished for 8 threads
daxpy benchmark for hpx finished for 9 threads
daxpy benchmark for hpx finished for 10 threads
daxpy benchmark for hpx finished for 11 threads
daxpy benchmark for hpx finished for 12 threads
daxpy benchmark for hpx finished for 13 threads
daxpy benchmark for hpx finished for 14 threads
daxpy benchmark for hpx finished for 15 threads
daxpy benchmark for hpx finished for 16 threads
hpx config file was reset to original values 1000,10,8
BLAZE_HPX_VECTOR_CHUNK_SIZE changed from 10 to 4000
benchmark daxpy for hpx runtime created
chunk size: 4000
vector threshold: 1000
daxpy benchmark for hpx finished for 1 threads
daxpy benchmark for hpx finished for 2 threads
daxpy benchmark for hpx finished for 3 threads
daxpy benchmark for hpx finished for 4 threads
daxpy benchmark for hpx finished for 5 threads
daxpy benchmark for hpx finished for 6 threads
daxpy benchmark for hpx finished for 7 threads
daxpy benchmark for hpx finished for 8 threads
daxpy benchmark for hpx finished for 9 threads
daxpy benchmark for hpx finished for 10 threads
daxpy benchmark for hpx finished for 11 threads
daxpy benchmark for hpx finished for 12 threads
daxpy benchmark for hpx finished for 13 threads
daxpy benchmark for hpx finished for 14 threads
daxpy benchmark for hpx finished for 15 threads
daxpy benchmark for hpx finished for 16 threads
hpx config file was reset to original values 1000,10,8
BLAZE_HPX_VECTOR_CHUNK_SIZE changed from 10 to 5
benchmark daxpy for hpx runtime created
chunk size: 5
vector threshold: 1000
daxpy benchmark for hpx finished for 1 threads
daxpy benchmark for hpx finished for 2 threads
daxpy benchmark for hpx finished for 3 threads
daxpy benchmark for hpx finished for 4 threads
daxpy benchmark for hpx finished for 5 threads
daxpy benchmark for hpx finished for 6 threads
daxpy benchmark for hpx finished for 7 threads
daxpy benchmark for hpx finished for 8 threads
daxpy benchmark for hpx finished for 9 threads
daxpy benchmark for hpx finished for 10 threads
daxpy benchmark for hpx finished for 11 threads
daxpy benchmark for hpx finished for 12 threads
daxpy benchmark for hpx finished for 13 threads
daxpy benchmark for hpx finished for 14 threads
daxpy benchmark for hpx finished for 15 threads
daxpy benchmark for hpx finished for 16 threads
hpx config file was reset to original values 1000,10,8
BLAZE_HPX_VECTOR_CHUNK_SIZE changed from 10 to 50
benchmark daxpy for hpx runtime created
chunk size: 50
vector threshold: 1000
daxpy benchmark for hpx finished for 1 threads
daxpy benchmark for hpx finished for 2 threads
daxpy benchmark for hpx finished for 3 threads
daxpy benchmark for hpx finished for 4 threads
daxpy benchmark for hpx finished for 5 threads
daxpy benchmark for hpx finished for 6 threads
daxpy benchmark for hpx finished for 7 threads
daxpy benchmark for hpx finished for 8 threads
daxpy benchmark for hpx finished for 9 threads
daxpy benchmark for hpx finished for 10 threads
daxpy benchmark for hpx finished for 11 threads
daxpy benchmark for hpx finished for 12 threads
daxpy benchmark for hpx finished for 13 threads
daxpy benchmark for hpx finished for 14 threads
daxpy benchmark for hpx finished for 15 threads
daxpy benchmark for hpx finished for 16 threads
hpx config file was reset to original values 1000,10,8
BLAZE_HPX_VECTOR_CHUNK_SIZE changed from 10 to 500
benchmark daxpy for hpx runtime created
chunk size: 500
vector threshold: 1000
daxpy benchmark for hpx finished for 1 threads
daxpy benchmark for hpx finished for 2 threads
daxpy benchmark for hpx finished for 3 threads
daxpy benchmark for hpx finished for 4 threads
daxpy benchmark for hpx finished for 5 threads
daxpy benchmark for hpx finished for 6 threads
daxpy benchmark for hpx finished for 7 threads
daxpy benchmark for hpx finished for 8 threads
daxpy benchmark for hpx finished for 9 threads
daxpy benchmark for hpx finished for 10 threads
daxpy benchmark for hpx finished for 11 threads
daxpy benchmark for hpx finished for 12 threads
daxpy benchmark for hpx finished for 13 threads
daxpy benchmark for hpx finished for 14 threads
daxpy benchmark for hpx finished for 15 threads
daxpy benchmark for hpx finished for 16 threads
hpx config file was reset to original values 1000,10,8
BLAZE_HPX_VECTOR_CHUNK_SIZE changed from 10 to 5000
benchmark daxpy for hpx runtime created
chunk size: 5000
vector threshold: 1000
daxpy benchmark for hpx finished for 1 threads
daxpy benchmark for hpx finished for 2 threads
daxpy benchmark for hpx finished for 3 threads
daxpy benchmark for hpx finished for 4 threads
daxpy benchmark for hpx finished for 5 threads
daxpy benchmark for hpx finished for 6 threads
daxpy benchmark for hpx finished for 7 threads
daxpy benchmark for hpx finished for 8 threads
daxpy benchmark for hpx finished for 9 threads
daxpy benchmark for hpx finished for 10 threads
daxpy benchmark for hpx finished for 11 threads
daxpy benchmark for hpx finished for 12 threads
daxpy benchmark for hpx finished for 13 threads
daxpy benchmark for hpx finished for 14 threads
daxpy benchmark for hpx finished for 15 threads
daxpy benchmark for hpx finished for 16 threads
hpx config file was reset to original values 1000,10,8
BLAZE_HPX_VECTOR_CHUNK_SIZE changed from 10 to 6
benchmark daxpy for hpx runtime created
chunk size: 6
vector threshold: 1000
daxpy benchmark for hpx finished for 1 threads
daxpy benchmark for hpx finished for 2 threads
daxpy benchmark for hpx finished for 3 threads
daxpy benchmark for hpx finished for 4 threads
daxpy benchmark for hpx finished for 5 threads
daxpy benchmark for hpx finished for 6 threads
daxpy benchmark for hpx finished for 7 threads
daxpy benchmark for hpx finished for 8 threads
daxpy benchmark for hpx finished for 9 threads
daxpy benchmark for hpx finished for 10 threads
daxpy benchmark for hpx finished for 11 threads
daxpy benchmark for hpx finished for 12 threads
daxpy benchmark for hpx finished for 13 threads
daxpy benchmark for hpx finished for 14 threads
daxpy benchmark for hpx finished for 15 threads
daxpy benchmark for hpx finished for 16 threads
hpx config file was reset to original values 1000,10,8
BLAZE_HPX_VECTOR_CHUNK_SIZE changed from 10 to 60
benchmark daxpy for hpx runtime created
chunk size: 60
vector threshold: 1000
daxpy benchmark for hpx finished for 1 threads
daxpy benchmark for hpx finished for 2 threads
daxpy benchmark for hpx finished for 3 threads
daxpy benchmark for hpx finished for 4 threads
daxpy benchmark for hpx finished for 5 threads
daxpy benchmark for hpx finished for 6 threads
daxpy benchmark for hpx finished for 7 threads
daxpy benchmark for hpx finished for 8 threads
daxpy benchmark for hpx finished for 9 threads
daxpy benchmark for hpx finished for 10 threads
daxpy benchmark for hpx finished for 11 threads
daxpy benchmark for hpx finished for 12 threads
daxpy benchmark for hpx finished for 13 threads
daxpy benchmark for hpx finished for 14 threads
daxpy benchmark for hpx finished for 15 threads
daxpy benchmark for hpx finished for 16 threads
hpx config file was reset to original values 1000,10,8
BLAZE_HPX_VECTOR_CHUNK_SIZE changed from 10 to 600
benchmark daxpy for hpx runtime created
chunk size: 600
vector threshold: 1000
daxpy benchmark for hpx finished for 1 threads
daxpy benchmark for hpx finished for 2 threads
daxpy benchmark for hpx finished for 3 threads
daxpy benchmark for hpx finished for 4 threads
daxpy benchmark for hpx finished for 5 threads
daxpy benchmark for hpx finished for 6 threads
daxpy benchmark for hpx finished for 7 threads
daxpy benchmark for hpx finished for 8 threads
daxpy benchmark for hpx finished for 9 threads
daxpy benchmark for hpx finished for 10 threads
daxpy benchmark for hpx finished for 11 threads
daxpy benchmark for hpx finished for 12 threads
daxpy benchmark for hpx finished for 13 threads
daxpy benchmark for hpx finished for 14 threads
daxpy benchmark for hpx finished for 15 threads
daxpy benchmark for hpx finished for 16 threads
hpx config file was reset to original values 1000,10,8
BLAZE_HPX_VECTOR_CHUNK_SIZE changed from 10 to 6000
benchmark daxpy for hpx runtime created
chunk size: 6000
vector threshold: 1000
daxpy benchmark for hpx finished for 1 threads
daxpy benchmark for hpx finished for 2 threads
daxpy benchmark for hpx finished for 3 threads
daxpy benchmark for hpx finished for 4 threads
daxpy benchmark for hpx finished for 5 threads
daxpy benchmark for hpx finished for 6 threads
daxpy benchmark for hpx finished for 7 threads
daxpy benchmark for hpx finished for 8 threads
daxpy benchmark for hpx finished for 9 threads
daxpy benchmark for hpx finished for 10 threads
daxpy benchmark for hpx finished for 11 threads
daxpy benchmark for hpx finished for 12 threads
daxpy benchmark for hpx finished for 13 threads
daxpy benchmark for hpx finished for 14 threads
daxpy benchmark for hpx finished for 15 threads
daxpy benchmark for hpx finished for 16 threads
hpx config file was reset to original values 1000,10,8
BLAZE_HPX_VECTOR_CHUNK_SIZE changed from 10 to 7
benchmark daxpy for hpx runtime created
chunk size: 7
vector threshold: 1000
daxpy benchmark for hpx finished for 1 threads
daxpy benchmark for hpx finished for 2 threads
daxpy benchmark for hpx finished for 3 threads
daxpy benchmark for hpx finished for 4 threads
daxpy benchmark for hpx finished for 5 threads
daxpy benchmark for hpx finished for 6 threads
daxpy benchmark for hpx finished for 7 threads
daxpy benchmark for hpx finished for 8 threads
daxpy benchmark for hpx finished for 9 threads
daxpy benchmark for hpx finished for 10 threads
daxpy benchmark for hpx finished for 11 threads
daxpy benchmark for hpx finished for 12 threads
daxpy benchmark for hpx finished for 13 threads
daxpy benchmark for hpx finished for 14 threads
daxpy benchmark for hpx finished for 15 threads
daxpy benchmark for hpx finished for 16 threads
hpx config file was reset to original values 1000,10,8
BLAZE_HPX_VECTOR_CHUNK_SIZE changed from 10 to 70
benchmark daxpy for hpx runtime created
chunk size: 70
vector threshold: 1000
daxpy benchmark for hpx finished for 1 threads
daxpy benchmark for hpx finished for 2 threads
daxpy benchmark for hpx finished for 3 threads
daxpy benchmark for hpx finished for 4 threads
daxpy benchmark for hpx finished for 5 threads
daxpy benchmark for hpx finished for 6 threads
daxpy benchmark for hpx finished for 7 threads
daxpy benchmark for hpx finished for 8 threads
daxpy benchmark for hpx finished for 9 threads
daxpy benchmark for hpx finished for 10 threads
daxpy benchmark for hpx finished for 11 threads
daxpy benchmark for hpx finished for 12 threads
daxpy benchmark for hpx finished for 13 threads
daxpy benchmark for hpx finished for 14 threads
daxpy benchmark for hpx finished for 15 threads
daxpy benchmark for hpx finished for 16 threads
hpx config file was reset to original values 1000,10,8
BLAZE_HPX_VECTOR_CHUNK_SIZE changed from 10 to 700
benchmark daxpy for hpx runtime created
chunk size: 700
vector threshold: 1000
daxpy benchmark for hpx finished for 1 threads
daxpy benchmark for hpx finished for 2 threads
daxpy benchmark for hpx finished for 3 threads
daxpy benchmark for hpx finished for 4 threads
daxpy benchmark for hpx finished for 5 threads
daxpy benchmark for hpx finished for 6 threads
daxpy benchmark for hpx finished for 7 threads
daxpy benchmark for hpx finished for 8 threads
daxpy benchmark for hpx finished for 9 threads
daxpy benchmark for hpx finished for 10 threads
daxpy benchmark for hpx finished for 11 threads
daxpy benchmark for hpx finished for 12 threads
daxpy benchmark for hpx finished for 13 threads
daxpy benchmark for hpx finished for 14 threads
daxpy benchmark for hpx finished for 15 threads
daxpy benchmark for hpx finished for 16 threads
hpx config file was reset to original values 1000,10,8
BLAZE_HPX_VECTOR_CHUNK_SIZE changed from 10 to 7000
benchmark daxpy for hpx runtime created
chunk size: 7000
vector threshold: 1000
daxpy benchmark for hpx finished for 1 threads
daxpy benchmark for hpx finished for 2 threads
daxpy benchmark for hpx finished for 3 threads
daxpy benchmark for hpx finished for 4 threads
daxpy benchmark for hpx finished for 5 threads
daxpy benchmark for hpx finished for 6 threads
daxpy benchmark for hpx finished for 7 threads
daxpy benchmark for hpx finished for 8 threads
daxpy benchmark for hpx finished for 9 threads
daxpy benchmark for hpx finished for 10 threads
daxpy benchmark for hpx finished for 11 threads
daxpy benchmark for hpx finished for 12 threads
daxpy benchmark for hpx finished for 13 threads
daxpy benchmark for hpx finished for 14 threads
daxpy benchmark for hpx finished for 15 threads
daxpy benchmark for hpx finished for 16 threads
hpx config file was reset to original values 1000,10,8
BLAZE_HPX_VECTOR_CHUNK_SIZE changed from 10 to 8
benchmark daxpy for hpx runtime created
chunk size: 8
vector threshold: 1000
daxpy benchmark for hpx finished for 1 threads
daxpy benchmark for hpx finished for 2 threads
daxpy benchmark for hpx finished for 3 threads
daxpy benchmark for hpx finished for 4 threads
daxpy benchmark for hpx finished for 5 threads
daxpy benchmark for hpx finished for 6 threads
daxpy benchmark for hpx finished for 7 threads
daxpy benchmark for hpx finished for 8 threads
daxpy benchmark for hpx finished for 9 threads
daxpy benchmark for hpx finished for 10 threads
daxpy benchmark for hpx finished for 11 threads
daxpy benchmark for hpx finished for 12 threads
daxpy benchmark for hpx finished for 13 threads
daxpy benchmark for hpx finished for 14 threads
daxpy benchmark for hpx finished for 15 threads
daxpy benchmark for hpx finished for 16 threads
hpx config file was reset to original values 1000,10,8
BLAZE_HPX_VECTOR_CHUNK_SIZE changed from 10 to 80
benchmark daxpy for hpx runtime created
chunk size: 80
vector threshold: 1000
daxpy benchmark for hpx finished for 1 threads
daxpy benchmark for hpx finished for 2 threads
daxpy benchmark for hpx finished for 3 threads
daxpy benchmark for hpx finished for 4 threads
daxpy benchmark for hpx finished for 5 threads
daxpy benchmark for hpx finished for 6 threads
daxpy benchmark for hpx finished for 7 threads
daxpy benchmark for hpx finished for 8 threads
daxpy benchmark for hpx finished for 9 threads
daxpy benchmark for hpx finished for 10 threads
daxpy benchmark for hpx finished for 11 threads
daxpy benchmark for hpx finished for 12 threads
daxpy benchmark for hpx finished for 13 threads
daxpy benchmark for hpx finished for 14 threads
daxpy benchmark for hpx finished for 15 threads
daxpy benchmark for hpx finished for 16 threads
hpx config file was reset to original values 1000,10,8
BLAZE_HPX_VECTOR_CHUNK_SIZE changed from 10 to 800
benchmark daxpy for hpx runtime created
chunk size: 800
vector threshold: 1000
daxpy benchmark for hpx finished for 1 threads
daxpy benchmark for hpx finished for 2 threads
daxpy benchmark for hpx finished for 3 threads
daxpy benchmark for hpx finished for 4 threads
daxpy benchmark for hpx finished for 5 threads
daxpy benchmark for hpx finished for 6 threads
daxpy benchmark for hpx finished for 7 threads
daxpy benchmark for hpx finished for 8 threads
daxpy benchmark for hpx finished for 9 threads
daxpy benchmark for hpx finished for 10 threads
daxpy benchmark for hpx finished for 11 threads
daxpy benchmark for hpx finished for 12 threads
daxpy benchmark for hpx finished for 13 threads
daxpy benchmark for hpx finished for 14 threads
daxpy benchmark for hpx finished for 15 threads
daxpy benchmark for hpx finished for 16 threads
hpx config file was reset to original values 1000,10,8
BLAZE_HPX_VECTOR_CHUNK_SIZE changed from 10 to 9
benchmark daxpy for hpx runtime created
chunk size: 9
vector threshold: 1000
daxpy benchmark for hpx finished for 1 threads
daxpy benchmark for hpx finished for 2 threads
daxpy benchmark for hpx finished for 3 threads
daxpy benchmark for hpx finished for 4 threads
daxpy benchmark for hpx finished for 5 threads
daxpy benchmark for hpx finished for 6 threads
daxpy benchmark for hpx finished for 7 threads
daxpy benchmark for hpx finished for 8 threads
daxpy benchmark for hpx finished for 9 threads
daxpy benchmark for hpx finished for 10 threads
daxpy benchmark for hpx finished for 11 threads
daxpy benchmark for hpx finished for 12 threads
daxpy benchmark for hpx finished for 13 threads
daxpy benchmark for hpx finished for 14 threads
daxpy benchmark for hpx finished for 15 threads
daxpy benchmark for hpx finished for 16 threads
hpx config file was reset to original values 1000,10,8
BLAZE_HPX_VECTOR_CHUNK_SIZE changed from 10 to 90
benchmark daxpy for hpx runtime created
chunk size: 90
vector threshold: 1000
daxpy benchmark for hpx finished for 1 threads
daxpy benchmark for hpx finished for 2 threads
daxpy benchmark for hpx finished for 3 threads
daxpy benchmark for hpx finished for 4 threads
daxpy benchmark for hpx finished for 5 threads
daxpy benchmark for hpx finished for 6 threads
daxpy benchmark for hpx finished for 7 threads
daxpy benchmark for hpx finished for 8 threads
daxpy benchmark for hpx finished for 9 threads
daxpy benchmark for hpx finished for 10 threads
daxpy benchmark for hpx finished for 11 threads
daxpy benchmark for hpx finished for 12 threads
daxpy benchmark for hpx finished for 13 threads
daxpy benchmark for hpx finished for 14 threads
daxpy benchmark for hpx finished for 15 threads
daxpy benchmark for hpx finished for 16 threads
hpx config file was reset to original values 1000,10,8
BLAZE_HPX_VECTOR_CHUNK_SIZE changed from 10 to 900
benchmark daxpy for hpx runtime created
chunk size: 900
vector threshold: 1000
daxpy benchmark for hpx finished for 1 threads
daxpy benchmark for hpx finished for 2 threads
daxpy benchmark for hpx finished for 3 threads
daxpy benchmark for hpx finished for 4 threads
daxpy benchmark for hpx finished for 5 threads
daxpy benchmark for hpx finished for 6 threads
daxpy benchmark for hpx finished for 7 threads
daxpy benchmark for hpx finished for 8 threads
daxpy benchmark for hpx finished for 9 threads
daxpy benchmark for hpx finished for 10 threads
daxpy benchmark for hpx finished for 11 threads
daxpy benchmark for hpx finished for 12 threads
daxpy benchmark for hpx finished for 13 threads
daxpy benchmark for hpx finished for 14 threads
daxpy benchmark for hpx finished for 15 threads
daxpy benchmark for hpx finished for 16 threads
hpx config file was reset to original values 1000,10,8
BLAZE_HPX_VECTOR_CHUNK_SIZE changed from 10 to 1
benchmark daxpy for hpx runtime created
chunk size: 1
vector threshold: 1000
daxpy benchmark for hpx finished for 1 threads
daxpy benchmark for hpx finished for 2 threads
daxpy benchmark for hpx finished for 3 threads
daxpy benchmark for hpx finished for 4 threads
daxpy benchmark for hpx finished for 5 threads
daxpy benchmark for hpx finished for 6 threads
daxpy benchmark for hpx finished for 7 threads
daxpy benchmark for hpx finished for 8 threads
 Blaze kernel 'daxpy': Time deviation too large!!!
daxpy benchmark for hpx finished for 9 threads
 Blaze kernel 'daxpy': Time deviation too large!!!
daxpy benchmark for hpx finished for 10 threads
 Blaze kernel 'daxpy': Time deviation too large!!!
daxpy benchmark for hpx finished for 11 threads
 Blaze kernel 'daxpy': Time deviation too large!!!
daxpy benchmark for hpx finished for 12 threads
 Blaze kernel 'daxpy': Time deviation too large!!!
daxpy benchmark for hpx finished for 13 threads
 Blaze kernel 'daxpy': Time deviation too large!!!
daxpy benchmark for hpx finished for 14 threads
 Blaze kernel 'daxpy': Time deviation too large!!!
daxpy benchmark for hpx finished for 15 threads
 Blaze kernel 'daxpy': Time deviation too large!!!
daxpy benchmark for hpx finished for 16 threads
hpx config file was reset to original values 1000,10,8
BLAZE_HPX_VECTOR_CHUNK_SIZE changed from 10 to 10
benchmark daxpy for hpx runtime created
chunk size: 10
vector threshold: 1000
daxpy benchmark for hpx finished for 1 threads
daxpy benchmark for hpx finished for 2 threads
daxpy benchmark for hpx finished for 3 threads
daxpy benchmark for hpx finished for 4 threads
daxpy benchmark for hpx finished for 5 threads
daxpy benchmark for hpx finished for 6 threads
daxpy benchmark for hpx finished for 7 threads
daxpy benchmark for hpx finished for 8 threads
daxpy benchmark for hpx finished for 9 threads
daxpy benchmark for hpx finished for 10 threads
 Blaze kernel 'daxpy': Time deviation too large!!!
daxpy benchmark for hpx finished for 11 threads
 Blaze kernel 'daxpy': Time deviation too large!!!
daxpy benchmark for hpx finished for 12 threads
 Blaze kernel 'daxpy': Time deviation too large!!!
daxpy benchmark for hpx finished for 13 threads
 Blaze kernel 'daxpy': Time deviation too large!!!
daxpy benchmark for hpx finished for 14 threads
 Blaze kernel 'daxpy': Time deviation too large!!!
daxpy benchmark for hpx finished for 15 threads
 Blaze kernel 'daxpy': Time deviation too large!!!
daxpy benchmark for hpx finished for 16 threads
hpx config file was reset to original values 1000,10,8
BLAZE_HPX_VECTOR_CHUNK_SIZE changed from 10 to 100
benchmark daxpy for hpx runtime created
chunk size: 100
vector threshold: 1000
daxpy benchmark for hpx finished for 1 threads
daxpy benchmark for hpx finished for 2 threads
daxpy benchmark for hpx finished for 3 threads
daxpy benchmark for hpx finished for 4 threads
daxpy benchmark for hpx finished for 5 threads
daxpy benchmark for hpx finished for 6 threads
daxpy benchmark for hpx finished for 7 threads
daxpy benchmark for hpx finished for 8 threads
daxpy benchmark for hpx finished for 9 threads
 Blaze kernel 'daxpy': Time deviation too large!!!
daxpy benchmark for hpx finished for 10 threads
daxpy benchmark for hpx finished for 11 threads
 Blaze kernel 'daxpy': Time deviation too large!!!
daxpy benchmark for hpx finished for 12 threads
 Blaze kernel 'daxpy': Time deviation too large!!!
daxpy benchmark for hpx finished for 13 threads
 Blaze kernel 'daxpy': Time deviation too large!!!
daxpy benchmark for hpx finished for 14 threads
 Blaze kernel 'daxpy': Time deviation too large!!!
daxpy benchmark for hpx finished for 15 threads
 Blaze kernel 'daxpy': Time deviation too large!!!
daxpy benchmark for hpx finished for 16 threads
hpx config file was reset to original values 1000,10,8
BLAZE_HPX_VECTOR_CHUNK_SIZE changed from 10 to 1000
benchmark daxpy for hpx runtime created
chunk size: 1000
vector threshold: 1000
daxpy benchmark for hpx finished for 1 threads
daxpy benchmark for hpx finished for 2 threads
daxpy benchmark for hpx finished for 3 threads
daxpy benchmark for hpx finished for 4 threads
daxpy benchmark for hpx finished for 5 threads
daxpy benchmark for hpx finished for 6 threads
daxpy benchmark for hpx finished for 7 threads
daxpy benchmark for hpx finished for 8 threads
daxpy benchmark for hpx finished for 9 threads
 Blaze kernel 'daxpy': Time deviation too large!!!
daxpy benchmark for hpx finished for 10 threads
daxpy benchmark for hpx finished for 11 threads
 Blaze kernel 'daxpy': Time deviation too large!!!
daxpy benchmark for hpx finished for 12 threads
 Blaze kernel 'daxpy': Time deviation too large!!!
daxpy benchmark for hpx finished for 13 threads
 Blaze kernel 'daxpy': Time deviation too large!!!
daxpy benchmark for hpx finished for 14 threads
 Blaze kernel 'daxpy': Time deviation too large!!!
daxpy benchmark for hpx finished for 15 threads
 Blaze kernel 'daxpy': Time deviation too large!!!
daxpy benchmark for hpx finished for 16 threads
hpx config file was reset to original values 1000,10,8
BLAZE_HPX_VECTOR_CHUNK_SIZE changed from 10 to 10000
benchmark daxpy for hpx runtime created
chunk size: 10000
vector threshold: 1000
daxpy benchmark for hpx finished for 1 threads
daxpy benchmark for hpx finished for 2 threads
daxpy benchmark for hpx finished for 3 threads
daxpy benchmark for hpx finished for 4 threads
daxpy benchmark for hpx finished for 5 threads
daxpy benchmark for hpx finished for 6 threads
daxpy benchmark for hpx finished for 7 threads
daxpy benchmark for hpx finished for 8 threads
daxpy benchmark for hpx finished for 9 threads
 Blaze kernel 'daxpy': Time deviation too large!!!
daxpy benchmark for hpx finished for 10 threads
daxpy benchmark for hpx finished for 11 threads
 Blaze kernel 'daxpy': Time deviation too large!!!
daxpy benchmark for hpx finished for 12 threads
 Blaze kernel 'daxpy': Time deviation too large!!!
daxpy benchmark for hpx finished for 13 threads
 Blaze kernel 'daxpy': Time deviation too large!!!
daxpy benchmark for hpx finished for 14 threads
 Blaze kernel 'daxpy': Time deviation too large!!!
daxpy benchmark for hpx finished for 15 threads
 Blaze kernel 'daxpy': Time deviation too large!!!
daxpy benchmark for hpx finished for 16 threads
hpx config file was reset to original values 1000,10,8
BLAZE_HPX_VECTOR_CHUNK_SIZE changed from 10 to 2
benchmark daxpy for hpx runtime created
chunk size: 2
vector threshold: 1000
daxpy benchmark for hpx finished for 1 threads
daxpy benchmark for hpx finished for 2 threads
daxpy benchmark for hpx finished for 3 threads
daxpy benchmark for hpx finished for 4 threads
daxpy benchmark for hpx finished for 5 threads
daxpy benchmark for hpx finished for 6 threads
daxpy benchmark for hpx finished for 7 threads
daxpy benchmark for hpx finished for 8 threads
daxpy benchmark for hpx finished for 9 threads
daxpy benchmark for hpx finished for 10 threads
daxpy benchmark for hpx finished for 11 threads
 Blaze kernel 'daxpy': Time deviation too large!!!
daxpy benchmark for hpx finished for 12 threads
 Blaze kernel 'daxpy': Time deviation too large!!!
daxpy benchmark for hpx finished for 13 threads
 Blaze kernel 'daxpy': Time deviation too large!!!
daxpy benchmark for hpx finished for 14 threads
 Blaze kernel 'daxpy': Time deviation too large!!!
daxpy benchmark for hpx finished for 15 threads
 Blaze kernel 'daxpy': Time deviation too large!!!
daxpy benchmark for hpx finished for 16 threads
hpx config file was reset to original values 1000,10,8
BLAZE_HPX_VECTOR_CHUNK_SIZE changed from 10 to 20
benchmark daxpy for hpx runtime created
chunk size: 20
vector threshold: 1000
daxpy benchmark for hpx finished for 1 threads
daxpy benchmark for hpx finished for 2 threads
daxpy benchmark for hpx finished for 3 threads
daxpy benchmark for hpx finished for 4 threads
daxpy benchmark for hpx finished for 5 threads
daxpy benchmark for hpx finished for 6 threads
daxpy benchmark for hpx finished for 7 threads
daxpy benchmark for hpx finished for 8 threads
daxpy benchmark for hpx finished for 9 threads
 Blaze kernel 'daxpy': Time deviation too large!!!
daxpy benchmark for hpx finished for 10 threads
daxpy benchmark for hpx finished for 11 threads
 Blaze kernel 'daxpy': Time deviation too large!!!
daxpy benchmark for hpx finished for 12 threads
 Blaze kernel 'daxpy': Time deviation too large!!!
daxpy benchmark for hpx finished for 13 threads
 Blaze kernel 'daxpy': Time deviation too large!!!
daxpy benchmark for hpx finished for 14 threads
 Blaze kernel 'daxpy': Time deviation too large!!!
daxpy benchmark for hpx finished for 15 threads
 Blaze kernel 'daxpy': Time deviation too large!!!
daxpy benchmark for hpx finished for 16 threads
hpx config file was reset to original values 1000,10,8
BLAZE_HPX_VECTOR_CHUNK_SIZE changed from 10 to 200
benchmark daxpy for hpx runtime created
chunk size: 200
vector threshold: 1000
daxpy benchmark for hpx finished for 1 threads
daxpy benchmark for hpx finished for 2 threads
daxpy benchmark for hpx finished for 3 threads
daxpy benchmark for hpx finished for 4 threads
daxpy benchmark for hpx finished for 5 threads
daxpy benchmark for hpx finished for 6 threads
daxpy benchmark for hpx finished for 7 threads
daxpy benchmark for hpx finished for 8 threads
daxpy benchmark for hpx finished for 9 threads
 Blaze kernel 'daxpy': Time deviation too large!!!
daxpy benchmark for hpx finished for 10 threads
daxpy benchmark for hpx finished for 11 threads
 Blaze kernel 'daxpy': Time deviation too large!!!
daxpy benchmark for hpx finished for 12 threads
 Blaze kernel 'daxpy': Time deviation too large!!!
daxpy benchmark for hpx finished for 13 threads
 Blaze kernel 'daxpy': Time deviation too large!!!
daxpy benchmark for hpx finished for 14 threads
 Blaze kernel 'daxpy': Time deviation too large!!!
daxpy benchmark for hpx finished for 15 threads
 Blaze kernel 'daxpy': Time deviation too large!!!
daxpy benchmark for hpx finished for 16 threads
hpx config file was reset to original values 1000,10,8
BLAZE_HPX_VECTOR_CHUNK_SIZE changed from 10 to 2000
benchmark daxpy for hpx runtime created
chunk size: 2000
vector threshold: 1000
daxpy benchmark for hpx finished for 1 threads
daxpy benchmark for hpx finished for 2 threads
daxpy benchmark for hpx finished for 3 threads
daxpy benchmark for hpx finished for 4 threads
daxpy benchmark for hpx finished for 5 threads
daxpy benchmark for hpx finished for 6 threads
daxpy benchmark for hpx finished for 7 threads
daxpy benchmark for hpx finished for 8 threads
daxpy benchmark for hpx finished for 9 threads
 Blaze kernel 'daxpy': Time deviation too large!!!
daxpy benchmark for hpx finished for 10 threads
 Blaze kernel 'daxpy': Time deviation too large!!!
daxpy benchmark for hpx finished for 11 threads
 Blaze kernel 'daxpy': Time deviation too large!!!
daxpy benchmark for hpx finished for 12 threads
 Blaze kernel 'daxpy': Time deviation too large!!!
daxpy benchmark for hpx finished for 13 threads
 Blaze kernel 'daxpy': Time deviation too large!!!
daxpy benchmark for hpx finished for 14 threads
 Blaze kernel 'daxpy': Time deviation too large!!!
daxpy benchmark for hpx finished for 15 threads
 Blaze kernel 'daxpy': Time deviation too large!!!
daxpy benchmark for hpx finished for 16 threads
hpx config file was reset to original values 1000,10,8
BLAZE_HPX_VECTOR_CHUNK_SIZE changed from 10 to 20000
benchmark daxpy for hpx runtime created
chunk size: 20000
vector threshold: 1000
daxpy benchmark for hpx finished for 1 threads
daxpy benchmark for hpx finished for 2 threads
daxpy benchmark for hpx finished for 3 threads
daxpy benchmark for hpx finished for 4 threads
daxpy benchmark for hpx finished for 5 threads
daxpy benchmark for hpx finished for 6 threads
daxpy benchmark for hpx finished for 7 threads
daxpy benchmark for hpx finished for 8 threads
daxpy benchmark for hpx finished for 9 threads
daxpy benchmark for hpx finished for 10 threads
daxpy benchmark for hpx finished for 11 threads
 Blaze kernel 'daxpy': Time deviation too large!!!
daxpy benchmark for hpx finished for 12 threads
 Blaze kernel 'daxpy': Time deviation too large!!!
daxpy benchmark for hpx finished for 13 threads
 Blaze kernel 'daxpy': Time deviation too large!!!
daxpy benchmark for hpx finished for 14 threads
 Blaze kernel 'daxpy': Time deviation too large!!!
daxpy benchmark for hpx finished for 15 threads
 Blaze kernel 'daxpy': Time deviation too large!!!
daxpy benchmark for hpx finished for 16 threads
hpx config file was reset to original values 1000,10,8
BLAZE_HPX_VECTOR_CHUNK_SIZE changed from 10 to 3
benchmark daxpy for hpx runtime created
chunk size: 3
vector threshold: 1000
daxpy benchmark for hpx finished for 1 threads
daxpy benchmark for hpx finished for 2 threads
daxpy benchmark for hpx finished for 3 threads
daxpy benchmark for hpx finished for 4 threads
daxpy benchmark for hpx finished for 5 threads
daxpy benchmark for hpx finished for 6 threads
daxpy benchmark for hpx finished for 7 threads
daxpy benchmark for hpx finished for 8 threads
daxpy benchmark for hpx finished for 9 threads
 Blaze kernel 'daxpy': Time deviation too large!!!
daxpy benchmark for hpx finished for 10 threads
daxpy benchmark for hpx finished for 11 threads
 Blaze kernel 'daxpy': Time deviation too large!!!
daxpy benchmark for hpx finished for 12 threads
 Blaze kernel 'daxpy': Time deviation too large!!!
daxpy benchmark for hpx finished for 13 threads
 Blaze kernel 'daxpy': Time deviation too large!!!
daxpy benchmark for hpx finished for 14 threads
 Blaze kernel 'daxpy': Time deviation too large!!!
daxpy benchmark for hpx finished for 15 threads
 Blaze kernel 'daxpy': Time deviation too large!!!
daxpy benchmark for hpx finished for 16 threads
hpx config file was reset to original values 1000,10,8
BLAZE_HPX_VECTOR_CHUNK_SIZE changed from 10 to 30
benchmark daxpy for hpx runtime created
chunk size: 30
vector threshold: 1000
daxpy benchmark for hpx finished for 1 threads
daxpy benchmark for hpx finished for 2 threads
daxpy benchmark for hpx finished for 3 threads
daxpy benchmark for hpx finished for 4 threads
daxpy benchmark for hpx finished for 5 threads
daxpy benchmark for hpx finished for 6 threads
daxpy benchmark for hpx finished for 7 threads
daxpy benchmark for hpx finished for 8 threads
daxpy benchmark for hpx finished for 9 threads
 Blaze kernel 'daxpy': Time deviation too large!!!
daxpy benchmark for hpx finished for 10 threads
 Blaze kernel 'daxpy': Time deviation too large!!!
daxpy benchmark for hpx finished for 11 threads
daxpy benchmark for hpx finished for 12 threads
 Blaze kernel 'daxpy': Time deviation too large!!!
daxpy benchmark for hpx finished for 13 threads
 Blaze kernel 'daxpy': Time deviation too large!!!
daxpy benchmark for hpx finished for 14 threads
 Blaze kernel 'daxpy': Time deviation too large!!!
daxpy benchmark for hpx finished for 15 threads
 Blaze kernel 'daxpy': Time deviation too large!!!
daxpy benchmark for hpx finished for 16 threads
hpx config file was reset to original values 1000,10,8
BLAZE_HPX_VECTOR_CHUNK_SIZE changed from 10 to 300
benchmark daxpy for hpx runtime created
chunk size: 300
vector threshold: 1000
daxpy benchmark for hpx finished for 1 threads
daxpy benchmark for hpx finished for 2 threads
daxpy benchmark for hpx finished for 3 threads
daxpy benchmark for hpx finished for 4 threads
daxpy benchmark for hpx finished for 5 threads
daxpy benchmark for hpx finished for 6 threads
daxpy benchmark for hpx finished for 7 threads
daxpy benchmark for hpx finished for 8 threads
 Blaze kernel 'daxpy': Time deviation too large!!!
daxpy benchmark for hpx finished for 9 threads
 Blaze kernel 'daxpy': Time deviation too large!!!
daxpy benchmark for hpx finished for 10 threads
 Blaze kernel 'daxpy': Time deviation too large!!!
daxpy benchmark for hpx finished for 11 threads
 Blaze kernel 'daxpy': Time deviation too large!!!
daxpy benchmark for hpx finished for 12 threads
 Blaze kernel 'daxpy': Time deviation too large!!!
daxpy benchmark for hpx finished for 13 threads
 Blaze kernel 'daxpy': Time deviation too large!!!
daxpy benchmark for hpx finished for 14 threads
 Blaze kernel 'daxpy': Time deviation too large!!!
daxpy benchmark for hpx finished for 15 threads
 Blaze kernel 'daxpy': Time deviation too large!!!
daxpy benchmark for hpx finished for 16 threads
hpx config file was reset to original values 1000,10,8
BLAZE_HPX_VECTOR_CHUNK_SIZE changed from 10 to 3000
benchmark daxpy for hpx runtime created
chunk size: 3000
vector threshold: 1000
daxpy benchmark for hpx finished for 1 threads
daxpy benchmark for hpx finished for 2 threads
daxpy benchmark for hpx finished for 3 threads
daxpy benchmark for hpx finished for 4 threads
daxpy benchmark for hpx finished for 5 threads
daxpy benchmark for hpx finished for 6 threads
daxpy benchmark for hpx finished for 7 threads
daxpy benchmark for hpx finished for 8 threads
daxpy benchmark for hpx finished for 9 threads
 Blaze kernel 'daxpy': Time deviation too large!!!
daxpy benchmark for hpx finished for 10 threads
 Blaze kernel 'daxpy': Time deviation too large!!!
daxpy benchmark for hpx finished for 11 threads
 Blaze kernel 'daxpy': Time deviation too large!!!
daxpy benchmark for hpx finished for 12 threads
 Blaze kernel 'daxpy': Time deviation too large!!!
daxpy benchmark for hpx finished for 13 threads
 Blaze kernel 'daxpy': Time deviation too large!!!
daxpy benchmark for hpx finished for 14 threads
 Blaze kernel 'daxpy': Time deviation too large!!!
daxpy benchmark for hpx finished for 15 threads
 Blaze kernel 'daxpy': Time deviation too large!!!
daxpy benchmark for hpx finished for 16 threads
hpx config file was reset to original values 1000,10,8
BLAZE_HPX_VECTOR_CHUNK_SIZE changed from 10 to 30000
benchmark daxpy for hpx runtime created
chunk size: 30000
vector threshold: 1000
daxpy benchmark for hpx finished for 1 threads
daxpy benchmark for hpx finished for 2 threads
daxpy benchmark for hpx finished for 3 threads
daxpy benchmark for hpx finished for 4 threads
daxpy benchmark for hpx finished for 5 threads
daxpy benchmark for hpx finished for 6 threads
daxpy benchmark for hpx finished for 7 threads
daxpy benchmark for hpx finished for 8 threads
 Blaze kernel 'daxpy': Time deviation too large!!!
daxpy benchmark for hpx finished for 9 threads
daxpy benchmark for hpx finished for 10 threads
 Blaze kernel 'daxpy': Time deviation too large!!!
daxpy benchmark for hpx finished for 11 threads
 Blaze kernel 'daxpy': Time deviation too large!!!
daxpy benchmark for hpx finished for 12 threads
 Blaze kernel 'daxpy': Time deviation too large!!!
daxpy benchmark for hpx finished for 13 threads
daxpy benchmark for hpx finished for 14 threads
 Blaze kernel 'daxpy': Time deviation too large!!!
daxpy benchmark for hpx finished for 15 threads
 Blaze kernel 'daxpy': Time deviation too large!!!
daxpy benchmark for hpx finished for 16 threads
hpx config file was reset to original values 1000,10,8
BLAZE_HPX_VECTOR_CHUNK_SIZE changed from 10 to 4
benchmark daxpy for hpx runtime created
chunk size: 4
vector threshold: 1000
daxpy benchmark for hpx finished for 1 threads
daxpy benchmark for hpx finished for 2 threads
daxpy benchmark for hpx finished for 3 threads
daxpy benchmark for hpx finished for 4 threads
daxpy benchmark for hpx finished for 5 threads
daxpy benchmark for hpx finished for 6 threads
daxpy benchmark for hpx finished for 7 threads
daxpy benchmark for hpx finished for 8 threads
daxpy benchmark for hpx finished for 9 threads
daxpy benchmark for hpx finished for 10 threads
 Blaze kernel 'daxpy': Time deviation too large!!!
daxpy benchmark for hpx finished for 11 threads
 Blaze kernel 'daxpy': Time deviation too large!!!
daxpy benchmark for hpx finished for 12 threads
 Blaze kernel 'daxpy': Time deviation too large!!!
daxpy benchmark for hpx finished for 13 threads
 Blaze kernel 'daxpy': Time deviation too large!!!
daxpy benchmark for hpx finished for 14 threads
 Blaze kernel 'daxpy': Time deviation too large!!!
daxpy benchmark for hpx finished for 15 threads
 Blaze kernel 'daxpy': Time deviation too large!!!
daxpy benchmark for hpx finished for 16 threads
hpx config file was reset to original values 1000,10,8
BLAZE_HPX_VECTOR_CHUNK_SIZE changed from 10 to 40
benchmark daxpy for hpx runtime created
chunk size: 40
vector threshold: 1000
daxpy benchmark for hpx finished for 1 threads
daxpy benchmark for hpx finished for 2 threads
daxpy benchmark for hpx finished for 3 threads
daxpy benchmark for hpx finished for 4 threads
daxpy benchmark for hpx finished for 5 threads
daxpy benchmark for hpx finished for 6 threads
daxpy benchmark for hpx finished for 7 threads
daxpy benchmark for hpx finished for 8 threads
daxpy benchmark for hpx finished for 9 threads
 Blaze kernel 'daxpy': Time deviation too large!!!
daxpy benchmark for hpx finished for 10 threads
 Blaze kernel 'daxpy': Time deviation too large!!!
daxpy benchmark for hpx finished for 11 threads
 Blaze kernel 'daxpy': Time deviation too large!!!
daxpy benchmark for hpx finished for 12 threads
 Blaze kernel 'daxpy': Time deviation too large!!!
daxpy benchmark for hpx finished for 13 threads
 Blaze kernel 'daxpy': Time deviation too large!!!
daxpy benchmark for hpx finished for 14 threads
 Blaze kernel 'daxpy': Time deviation too large!!!
daxpy benchmark for hpx finished for 15 threads
 Blaze kernel 'daxpy': Time deviation too large!!!
daxpy benchmark for hpx finished for 16 threads
hpx config file was reset to original values 1000,10,8
BLAZE_HPX_VECTOR_CHUNK_SIZE changed from 10 to 400
benchmark daxpy for hpx runtime created
chunk size: 400
vector threshold: 1000
daxpy benchmark for hpx finished for 1 threads
daxpy benchmark for hpx finished for 2 threads
daxpy benchmark for hpx finished for 3 threads
daxpy benchmark for hpx finished for 4 threads
daxpy benchmark for hpx finished for 5 threads
daxpy benchmark for hpx finished for 6 threads
daxpy benchmark for hpx finished for 7 threads
daxpy benchmark for hpx finished for 8 threads
daxpy benchmark for hpx finished for 9 threads
daxpy benchmark for hpx finished for 10 threads
 Blaze kernel 'daxpy': Time deviation too large!!!
daxpy benchmark for hpx finished for 11 threads
 Blaze kernel 'daxpy': Time deviation too large!!!
daxpy benchmark for hpx finished for 12 threads
 Blaze kernel 'daxpy': Time deviation too large!!!
daxpy benchmark for hpx finished for 13 threads
 Blaze kernel 'daxpy': Time deviation too large!!!
daxpy benchmark for hpx finished for 14 threads
 Blaze kernel 'daxpy': Time deviation too large!!!
daxpy benchmark for hpx finished for 15 threads
 Blaze kernel 'daxpy': Time deviation too large!!!
daxpy benchmark for hpx finished for 16 threads
hpx config file was reset to original values 1000,10,8
BLAZE_HPX_VECTOR_CHUNK_SIZE changed from 10 to 4000
benchmark daxpy for hpx runtime created
chunk size: 4000
vector threshold: 1000
daxpy benchmark for hpx finished for 1 threads
daxpy benchmark for hpx finished for 2 threads
daxpy benchmark for hpx finished for 3 threads
daxpy benchmark for hpx finished for 4 threads
daxpy benchmark for hpx finished for 5 threads
daxpy benchmark for hpx finished for 6 threads
daxpy benchmark for hpx finished for 7 threads
daxpy benchmark for hpx finished for 8 threads
daxpy benchmark for hpx finished for 9 threads
 Blaze kernel 'daxpy': Time deviation too large!!!
daxpy benchmark for hpx finished for 10 threads
 Blaze kernel 'daxpy': Time deviation too large!!!
daxpy benchmark for hpx finished for 11 threads
daxpy benchmark for hpx finished for 12 threads
 Blaze kernel 'daxpy': Time deviation too large!!!
daxpy benchmark for hpx finished for 13 threads
 Blaze kernel 'daxpy': Time deviation too large!!!
daxpy benchmark for hpx finished for 14 threads
 Blaze kernel 'daxpy': Time deviation too large!!!
daxpy benchmark for hpx finished for 15 threads
 Blaze kernel 'daxpy': Time deviation too large!!!
daxpy benchmark for hpx finished for 16 threads
hpx config file was reset to original values 1000,10,8
BLAZE_HPX_VECTOR_CHUNK_SIZE changed from 10 to 40000
benchmark daxpy for hpx runtime created
chunk size: 40000
vector threshold: 1000
daxpy benchmark for hpx finished for 1 threads
daxpy benchmark for hpx finished for 2 threads
daxpy benchmark for hpx finished for 3 threads
daxpy benchmark for hpx finished for 4 threads
daxpy benchmark for hpx finished for 5 threads
daxpy benchmark for hpx finished for 6 threads
daxpy benchmark for hpx finished for 7 threads
daxpy benchmark for hpx finished for 8 threads
 Blaze kernel 'daxpy': Time deviation too large!!!
daxpy benchmark for hpx finished for 9 threads
 Blaze kernel 'daxpy': Time deviation too large!!!
daxpy benchmark for hpx finished for 10 threads
 Blaze kernel 'daxpy': Time deviation too large!!!
daxpy benchmark for hpx finished for 11 threads
daxpy benchmark for hpx finished for 12 threads
 Blaze kernel 'daxpy': Time deviation too large!!!
daxpy benchmark for hpx finished for 13 threads
daxpy benchmark for hpx finished for 14 threads
 Blaze kernel 'daxpy': Time deviation too large!!!
daxpy benchmark for hpx finished for 15 threads
 Blaze kernel 'daxpy': Time deviation too large!!!
daxpy benchmark for hpx finished for 16 threads
hpx config file was reset to original values 1000,10,8
BLAZE_HPX_VECTOR_CHUNK_SIZE changed from 10 to 5
benchmark daxpy for hpx runtime created
chunk size: 5
vector threshold: 1000
daxpy benchmark for hpx finished for 1 threads
daxpy benchmark for hpx finished for 2 threads
daxpy benchmark for hpx finished for 3 threads
daxpy benchmark for hpx finished for 4 threads
daxpy benchmark for hpx finished for 5 threads
daxpy benchmark for hpx finished for 6 threads
daxpy benchmark for hpx finished for 7 threads
daxpy benchmark for hpx finished for 8 threads
daxpy benchmark for hpx finished for 9 threads
 Blaze kernel 'daxpy': Time deviation too large!!!
daxpy benchmark for hpx finished for 10 threads
daxpy benchmark for hpx finished for 11 threads
 Blaze kernel 'daxpy': Time deviation too large!!!
daxpy benchmark for hpx finished for 12 threads
 Blaze kernel 'daxpy': Time deviation too large!!!
daxpy benchmark for hpx finished for 13 threads
 Blaze kernel 'daxpy': Time deviation too large!!!
daxpy benchmark for hpx finished for 14 threads
 Blaze kernel 'daxpy': Time deviation too large!!!
daxpy benchmark for hpx finished for 15 threads
 Blaze kernel 'daxpy': Time deviation too large!!!
daxpy benchmark for hpx finished for 16 threads
hpx config file was reset to original values 1000,10,8
BLAZE_HPX_VECTOR_CHUNK_SIZE changed from 10 to 50
benchmark daxpy for hpx runtime created
chunk size: 50
vector threshold: 1000
daxpy benchmark for hpx finished for 1 threads
daxpy benchmark for hpx finished for 2 threads
daxpy benchmark for hpx finished for 3 threads
daxpy benchmark for hpx finished for 4 threads
daxpy benchmark for hpx finished for 5 threads
daxpy benchmark for hpx finished for 6 threads
daxpy benchmark for hpx finished for 7 threads
daxpy benchmark for hpx finished for 8 threads
daxpy benchmark for hpx finished for 9 threads
 Blaze kernel 'daxpy': Time deviation too large!!!
daxpy benchmark for hpx finished for 10 threads
 Blaze kernel 'daxpy': Time deviation too large!!!
daxpy benchmark for hpx finished for 11 threads
 Blaze kernel 'daxpy': Time deviation too large!!!
daxpy benchmark for hpx finished for 12 threads
 Blaze kernel 'daxpy': Time deviation too large!!!
daxpy benchmark for hpx finished for 13 threads
 Blaze kernel 'daxpy': Time deviation too large!!!
daxpy benchmark for hpx finished for 14 threads
 Blaze kernel 'daxpy': Time deviation too large!!!
daxpy benchmark for hpx finished for 15 threads
 Blaze kernel 'daxpy': Time deviation too large!!!
daxpy benchmark for hpx finished for 16 threads
hpx config file was reset to original values 1000,10,8
BLAZE_HPX_VECTOR_CHUNK_SIZE changed from 10 to 500
benchmark daxpy for hpx runtime created
chunk size: 500
vector threshold: 1000
daxpy benchmark for hpx finished for 1 threads
daxpy benchmark for hpx finished for 2 threads
daxpy benchmark for hpx finished for 3 threads
daxpy benchmark for hpx finished for 4 threads
daxpy benchmark for hpx finished for 5 threads
daxpy benchmark for hpx finished for 6 threads
daxpy benchmark for hpx finished for 7 threads
daxpy benchmark for hpx finished for 8 threads
daxpy benchmark for hpx finished for 9 threads
 Blaze kernel 'daxpy': Time deviation too large!!!
daxpy benchmark for hpx finished for 10 threads
 Blaze kernel 'daxpy': Time deviation too large!!!
daxpy benchmark for hpx finished for 11 threads
 Blaze kernel 'daxpy': Time deviation too large!!!
daxpy benchmark for hpx finished for 12 threads
 Blaze kernel 'daxpy': Time deviation too large!!!
daxpy benchmark for hpx finished for 13 threads
 Blaze kernel 'daxpy': Time deviation too large!!!
daxpy benchmark for hpx finished for 14 threads
 Blaze kernel 'daxpy': Time deviation too large!!!
daxpy benchmark for hpx finished for 15 threads
 Blaze kernel 'daxpy': Time deviation too large!!!
daxpy benchmark for hpx finished for 16 threads
hpx config file was reset to original values 1000,10,8
BLAZE_HPX_VECTOR_CHUNK_SIZE changed from 10 to 5000
benchmark daxpy for hpx runtime created
chunk size: 5000
vector threshold: 1000
daxpy benchmark for hpx finished for 1 threads
daxpy benchmark for hpx finished for 2 threads
daxpy benchmark for hpx finished for 3 threads
daxpy benchmark for hpx finished for 4 threads
daxpy benchmark for hpx finished for 5 threads
daxpy benchmark for hpx finished for 6 threads
daxpy benchmark for hpx finished for 7 threads
daxpy benchmark for hpx finished for 8 threads
 Blaze kernel 'daxpy': Time deviation too large!!!
daxpy benchmark for hpx finished for 9 threads
 Blaze kernel 'daxpy': Time deviation too large!!!
daxpy benchmark for hpx finished for 10 threads
daxpy benchmark for hpx finished for 11 threads
daxpy benchmark for hpx finished for 12 threads
daxpy benchmark for hpx finished for 13 threads
 Blaze kernel 'daxpy': Time deviation too large!!!
daxpy benchmark for hpx finished for 14 threads
 Blaze kernel 'daxpy': Time deviation too large!!!
daxpy benchmark for hpx finished for 15 threads
 Blaze kernel 'daxpy': Time deviation too large!!!
daxpy benchmark for hpx finished for 16 threads
hpx config file was reset to original values 1000,10,8
BLAZE_HPX_VECTOR_CHUNK_SIZE changed from 10 to 50000
benchmark daxpy for hpx runtime created
chunk size: 50000
vector threshold: 1000
daxpy benchmark for hpx finished for 1 threads
daxpy benchmark for hpx finished for 2 threads
daxpy benchmark for hpx finished for 3 threads
daxpy benchmark for hpx finished for 4 threads
daxpy benchmark for hpx finished for 5 threads
daxpy benchmark for hpx finished for 6 threads
daxpy benchmark for hpx finished for 7 threads
daxpy benchmark for hpx finished for 8 threads
daxpy benchmark for hpx finished for 9 threads
daxpy benchmark for hpx finished for 10 threads
daxpy benchmark for hpx finished for 11 threads
daxpy benchmark for hpx finished for 12 threads
 Blaze kernel 'daxpy': Time deviation too large!!!
daxpy benchmark for hpx finished for 13 threads
daxpy benchmark for hpx finished for 14 threads
daxpy benchmark for hpx finished for 15 threads
daxpy benchmark for hpx finished for 16 threads
hpx config file was reset to original values 1000,10,8
BLAZE_HPX_VECTOR_CHUNK_SIZE changed from 10 to 6
benchmark daxpy for hpx runtime created
chunk size: 6
vector threshold: 1000
daxpy benchmark for hpx finished for 1 threads
daxpy benchmark for hpx finished for 2 threads
daxpy benchmark for hpx finished for 3 threads
daxpy benchmark for hpx finished for 4 threads
daxpy benchmark for hpx finished for 5 threads
daxpy benchmark for hpx finished for 6 threads
daxpy benchmark for hpx finished for 7 threads
daxpy benchmark for hpx finished for 8 threads
daxpy benchmark for hpx finished for 9 threads
 Blaze kernel 'daxpy': Time deviation too large!!!
daxpy benchmark for hpx finished for 10 threads
daxpy benchmark for hpx finished for 11 threads
 Blaze kernel 'daxpy': Time deviation too large!!!
daxpy benchmark for hpx finished for 12 threads
 Blaze kernel 'daxpy': Time deviation too large!!!
daxpy benchmark for hpx finished for 13 threads
 Blaze kernel 'daxpy': Time deviation too large!!!
daxpy benchmark for hpx finished for 14 threads
 Blaze kernel 'daxpy': Time deviation too large!!!
daxpy benchmark for hpx finished for 15 threads
 Blaze kernel 'daxpy': Time deviation too large!!!
daxpy benchmark for hpx finished for 16 threads
hpx config file was reset to original values 1000,10,8
BLAZE_HPX_VECTOR_CHUNK_SIZE changed from 10 to 60
benchmark daxpy for hpx runtime created
chunk size: 60
vector threshold: 1000
daxpy benchmark for hpx finished for 1 threads
daxpy benchmark for hpx finished for 2 threads
daxpy benchmark for hpx finished for 3 threads
daxpy benchmark for hpx finished for 4 threads
daxpy benchmark for hpx finished for 5 threads
daxpy benchmark for hpx finished for 6 threads
daxpy benchmark for hpx finished for 7 threads
daxpy benchmark for hpx finished for 8 threads
daxpy benchmark for hpx finished for 9 threads
 Blaze kernel 'daxpy': Time deviation too large!!!
daxpy benchmark for hpx finished for 10 threads
 Blaze kernel 'daxpy': Time deviation too large!!!
daxpy benchmark for hpx finished for 11 threads
 Blaze kernel 'daxpy': Time deviation too large!!!
daxpy benchmark for hpx finished for 12 threads
 Blaze kernel 'daxpy': Time deviation too large!!!
daxpy benchmark for hpx finished for 13 threads
 Blaze kernel 'daxpy': Time deviation too large!!!
daxpy benchmark for hpx finished for 14 threads
 Blaze kernel 'daxpy': Time deviation too large!!!
daxpy benchmark for hpx finished for 15 threads
 Blaze kernel 'daxpy': Time deviation too large!!!
daxpy benchmark for hpx finished for 16 threads
hpx config file was reset to original values 1000,10,8
BLAZE_HPX_VECTOR_CHUNK_SIZE changed from 10 to 600
benchmark daxpy for hpx runtime created
chunk size: 600
vector threshold: 1000
daxpy benchmark for hpx finished for 1 threads
daxpy benchmark for hpx finished for 2 threads
daxpy benchmark for hpx finished for 3 threads
daxpy benchmark for hpx finished for 4 threads
daxpy benchmark for hpx finished for 5 threads
daxpy benchmark for hpx finished for 6 threads
daxpy benchmark for hpx finished for 7 threads
daxpy benchmark for hpx finished for 8 threads
 Blaze kernel 'daxpy': Time deviation too large!!!
daxpy benchmark for hpx finished for 9 threads
 Blaze kernel 'daxpy': Time deviation too large!!!
daxpy benchmark for hpx finished for 10 threads
 Blaze kernel 'daxpy': Time deviation too large!!!
daxpy benchmark for hpx finished for 11 threads
 Blaze kernel 'daxpy': Time deviation too large!!!
daxpy benchmark for hpx finished for 12 threads
 Blaze kernel 'daxpy': Time deviation too large!!!
daxpy benchmark for hpx finished for 13 threads
 Blaze kernel 'daxpy': Time deviation too large!!!
daxpy benchmark for hpx finished for 14 threads
 Blaze kernel 'daxpy': Time deviation too large!!!
daxpy benchmark for hpx finished for 15 threads
 Blaze kernel 'daxpy': Time deviation too large!!!
daxpy benchmark for hpx finished for 16 threads
hpx config file was reset to original values 1000,10,8
BLAZE_HPX_VECTOR_CHUNK_SIZE changed from 10 to 6000
benchmark daxpy for hpx runtime created
chunk size: 6000
vector threshold: 1000
daxpy benchmark for hpx finished for 1 threads
daxpy benchmark for hpx finished for 2 threads
daxpy benchmark for hpx finished for 3 threads
daxpy benchmark for hpx finished for 4 threads
daxpy benchmark for hpx finished for 5 threads
daxpy benchmark for hpx finished for 6 threads
daxpy benchmark for hpx finished for 7 threads
daxpy benchmark for hpx finished for 8 threads
 Blaze kernel 'daxpy': Time deviation too large!!!
daxpy benchmark for hpx finished for 9 threads
 Blaze kernel 'daxpy': Time deviation too large!!!
daxpy benchmark for hpx finished for 10 threads
 Blaze kernel 'daxpy': Time deviation too large!!!
daxpy benchmark for hpx finished for 11 threads
 Blaze kernel 'daxpy': Time deviation too large!!!
daxpy benchmark for hpx finished for 12 threads
 Blaze kernel 'daxpy': Time deviation too large!!!
daxpy benchmark for hpx finished for 13 threads
 Blaze kernel 'daxpy': Time deviation too large!!!
daxpy benchmark for hpx finished for 14 threads
 Blaze kernel 'daxpy': Time deviation too large!!!
daxpy benchmark for hpx finished for 15 threads
 Blaze kernel 'daxpy': Time deviation too large!!!
daxpy benchmark for hpx finished for 16 threads
hpx config file was reset to original values 1000,10,8
BLAZE_HPX_VECTOR_CHUNK_SIZE changed from 10 to 60000
benchmark daxpy for hpx runtime created
chunk size: 60000
vector threshold: 1000
daxpy benchmark for hpx finished for 1 threads
daxpy benchmark for hpx finished for 2 threads
daxpy benchmark for hpx finished for 3 threads
daxpy benchmark for hpx finished for 4 threads
daxpy benchmark for hpx finished for 5 threads
daxpy benchmark for hpx finished for 6 threads
daxpy benchmark for hpx finished for 7 threads
daxpy benchmark for hpx finished for 8 threads
daxpy benchmark for hpx finished for 9 threads
daxpy benchmark for hpx finished for 10 threads
daxpy benchmark for hpx finished for 11 threads
daxpy benchmark for hpx finished for 12 threads
 Blaze kernel 'daxpy': Time deviation too large!!!
daxpy benchmark for hpx finished for 13 threads
daxpy benchmark for hpx finished for 14 threads
 Blaze kernel 'daxpy': Time deviation too large!!!
daxpy benchmark for hpx finished for 15 threads
 Blaze kernel 'daxpy': Time deviation too large!!!
daxpy benchmark for hpx finished for 16 threads
hpx config file was reset to original values 1000,10,8
BLAZE_HPX_VECTOR_CHUNK_SIZE changed from 10 to 7
benchmark daxpy for hpx runtime created
chunk size: 7
vector threshold: 1000
daxpy benchmark for hpx finished for 1 threads
daxpy benchmark for hpx finished for 2 threads
daxpy benchmark for hpx finished for 3 threads
daxpy benchmark for hpx finished for 4 threads
daxpy benchmark for hpx finished for 5 threads
daxpy benchmark for hpx finished for 6 threads
daxpy benchmark for hpx finished for 7 threads
daxpy benchmark for hpx finished for 8 threads
 Blaze kernel 'daxpy': Time deviation too large!!!
daxpy benchmark for hpx finished for 9 threads
 Blaze kernel 'daxpy': Time deviation too large!!!
daxpy benchmark for hpx finished for 10 threads
 Blaze kernel 'daxpy': Time deviation too large!!!
daxpy benchmark for hpx finished for 11 threads
 Blaze kernel 'daxpy': Time deviation too large!!!
daxpy benchmark for hpx finished for 12 threads
 Blaze kernel 'daxpy': Time deviation too large!!!
daxpy benchmark for hpx finished for 13 threads
 Blaze kernel 'daxpy': Time deviation too large!!!
daxpy benchmark for hpx finished for 14 threads
 Blaze kernel 'daxpy': Time deviation too large!!!
daxpy benchmark for hpx finished for 15 threads
 Blaze kernel 'daxpy': Time deviation too large!!!
daxpy benchmark for hpx finished for 16 threads
hpx config file was reset to original values 1000,10,8
BLAZE_HPX_VECTOR_CHUNK_SIZE changed from 10 to 70
benchmark daxpy for hpx runtime created
chunk size: 70
vector threshold: 1000
daxpy benchmark for hpx finished for 1 threads
daxpy benchmark for hpx finished for 2 threads
daxpy benchmark for hpx finished for 3 threads
daxpy benchmark for hpx finished for 4 threads
daxpy benchmark for hpx finished for 5 threads
daxpy benchmark for hpx finished for 6 threads
daxpy benchmark for hpx finished for 7 threads
daxpy benchmark for hpx finished for 8 threads
daxpy benchmark for hpx finished for 9 threads
daxpy benchmark for hpx finished for 10 threads
daxpy benchmark for hpx finished for 11 threads
 Blaze kernel 'daxpy': Time deviation too large!!!
daxpy benchmark for hpx finished for 12 threads
 Blaze kernel 'daxpy': Time deviation too large!!!
daxpy benchmark for hpx finished for 13 threads
 Blaze kernel 'daxpy': Time deviation too large!!!
daxpy benchmark for hpx finished for 14 threads
 Blaze kernel 'daxpy': Time deviation too large!!!
daxpy benchmark for hpx finished for 15 threads
 Blaze kernel 'daxpy': Time deviation too large!!!
daxpy benchmark for hpx finished for 16 threads
hpx config file was reset to original values 1000,10,8
BLAZE_HPX_VECTOR_CHUNK_SIZE changed from 10 to 700
benchmark daxpy for hpx runtime created
chunk size: 700
vector threshold: 1000
daxpy benchmark for hpx finished for 1 threads
daxpy benchmark for hpx finished for 2 threads
daxpy benchmark for hpx finished for 3 threads
daxpy benchmark for hpx finished for 4 threads
daxpy benchmark for hpx finished for 5 threads
daxpy benchmark for hpx finished for 6 threads
daxpy benchmark for hpx finished for 7 threads
daxpy benchmark for hpx finished for 8 threads
daxpy benchmark for hpx finished for 9 threads
 Blaze kernel 'daxpy': Time deviation too large!!!
daxpy benchmark for hpx finished for 10 threads
 Blaze kernel 'daxpy': Time deviation too large!!!
daxpy benchmark for hpx finished for 11 threads
 Blaze kernel 'daxpy': Time deviation too large!!!
daxpy benchmark for hpx finished for 12 threads
 Blaze kernel 'daxpy': Time deviation too large!!!
daxpy benchmark for hpx finished for 13 threads
 Blaze kernel 'daxpy': Time deviation too large!!!
daxpy benchmark for hpx finished for 14 threads
 Blaze kernel 'daxpy': Time deviation too large!!!
daxpy benchmark for hpx finished for 15 threads
 Blaze kernel 'daxpy': Time deviation too large!!!
daxpy benchmark for hpx finished for 16 threads
hpx config file was reset to original values 1000,10,8
BLAZE_HPX_VECTOR_CHUNK_SIZE changed from 10 to 7000
benchmark daxpy for hpx runtime created
chunk size: 7000
vector threshold: 1000
daxpy benchmark for hpx finished for 1 threads
daxpy benchmark for hpx finished for 2 threads
daxpy benchmark for hpx finished for 3 threads
daxpy benchmark for hpx finished for 4 threads
daxpy benchmark for hpx finished for 5 threads
daxpy benchmark for hpx finished for 6 threads
daxpy benchmark for hpx finished for 7 threads
daxpy benchmark for hpx finished for 8 threads
daxpy benchmark for hpx finished for 9 threads
daxpy benchmark for hpx finished for 10 threads
 Blaze kernel 'daxpy': Time deviation too large!!!
daxpy benchmark for hpx finished for 11 threads
 Blaze kernel 'daxpy': Time deviation too large!!!
daxpy benchmark for hpx finished for 12 threads
 Blaze kernel 'daxpy': Time deviation too large!!!
daxpy benchmark for hpx finished for 13 threads
daxpy benchmark for hpx finished for 14 threads
 Blaze kernel 'daxpy': Time deviation too large!!!
daxpy benchmark for hpx finished for 15 threads
 Blaze kernel 'daxpy': Time deviation too large!!!
daxpy benchmark for hpx finished for 16 threads
hpx config file was reset to original values 1000,10,8
BLAZE_HPX_VECTOR_CHUNK_SIZE changed from 10 to 70000
benchmark daxpy for hpx runtime created
chunk size: 70000
vector threshold: 1000
daxpy benchmark for hpx finished for 1 threads
daxpy benchmark for hpx finished for 2 threads
daxpy benchmark for hpx finished for 3 threads
daxpy benchmark for hpx finished for 4 threads
daxpy benchmark for hpx finished for 5 threads
daxpy benchmark for hpx finished for 6 threads
daxpy benchmark for hpx finished for 7 threads
daxpy benchmark for hpx finished for 8 threads
 Blaze kernel 'daxpy': Time deviation too large!!!
daxpy benchmark for hpx finished for 9 threads
daxpy benchmark for hpx finished for 10 threads
 Blaze kernel 'daxpy': Time deviation too large!!!
daxpy benchmark for hpx finished for 11 threads
 Blaze kernel 'daxpy': Time deviation too large!!!
daxpy benchmark for hpx finished for 12 threads
 Blaze kernel 'daxpy': Time deviation too large!!!
daxpy benchmark for hpx finished for 13 threads
daxpy benchmark for hpx finished for 14 threads
 Blaze kernel 'daxpy': Time deviation too large!!!
daxpy benchmark for hpx finished for 15 threads
daxpy benchmark for hpx finished for 16 threads
hpx config file was reset to original values 1000,10,8
BLAZE_HPX_VECTOR_CHUNK_SIZE changed from 10 to 8
benchmark daxpy for hpx runtime created
chunk size: 8
vector threshold: 1000
daxpy benchmark for hpx finished for 1 threads
daxpy benchmark for hpx finished for 2 threads
daxpy benchmark for hpx finished for 3 threads
daxpy benchmark for hpx finished for 4 threads
daxpy benchmark for hpx finished for 5 threads
daxpy benchmark for hpx finished for 6 threads
daxpy benchmark for hpx finished for 7 threads
daxpy benchmark for hpx finished for 8 threads
 Blaze kernel 'daxpy': Time deviation too large!!!
daxpy benchmark for hpx finished for 9 threads
 Blaze kernel 'daxpy': Time deviation too large!!!
daxpy benchmark for hpx finished for 10 threads
 Blaze kernel 'daxpy': Time deviation too large!!!
daxpy benchmark for hpx finished for 11 threads
 Blaze kernel 'daxpy': Time deviation too large!!!
daxpy benchmark for hpx finished for 12 threads
 Blaze kernel 'daxpy': Time deviation too large!!!
daxpy benchmark for hpx finished for 13 threads
 Blaze kernel 'daxpy': Time deviation too large!!!
daxpy benchmark for hpx finished for 14 threads
 Blaze kernel 'daxpy': Time deviation too large!!!
daxpy benchmark for hpx finished for 15 threads
 Blaze kernel 'daxpy': Time deviation too large!!!
daxpy benchmark for hpx finished for 16 threads
hpx config file was reset to original values 1000,10,8
BLAZE_HPX_VECTOR_CHUNK_SIZE changed from 10 to 80
benchmark daxpy for hpx runtime created
chunk size: 80
vector threshold: 1000
daxpy benchmark for hpx finished for 1 threads
daxpy benchmark for hpx finished for 2 threads
daxpy benchmark for hpx finished for 3 threads
daxpy benchmark for hpx finished for 4 threads
daxpy benchmark for hpx finished for 5 threads
daxpy benchmark for hpx finished for 6 threads
daxpy benchmark for hpx finished for 7 threads
daxpy benchmark for hpx finished for 8 threads
 Blaze kernel 'daxpy': Time deviation too large!!!
daxpy benchmark for hpx finished for 9 threads
daxpy benchmark for hpx finished for 10 threads
 Blaze kernel 'daxpy': Time deviation too large!!!
daxpy benchmark for hpx finished for 11 threads
 Blaze kernel 'daxpy': Time deviation too large!!!
daxpy benchmark for hpx finished for 12 threads
 Blaze kernel 'daxpy': Time deviation too large!!!
daxpy benchmark for hpx finished for 13 threads
 Blaze kernel 'daxpy': Time deviation too large!!!
daxpy benchmark for hpx finished for 14 threads
 Blaze kernel 'daxpy': Time deviation too large!!!
daxpy benchmark for hpx finished for 15 threads
 Blaze kernel 'daxpy': Time deviation too large!!!
daxpy benchmark for hpx finished for 16 threads
hpx config file was reset to original values 1000,10,8
BLAZE_HPX_VECTOR_CHUNK_SIZE changed from 10 to 800
benchmark daxpy for hpx runtime created
chunk size: 800
vector threshold: 1000
daxpy benchmark for hpx finished for 1 threads
daxpy benchmark for hpx finished for 2 threads
daxpy benchmark for hpx finished for 3 threads
daxpy benchmark for hpx finished for 4 threads
daxpy benchmark for hpx finished for 5 threads
daxpy benchmark for hpx finished for 6 threads
daxpy benchmark for hpx finished for 7 threads
daxpy benchmark for hpx finished for 8 threads
 Blaze kernel 'daxpy': Time deviation too large!!!
daxpy benchmark for hpx finished for 9 threads
daxpy benchmark for hpx finished for 10 threads
 Blaze kernel 'daxpy': Time deviation too large!!!
daxpy benchmark for hpx finished for 11 threads
 Blaze kernel 'daxpy': Time deviation too large!!!
daxpy benchmark for hpx finished for 12 threads
 Blaze kernel 'daxpy': Time deviation too large!!!
daxpy benchmark for hpx finished for 13 threads
 Blaze kernel 'daxpy': Time deviation too large!!!
daxpy benchmark for hpx finished for 14 threads
 Blaze kernel 'daxpy': Time deviation too large!!!
daxpy benchmark for hpx finished for 15 threads
 Blaze kernel 'daxpy': Time deviation too large!!!
daxpy benchmark for hpx finished for 16 threads
hpx config file was reset to original values 1000,10,8
BLAZE_HPX_VECTOR_CHUNK_SIZE changed from 10 to 8000
benchmark daxpy for hpx runtime created
chunk size: 8000
vector threshold: 1000
daxpy benchmark for hpx finished for 1 threads
daxpy benchmark for hpx finished for 2 threads
daxpy benchmark for hpx finished for 3 threads
daxpy benchmark for hpx finished for 4 threads
daxpy benchmark for hpx finished for 5 threads
daxpy benchmark for hpx finished for 6 threads
daxpy benchmark for hpx finished for 7 threads
daxpy benchmark for hpx finished for 8 threads
daxpy benchmark for hpx finished for 9 threads
daxpy benchmark for hpx finished for 10 threads
 Blaze kernel 'daxpy': Time deviation too large!!!
daxpy benchmark for hpx finished for 11 threads
 Blaze kernel 'daxpy': Time deviation too large!!!
daxpy benchmark for hpx finished for 12 threads
 Blaze kernel 'daxpy': Time deviation too large!!!
daxpy benchmark for hpx finished for 13 threads
daxpy benchmark for hpx finished for 14 threads
 Blaze kernel 'daxpy': Time deviation too large!!!
daxpy benchmark for hpx finished for 15 threads
 Blaze kernel 'daxpy': Time deviation too large!!!
daxpy benchmark for hpx finished for 16 threads
hpx config file was reset to original values 1000,10,8
BLAZE_HPX_VECTOR_CHUNK_SIZE changed from 10 to 9
benchmark daxpy for hpx runtime created
chunk size: 9
vector threshold: 1000
daxpy benchmark for hpx finished for 1 threads
daxpy benchmark for hpx finished for 2 threads
daxpy benchmark for hpx finished for 3 threads
daxpy benchmark for hpx finished for 4 threads
daxpy benchmark for hpx finished for 5 threads
daxpy benchmark for hpx finished for 6 threads
daxpy benchmark for hpx finished for 7 threads
daxpy benchmark for hpx finished for 8 threads
daxpy benchmark for hpx finished for 9 threads
daxpy benchmark for hpx finished for 10 threads
daxpy benchmark for hpx finished for 11 threads
 Blaze kernel 'daxpy': Time deviation too large!!!
daxpy benchmark for hpx finished for 12 threads
 Blaze kernel 'daxpy': Time deviation too large!!!
daxpy benchmark for hpx finished for 13 threads
 Blaze kernel 'daxpy': Time deviation too large!!!
daxpy benchmark for hpx finished for 14 threads
 Blaze kernel 'daxpy': Time deviation too large!!!
daxpy benchmark for hpx finished for 15 threads
 Blaze kernel 'daxpy': Time deviation too large!!!
daxpy benchmark for hpx finished for 16 threads
hpx config file was reset to original values 1000,10,8
BLAZE_HPX_VECTOR_CHUNK_SIZE changed from 10 to 90
benchmark daxpy for hpx runtime created
chunk size: 90
vector threshold: 1000
daxpy benchmark for hpx finished for 1 threads
daxpy benchmark for hpx finished for 2 threads
daxpy benchmark for hpx finished for 3 threads
daxpy benchmark for hpx finished for 4 threads
daxpy benchmark for hpx finished for 5 threads
daxpy benchmark for hpx finished for 6 threads
daxpy benchmark for hpx finished for 7 threads
daxpy benchmark for hpx finished for 8 threads
 Blaze kernel 'daxpy': Time deviation too large!!!
daxpy benchmark for hpx finished for 9 threads
 Blaze kernel 'daxpy': Time deviation too large!!!
daxpy benchmark for hpx finished for 10 threads
 Blaze kernel 'daxpy': Time deviation too large!!!
daxpy benchmark for hpx finished for 11 threads
 Blaze kernel 'daxpy': Time deviation too large!!!
daxpy benchmark for hpx finished for 12 threads
 Blaze kernel 'daxpy': Time deviation too large!!!
daxpy benchmark for hpx finished for 13 threads
 Blaze kernel 'daxpy': Time deviation too large!!!
daxpy benchmark for hpx finished for 14 threads
 Blaze kernel 'daxpy': Time deviation too large!!!
daxpy benchmark for hpx finished for 15 threads
 Blaze kernel 'daxpy': Time deviation too large!!!
daxpy benchmark for hpx finished for 16 threads
hpx config file was reset to original values 1000,10,8
BLAZE_HPX_VECTOR_CHUNK_SIZE changed from 10 to 900
benchmark daxpy for hpx runtime created
chunk size: 900
vector threshold: 1000
daxpy benchmark for hpx finished for 1 threads
daxpy benchmark for hpx finished for 2 threads
daxpy benchmark for hpx finished for 3 threads
daxpy benchmark for hpx finished for 4 threads
daxpy benchmark for hpx finished for 5 threads
daxpy benchmark for hpx finished for 6 threads
daxpy benchmark for hpx finished for 7 threads
daxpy benchmark for hpx finished for 8 threads
daxpy benchmark for hpx finished for 9 threads
 Blaze kernel 'daxpy': Time deviation too large!!!
daxpy benchmark for hpx finished for 10 threads
daxpy benchmark for hpx finished for 11 threads
 Blaze kernel 'daxpy': Time deviation too large!!!
daxpy benchmark for hpx finished for 12 threads
 Blaze kernel 'daxpy': Time deviation too large!!!
daxpy benchmark for hpx finished for 13 threads
 Blaze kernel 'daxpy': Time deviation too large!!!
daxpy benchmark for hpx finished for 14 threads
 Blaze kernel 'daxpy': Time deviation too large!!!
daxpy benchmark for hpx finished for 15 threads
 Blaze kernel 'daxpy': Time deviation too large!!!
daxpy benchmark for hpx finished for 16 threads
hpx config file was reset to original values 1000,10,8
BLAZE_HPX_VECTOR_CHUNK_SIZE changed from 10 to 9000
benchmark daxpy for hpx runtime created
chunk size: 9000
vector threshold: 1000
daxpy benchmark for hpx finished for 1 threads
daxpy benchmark for hpx finished for 2 threads
daxpy benchmark for hpx finished for 3 threads
daxpy benchmark for hpx finished for 4 threads
daxpy benchmark for hpx finished for 5 threads
daxpy benchmark for hpx finished for 6 threads
daxpy benchmark for hpx finished for 7 threads
daxpy benchmark for hpx finished for 8 threads
daxpy benchmark for hpx finished for 9 threads
 Blaze kernel 'daxpy': Time deviation too large!!!
daxpy benchmark for hpx finished for 10 threads
daxpy benchmark for hpx finished for 11 threads
 Blaze kernel 'daxpy': Time deviation too large!!!
daxpy benchmark for hpx finished for 12 threads
 Blaze kernel 'daxpy': Time deviation too large!!!
daxpy benchmark for hpx finished for 13 threads
 Blaze kernel 'daxpy': Time deviation too large!!!
daxpy benchmark for hpx finished for 14 threads
 Blaze kernel 'daxpy': Time deviation too large!!!
daxpy benchmark for hpx finished for 15 threads
 Blaze kernel 'daxpy': Time deviation too large!!!
daxpy benchmark for hpx finished for 16 threads
